2022-10-12 00:13:44 [ main:541 ] - [ INFO ] Starting QimenBotApplication on LAPTOP-FNT7SMLI with PID 4312 (D:\Project\JAVA\Bot\QimenBot\target\classes started by lvyunqi in D:\Project\JAVA\Bot\QimenBot)
2022-10-12 00:13:44 [ main:543 ] - [ INFO ] No active profile set, falling back to default profiles: default
2022-10-12 00:13:45 [ main:1215 ] - [ INFO ] Bean 'taskConfig' of type [com.mryunqi.qimenbot.config.TaskConfig$$EnhancerBySpringCGLIB$$e036124d] is not eligible for getting processed by all BeanPostProcessors (for example: not eligible for auto-proxying)
2022-10-12 00:13:45 [ main:1430 ] - [ INFO ] Tomcat initialized with port(s): 8088 (http)
2022-10-12 00:13:45 [ main:1436 ] - [ INFO ] Initializing ProtocolHandler ["http-nio-8088"]
2022-10-12 00:13:45 [ main:1436 ] - [ INFO ] Starting service [Tomcat]
2022-10-12 00:13:45 [ main:1436 ] - [ INFO ] Starting Servlet engine: [Apache Tomcat/9.0.41]
2022-10-12 00:13:45 [ main:1506 ] - [ INFO ] Initializing Spring embedded WebApplicationContext
2022-10-12 00:13:45 [ main:1506 ] - [ INFO ] Root WebApplicationContext: initialization completed in 929 ms
2022-10-12 00:13:46 [ main:1870 ] - [ INFO ] 加载拓展[[Python]拓展插件SDK](1.0) @夜空
2022-10-12 00:13:46 [ main:1883 ] - [ INFO ] 加载拓展[[Python]拓展插件SDK]成功！
2022-10-12 00:13:46 [ main:1884 ] - [ INFO ] 数据库初始化...
2022-10-12 00:13:49 [ main:4898 ] - [ INFO ] 数据库连接池 - Starting...
2022-10-12 00:13:49 [ main:5160 ] - [ INFO ] 数据库连接池 - Start completed.
2022-10-12 00:13:49 [ main:5207 ] - [ INFO ] user表:success!
2022-10-12 00:13:49 [ main:5609 ] - [ INFO ] command表:success!
2022-10-12 00:13:50 [ main:6089 ] - [ INFO ] 启动成功
2022-10-12 00:13:50 [ main:6092 ] - [ INFO ] 正在启动Go-Cqhttp客户端...
2022-10-12 00:13:50 [ main:6101 ] - [ WARN ] 即将登录QQ-->2733944636
2022-10-12 00:13:54 [ main:10005 ] - [ INFO ] 检查更新中.....
2022-10-12 00:13:54 [ main:10006 ] - [ INFO ] 当前主体框架已更新到最新版！
2022-10-12 00:13:54 [ main:10659 ] - [ INFO ] Initializing ExecutorService
2022-10-12 00:13:54 [ main:10660 ] - [ INFO ] Initializing ExecutorService 'taskScheduler'
2022-10-12 00:13:55 [ main:10788 ] - [ INFO ] Adding welcome page template: index
2022-10-12 00:13:55 [ main:10842 ] - [ INFO ] Initializing ExecutorService
2022-10-12 00:13:55 [ main:10842 ] - [ INFO ] Initializing ExecutorService 'shiroTaskExecutor'
2022-10-12 00:13:55 [ main:10929 ] - [ INFO ] Starting ProtocolHandler ["http-nio-8088"]
2022-10-12 00:13:55 [ main:10964 ] - [ INFO ] Tomcat started on port(s): 8088 (http) with context path ''
2022-10-12 00:13:55 [ taskScheduler-1:10972 ] - [ INFO ] Initializing ExecutorService
2022-10-12 00:13:55 [ main:10973 ] - [ INFO ] Started QimenBotApplication in 10.861 seconds (JVM running for 11.505)
2022-10-12 00:14:01 [ http-nio-8088-exec-1:17111 ] - [ INFO ] Initializing Spring DispatcherServlet 'dispatcherServlet'
2022-10-12 00:14:01 [ http-nio-8088-exec-1:17111 ] - [ INFO ] Initializing Servlet 'dispatcherServlet'
2022-10-12 00:14:01 [ http-nio-8088-exec-1:17115 ] - [ INFO ] Completed initialization in 4 ms
2022-10-12 00:14:01 [ http-nio-8088-exec-1:17163 ] - [ INFO ] Account 2733944636 connected
2022-10-12 00:23:01 [ SpringContextShutdownHook:557104 ] - [ WARN ] Account 2733944636 disconnected
2022-10-12 00:23:01 [ SpringContextShutdownHook:557110 ] - [ INFO ] Shutting down ExecutorService 'shiroTaskExecutor'
2022-10-12 00:23:01 [ SpringContextShutdownHook:557111 ] - [ INFO ] Shutting down ExecutorService 'taskScheduler'
2022-10-12 00:23:01 [ SpringContextShutdownHook:557120 ] - [ INFO ] 数据库连接池 - Shutdown initiated...
2022-10-12 00:23:01 [ SpringContextShutdownHook:557125 ] - [ INFO ] 数据库连接池 - Shutdown completed.
2022-10-12 00:23:18 [ main:518 ] - [ INFO ] Starting QimenBotApplication on LAPTOP-FNT7SMLI with PID 10052 (D:\Project\JAVA\Bot\QimenBot\target\classes started by lvyunqi in D:\Project\JAVA\Bot\QimenBot)
2022-10-12 00:23:18 [ main:520 ] - [ INFO ] No active profile set, falling back to default profiles: default
2022-10-12 00:23:19 [ main:1265 ] - [ INFO ] Bean 'taskConfig' of type [com.mryunqi.qimenbot.config.TaskConfig$$EnhancerBySpringCGLIB$$e036124d] is not eligible for getting processed by all BeanPostProcessors (for example: not eligible for auto-proxying)
2022-10-12 00:23:19 [ main:1493 ] - [ INFO ] Tomcat initialized with port(s): 8088 (http)
2022-10-12 00:23:19 [ main:1498 ] - [ INFO ] Initializing ProtocolHandler ["http-nio-8088"]
2022-10-12 00:23:19 [ main:1500 ] - [ INFO ] Starting service [Tomcat]
2022-10-12 00:23:19 [ main:1500 ] - [ INFO ] Starting Servlet engine: [Apache Tomcat/9.0.41]
2022-10-12 00:23:19 [ main:1572 ] - [ INFO ] Initializing Spring embedded WebApplicationContext
2022-10-12 00:23:19 [ main:1572 ] - [ INFO ] Root WebApplicationContext: initialization completed in 1019 ms
2022-10-12 00:23:20 [ main:1810 ] - [ INFO ] 加载拓展[[Python]拓展插件SDK](1.0) @夜空
2022-10-12 00:23:20 [ main:1821 ] - [ INFO ] 加载拓展[[Python]拓展插件SDK]成功！
2022-10-12 00:23:20 [ main:1822 ] - [ INFO ] 数据库初始化...
2022-10-12 00:23:23 [ main:4832 ] - [ INFO ] 数据库连接池 - Starting...
2022-10-12 00:23:23 [ main:5069 ] - [ INFO ] 数据库连接池 - Start completed.
2022-10-12 00:23:23 [ main:5110 ] - [ INFO ] user表:success!
2022-10-12 00:23:23 [ main:5444 ] - [ INFO ] command表:success!
2022-10-12 00:23:23 [ main:5644 ] - [ INFO ] 启动成功
2022-10-12 00:23:23 [ main:5646 ] - [ INFO ] 正在启动Go-Cqhttp客户端...
2022-10-12 00:23:23 [ main:5655 ] - [ WARN ] 即将登录QQ-->2733944636
2022-10-12 00:23:27 [ main:9442 ] - [ INFO ] 检查更新中.....
2022-10-12 00:23:27 [ main:9442 ] - [ INFO ] 当前主体框架已更新到最新版！
2022-10-12 00:23:28 [ main:10119 ] - [ INFO ] Initializing ExecutorService
2022-10-12 00:23:28 [ main:10120 ] - [ INFO ] Initializing ExecutorService 'taskScheduler'
2022-10-12 00:23:28 [ main:10246 ] - [ INFO ] Adding welcome page template: index
2022-10-12 00:23:28 [ main:10302 ] - [ INFO ] Initializing ExecutorService
2022-10-12 00:23:28 [ main:10302 ] - [ INFO ] Initializing ExecutorService 'shiroTaskExecutor'
2022-10-12 00:23:28 [ main:10387 ] - [ INFO ] Starting ProtocolHandler ["http-nio-8088"]
2022-10-12 00:23:28 [ main:10412 ] - [ INFO ] Tomcat started on port(s): 8088 (http) with context path ''
2022-10-12 00:23:28 [ taskScheduler-1:10421 ] - [ INFO ] Initializing ExecutorService
2022-10-12 00:23:28 [ main:10422 ] - [ INFO ] Started QimenBotApplication in 10.282 seconds (JVM running for 11.005)
2022-10-12 00:23:35 [ http-nio-8088-exec-1:17033 ] - [ INFO ] Initializing Spring DispatcherServlet 'dispatcherServlet'
2022-10-12 00:23:35 [ http-nio-8088-exec-1:17033 ] - [ INFO ] Initializing Servlet 'dispatcherServlet'
2022-10-12 00:23:35 [ http-nio-8088-exec-1:17037 ] - [ INFO ] Completed initialization in 4 ms
2022-10-12 00:23:35 [ http-nio-8088-exec-1:17088 ] - [ INFO ] Account 2733944636 connected
2022-10-12 00:27:18 [ SpringContextShutdownHook:239975 ] - [ WARN ] Account 2733944636 disconnected
2022-10-12 00:27:18 [ SpringContextShutdownHook:239982 ] - [ INFO ] Shutting down ExecutorService 'shiroTaskExecutor'
2022-10-12 00:27:18 [ SpringContextShutdownHook:239982 ] - [ INFO ] Shutting down ExecutorService 'taskScheduler'
2022-10-12 00:27:18 [ SpringContextShutdownHook:239992 ] - [ INFO ] 数据库连接池 - Shutdown initiated...
2022-10-12 00:27:18 [ SpringContextShutdownHook:239996 ] - [ INFO ] 数据库连接池 - Shutdown completed.
2022-10-12 00:27:35 [ main:482 ] - [ INFO ] Starting QimenBotApplication on LAPTOP-FNT7SMLI with PID 14844 (D:\Project\JAVA\Bot\QimenBot\target\classes started by lvyunqi in D:\Project\JAVA\Bot\QimenBot)
2022-10-12 00:27:35 [ main:484 ] - [ INFO ] No active profile set, falling back to default profiles: default
2022-10-12 00:27:36 [ main:1162 ] - [ INFO ] Bean 'taskConfig' of type [com.mryunqi.qimenbot.config.TaskConfig$$EnhancerBySpringCGLIB$$e036124d] is not eligible for getting processed by all BeanPostProcessors (for example: not eligible for auto-proxying)
2022-10-12 00:27:36 [ main:1409 ] - [ INFO ] Tomcat initialized with port(s): 8088 (http)
2022-10-12 00:27:36 [ main:1505 ] - [ INFO ] Root WebApplicationContext: initialization completed in 987 ms
2022-10-12 00:27:36 [ main:1721 ] - [ INFO ] 加载拓展[[Python]拓展插件SDK](1.0) @夜空
2022-10-12 00:27:36 [ main:1734 ] - [ INFO ] 加载拓展[[Python]拓展插件SDK]成功！
2022-10-12 00:27:36 [ main:1736 ] - [ INFO ] 数据库初始化...
2022-10-12 00:27:39 [ main:4743 ] - [ INFO ] 数据库连接池 - Starting...
2022-10-12 00:27:40 [ main:5003 ] - [ INFO ] 数据库连接池 - Start completed.
2022-10-12 00:27:40 [ main:5052 ] - [ INFO ] user表:success!
2022-10-12 00:27:40 [ main:5454 ] - [ INFO ] command表:success!
2022-10-12 00:27:40 [ main:5693 ] - [ INFO ] 启动成功
2022-10-12 00:27:40 [ main:5694 ] - [ INFO ] 正在启动Go-Cqhttp客户端...
2022-10-12 00:27:40 [ main:5702 ] - [ WARN ] 即将登录QQ-->2733944636
2022-10-12 00:27:59 [ main:509 ] - [ INFO ] Starting QimenBotApplication on LAPTOP-FNT7SMLI with PID 1780 (D:\Project\JAVA\Bot\QimenBot\target\classes started by lvyunqi in D:\Project\JAVA\Bot\QimenBot)
2022-10-12 00:27:59 [ main:511 ] - [ INFO ] No active profile set, falling back to default profiles: default
2022-10-12 00:28:00 [ main:1181 ] - [ INFO ] Bean 'taskConfig' of type [com.mryunqi.qimenbot.config.TaskConfig$$EnhancerBySpringCGLIB$$49366c5c] is not eligible for getting processed by all BeanPostProcessors (for example: not eligible for auto-proxying)
2022-10-12 00:28:00 [ main:1410 ] - [ INFO ] Tomcat initialized with port(s): 8088 (http)
2022-10-12 00:28:00 [ main:1495 ] - [ INFO ] Root WebApplicationContext: initialization completed in 948 ms
2022-10-12 00:28:01 [ main:1750 ] - [ INFO ] 加载拓展[[Python]拓展插件SDK](1.0) @夜空
2022-10-12 00:28:01 [ main:1762 ] - [ INFO ] 加载拓展[[Python]拓展插件SDK]成功！
2022-10-12 00:28:01 [ main:1764 ] - [ INFO ] 数据库初始化...
2022-10-12 00:28:23 [ main:575 ] - [ INFO ] Starting QimenBotApplication on LAPTOP-FNT7SMLI with PID 14872 (D:\Project\JAVA\Bot\QimenBot\target\classes started by lvyunqi in D:\Project\JAVA\Bot\QimenBot)
2022-10-12 00:28:23 [ main:577 ] - [ INFO ] No active profile set, falling back to default profiles: default
2022-10-12 00:28:23 [ main:1250 ] - [ INFO ] Bean 'taskConfig' of type [com.mryunqi.qimenbot.config.TaskConfig$$EnhancerBySpringCGLIB$$49366c5c] is not eligible for getting processed by all BeanPostProcessors (for example: not eligible for auto-proxying)
2022-10-12 00:28:24 [ main:1478 ] - [ INFO ] Tomcat initialized with port(s): 8088 (http)
2022-10-12 00:28:24 [ main:1484 ] - [ INFO ] Initializing ProtocolHandler ["http-nio-8088"]
2022-10-12 00:28:24 [ main:1484 ] - [ INFO ] Starting service [Tomcat]
2022-10-12 00:28:24 [ main:1484 ] - [ INFO ] Starting Servlet engine: [Apache Tomcat/9.0.41]
2022-10-12 00:28:24 [ main:1558 ] - [ INFO ] Initializing Spring embedded WebApplicationContext
2022-10-12 00:28:24 [ main:1558 ] - [ INFO ] Root WebApplicationContext: initialization completed in 945 ms
2022-10-12 00:28:24 [ main:1797 ] - [ INFO ] 加载拓展[[Python]拓展插件SDK](1.0) @夜空
2022-10-12 00:28:24 [ main:1810 ] - [ INFO ] 加载拓展[[Python]拓展插件SDK]成功！
2022-10-12 00:28:24 [ main:1811 ] - [ INFO ] 数据库初始化...
2022-10-12 00:28:27 [ main:4819 ] - [ INFO ] 数据库连接池 - Starting...
2022-10-12 00:28:27 [ main:5295 ] - [ INFO ] 数据库连接池 - Start completed.
2022-10-12 00:28:27 [ main:5339 ] - [ INFO ] user表:success!
2022-10-12 00:28:28 [ main:5962 ] - [ INFO ] command表:success!
2022-10-12 00:28:28 [ main:6198 ] - [ INFO ] 启动成功
2022-10-12 00:28:28 [ main:6199 ] - [ INFO ] 正在启动Go-Cqhttp客户端...
2022-10-12 00:28:28 [ main:6207 ] - [ WARN ] 即将登录QQ-->2733944636
2022-10-12 00:28:32 [ main:9775 ] - [ INFO ] 检查更新中.....
2022-10-12 00:28:32 [ main:9775 ] - [ INFO ] 当前主体框架已更新到最新版！
2022-10-12 00:28:33 [ main:10436 ] - [ INFO ] Initializing ExecutorService
2022-10-12 00:28:33 [ main:10437 ] - [ INFO ] Initializing ExecutorService 'taskScheduler'
2022-10-12 00:28:33 [ main:10574 ] - [ INFO ] Adding welcome page template: index
2022-10-12 00:28:33 [ main:10629 ] - [ INFO ] Initializing ExecutorService
2022-10-12 00:28:33 [ main:10630 ] - [ INFO ] Initializing ExecutorService 'shiroTaskExecutor'
2022-10-12 00:28:33 [ main:10718 ] - [ INFO ] Starting ProtocolHandler ["http-nio-8088"]
2022-10-12 00:28:33 [ main:10745 ] - [ INFO ] Tomcat started on port(s): 8088 (http) with context path ''
2022-10-12 00:28:33 [ taskScheduler-1:10754 ] - [ INFO ] Initializing ExecutorService
2022-10-12 00:28:33 [ main:10757 ] - [ INFO ] Started QimenBotApplication in 10.607 seconds (JVM running for 11.272)
2022-10-12 00:28:39 [ http-nio-8088-exec-1:16479 ] - [ INFO ] Initializing Spring DispatcherServlet 'dispatcherServlet'
2022-10-12 00:28:39 [ http-nio-8088-exec-1:16479 ] - [ INFO ] Initializing Servlet 'dispatcherServlet'
2022-10-12 00:28:39 [ http-nio-8088-exec-1:16483 ] - [ INFO ] Completed initialization in 4 ms
2022-10-12 00:28:39 [ http-nio-8088-exec-1:16534 ] - [ INFO ] Account 2733944636 connected
2022-10-12 00:30:35 [ SpringContextShutdownHook:132905 ] - [ WARN ] Account 2733944636 disconnected
2022-10-12 00:30:35 [ SpringContextShutdownHook:132911 ] - [ INFO ] Shutting down ExecutorService 'shiroTaskExecutor'
2022-10-12 00:30:35 [ SpringContextShutdownHook:132912 ] - [ INFO ] Shutting down ExecutorService 'taskScheduler'
2022-10-12 00:30:35 [ SpringContextShutdownHook:132921 ] - [ INFO ] 数据库连接池 - Shutdown initiated...
2022-10-12 00:30:35 [ SpringContextShutdownHook:132924 ] - [ INFO ] 数据库连接池 - Shutdown completed.
2022-10-12 00:30:51 [ main:474 ] - [ INFO ] Starting QimenBotApplication on LAPTOP-FNT7SMLI with PID 22616 (D:\Project\JAVA\Bot\QimenBot\target\classes started by lvyunqi in D:\Project\JAVA\Bot\QimenBot)
2022-10-12 00:30:51 [ main:475 ] - [ INFO ] No active profile set, falling back to default profiles: default
2022-10-12 00:30:52 [ main:1174 ] - [ INFO ] Bean 'taskConfig' of type [com.mryunqi.qimenbot.config.TaskConfig$$EnhancerBySpringCGLIB$$dd4cc371] is not eligible for getting processed by all BeanPostProcessors (for example: not eligible for auto-proxying)
2022-10-12 00:30:52 [ main:1400 ] - [ INFO ] Tomcat initialized with port(s): 8088 (http)
2022-10-12 00:30:52 [ main:1407 ] - [ INFO ] Initializing ProtocolHandler ["http-nio-8088"]
2022-10-12 00:30:52 [ main:1408 ] - [ INFO ] Starting service [Tomcat]
2022-10-12 00:30:52 [ main:1408 ] - [ INFO ] Starting Servlet engine: [Apache Tomcat/9.0.41]
2022-10-12 00:30:52 [ main:1482 ] - [ INFO ] Initializing Spring embedded WebApplicationContext
2022-10-12 00:30:52 [ main:1482 ] - [ INFO ] Root WebApplicationContext: initialization completed in 973 ms
2022-10-12 00:30:53 [ main:1700 ] - [ INFO ] 加载拓展[[Python]拓展插件SDK](1.0) @夜空
2022-10-12 00:30:53 [ main:1713 ] - [ INFO ] 加载拓展[[Python]拓展插件SDK]成功！
2022-10-12 00:30:53 [ main:1715 ] - [ INFO ] 数据库初始化...
2022-10-12 00:30:56 [ main:4731 ] - [ INFO ] 数据库连接池 - Starting...
2022-10-12 00:30:56 [ main:5020 ] - [ INFO ] 数据库连接池 - Start completed.
2022-10-12 00:30:56 [ main:5073 ] - [ INFO ] user表:success!
2022-10-12 00:30:57 [ main:5762 ] - [ INFO ] command表:success!
2022-10-12 00:30:57 [ main:6044 ] - [ INFO ] 启动成功
2022-10-12 00:30:57 [ main:6046 ] - [ INFO ] 正在启动Go-Cqhttp客户端...
2022-10-12 00:30:57 [ main:6055 ] - [ WARN ] 即将登录QQ-->2733944636
2022-10-12 00:31:00 [ main:9606 ] - [ INFO ] 检查更新中.....
2022-10-12 00:31:00 [ main:9606 ] - [ INFO ] 当前主体框架已更新到最新版！
2022-10-12 00:31:01 [ main:10275 ] - [ INFO ] Initializing ExecutorService
2022-10-12 00:31:01 [ main:10277 ] - [ INFO ] Initializing ExecutorService 'taskScheduler'
2022-10-12 00:31:01 [ main:10418 ] - [ INFO ] Adding welcome page template: index
2022-10-12 00:31:01 [ main:10477 ] - [ INFO ] Initializing ExecutorService
2022-10-12 00:31:01 [ main:10478 ] - [ INFO ] Initializing ExecutorService 'shiroTaskExecutor'
2022-10-12 00:31:01 [ main:10572 ] - [ INFO ] Starting ProtocolHandler ["http-nio-8088"]
2022-10-12 00:31:01 [ main:10600 ] - [ INFO ] Tomcat started on port(s): 8088 (http) with context path ''
2022-10-12 00:31:01 [ taskScheduler-1:10608 ] - [ INFO ] Initializing ExecutorService
2022-10-12 00:31:01 [ main:10610 ] - [ INFO ] Started QimenBotApplication in 10.484 seconds (JVM running for 11.105)
2022-10-12 00:31:08 [ http-nio-8088-exec-1:17166 ] - [ INFO ] Initializing Spring DispatcherServlet 'dispatcherServlet'
2022-10-12 00:31:08 [ http-nio-8088-exec-1:17166 ] - [ INFO ] Initializing Servlet 'dispatcherServlet'
2022-10-12 00:31:08 [ http-nio-8088-exec-1:17172 ] - [ INFO ] Completed initialization in 6 ms
2022-10-12 00:31:08 [ http-nio-8088-exec-1:17225 ] - [ INFO ] Account 2733944636 connected
2022-10-12 00:34:53 [ SpringContextShutdownHook:242290 ] - [ WARN ] Account 2733944636 disconnected
2022-10-12 00:34:53 [ SpringContextShutdownHook:242297 ] - [ INFO ] Shutting down ExecutorService 'shiroTaskExecutor'
2022-10-12 00:34:53 [ SpringContextShutdownHook:242297 ] - [ INFO ] Shutting down ExecutorService 'taskScheduler'
2022-10-12 00:34:53 [ SpringContextShutdownHook:242306 ] - [ INFO ] 数据库连接池 - Shutdown initiated...
2022-10-12 00:34:53 [ SpringContextShutdownHook:242310 ] - [ INFO ] 数据库连接池 - Shutdown completed.
2022-10-12 00:35:12 [ main:853 ] - [ INFO ] Starting QimenBotApplication on LAPTOP-FNT7SMLI with PID 7584 (D:\Project\JAVA\Bot\QimenBot\target\classes started by lvyunqi in D:\Project\JAVA\Bot\QimenBot)
2022-10-12 00:35:12 [ main:855 ] - [ INFO ] No active profile set, falling back to default profiles: default
2022-10-12 00:35:13 [ main:1639 ] - [ INFO ] Bean 'taskConfig' of type [com.mryunqi.qimenbot.config.TaskConfig$$EnhancerBySpringCGLIB$$e5c5482b] is not eligible for getting processed by all BeanPostProcessors (for example: not eligible for auto-proxying)
2022-10-12 00:35:13 [ main:1878 ] - [ INFO ] Tomcat initialized with port(s): 8088 (http)
2022-10-12 00:35:13 [ main:1885 ] - [ INFO ] Initializing ProtocolHandler ["http-nio-8088"]
2022-10-12 00:35:13 [ main:1886 ] - [ INFO ] Starting service [Tomcat]
2022-10-12 00:35:13 [ main:1886 ] - [ INFO ] Starting Servlet engine: [Apache Tomcat/9.0.41]
2022-10-12 00:35:13 [ main:1963 ] - [ INFO ] Initializing Spring embedded WebApplicationContext
2022-10-12 00:35:13 [ main:1963 ] - [ INFO ] Root WebApplicationContext: initialization completed in 1057 ms
2022-10-12 00:35:14 [ main:2210 ] - [ INFO ] 加载拓展[[Python]拓展插件SDK](1.0) @夜空
2022-10-12 00:35:14 [ main:2227 ] - [ INFO ] 加载拓展[[Python]拓展插件SDK]成功！
2022-10-12 00:35:14 [ main:2229 ] - [ INFO ] 数据库初始化...
2022-10-12 00:35:17 [ main:5247 ] - [ INFO ] 数据库连接池 - Starting...
2022-10-12 00:35:17 [ main:5519 ] - [ INFO ] 数据库连接池 - Start completed.
2022-10-12 00:35:17 [ main:5569 ] - [ INFO ] user表:success!
2022-10-12 00:35:18 [ main:5995 ] - [ INFO ] command表:success!
2022-10-12 00:35:18 [ main:6247 ] - [ INFO ] 启动成功
2022-10-12 00:35:18 [ main:6248 ] - [ INFO ] 正在启动Go-Cqhttp客户端...
2022-10-12 00:35:18 [ main:6257 ] - [ WARN ] 即将登录QQ-->2733944636
2022-10-12 00:35:21 [ main:9831 ] - [ INFO ] 检查更新中.....
2022-10-12 00:35:21 [ main:9831 ] - [ INFO ] 当前主体框架已更新到最新版！
2022-10-12 00:35:22 [ main:10505 ] - [ INFO ] Initializing ExecutorService
2022-10-12 00:35:22 [ main:10506 ] - [ INFO ] Initializing ExecutorService 'taskScheduler'
2022-10-12 00:35:22 [ main:10632 ] - [ INFO ] Adding welcome page template: index
2022-10-12 00:35:22 [ main:10685 ] - [ INFO ] Initializing ExecutorService
2022-10-12 00:35:22 [ main:10686 ] - [ INFO ] Initializing ExecutorService 'shiroTaskExecutor'
2022-10-12 00:35:22 [ main:10773 ] - [ INFO ] Starting ProtocolHandler ["http-nio-8088"]
2022-10-12 00:35:22 [ main:10801 ] - [ INFO ] Tomcat started on port(s): 8088 (http) with context path ''
2022-10-12 00:35:22 [ taskScheduler-1:10809 ] - [ INFO ] Initializing ExecutorService
2022-10-12 00:35:22 [ main:10810 ] - [ INFO ] Started QimenBotApplication in 10.67 seconds (JVM running for 11.349)
2022-10-12 00:35:29 [ http-nio-8088-exec-1:17464 ] - [ INFO ] Initializing Spring DispatcherServlet 'dispatcherServlet'
2022-10-12 00:35:29 [ http-nio-8088-exec-1:17464 ] - [ INFO ] Initializing Servlet 'dispatcherServlet'
2022-10-12 00:35:29 [ http-nio-8088-exec-1:17469 ] - [ INFO ] Completed initialization in 5 ms
2022-10-12 00:35:29 [ http-nio-8088-exec-1:17523 ] - [ INFO ] Account 2733944636 connected
2022-10-12 00:40:00 [ ThreadPoolTaskExecutor-1:288485 ] - [ WARN ] 数据库连接池 - Failed to validate connection com.mysql.cj.jdbc.ConnectionImpl@6bc9de76 (Communications link failure

The last packet successfully received from the server was 6,057 milliseconds ago. The last packet sent successfully to the server was 6,073 milliseconds ago.). Possibly consider using a shorter maxLifetime value.
2022-10-12 00:40:00 [ ThreadPoolTaskExecutor-1:288487 ] - [ WARN ] 数据库连接池 - Failed to validate connection com.mysql.cj.jdbc.ConnectionImpl@6fd81e50 (Communications link failure

The last packet successfully received from the server was 1,003 milliseconds ago. The last packet sent successfully to the server was 1,020 milliseconds ago.). Possibly consider using a shorter maxLifetime value.
2022-10-12 00:40:00 [ ThreadPoolTaskExecutor-1:288488 ] - [ WARN ] 数据库连接池 - Failed to validate connection com.mysql.cj.jdbc.ConnectionImpl@4ac757b3 (Communications link failure

The last packet successfully received from the server was 282,025 milliseconds ago. The last packet sent successfully to the server was 282,043 milliseconds ago.). Possibly consider using a shorter maxLifetime value.
2022-10-12 00:40:00 [ ThreadPoolTaskExecutor-1:288489 ] - [ WARN ] 数据库连接池 - Failed to validate connection com.mysql.cj.jdbc.ConnectionImpl@1406082f (Communications link failure

The last packet successfully received from the server was 281,862 milliseconds ago. The last packet sent successfully to the server was 281,879 milliseconds ago.). Possibly consider using a shorter maxLifetime value.
2022-10-12 00:40:00 [ ThreadPoolTaskExecutor-1:288490 ] - [ WARN ] 数据库连接池 - Failed to validate connection com.mysql.cj.jdbc.ConnectionImpl@545ec239 (Communications link failure

The last packet successfully received from the server was 281,679 milliseconds ago. The last packet sent successfully to the server was 281,699 milliseconds ago.). Possibly consider using a shorter maxLifetime value.
2022-10-12 00:40:00 [ ThreadPoolTaskExecutor-1:288491 ] - [ WARN ] 数据库连接池 - Failed to validate connection com.mysql.cj.jdbc.ConnectionImpl@7b5b7c7c (Communications link failure

The last packet successfully received from the server was 281,524 milliseconds ago. The last packet sent successfully to the server was 281,540 milliseconds ago.). Possibly consider using a shorter maxLifetime value.
2022-10-12 00:40:00 [ ThreadPoolTaskExecutor-1:288491 ] - [ WARN ] 数据库连接池 - Failed to validate connection com.mysql.cj.jdbc.ConnectionImpl@bd1c66b (Communications link failure

The last packet successfully received from the server was 281,352 milliseconds ago. The last packet sent successfully to the server was 281,371 milliseconds ago.). Possibly consider using a shorter maxLifetime value.
2022-10-12 00:40:00 [ ThreadPoolTaskExecutor-1:288493 ] - [ WARN ] 数据库连接池 - Failed to validate connection com.mysql.cj.jdbc.ConnectionImpl@2f32e04e (Communications link failure

The last packet successfully received from the server was 281,212 milliseconds ago. The last packet sent successfully to the server was 281,225 milliseconds ago.). Possibly consider using a shorter maxLifetime value.
2022-10-12 00:40:00 [ ThreadPoolTaskExecutor-1:288494 ] - [ WARN ] 数据库连接池 - Failed to validate connection com.mysql.cj.jdbc.ConnectionImpl@ddfa09b (Communications link failure

The last packet successfully received from the server was 281,058 milliseconds ago. The last packet sent successfully to the server was 281,074 milliseconds ago.). Possibly consider using a shorter maxLifetime value.
2022-10-12 00:40:00 [ ThreadPoolTaskExecutor-1:288495 ] - [ WARN ] 数据库连接池 - Failed to validate connection com.mysql.cj.jdbc.ConnectionImpl@2dc795c0 (Communications link failure

The last packet successfully received from the server was 280,920 milliseconds ago. The last packet sent successfully to the server was 280,936 milliseconds ago.). Possibly consider using a shorter maxLifetime value.
2022-10-12 10:59:18 [ main:609 ] - [ INFO ] Starting QimenBotApplication on LAPTOP-FNT7SMLI with PID 9644 (D:\Project\JAVA\Bot\QimenBot\target\classes started by lvyunqi in D:\Project\JAVA\Bot\QimenBot)
2022-10-12 10:59:18 [ main:610 ] - [ INFO ] No active profile set, falling back to default profiles: default
2022-10-12 10:59:19 [ main:1338 ] - [ INFO ] Bean 'taskConfig' of type [com.mryunqi.qimenbot.config.TaskConfig$$EnhancerBySpringCGLIB$$e036124d] is not eligible for getting processed by all BeanPostProcessors (for example: not eligible for auto-proxying)
2022-10-12 10:59:19 [ main:1567 ] - [ INFO ] Tomcat initialized with port(s): 8088 (http)
2022-10-12 10:59:19 [ main:1572 ] - [ INFO ] Initializing ProtocolHandler ["http-nio-8088"]
2022-10-12 10:59:19 [ main:1573 ] - [ INFO ] Starting service [Tomcat]
2022-10-12 10:59:19 [ main:1573 ] - [ INFO ] Starting Servlet engine: [Apache Tomcat/9.0.41]
2022-10-12 10:59:19 [ main:1650 ] - [ INFO ] Initializing Spring embedded WebApplicationContext
2022-10-12 10:59:19 [ main:1650 ] - [ INFO ] Root WebApplicationContext: initialization completed in 998 ms
2022-10-12 10:59:19 [ main:1877 ] - [ INFO ] 加载拓展[[Python]拓展插件SDK](1.0) @夜空
2022-10-12 10:59:19 [ main:1890 ] - [ INFO ] 加载拓展[[Python]拓展插件SDK]成功！
2022-10-12 10:59:19 [ main:1892 ] - [ INFO ] 数据库初始化...
2022-10-12 10:59:22 [ main:4903 ] - [ INFO ] 数据库连接池 - Starting...
2022-10-12 10:59:23 [ main:5148 ] - [ INFO ] 数据库连接池 - Start completed.
2022-10-12 10:59:23 [ main:5190 ] - [ INFO ] user表:success!
2022-10-12 10:59:23 [ main:5538 ] - [ INFO ] command表:success!
2022-10-12 10:59:23 [ main:5745 ] - [ INFO ] 启动成功
2022-10-12 10:59:23 [ main:5747 ] - [ INFO ] 正在启动Go-Cqhttp客户端...
2022-10-12 10:59:23 [ main:5758 ] - [ WARN ] 即将登录QQ-->2733944636
2022-10-12 10:59:28 [ main:10014 ] - [ INFO ] 检查更新中.....
2022-10-12 10:59:28 [ main:10014 ] - [ INFO ] 当前主体框架已更新到最新版！
2022-10-12 10:59:28 [ main:10718 ] - [ INFO ] Initializing ExecutorService
2022-10-12 10:59:28 [ main:10719 ] - [ INFO ] Initializing ExecutorService 'taskScheduler'
2022-10-12 10:59:28 [ main:10851 ] - [ INFO ] Adding welcome page template: index
2022-10-12 10:59:28 [ main:10907 ] - [ INFO ] Initializing ExecutorService
2022-10-12 10:59:28 [ main:10908 ] - [ INFO ] Initializing ExecutorService 'shiroTaskExecutor'
2022-10-12 10:59:29 [ main:10995 ] - [ INFO ] Starting ProtocolHandler ["http-nio-8088"]
2022-10-12 10:59:29 [ main:11020 ] - [ INFO ] Tomcat started on port(s): 8088 (http) with context path ''
2022-10-12 10:59:29 [ taskScheduler-1:11029 ] - [ INFO ] Initializing ExecutorService
2022-10-12 10:59:29 [ main:11031 ] - [ INFO ] Started QimenBotApplication in 10.889 seconds (JVM running for 11.674)
2022-10-12 10:59:33 [ http-nio-8088-exec-1:15853 ] - [ INFO ] Initializing Spring DispatcherServlet 'dispatcherServlet'
2022-10-12 10:59:33 [ http-nio-8088-exec-1:15853 ] - [ INFO ] Initializing Servlet 'dispatcherServlet'
2022-10-12 10:59:33 [ http-nio-8088-exec-1:15859 ] - [ INFO ] Completed initialization in 6 ms
2022-10-12 10:59:33 [ http-nio-8088-exec-1:15912 ] - [ INFO ] Account 2733944636 connected
2022-10-12 11:00:46 [ SpringContextShutdownHook:88881 ] - [ WARN ] Account 2733944636 disconnected
2022-10-12 11:00:46 [ SpringContextShutdownHook:88888 ] - [ INFO ] Shutting down ExecutorService 'shiroTaskExecutor'
2022-10-12 11:00:46 [ SpringContextShutdownHook:88889 ] - [ INFO ] Shutting down ExecutorService 'taskScheduler'
2022-10-12 11:00:46 [ SpringContextShutdownHook:88898 ] - [ INFO ] 数据库连接池 - Shutdown initiated...
2022-10-12 11:00:46 [ SpringContextShutdownHook:88903 ] - [ INFO ] 数据库连接池 - Shutdown completed.
2022-10-12 11:01:03 [ main:473 ] - [ INFO ] Starting QimenBotApplication on LAPTOP-FNT7SMLI with PID 1896 (D:\Project\JAVA\Bot\QimenBot\target\classes started by lvyunqi in D:\Project\JAVA\Bot\QimenBot)
2022-10-12 11:01:03 [ main:474 ] - [ INFO ] No active profile set, falling back to default profiles: default
2022-10-12 11:01:04 [ main:1136 ] - [ INFO ] Bean 'taskConfig' of type [com.mryunqi.qimenbot.config.TaskConfig$$EnhancerBySpringCGLIB$$e036124d] is not eligible for getting processed by all BeanPostProcessors (for example: not eligible for auto-proxying)
2022-10-12 11:01:04 [ main:1357 ] - [ INFO ] Tomcat initialized with port(s): 8088 (http)
2022-10-12 11:01:04 [ main:1365 ] - [ INFO ] Initializing ProtocolHandler ["http-nio-8088"]
2022-10-12 11:01:04 [ main:1366 ] - [ INFO ] Starting service [Tomcat]
2022-10-12 11:01:04 [ main:1366 ] - [ INFO ] Starting Servlet engine: [Apache Tomcat/9.0.41]
2022-10-12 11:01:04 [ main:1441 ] - [ INFO ] Initializing Spring embedded WebApplicationContext
2022-10-12 11:01:04 [ main:1441 ] - [ INFO ] Root WebApplicationContext: initialization completed in 933 ms
2022-10-12 11:01:04 [ main:1653 ] - [ INFO ] 加载拓展[[Python]拓展插件SDK](1.0) @夜空
2022-10-12 11:01:04 [ main:1664 ] - [ INFO ] 加载拓展[[Python]拓展插件SDK]成功！
2022-10-12 11:01:04 [ main:1665 ] - [ INFO ] 数据库初始化...
2022-10-12 11:01:07 [ main:4674 ] - [ INFO ] 数据库连接池 - Starting...
2022-10-12 11:01:08 [ main:4951 ] - [ INFO ] 数据库连接池 - Start completed.
2022-10-12 11:01:08 [ main:5004 ] - [ INFO ] user表:success!
2022-10-12 11:01:08 [ main:5451 ] - [ INFO ] command表:success!
2022-10-12 11:01:08 [ main:5727 ] - [ INFO ] 启动成功
2022-10-12 11:01:08 [ main:5728 ] - [ INFO ] 正在启动Go-Cqhttp客户端...
2022-10-12 11:01:08 [ main:5736 ] - [ WARN ] 即将登录QQ-->2733944636
2022-10-12 11:01:13 [ main:9897 ] - [ INFO ] 检查更新中.....
2022-10-12 11:01:13 [ main:9897 ] - [ INFO ] 当前主体框架已更新到最新版！
2022-10-12 11:01:13 [ main:10568 ] - [ INFO ] Initializing ExecutorService
2022-10-12 11:01:13 [ main:10570 ] - [ INFO ] Initializing ExecutorService 'taskScheduler'
2022-10-12 11:01:13 [ main:10697 ] - [ INFO ] Adding welcome page template: index
2022-10-12 11:01:13 [ main:10751 ] - [ INFO ] Initializing ExecutorService
2022-10-12 11:01:13 [ main:10753 ] - [ INFO ] Initializing ExecutorService 'shiroTaskExecutor'
2022-10-12 11:01:13 [ main:10840 ] - [ INFO ] Starting ProtocolHandler ["http-nio-8088"]
2022-10-12 11:01:14 [ main:10865 ] - [ INFO ] Tomcat started on port(s): 8088 (http) with context path ''
2022-10-12 11:01:14 [ taskScheduler-1:10875 ] - [ INFO ] Initializing ExecutorService
2022-10-12 11:01:14 [ main:10876 ] - [ INFO ] Started QimenBotApplication in 10.755 seconds (JVM running for 11.379)
2022-10-12 11:01:18 [ http-nio-8088-exec-2:15677 ] - [ INFO ] Initializing Spring DispatcherServlet 'dispatcherServlet'
2022-10-12 11:01:18 [ http-nio-8088-exec-2:15677 ] - [ INFO ] Initializing Servlet 'dispatcherServlet'
2022-10-12 11:01:18 [ http-nio-8088-exec-2:15682 ] - [ INFO ] Completed initialization in 5 ms
2022-10-12 11:01:18 [ http-nio-8088-exec-2:15732 ] - [ INFO ] Account 2733944636 connected
2022-10-12 11:03:40 [ SpringContextShutdownHook:156979 ] - [ WARN ] Account 2733944636 disconnected
2022-10-12 11:03:40 [ SpringContextShutdownHook:156984 ] - [ INFO ] Shutting down ExecutorService 'shiroTaskExecutor'
2022-10-12 11:03:40 [ SpringContextShutdownHook:156985 ] - [ INFO ] Shutting down ExecutorService 'taskScheduler'
2022-10-12 11:03:40 [ SpringContextShutdownHook:156995 ] - [ INFO ] 数据库连接池 - Shutdown initiated...
2022-10-12 11:03:40 [ SpringContextShutdownHook:156998 ] - [ INFO ] 数据库连接池 - Shutdown completed.
2022-10-12 11:03:57 [ main:507 ] - [ INFO ] Starting QimenBotApplication on LAPTOP-FNT7SMLI with PID 22476 (D:\Project\JAVA\Bot\QimenBot\target\classes started by lvyunqi in D:\Project\JAVA\Bot\QimenBot)
2022-10-12 11:03:57 [ main:509 ] - [ INFO ] No active profile set, falling back to default profiles: default
2022-10-12 11:03:57 [ main:1303 ] - [ INFO ] Bean 'taskConfig' of type [com.mryunqi.qimenbot.config.TaskConfig$$EnhancerBySpringCGLIB$$e036124d] is not eligible for getting processed by all BeanPostProcessors (for example: not eligible for auto-proxying)
2022-10-12 11:03:58 [ main:1545 ] - [ INFO ] Tomcat initialized with port(s): 8088 (http)
2022-10-12 11:03:58 [ main:1552 ] - [ INFO ] Initializing ProtocolHandler ["http-nio-8088"]
2022-10-12 11:03:58 [ main:1552 ] - [ INFO ] Starting service [Tomcat]
2022-10-12 11:03:58 [ main:1552 ] - [ INFO ] Starting Servlet engine: [Apache Tomcat/9.0.41]
2022-10-12 11:03:58 [ main:1633 ] - [ INFO ] Initializing Spring embedded WebApplicationContext
2022-10-12 11:03:58 [ main:1634 ] - [ INFO ] Root WebApplicationContext: initialization completed in 1079 ms
2022-10-12 11:03:58 [ main:1854 ] - [ INFO ] 加载拓展[[Python]拓展插件SDK](1.0) @夜空
2022-10-12 11:03:58 [ main:1867 ] - [ INFO ] 加载拓展[[Python]拓展插件SDK]成功！
2022-10-12 11:03:58 [ main:1868 ] - [ INFO ] 数据库初始化...
2022-10-12 11:04:01 [ main:4881 ] - [ INFO ] 数据库连接池 - Starting...
2022-10-12 11:04:01 [ main:5168 ] - [ INFO ] 数据库连接池 - Start completed.
2022-10-12 11:04:01 [ main:5232 ] - [ INFO ] user表:success!
2022-10-12 11:04:02 [ main:5682 ] - [ INFO ] command表:success!
2022-10-12 11:04:02 [ main:5951 ] - [ INFO ] 启动成功
2022-10-12 11:04:02 [ main:5953 ] - [ INFO ] 正在启动Go-Cqhttp客户端...
2022-10-12 11:04:02 [ main:5961 ] - [ WARN ] 即将登录QQ-->2733944636
2022-10-12 11:04:06 [ main:9763 ] - [ INFO ] 检查更新中.....
2022-10-12 11:04:06 [ main:9764 ] - [ INFO ] 当前主体框架已更新到最新版！
2022-10-12 11:04:07 [ main:10426 ] - [ INFO ] Initializing ExecutorService
2022-10-12 11:04:07 [ main:10427 ] - [ INFO ] Initializing ExecutorService 'taskScheduler'
2022-10-12 11:04:07 [ main:10559 ] - [ INFO ] Adding welcome page template: index
2022-10-12 11:04:07 [ main:10620 ] - [ INFO ] Initializing ExecutorService
2022-10-12 11:04:07 [ main:10621 ] - [ INFO ] Initializing ExecutorService 'shiroTaskExecutor'
2022-10-12 11:04:07 [ main:10710 ] - [ INFO ] Starting ProtocolHandler ["http-nio-8088"]
2022-10-12 11:04:07 [ main:10738 ] - [ INFO ] Tomcat started on port(s): 8088 (http) with context path ''
2022-10-12 11:04:07 [ taskScheduler-1:10748 ] - [ INFO ] Initializing ExecutorService
2022-10-12 11:04:07 [ main:10749 ] - [ INFO ] Started QimenBotApplication in 10.621 seconds (JVM running for 11.36)
2022-10-12 11:04:14 [ http-nio-8088-exec-1:17356 ] - [ INFO ] Initializing Spring DispatcherServlet 'dispatcherServlet'
2022-10-12 11:04:14 [ http-nio-8088-exec-1:17356 ] - [ INFO ] Initializing Servlet 'dispatcherServlet'
2022-10-12 11:04:14 [ http-nio-8088-exec-1:17360 ] - [ INFO ] Completed initialization in 4 ms
2022-10-12 11:04:14 [ http-nio-8088-exec-1:17409 ] - [ INFO ] Account 2733944636 connected
2022-10-12 11:05:55 [ http-nio-8088-exec-6:118470 ] - [ WARN ] Account 2733944636 disconnected
2022-10-12 11:12:07 [ SpringContextShutdownHook:491235 ] - [ INFO ] Shutting down ExecutorService 'shiroTaskExecutor'
2022-10-12 11:12:07 [ SpringContextShutdownHook:491237 ] - [ INFO ] Shutting down ExecutorService 'taskScheduler'
2022-10-12 11:12:07 [ SpringContextShutdownHook:491246 ] - [ INFO ] 数据库连接池 - Shutdown initiated...
2022-10-12 11:12:07 [ SpringContextShutdownHook:491251 ] - [ INFO ] 数据库连接池 - Shutdown completed.
