2022-10-10 17:56:39 [ main:438 ] - [ INFO ] Starting QimenBotApplication on LAPTOP-FNT7SMLI with PID 27076 (D:\Project\JAVA\Bot\QimenBot\target\classes started by lvyunqi in D:\Project\JAVA\Bot\QimenBot)
2022-10-10 17:56:39 [ main:440 ] - [ INFO ] No active profile set, falling back to default profiles: default
2022-10-10 17:56:39 [ main:1087 ] - [ INFO ] Bean 'taskConfig' of type [com.mryunqi.qimenbot.config.TaskConfig$$EnhancerBySpringCGLIB$$49366c5c] is not eligible for getting processed by all BeanPostProcessors (for example: not eligible for auto-proxying)
2022-10-10 17:56:40 [ main:1301 ] - [ INFO ] Tomcat initialized with port(s): 8088 (http)
2022-10-10 17:56:40 [ main:1308 ] - [ INFO ] Initializing ProtocolHandler ["http-nio-8088"]
2022-10-10 17:56:40 [ main:1308 ] - [ INFO ] Starting service [Tomcat]
2022-10-10 17:56:40 [ main:1308 ] - [ INFO ] Starting Servlet engine: [Apache Tomcat/9.0.41]
2022-10-10 17:56:40 [ main:1381 ] - [ INFO ] Initializing Spring embedded WebApplicationContext
2022-10-10 17:56:40 [ main:1381 ] - [ INFO ] Root WebApplicationContext: initialization completed in 906 ms
2022-10-10 17:56:40 [ main:1594 ] - [ INFO ] Âä†ËΩΩÊãìÂ±ï[[Python]ÊãìÂ±ïÊèí‰ª∂SDK](1.0) @Â§úÁ©∫
2022-10-10 17:56:40 [ main:1605 ] - [ INFO ] Âä†ËΩΩÊãìÂ±ï[[Python]ÊãìÂ±ïÊèí‰ª∂SDK]ÊàêÂäüÔºÅ
2022-10-10 17:56:40 [ main:1607 ] - [ INFO ] Êï∞ÊçÆÂ∫ìÂàùÂßãÂåñ...
2022-10-10 17:56:43 [ main:4610 ] - [ INFO ] Êï∞ÊçÆÂ∫ìËøûÊé•Ê±† - Starting...
2022-10-10 17:56:43 [ main:4912 ] - [ INFO ] Êï∞ÊçÆÂ∫ìËøûÊé•Ê±† - Start completed.
2022-10-10 17:56:43 [ main:4964 ] - [ INFO ] userË°®:success!
2022-10-10 17:56:44 [ main:5449 ] - [ INFO ] commandË°®:success!
2022-10-10 17:56:44 [ main:5734 ] - [ INFO ] ÂêØÂä®ÊàêÂäü
2022-10-10 17:56:44 [ main:5735 ] - [ INFO ] Ê≠£Âú®ÂêØÂä®Go-CqhttpÂÆ¢Êà∑Á´Ø...
2022-10-10 17:56:44 [ main:5742 ] - [ WARN ] Âç≥Â∞ÜÁôªÂΩïQQ-->2733944636
2022-10-10 17:56:47 [ main:9163 ] - [ INFO ] Ê£ÄÊü•Êõ¥Êñ∞‰∏≠.....
2022-10-10 17:56:47 [ main:9163 ] - [ INFO ] ÂΩìÂâç‰∏ª‰ΩìÊ°ÜÊû∂Â∑≤Êõ¥Êñ∞Âà∞ÊúÄÊñ∞ÁâàÔºÅ
2022-10-10 17:56:48 [ main:9826 ] - [ INFO ] Initializing ExecutorService
2022-10-10 17:56:48 [ main:9827 ] - [ INFO ] Initializing ExecutorService 'taskScheduler'
2022-10-10 17:56:48 [ main:9979 ] - [ INFO ] Adding welcome page template: index
2022-10-10 17:56:48 [ main:10039 ] - [ INFO ] Initializing ExecutorService
2022-10-10 17:56:48 [ main:10039 ] - [ INFO ] Initializing ExecutorService 'shiroTaskExecutor'
2022-10-10 17:56:48 [ main:10129 ] - [ INFO ] Starting ProtocolHandler ["http-nio-8088"]
2022-10-10 17:56:48 [ main:10157 ] - [ INFO ] Tomcat started on port(s): 8088 (http) with context path ''
2022-10-10 17:56:48 [ taskScheduler-1:10168 ] - [ INFO ] Initializing ExecutorService
2022-10-10 17:56:48 [ main:10169 ] - [ INFO ] Started QimenBotApplication in 10.061 seconds (JVM running for 10.651)
2022-10-10 17:56:56 [ SpringContextShutdownHook:18089 ] - [ INFO ] Shutting down ExecutorService 'shiroTaskExecutor'
2022-10-10 17:56:56 [ SpringContextShutdownHook:18090 ] - [ INFO ] Shutting down ExecutorService 'taskScheduler'
2022-10-10 17:56:56 [ SpringContextShutdownHook:18099 ] - [ INFO ] Êï∞ÊçÆÂ∫ìËøûÊé•Ê±† - Shutdown initiated...
2022-10-10 17:56:56 [ SpringContextShutdownHook:18104 ] - [ INFO ] Êï∞ÊçÆÂ∫ìËøûÊé•Ê±† - Shutdown completed.
2022-10-10 17:57:14 [ main:437 ] - [ INFO ] Starting QimenBotApplication on LAPTOP-FNT7SMLI with PID 16692 (D:\Project\JAVA\Bot\QimenBot\target\classes started by lvyunqi in D:\Project\JAVA\Bot\QimenBot)
2022-10-10 17:57:14 [ main:439 ] - [ INFO ] No active profile set, falling back to default profiles: default
2022-10-10 17:57:14 [ main:1084 ] - [ INFO ] Bean 'taskConfig' of type [com.mryunqi.qimenbot.config.TaskConfig$$EnhancerBySpringCGLIB$$49366c5c] is not eligible for getting processed by all BeanPostProcessors (for example: not eligible for auto-proxying)
2022-10-10 17:57:14 [ main:1299 ] - [ INFO ] Tomcat initialized with port(s): 8088 (http)
2022-10-10 17:57:14 [ main:1305 ] - [ INFO ] Initializing ProtocolHandler ["http-nio-8088"]
2022-10-10 17:57:14 [ main:1305 ] - [ INFO ] Starting service [Tomcat]
2022-10-10 17:57:14 [ main:1305 ] - [ INFO ] Starting Servlet engine: [Apache Tomcat/9.0.41]
2022-10-10 17:57:14 [ main:1378 ] - [ INFO ] Initializing Spring embedded WebApplicationContext
2022-10-10 17:57:14 [ main:1378 ] - [ INFO ] Root WebApplicationContext: initialization completed in 906 ms
2022-10-10 17:57:15 [ main:1585 ] - [ INFO ] Âä†ËΩΩÊãìÂ±ï[[Python]ÊãìÂ±ïÊèí‰ª∂SDK](1.0) @Â§úÁ©∫
2022-10-10 17:57:15 [ main:1598 ] - [ INFO ] Âä†ËΩΩÊãìÂ±ï[[Python]ÊãìÂ±ïÊèí‰ª∂SDK]ÊàêÂäüÔºÅ
2022-10-10 17:57:15 [ main:1599 ] - [ INFO ] Êï∞ÊçÆÂ∫ìÂàùÂßãÂåñ...
2022-10-10 17:57:18 [ main:4611 ] - [ INFO ] Êï∞ÊçÆÂ∫ìËøûÊé•Ê±† - Starting...
2022-10-10 17:57:18 [ main:4906 ] - [ INFO ] Êï∞ÊçÆÂ∫ìËøûÊé•Ê±† - Start completed.
2022-10-10 17:57:18 [ main:4962 ] - [ INFO ] userË°®:success!
2022-10-10 17:57:19 [ main:5441 ] - [ INFO ] commandË°®:success!
2022-10-10 17:57:19 [ main:5752 ] - [ INFO ] ÂêØÂä®ÊàêÂäü
2022-10-10 17:57:19 [ main:5754 ] - [ INFO ] Ê≠£Âú®ÂêØÂä®Go-CqhttpÂÆ¢Êà∑Á´Ø...
2022-10-10 17:57:19 [ main:5764 ] - [ WARN ] Âç≥Â∞ÜÁôªÂΩïQQ-->2733944636
2022-10-10 17:57:23 [ main:9835 ] - [ INFO ] Ê£ÄÊü•Êõ¥Êñ∞‰∏≠.....
2022-10-10 17:57:23 [ main:9835 ] - [ INFO ] ÂΩìÂâç‰∏ª‰ΩìÊ°ÜÊû∂Â∑≤Êõ¥Êñ∞Âà∞ÊúÄÊñ∞ÁâàÔºÅ
2022-10-10 17:57:24 [ main:10490 ] - [ INFO ] Initializing ExecutorService
2022-10-10 17:57:24 [ main:10492 ] - [ INFO ] Initializing ExecutorService 'taskScheduler'
2022-10-10 17:57:24 [ main:10629 ] - [ INFO ] Adding welcome page template: index
2022-10-10 17:57:24 [ main:10683 ] - [ INFO ] Initializing ExecutorService
2022-10-10 17:57:24 [ main:10683 ] - [ INFO ] Initializing ExecutorService 'shiroTaskExecutor'
2022-10-10 17:57:24 [ main:10768 ] - [ INFO ] Starting ProtocolHandler ["http-nio-8088"]
2022-10-10 17:57:24 [ main:10796 ] - [ INFO ] Tomcat started on port(s): 8088 (http) with context path ''
2022-10-10 17:57:24 [ taskScheduler-1:10804 ] - [ INFO ] Initializing ExecutorService
2022-10-10 17:57:24 [ main:10806 ] - [ INFO ] Started QimenBotApplication in 10.695 seconds (JVM running for 11.276)
2022-10-10 17:57:49 [ SpringContextShutdownHook:36218 ] - [ INFO ] Shutting down ExecutorService 'shiroTaskExecutor'
2022-10-10 17:57:49 [ SpringContextShutdownHook:36218 ] - [ INFO ] Shutting down ExecutorService 'taskScheduler'
2022-10-10 17:57:49 [ SpringContextShutdownHook:36228 ] - [ INFO ] Êï∞ÊçÆÂ∫ìËøûÊé•Ê±† - Shutdown initiated...
2022-10-10 17:57:49 [ SpringContextShutdownHook:36232 ] - [ INFO ] Êï∞ÊçÆÂ∫ìËøûÊé•Ê±† - Shutdown completed.
2022-10-10 18:05:33 [ main:442 ] - [ INFO ] Starting QimenBotApplication on LAPTOP-FNT7SMLI with PID 12940 (D:\Project\JAVA\Bot\QimenBot\target\classes started by lvyunqi in D:\Project\JAVA\Bot\QimenBot)
2022-10-10 18:05:33 [ main:444 ] - [ INFO ] No active profile set, falling back to default profiles: default
2022-10-10 18:05:34 [ main:1112 ] - [ INFO ] Bean 'taskConfig' of type [com.mryunqi.qimenbot.config.TaskConfig$$EnhancerBySpringCGLIB$$49366c5c] is not eligible for getting processed by all BeanPostProcessors (for example: not eligible for auto-proxying)
2022-10-10 18:05:34 [ main:1331 ] - [ INFO ] Tomcat initialized with port(s): 8088 (http)
2022-10-10 18:05:34 [ main:1337 ] - [ INFO ] Initializing ProtocolHandler ["http-nio-8088"]
2022-10-10 18:05:34 [ main:1337 ] - [ INFO ] Starting service [Tomcat]
2022-10-10 18:05:34 [ main:1337 ] - [ INFO ] Starting Servlet engine: [Apache Tomcat/9.0.41]
2022-10-10 18:05:34 [ main:1410 ] - [ INFO ] Initializing Spring embedded WebApplicationContext
2022-10-10 18:05:34 [ main:1410 ] - [ INFO ] Root WebApplicationContext: initialization completed in 933 ms
2022-10-10 18:05:34 [ main:1617 ] - [ INFO ] Âä†ËΩΩÊãìÂ±ï[[Python]ÊãìÂ±ïÊèí‰ª∂SDK](1.0) @Â§úÁ©∫
2022-10-10 18:05:34 [ main:1631 ] - [ INFO ] Âä†ËΩΩÊãìÂ±ï[[Python]ÊãìÂ±ïÊèí‰ª∂SDK]ÊàêÂäüÔºÅ
2022-10-10 18:05:34 [ main:1632 ] - [ INFO ] Êï∞ÊçÆÂ∫ìÂàùÂßãÂåñ...
2022-10-10 18:05:37 [ main:4639 ] - [ INFO ] Êï∞ÊçÆÂ∫ìËøûÊé•Ê±† - Starting...
2022-10-10 18:05:38 [ main:4886 ] - [ INFO ] Êï∞ÊçÆÂ∫ìËøûÊé•Ê±† - Start completed.
2022-10-10 18:05:38 [ main:4932 ] - [ INFO ] userË°®:success!
2022-10-10 18:05:38 [ main:5312 ] - [ INFO ] commandË°®:success!
2022-10-10 18:05:38 [ main:5535 ] - [ INFO ] ÂêØÂä®ÊàêÂäü
2022-10-10 18:05:38 [ main:5537 ] - [ INFO ] Ê≠£Âú®ÂêØÂä®Go-CqhttpÂÆ¢Êà∑Á´Ø...
2022-10-10 18:05:38 [ main:5546 ] - [ WARN ] Âç≥Â∞ÜÁôªÂΩïQQ-->2733944636
2022-10-10 18:05:42 [ main:9607 ] - [ INFO ] Ê£ÄÊü•Êõ¥Êñ∞‰∏≠.....
2022-10-10 18:05:42 [ main:9607 ] - [ INFO ] ÂΩìÂâç‰∏ª‰ΩìÊ°ÜÊû∂Â∑≤Êõ¥Êñ∞Âà∞ÊúÄÊñ∞ÁâàÔºÅ
2022-10-10 18:05:43 [ main:10237 ] - [ INFO ] Initializing ExecutorService
2022-10-10 18:05:43 [ main:10238 ] - [ INFO ] Initializing ExecutorService 'taskScheduler'
2022-10-10 18:05:43 [ main:10371 ] - [ INFO ] Adding welcome page template: index
2022-10-10 18:05:43 [ main:10428 ] - [ INFO ] Initializing ExecutorService
2022-10-10 18:05:43 [ main:10428 ] - [ INFO ] Initializing ExecutorService 'shiroTaskExecutor'
2022-10-10 18:05:43 [ main:10516 ] - [ INFO ] Starting ProtocolHandler ["http-nio-8088"]
2022-10-10 18:05:43 [ main:10541 ] - [ INFO ] Tomcat started on port(s): 8088 (http) with context path ''
2022-10-10 18:05:43 [ taskScheduler-1:10550 ] - [ INFO ] Initializing ExecutorService
2022-10-10 18:05:43 [ main:10552 ] - [ INFO ] Started QimenBotApplication in 10.439 seconds (JVM running for 11.027)
2022-10-10 18:06:27 [ SpringContextShutdownHook:54477 ] - [ INFO ] Shutting down ExecutorService 'shiroTaskExecutor'
2022-10-10 18:06:27 [ SpringContextShutdownHook:54477 ] - [ INFO ] Shutting down ExecutorService 'taskScheduler'
2022-10-10 18:06:27 [ SpringContextShutdownHook:54486 ] - [ INFO ] Êï∞ÊçÆÂ∫ìËøûÊé•Ê±† - Shutdown initiated...
2022-10-10 18:06:27 [ SpringContextShutdownHook:54491 ] - [ INFO ] Êï∞ÊçÆÂ∫ìËøûÊé•Ê±† - Shutdown completed.
2022-10-10 18:06:54 [ main:1103 ] - [ INFO ] Starting QimenBotApplication on LAPTOP-FNT7SMLI with PID 27688 (D:\Project\JAVA\Bot\QimenBot\target\QimenBot-1.0.7-Beta.jar started by lvyunqi in D:\Project\JAVA\Bot\QimenBot\target)
2022-10-10 18:06:54 [ main:1106 ] - [ INFO ] No active profile set, falling back to default profiles: default
2022-10-10 18:06:55 [ main:2218 ] - [ INFO ] Bean 'taskConfig' of type [com.mryunqi.qimenbot.config.TaskConfig$$EnhancerBySpringCGLIB$$889d2c9d] is not eligible for getting processed by all BeanPostProcessors (for example: not eligible for auto-proxying)
2022-10-10 18:06:55 [ main:2765 ] - [ INFO ] Tomcat initialized with port(s): 8088 (http)
2022-10-10 18:06:56 [ main:2776 ] - [ INFO ] Initializing ProtocolHandler ["http-nio-8088"]
2022-10-10 18:06:56 [ main:2777 ] - [ INFO ] Starting service [Tomcat]
2022-10-10 18:06:56 [ main:2777 ] - [ INFO ] Starting Servlet engine: [Apache Tomcat/9.0.41]
2022-10-10 18:06:56 [ main:2851 ] - [ INFO ] Initializing Spring embedded WebApplicationContext
2022-10-10 18:06:56 [ main:2851 ] - [ INFO ] Root WebApplicationContext: initialization completed in 1681 ms
2022-10-10 18:06:56 [ main:2999 ] - [ WARN ] Exception encountered during context initialization - cancelling refresh attempt: org.springframework.beans.factory.BeanCreationException: Error creating bean with name 'botExpandBean': Invocation of init method failed; nested exception is java.lang.NullPointerException: Cannot invoke "java.util.List.iterator()" because the return value of "com.mryunqi.qimenbot.Controller.Constant.getPlugin()" is null
2022-10-10 18:06:56 [ main:3006 ] - [ INFO ] Stopping service [Tomcat]
2022-10-10 18:06:56 [ main:3019 ] - [ INFO ] 

Error starting ApplicationContext. To display the conditions report re-run your application with 'debug' enabled.
2022-10-10 18:07:51 [ main:1180 ] - [ INFO ] Starting QimenBotApplication on LAPTOP-FNT7SMLI with PID 27032 (D:\Project\JAVA\Bot\QimenBot\target\QimenBot-1.0.7-Beta.jar started by lvyunqi in D:\Project\JAVA\Bot\QimenBot\target)
2022-10-10 18:07:51 [ main:1183 ] - [ INFO ] No active profile set, falling back to default profiles: default
2022-10-10 18:07:52 [ main:2342 ] - [ INFO ] Bean 'taskConfig' of type [com.mryunqi.qimenbot.config.TaskConfig$$EnhancerBySpringCGLIB$$d489cf14] is not eligible for getting processed by all BeanPostProcessors (for example: not eligible for auto-proxying)
2022-10-10 18:07:52 [ main:2887 ] - [ INFO ] Tomcat initialized with port(s): 8088 (http)
2022-10-10 18:07:52 [ main:2899 ] - [ INFO ] Initializing ProtocolHandler ["http-nio-8088"]
2022-10-10 18:07:52 [ main:2900 ] - [ INFO ] Starting service [Tomcat]
2022-10-10 18:07:52 [ main:2900 ] - [ INFO ] Starting Servlet engine: [Apache Tomcat/9.0.41]
2022-10-10 18:07:52 [ main:2976 ] - [ INFO ] Initializing Spring embedded WebApplicationContext
2022-10-10 18:07:52 [ main:2977 ] - [ INFO ] Root WebApplicationContext: initialization completed in 1730 ms
2022-10-10 18:07:53 [ main:3144 ] - [ WARN ] Exception encountered during context initialization - cancelling refresh attempt: org.springframework.beans.factory.BeanCreationException: Error creating bean with name 'botExpandBean': Invocation of init method failed; nested exception is java.lang.NullPointerException: Cannot invoke "com.alibaba.fastjson2.JSONObject.getJSONObject(String)" because "JsonMap" is null
2022-10-10 18:07:53 [ main:3149 ] - [ INFO ] Stopping service [Tomcat]
2022-10-10 18:07:53 [ main:3161 ] - [ INFO ] 

Error starting ApplicationContext. To display the conditions report re-run your application with 'debug' enabled.
2022-10-10 18:08:36 [ main:1103 ] - [ INFO ] Starting QimenBotApplication on LAPTOP-FNT7SMLI with PID 1916 (D:\Project\JAVA\Bot\QimenBot\target\QimenBot-1.0.7-Beta.jar started by lvyunqi in D:\Project\JAVA\Bot\QimenBot\target)
2022-10-10 18:08:36 [ main:1107 ] - [ INFO ] No active profile set, falling back to default profiles: default
2022-10-10 18:08:37 [ main:2257 ] - [ INFO ] Bean 'taskConfig' of type [com.mryunqi.qimenbot.config.TaskConfig$$EnhancerBySpringCGLIB$$c4117822] is not eligible for getting processed by all BeanPostProcessors (for example: not eligible for auto-proxying)
2022-10-10 18:08:37 [ main:2831 ] - [ INFO ] Tomcat initialized with port(s): 8088 (http)
2022-10-10 18:08:38 [ main:2843 ] - [ INFO ] Initializing ProtocolHandler ["http-nio-8088"]
2022-10-10 18:08:38 [ main:2844 ] - [ INFO ] Starting service [Tomcat]
2022-10-10 18:08:38 [ main:2844 ] - [ INFO ] Starting Servlet engine: [Apache Tomcat/9.0.41]
2022-10-10 18:08:38 [ main:2916 ] - [ INFO ] Initializing Spring embedded WebApplicationContext
2022-10-10 18:08:38 [ main:2917 ] - [ INFO ] Root WebApplicationContext: initialization completed in 1749 ms
2022-10-10 18:08:38 [ main:3314 ] - [ INFO ] º”‘ÿÕÿ’π[[Python]ÊãìÂ±ïÊèí‰ª∂SDK](1.0) @Â§úÁ©∫
2022-10-10 18:08:38 [ main:3329 ] - [ INFO ] º”‘ÿÕÿ’π[[Python]ÊãìÂ±ïÊèí‰ª∂SDK]≥…π¶£°
2022-10-10 18:08:38 [ main:3330 ] - [ INFO ]  ˝æ›ø‚≥ı ºªØ...
2022-10-10 18:08:41 [ main:6340 ] - [ INFO ]  ˝æ›ø‚¡¨Ω”≥ÿ - Starting...
2022-10-10 18:08:41 [ main:6675 ] - [ INFO ]  ˝æ›ø‚¡¨Ω”≥ÿ - Start completed.
2022-10-10 18:08:41 [ main:6726 ] - [ INFO ] user±Ì:success!
2022-10-10 18:08:42 [ main:7622 ] - [ INFO ] command±Ì:success!
2022-10-10 18:08:43 [ main:7862 ] - [ INFO ] ∆Ù∂Ø≥…π¶
2022-10-10 18:08:43 [ main:7865 ] - [ INFO ] ’˝‘⁄∆Ù∂ØGo-CqhttpøÕªß∂À...
2022-10-10 18:08:43 [ main:7874 ] - [ WARN ] º¥Ω´µ«¬ºQQ-->2733944636
2022-10-10 18:08:47 [ main:11915 ] - [ INFO ] ºÏ≤È∏¸–¬÷–.....
2022-10-10 18:08:47 [ main:11915 ] - [ INFO ] µ±«∞÷˜ÃÂøÚº‹“—∏¸–¬µΩ◊Ó–¬∞Ê£°
2022-10-10 18:08:48 [ main:13172 ] - [ INFO ] Initializing ExecutorService
2022-10-10 18:08:48 [ main:13176 ] - [ INFO ] Initializing ExecutorService 'taskScheduler'
2022-10-10 18:08:48 [ main:13538 ] - [ INFO ] Adding welcome page template: index
2022-10-10 18:08:48 [ main:13711 ] - [ INFO ] Initializing ExecutorService
2022-10-10 18:08:48 [ main:13712 ] - [ INFO ] Initializing ExecutorService 'shiroTaskExecutor'
2022-10-10 18:08:49 [ main:13853 ] - [ INFO ] Starting ProtocolHandler ["http-nio-8088"]
2022-10-10 18:08:49 [ main:13943 ] - [ INFO ] Tomcat started on port(s): 8088 (http) with context path ''
2022-10-10 18:08:49 [ taskScheduler-1:13970 ] - [ INFO ] Initializing ExecutorService
2022-10-10 18:08:49 [ main:13972 ] - [ INFO ] Started QimenBotApplication in 13.664 seconds (JVM running for 14.218)
2022-10-10 18:10:19 [ main:1066 ] - [ INFO ] Starting QimenBotApplication on LAPTOP-FNT7SMLI with PID 12596 (D:\Project\JAVA\Bot\RunBot\Public\QimenBot-1.0.7-Beta.jar started by lvyunqi in D:\Project\JAVA\Bot\RunBot\Public)
2022-10-10 18:10:19 [ main:1069 ] - [ INFO ] No active profile set, falling back to default profiles: default
2022-10-10 18:17:38 [ main:1187 ] - [ INFO ] Starting QimenBotApplication on LAPTOP-FNT7SMLI with PID 25280 (D:\Project\JAVA\Bot\RunBot\Public\QimenBot.jar started by lvyunqi in D:\Project\JAVA\Bot\RunBot\Public)
2022-10-10 18:17:38 [ main:1192 ] - [ INFO ] No active profile set, falling back to default profiles: default
2022-10-10 18:17:39 [ main:2372 ] - [ INFO ] Bean 'taskConfig' of type [com.mryunqi.qimenbot.config.TaskConfig$$EnhancerBySpringCGLIB$$dd5d45f8] is not eligible for getting processed by all BeanPostProcessors (for example: not eligible for auto-proxying)
2022-10-10 18:17:39 [ main:2984 ] - [ INFO ] Tomcat initialized with port(s): 8088 (http)
2022-10-10 18:17:39 [ main:2996 ] - [ INFO ] Initializing ProtocolHandler ["http-nio-8088"]
2022-10-10 18:17:39 [ main:2996 ] - [ INFO ] Starting service [Tomcat]
2022-10-10 18:17:39 [ main:2996 ] - [ INFO ] Starting Servlet engine: [Apache Tomcat/9.0.41]
2022-10-10 18:17:40 [ main:3068 ] - [ INFO ] Initializing Spring embedded WebApplicationContext
2022-10-10 18:17:40 [ main:3068 ] - [ INFO ] Root WebApplicationContext: initialization completed in 1801 ms
2022-10-10 18:17:40 [ main:3459 ] - [ INFO ] º”‘ÿÕÿ’π[[Python]ÊãìÂ±ïÊèí‰ª∂SDK](1.0) @Â§úÁ©∫
2022-10-10 18:17:40 [ main:3474 ] - [ INFO ] º”‘ÿÕÿ’π[[Python]ÊãìÂ±ïÊèí‰ª∂SDK]≥…π¶£°
2022-10-10 18:17:40 [ main:3476 ] - [ INFO ]  ˝æ›ø‚≥ı ºªØ...
2022-10-10 18:17:43 [ main:6494 ] - [ INFO ]  ˝æ›ø‚¡¨Ω”≥ÿ - Starting...
2022-10-10 18:17:43 [ main:6872 ] - [ INFO ]  ˝æ›ø‚¡¨Ω”≥ÿ - Start completed.
2022-10-10 18:17:43 [ main:6934 ] - [ INFO ] user±Ì:success!
2022-10-10 18:17:44 [ main:7426 ] - [ INFO ] command±Ì:success!
2022-10-10 18:17:44 [ main:7713 ] - [ INFO ] ∆Ù∂Ø≥…π¶
2022-10-10 18:17:44 [ main:7715 ] - [ INFO ] ’˝‘⁄∆Ù∂ØGo-CqhttpøÕªß∂À...
2022-10-10 18:17:44 [ main:7726 ] - [ WARN ] º¥Ω´µ«¬ºQQ-->2733944636
2022-10-10 18:17:49 [ main:12796 ] - [ INFO ] ºÏ≤È∏¸–¬÷–.....
2022-10-10 18:17:49 [ main:12796 ] - [ INFO ] µ±«∞÷˜ÃÂøÚº‹“—∏¸–¬µΩ◊Ó–¬∞Ê£°
2022-10-10 18:17:50 [ main:13982 ] - [ INFO ] Initializing ExecutorService
2022-10-10 18:17:50 [ main:13986 ] - [ INFO ] Initializing ExecutorService 'taskScheduler'
2022-10-10 18:17:51 [ main:14372 ] - [ INFO ] Adding welcome page template: index
2022-10-10 18:17:51 [ main:14521 ] - [ INFO ] Initializing ExecutorService
2022-10-10 18:17:51 [ main:14522 ] - [ INFO ] Initializing ExecutorService 'shiroTaskExecutor'
2022-10-10 18:17:51 [ main:14659 ] - [ INFO ] Starting ProtocolHandler ["http-nio-8088"]
2022-10-10 18:17:51 [ main:14705 ] - [ INFO ] Tomcat started on port(s): 8088 (http) with context path ''
2022-10-10 18:17:51 [ taskScheduler-1:14720 ] - [ INFO ] Initializing ExecutorService
2022-10-10 18:17:51 [ main:14723 ] - [ INFO ] Started QimenBotApplication in 14.404 seconds (JVM running for 15.026)
2022-10-10 18:31:37 [ main:450 ] - [ INFO ] Starting QimenBotApplication on LAPTOP-FNT7SMLI with PID 7484 (D:\Project\JAVA\Bot\QimenBot\target\classes started by lvyunqi in D:\Project\JAVA\Bot\QimenBot)
2022-10-10 18:31:37 [ main:452 ] - [ INFO ] No active profile set, falling back to default profiles: default
2022-10-10 18:31:38 [ main:1095 ] - [ INFO ] Bean 'taskConfig' of type [com.mryunqi.qimenbot.config.TaskConfig$$EnhancerBySpringCGLIB$$29a0e0fd] is not eligible for getting processed by all BeanPostProcessors (for example: not eligible for auto-proxying)
2022-10-10 18:31:38 [ main:1311 ] - [ INFO ] Tomcat initialized with port(s): 8088 (http)
2022-10-10 18:31:38 [ main:1316 ] - [ INFO ] Initializing ProtocolHandler ["http-nio-8088"]
2022-10-10 18:31:38 [ main:1316 ] - [ INFO ] Starting service [Tomcat]
2022-10-10 18:31:38 [ main:1316 ] - [ INFO ] Starting Servlet engine: [Apache Tomcat/9.0.41]
2022-10-10 18:31:38 [ main:1388 ] - [ INFO ] Initializing Spring embedded WebApplicationContext
2022-10-10 18:31:38 [ main:1388 ] - [ INFO ] Root WebApplicationContext: initialization completed in 902 ms
2022-10-10 18:31:39 [ main:1594 ] - [ INFO ] Âä†ËΩΩÊãìÂ±ï[[Python]ÊãìÂ±ïÊèí‰ª∂SDK](1.0) @Â§úÁ©∫
2022-10-10 18:31:39 [ main:1605 ] - [ INFO ] Âä†ËΩΩÊãìÂ±ï[[Python]ÊãìÂ±ïÊèí‰ª∂SDK]ÊàêÂäüÔºÅ
2022-10-10 18:31:39 [ main:1607 ] - [ INFO ] Êï∞ÊçÆÂ∫ìÂàùÂßãÂåñ...
2022-10-10 18:31:42 [ main:4621 ] - [ INFO ] Êï∞ÊçÆÂ∫ìËøûÊé•Ê±† - Starting...
2022-10-10 18:31:42 [ main:4900 ] - [ INFO ] Êï∞ÊçÆÂ∫ìËøûÊé•Ê±† - Start completed.
2022-10-10 18:31:42 [ main:4951 ] - [ INFO ] userË°®:success!
2022-10-10 18:31:42 [ main:5404 ] - [ INFO ] commandË°®:success!
2022-10-10 18:31:43 [ main:5678 ] - [ INFO ] ÂêØÂä®ÊàêÂäü
2022-10-10 18:31:43 [ main:5679 ] - [ INFO ] Ê≠£Âú®ÂêØÂä®Go-CqhttpÂÆ¢Êà∑Á´Ø...
2022-10-10 18:31:43 [ main:5688 ] - [ WARN ] Âç≥Â∞ÜÁôªÂΩïQQ-->2733944636
2022-10-10 18:31:46 [ main:9376 ] - [ INFO ] Ê£ÄÊü•Êõ¥Êñ∞‰∏≠.....
2022-10-10 18:31:46 [ main:9377 ] - [ INFO ] ÂΩìÂâç‰∏ª‰ΩìÊ°ÜÊû∂Â∑≤Êõ¥Êñ∞Âà∞ÊúÄÊñ∞ÁâàÔºÅ
2022-10-10 18:31:47 [ main:10008 ] - [ INFO ] Initializing ExecutorService
2022-10-10 18:31:47 [ main:10009 ] - [ INFO ] Initializing ExecutorService 'taskScheduler'
2022-10-10 18:31:47 [ main:10138 ] - [ INFO ] Adding welcome page template: index
2022-10-10 18:31:47 [ main:10192 ] - [ INFO ] Initializing ExecutorService
2022-10-10 18:31:47 [ main:10192 ] - [ INFO ] Initializing ExecutorService 'shiroTaskExecutor'
2022-10-10 18:31:47 [ main:10281 ] - [ INFO ] Starting ProtocolHandler ["http-nio-8088"]
2022-10-10 18:31:47 [ main:10309 ] - [ INFO ] Tomcat started on port(s): 8088 (http) with context path ''
2022-10-10 18:31:47 [ taskScheduler-1:10317 ] - [ INFO ] Initializing ExecutorService
2022-10-10 18:31:47 [ main:10318 ] - [ INFO ] Started QimenBotApplication in 10.206 seconds (JVM running for 10.845)
2022-10-10 18:32:18 [ SpringContextShutdownHook:41449 ] - [ INFO ] Shutting down ExecutorService 'shiroTaskExecutor'
2022-10-10 18:32:18 [ SpringContextShutdownHook:41449 ] - [ INFO ] Shutting down ExecutorService 'taskScheduler'
2022-10-10 18:32:18 [ SpringContextShutdownHook:41459 ] - [ INFO ] Êï∞ÊçÆÂ∫ìËøûÊé•Ê±† - Shutdown initiated...
2022-10-10 18:32:18 [ SpringContextShutdownHook:41463 ] - [ INFO ] Êï∞ÊçÆÂ∫ìËøûÊé•Ê±† - Shutdown completed.
2022-10-10 23:09:35 [ main:497 ] - [ INFO ] Starting QimenBotApplication on LAPTOP-FNT7SMLI with PID 5960 (D:\Project\JAVA\Bot\QimenBot\target\classes started by lvyunqi in D:\Project\JAVA\Bot\QimenBot)
2022-10-10 23:09:35 [ main:499 ] - [ INFO ] No active profile set, falling back to default profiles: default
2022-10-10 23:09:36 [ main:1173 ] - [ INFO ] Bean 'taskConfig' of type [com.mryunqi.qimenbot.config.TaskConfig$$EnhancerBySpringCGLIB$$e036124d] is not eligible for getting processed by all BeanPostProcessors (for example: not eligible for auto-proxying)
2022-10-10 23:09:36 [ main:1393 ] - [ INFO ] Tomcat initialized with port(s): 8088 (http)
2022-10-10 23:09:36 [ main:1400 ] - [ INFO ] Initializing ProtocolHandler ["http-nio-8088"]
2022-10-10 23:09:36 [ main:1400 ] - [ INFO ] Starting service [Tomcat]
2022-10-10 23:09:36 [ main:1400 ] - [ INFO ] Starting Servlet engine: [Apache Tomcat/9.0.41]
2022-10-10 23:09:36 [ main:1469 ] - [ INFO ] Initializing Spring embedded WebApplicationContext
2022-10-10 23:09:36 [ main:1469 ] - [ INFO ] Root WebApplicationContext: initialization completed in 936 ms
2022-10-10 23:09:36 [ main:1802 ] - [ INFO ] Âä†ËΩΩÊãìÂ±ï[[Python]ÊãìÂ±ïÊèí‰ª∂SDK](1.0) @Â§úÁ©∫
2022-10-10 23:09:36 [ main:1813 ] - [ INFO ] Âä†ËΩΩÊãìÂ±ï[[Python]ÊãìÂ±ïÊèí‰ª∂SDK]ÊàêÂäüÔºÅ
2022-10-10 23:09:36 [ main:1816 ] - [ INFO ] Êï∞ÊçÆÂ∫ìÂàùÂßãÂåñ...
2022-10-10 23:09:40 [ main:4833 ] - [ INFO ] Êï∞ÊçÆÂ∫ìËøûÊé•Ê±† - Starting...
2022-10-10 23:09:40 [ main:5119 ] - [ INFO ] Êï∞ÊçÆÂ∫ìËøûÊé•Ê±† - Start completed.
2022-10-10 23:09:40 [ main:5169 ] - [ INFO ] userË°®:success!
2022-10-10 23:09:40 [ main:5631 ] - [ INFO ] commandË°®:success!
2022-10-10 23:09:41 [ main:5902 ] - [ INFO ] ÂêØÂä®ÊàêÂäü
2022-10-10 23:09:41 [ main:5904 ] - [ INFO ] Ê≠£Âú®ÂêØÂä®Go-CqhttpÂÆ¢Êà∑Á´Ø...
2022-10-10 23:09:41 [ main:5913 ] - [ WARN ] Âç≥Â∞ÜÁôªÂΩïQQ-->2733944636
2022-10-10 23:09:44 [ main:9583 ] - [ INFO ] Ê£ÄÊü•Êõ¥Êñ∞‰∏≠.....
2022-10-10 23:09:44 [ main:9583 ] - [ INFO ] ÂΩìÂâç‰∏ª‰ΩìÊ°ÜÊû∂Â∑≤Êõ¥Êñ∞Âà∞ÊúÄÊñ∞ÁâàÔºÅ
2022-10-10 23:09:45 [ main:10240 ] - [ INFO ] Initializing ExecutorService
2022-10-10 23:09:45 [ main:10241 ] - [ INFO ] Initializing ExecutorService 'taskScheduler'
2022-10-10 23:09:45 [ main:10368 ] - [ INFO ] Adding welcome page template: index
2022-10-10 23:09:45 [ main:10421 ] - [ INFO ] Initializing ExecutorService
2022-10-10 23:09:45 [ main:10422 ] - [ INFO ] Initializing ExecutorService 'shiroTaskExecutor'
2022-10-10 23:09:45 [ main:10508 ] - [ INFO ] Starting ProtocolHandler ["http-nio-8088"]
2022-10-10 23:09:45 [ main:10541 ] - [ INFO ] Tomcat started on port(s): 8088 (http) with context path ''
2022-10-10 23:09:45 [ taskScheduler-1:10550 ] - [ INFO ] Initializing ExecutorService
2022-10-10 23:09:45 [ main:10552 ] - [ INFO ] Started QimenBotApplication in 10.44 seconds (JVM running for 11.091)
2022-10-10 23:10:29 [ http-nio-8088-exec-1:53996 ] - [ INFO ] Initializing Spring DispatcherServlet 'dispatcherServlet'
2022-10-10 23:10:29 [ http-nio-8088-exec-1:53996 ] - [ INFO ] Initializing Servlet 'dispatcherServlet'
2022-10-10 23:10:29 [ http-nio-8088-exec-1:54002 ] - [ INFO ] Completed initialization in 6 ms
2022-10-10 23:10:29 [ http-nio-8088-exec-1:54052 ] - [ INFO ] Account 2733944636 connected
