2022-10-14 22:44:38 [ main:531 ] - [ INFO ] Starting QimenBotApplication on LAPTOP-FNT7SMLI with PID 25968 (D:\Project\JAVA\Bot\QimenBot\target\classes started by lvyunqi in D:\Project\JAVA\Bot\QimenBot)
2022-10-14 22:44:38 [ main:533 ] - [ INFO ] No active profile set, falling back to default profiles: default
2022-10-14 22:44:39 [ main:1186 ] - [ INFO ] Bean 'taskConfig' of type [com.mryunqi.qimenbot.config.TaskConfig$$EnhancerBySpringCGLIB$$b3b16fac] is not eligible for getting processed by all BeanPostProcessors (for example: not eligible for auto-proxying)
2022-10-14 22:44:39 [ main:1400 ] - [ INFO ] Tomcat initialized with port(s): 8088 (http)
2022-10-14 22:44:39 [ main:1406 ] - [ INFO ] Initializing ProtocolHandler ["http-nio-8088"]
2022-10-14 22:44:39 [ main:1408 ] - [ INFO ] Starting service [Tomcat]
2022-10-14 22:44:39 [ main:1408 ] - [ INFO ] Starting Servlet engine: [Apache Tomcat/9.0.41]
2022-10-14 22:44:39 [ main:1474 ] - [ INFO ] Initializing Spring embedded WebApplicationContext
2022-10-14 22:44:39 [ main:1474 ] - [ INFO ] Root WebApplicationContext: initialization completed in 907 ms
2022-10-14 22:44:39 [ main:1797 ] - [ INFO ] 加载拓展[[Python]拓展插件SDK](1.0) @夜空
2022-10-14 22:44:39 [ main:1809 ] - [ INFO ] 加载拓展[[Python]拓展插件SDK]成功！
2022-10-14 22:44:39 [ main:1810 ] - [ INFO ] 数据库初始化...
2022-10-14 22:44:42 [ main:4818 ] - [ INFO ] 数据库连接池 - Starting...
2022-10-14 22:44:43 [ main:5553 ] - [ INFO ] 数据库连接池 - Start completed.
2022-10-14 22:44:43 [ main:5601 ] - [ INFO ] user表:success!
2022-10-14 22:44:44 [ main:6007 ] - [ INFO ] command表:success!
2022-10-14 22:44:44 [ main:6268 ] - [ INFO ] 启动成功
2022-10-14 22:44:46 [ main:8284 ] - [ INFO ] 检查更新中.....
2022-10-14 22:44:46 [ main:8284 ] - [ INFO ] 当前主体框架已更新到最新版！
2022-10-14 22:44:46 [ main:8928 ] - [ INFO ] Initializing ExecutorService
2022-10-14 22:44:46 [ main:8930 ] - [ INFO ] Initializing ExecutorService 'taskScheduler'
2022-10-14 22:44:47 [ main:9059 ] - [ INFO ] Adding welcome page template: index
2022-10-14 22:44:47 [ main:9113 ] - [ INFO ] Initializing ExecutorService
2022-10-14 22:44:47 [ main:9113 ] - [ INFO ] Initializing ExecutorService 'shiroTaskExecutor'
2022-10-14 22:44:47 [ main:9196 ] - [ INFO ] Starting ProtocolHandler ["http-nio-8088"]
2022-10-14 22:44:47 [ main:9229 ] - [ INFO ] Tomcat started on port(s): 8088 (http) with context path ''
2022-10-14 22:44:47 [ taskScheduler-1:9237 ] - [ INFO ] Initializing ExecutorService
2022-10-14 22:44:47 [ main:9239 ] - [ INFO ] Started QimenBotApplication in 9.125 seconds (JVM running for 9.8)
2022-10-14 22:44:49 [ http-nio-8088-exec-1:11583 ] - [ INFO ] Initializing Spring DispatcherServlet 'dispatcherServlet'
2022-10-14 22:44:49 [ http-nio-8088-exec-1:11583 ] - [ INFO ] Initializing Servlet 'dispatcherServlet'
2022-10-14 22:44:49 [ http-nio-8088-exec-1:11587 ] - [ INFO ] Completed initialization in 4 ms
2022-10-14 22:44:49 [ http-nio-8088-exec-1:11633 ] - [ INFO ] Account 2733944636 connected
2022-10-14 22:46:20 [ SpringContextShutdownHook:102094 ] - [ WARN ] Account 2733944636 disconnected
2022-10-14 22:46:20 [ SpringContextShutdownHook:102101 ] - [ INFO ] Shutting down ExecutorService 'shiroTaskExecutor'
2022-10-14 22:46:20 [ SpringContextShutdownHook:102101 ] - [ INFO ] Shutting down ExecutorService 'taskScheduler'
2022-10-14 22:46:20 [ SpringContextShutdownHook:102103 ] - [ INFO ] 数据库连接池 - Shutdown initiated...
2022-10-14 22:46:20 [ SpringContextShutdownHook:102106 ] - [ INFO ] 数据库连接池 - Shutdown completed.
2022-10-14 22:46:35 [ main:468 ] - [ INFO ] Starting QimenBotApplication on LAPTOP-FNT7SMLI with PID 29568 (D:\Project\JAVA\Bot\QimenBot\target\classes started by lvyunqi in D:\Project\JAVA\Bot\QimenBot)
2022-10-14 22:46:35 [ main:470 ] - [ INFO ] No active profile set, falling back to default profiles: default
2022-10-14 22:46:35 [ main:1113 ] - [ INFO ] Bean 'taskConfig' of type [com.mryunqi.qimenbot.config.TaskConfig$$EnhancerBySpringCGLIB$$49366c5c] is not eligible for getting processed by all BeanPostProcessors (for example: not eligible for auto-proxying)
2022-10-14 22:46:36 [ main:1333 ] - [ INFO ] Tomcat initialized with port(s): 8088 (http)
2022-10-14 22:46:36 [ main:1341 ] - [ INFO ] Initializing ProtocolHandler ["http-nio-8088"]
2022-10-14 22:46:36 [ main:1341 ] - [ INFO ] Starting service [Tomcat]
2022-10-14 22:46:36 [ main:1341 ] - [ INFO ] Starting Servlet engine: [Apache Tomcat/9.0.41]
2022-10-14 22:46:36 [ main:1414 ] - [ INFO ] Initializing Spring embedded WebApplicationContext
2022-10-14 22:46:36 [ main:1414 ] - [ INFO ] Root WebApplicationContext: initialization completed in 911 ms
2022-10-14 22:46:36 [ main:1623 ] - [ INFO ] 加载拓展[[Python]拓展插件SDK](1.0) @夜空
2022-10-14 22:46:36 [ main:1634 ] - [ INFO ] 加载拓展[[Python]拓展插件SDK]成功！
2022-10-14 22:46:36 [ main:1636 ] - [ INFO ] 数据库初始化...
2022-10-14 22:46:39 [ main:4647 ] - [ INFO ] 数据库连接池 - Starting...
2022-10-14 22:46:39 [ main:4953 ] - [ INFO ] 数据库连接池 - Start completed.
2022-10-14 22:46:39 [ main:5007 ] - [ INFO ] user表:success!
2022-10-14 22:46:40 [ main:5500 ] - [ INFO ] command表:success!
2022-10-14 22:46:40 [ main:5795 ] - [ INFO ] 启动成功
2022-10-14 22:46:41 [ main:6581 ] - [ INFO ] 检查更新中.....
2022-10-14 22:46:41 [ main:6581 ] - [ INFO ] 当前主体框架已更新到最新版！
2022-10-14 22:46:41 [ main:7212 ] - [ INFO ] Initializing ExecutorService
2022-10-14 22:46:41 [ main:7213 ] - [ INFO ] Initializing ExecutorService 'taskScheduler'
2022-10-14 22:46:42 [ main:7341 ] - [ INFO ] Adding welcome page template: index
2022-10-14 22:46:42 [ main:7397 ] - [ INFO ] Initializing ExecutorService
2022-10-14 22:46:42 [ main:7398 ] - [ INFO ] Initializing ExecutorService 'shiroTaskExecutor'
2022-10-14 22:46:42 [ main:7480 ] - [ INFO ] Starting ProtocolHandler ["http-nio-8088"]
2022-10-14 22:46:42 [ main:7507 ] - [ INFO ] Tomcat started on port(s): 8088 (http) with context path ''
2022-10-14 22:46:42 [ taskScheduler-1:7515 ] - [ INFO ] Initializing ExecutorService
2022-10-14 22:46:42 [ main:7516 ] - [ INFO ] Started QimenBotApplication in 7.38 seconds (JVM running for 7.95)
2022-10-14 22:46:45 [ http-nio-8088-exec-1:10431 ] - [ INFO ] Initializing Spring DispatcherServlet 'dispatcherServlet'
2022-10-14 22:46:45 [ http-nio-8088-exec-1:10431 ] - [ INFO ] Initializing Servlet 'dispatcherServlet'
2022-10-14 22:46:45 [ http-nio-8088-exec-1:10436 ] - [ INFO ] Completed initialization in 5 ms
2022-10-14 22:46:45 [ http-nio-8088-exec-1:10481 ] - [ INFO ] Account 2733944636 connected
2022-10-14 22:49:11 [ SpringContextShutdownHook:156901 ] - [ WARN ] Account 2733944636 disconnected
2022-10-14 22:49:11 [ SpringContextShutdownHook:156907 ] - [ INFO ] Shutting down ExecutorService 'shiroTaskExecutor'
2022-10-14 22:49:11 [ SpringContextShutdownHook:156908 ] - [ INFO ] Shutting down ExecutorService 'taskScheduler'
2022-10-14 22:49:11 [ SpringContextShutdownHook:156909 ] - [ INFO ] 数据库连接池 - Shutdown initiated...
2022-10-14 22:49:11 [ SpringContextShutdownHook:156912 ] - [ INFO ] 数据库连接池 - Shutdown completed.
2022-10-14 23:54:53 [ main:582 ] - [ INFO ] Starting QimenBotApplication on LAPTOP-FNT7SMLI with PID 13008 (D:\Project\JAVA\Bot\QimenBot\target\classes started by lvyunqi in D:\Project\JAVA\Bot\QimenBot)
2022-10-14 23:54:53 [ main:583 ] - [ INFO ] No active profile set, falling back to default profiles: default
2022-10-14 23:54:54 [ main:1356 ] - [ INFO ] Bean 'taskConfig' of type [com.mryunqi.qimenbot.config.TaskConfig$$EnhancerBySpringCGLIB$$49366c5c] is not eligible for getting processed by all BeanPostProcessors (for example: not eligible for auto-proxying)
2022-10-14 23:54:54 [ main:1582 ] - [ INFO ] Tomcat initialized with port(s): 8088 (http)
2022-10-14 23:54:54 [ main:1589 ] - [ INFO ] Initializing ProtocolHandler ["http-nio-8088"]
2022-10-14 23:54:54 [ main:1589 ] - [ INFO ] Starting service [Tomcat]
2022-10-14 23:54:54 [ main:1589 ] - [ INFO ] Starting Servlet engine: [Apache Tomcat/9.0.41]
2022-10-14 23:54:54 [ main:1664 ] - [ INFO ] Initializing Spring embedded WebApplicationContext
2022-10-14 23:54:54 [ main:1664 ] - [ INFO ] Root WebApplicationContext: initialization completed in 1038 ms
2022-10-14 23:54:54 [ main:1900 ] - [ INFO ] 加载拓展[[Python]拓展插件SDK](1.0) @夜空
2022-10-14 23:54:54 [ main:1914 ] - [ INFO ] 加载拓展[[Python]拓展插件SDK]成功！
2022-10-14 23:54:54 [ main:1916 ] - [ INFO ] 数据库初始化...
2022-10-14 23:54:58 [ main:4926 ] - [ INFO ] 数据库连接池 - Starting...
2022-10-14 23:54:58 [ main:5232 ] - [ INFO ] 数据库连接池 - Start completed.
2022-10-14 23:54:58 [ main:5283 ] - [ INFO ] user表:success!
2022-10-14 23:54:58 [ main:5754 ] - [ INFO ] command表:success!
2022-10-14 23:54:59 [ main:6038 ] - [ INFO ] 启动成功
2022-10-14 23:54:59 [ main:6780 ] - [ INFO ] 检查更新中.....
2022-10-14 23:54:59 [ main:6780 ] - [ INFO ] 当前主体框架已更新到最新版！
2022-10-14 23:55:00 [ main:7477 ] - [ INFO ] Initializing ExecutorService
2022-10-14 23:55:00 [ main:7479 ] - [ INFO ] Initializing ExecutorService 'taskScheduler'
2022-10-14 23:55:00 [ main:7617 ] - [ INFO ] Adding welcome page template: index
2022-10-14 23:55:00 [ main:7670 ] - [ INFO ] Initializing ExecutorService
2022-10-14 23:55:00 [ main:7671 ] - [ INFO ] Initializing ExecutorService 'shiroTaskExecutor'
2022-10-14 23:55:00 [ main:7763 ] - [ INFO ] Starting ProtocolHandler ["http-nio-8088"]
2022-10-14 23:55:00 [ main:7798 ] - [ INFO ] Tomcat started on port(s): 8088 (http) with context path ''
2022-10-14 23:55:00 [ taskScheduler-1:7806 ] - [ INFO ] Initializing ExecutorService
2022-10-14 23:55:00 [ main:7808 ] - [ INFO ] Started QimenBotApplication in 7.684 seconds (JVM running for 8.422)
2022-10-14 23:56:00 [ http-nio-8088-exec-1:67690 ] - [ INFO ] Initializing Spring DispatcherServlet 'dispatcherServlet'
2022-10-14 23:56:00 [ http-nio-8088-exec-1:67690 ] - [ INFO ] Initializing Servlet 'dispatcherServlet'
2022-10-14 23:56:00 [ http-nio-8088-exec-1:67695 ] - [ INFO ] Completed initialization in 5 ms
2022-10-14 23:56:00 [ http-nio-8088-exec-1:67761 ] - [ INFO ] Account 2733944636 connected
2022-10-14 23:56:28 [ ThreadPoolTaskExecutor-8:95577 ] - [ WARN ] 数据库连接池 - Failed to validate connection com.mysql.cj.jdbc.ConnectionImpl@6203d8bf (Communications link failure

The last packet successfully received from the server was 5,990 milliseconds ago. The last packet sent successfully to the server was 6,005 milliseconds ago.). Possibly consider using a shorter maxLifetime value.
2022-10-14 23:56:29 [ ThreadPoolTaskExecutor-9:96593 ] - [ WARN ] 数据库连接池 - Failed to validate connection com.mysql.cj.jdbc.ConnectionImpl@464fcb83 (Communications link failure

The last packet successfully received from the server was 90,959 milliseconds ago. The last packet sent successfully to the server was 90,975 milliseconds ago.). Possibly consider using a shorter maxLifetime value.
2022-10-14 23:56:30 [ ThreadPoolTaskExecutor-10:97587 ] - [ WARN ] 数据库连接池 - Failed to validate connection com.mysql.cj.jdbc.ConnectionImpl@3d1824a5 (Communications link failure

The last packet successfully received from the server was 91,794 milliseconds ago. The last packet sent successfully to the server was 91,811 milliseconds ago.). Possibly consider using a shorter maxLifetime value.
