[2022-10-12 00:13:52] [INFO]: 当前版本:v1.0.0-rc3 
[2022-10-12 00:13:52] [WARNING]: 已开启Debug模式. 
[2022-10-12 00:13:52] [INFO]: 将使用 device.json 内的设备信息运行Bot. 
[2022-10-12 00:13:52] [INFO]: Bot将在5秒后登录并开始信息处理, 按 Ctrl+C 取消. 
[2022-10-12 00:13:57] [INFO]: 开始尝试登录并同步消息... 
[2022-10-12 00:13:57] [INFO]: 使用协议: iPad 
[2022-10-12 00:13:57] [INFO]: Protocol -> connect to server: 111.30.170.211:8080 
[2022-10-12 00:13:58] [WARNING]: Protocol -> device lock is disable. http api may fail. 
[2022-10-12 00:14:00] [INFO]: 登录成功 欢迎使用: 小舞 
[2022-10-12 00:14:00] [INFO]: 开始加载好友列表... 
[2022-10-12 00:14:00] [INFO]: 共加载 6 个好友. 
[2022-10-12 00:14:00] [INFO]: 开始加载群列表... 
[2022-10-12 00:14:01] [INFO]: 收到服务器地址更新通知, 将在下一次重连时应用.  
[2022-10-12 00:14:01] [INFO]: 共加载 16 个群. 
[2022-10-12 00:14:01] [INFO]: 资源初始化完成, 开始处理信息. 
[2022-10-12 00:14:01] [INFO]: 开始尝试连接到反向WebSocket Universal服务器: ws://127.0.0.1:8088/qimenbot/ws/ 
[2022-10-12 00:14:01] [INFO]: アトリは、高性能ですから! 
[2022-10-12 00:14:01] [INFO]: 正在检查更新. 
[2022-10-12 00:14:01] [INFO]: CQ HTTP 服务器已启动: [::]:5700 
[2022-10-12 00:14:01] [INFO]: CQ WebSocket 服务器已启动: [::]:8087 
[2022-10-12 00:14:01] [INFO]: 已连接到反向WebSocket Universal服务器 ws://127.0.0.1:8088/qimenbot/ws/ 
[2022-10-12 00:14:01] [INFO]: 检查更新完成. 当前已运行最新版本. 
[2022-10-12 00:14:01] [INFO]: 开始诊断网络情况 
[2022-10-12 00:14:06] [WARNING]: 警告: 聊天服务器延迟为 3041ms，大于 1000ms, 可能出现消息丢失/延迟或频繁掉线等情况, 请检查本地网络状态. 
[2022-10-12 00:14:06] [INFO]: 网络诊断完成. 发现问题, 请检查日志. 
[2022-10-12 00:14:24] [INFO]: 收到群 斗罗大陆·S2公测一群(557647235) 内 夜空(434658198) 的消息: [CQ:image,file=e3a9867320d943cb026c688f4824ed23.image,subType=0,url=https://gchat.qpic.cn/gchatpic_new/434658198/557647235-3210488000-E3A9867320D943CB026C688F4824ED23/0?term=3] (-382419678) 
[2022-10-12 00:14:31] [INFO]: 收到群 斗罗大陆·S2公测一群(557647235) 内 夜空(434658198) 的消息: [CQ:image,file=34ebba64697bcffa1738dbc6877ecd81.image,subType=1,url=https://gchat.qpic.cn/gchatpic_new/434658198/557647235-2853027996-34EBBA64697BCFFA1738DBC6877ECD81/0?term=3]这垃圾网 (2039193779) 
[2022-10-12 00:14:42] [INFO]: 收到群 斗罗大陆·S2公测一群(557647235) 内 夜空(434658198) 的消息: 测试下载 (244092965) 
[2022-10-12 00:19:18] [INFO]: 收到群 斗罗大陆·S2公测一群(557647235) 内 小竹笋(2301865114) 的消息: [CQ:image,file=3d540cf83e7aef039a9faddb3654d326.image,subType=0,url=https://gchat.qpic.cn/gchatpic_new/2301865114/557647235-2878759074-3D540CF83E7AEF039A9FADDB3654D326/0?term=3] (1551727426) 
[2022-10-12 00:23:01] [WARNING]: 监听反向WS Universal时出现错误: websocket: close 1001 (going away): The web application is stopping 
[2022-10-12 00:23:25] [INFO]: 当前版本:v1.0.0-rc3 
[2022-10-12 00:23:25] [WARNING]: 已开启Debug模式. 
[2022-10-12 00:23:25] [INFO]: 将使用 device.json 内的设备信息运行Bot. 
[2022-10-12 00:23:25] [INFO]: Bot将在5秒后登录并开始信息处理, 按 Ctrl+C 取消. 
[2022-10-12 00:23:30] [INFO]: 开始尝试登录并同步消息... 
[2022-10-12 00:23:30] [INFO]: 使用协议: iPad 
[2022-10-12 00:23:31] [INFO]: Protocol -> connect to server: 111.30.187.200:8080 
[2022-10-12 00:23:31] [WARNING]: Protocol -> device lock is disable. http api may fail. 
[2022-10-12 00:23:34] [INFO]: 登录成功 欢迎使用: 小舞 
[2022-10-12 00:23:34] [INFO]: 开始加载好友列表... 
[2022-10-12 00:23:34] [INFO]: 共加载 6 个好友. 
[2022-10-12 00:23:34] [INFO]: 开始加载群列表... 
[2022-10-12 00:23:35] [INFO]: 共加载 16 个群. 
[2022-10-12 00:23:35] [INFO]: 资源初始化完成, 开始处理信息. 
[2022-10-12 00:23:35] [INFO]: アトリは、高性能ですから! 
[2022-10-12 00:23:35] [INFO]: 开始尝试连接到反向WebSocket Universal服务器: ws://127.0.0.1:8088/qimenbot/ws/ 
[2022-10-12 00:23:35] [INFO]: 正在检查更新. 
[2022-10-12 00:23:35] [INFO]: CQ WebSocket 服务器已启动: [::]:8087 
[2022-10-12 00:23:35] [INFO]: CQ HTTP 服务器已启动: [::]:5700 
[2022-10-12 00:23:35] [INFO]: 已连接到反向WebSocket Universal服务器 ws://127.0.0.1:8088/qimenbot/ws/ 
[2022-10-12 00:23:35] [INFO]: 检查更新完成. 当前已运行最新版本. 
[2022-10-12 00:23:35] [INFO]: 开始诊断网络情况 
[2022-10-12 00:23:39] [INFO]: 网络诊断完成. 未发现问题 
[2022-10-12 00:23:39] [INFO]: 收到群 斗罗大陆·S2公测一群(557647235) 内 夜空(434658198) 的消息: 测试下载 (729435092) 
[2022-10-12 00:23:39] [INFO]: 发送群 斗罗大陆·S2公测一群(557647235) 的消息: 正在测试下载 (-1301079442) 
[2022-10-12 00:27:18] [WARNING]: 监听反向WS Universal时出现错误: websocket: close 1001 (going away): The web application is stopping 
[2022-10-12 00:27:41] [INFO]: 当前版本:v1.0.0-rc3 
[2022-10-12 00:27:41] [WARNING]: 已开启Debug模式. 
[2022-10-12 00:27:41] [INFO]: 将使用 device.json 内的设备信息运行Bot. 
[2022-10-12 00:27:41] [INFO]: Bot将在5秒后登录并开始信息处理, 按 Ctrl+C 取消. 
[2022-10-12 00:28:30] [INFO]: 当前版本:v1.0.0-rc3 
[2022-10-12 00:28:30] [WARNING]: 已开启Debug模式. 
[2022-10-12 00:28:30] [INFO]: 将使用 device.json 内的设备信息运行Bot. 
[2022-10-12 00:28:30] [INFO]: Bot将在5秒后登录并开始信息处理, 按 Ctrl+C 取消. 
[2022-10-12 00:28:35] [INFO]: 开始尝试登录并同步消息... 
[2022-10-12 00:28:35] [INFO]: 使用协议: iPad 
[2022-10-12 00:28:35] [INFO]: Protocol -> connect to server: 111.30.182.254:8080 
[2022-10-12 00:28:35] [WARNING]: Protocol -> device lock is disable. http api may fail. 
[2022-10-12 00:28:38] [INFO]: 登录成功 欢迎使用: 小舞 
[2022-10-12 00:28:38] [INFO]: 开始加载好友列表... 
[2022-10-12 00:28:38] [INFO]: 共加载 6 个好友. 
[2022-10-12 00:28:38] [INFO]: 开始加载群列表... 
[2022-10-12 00:28:38] [INFO]: 共加载 16 个群. 
[2022-10-12 00:28:39] [INFO]: 资源初始化完成, 开始处理信息. 
[2022-10-12 00:28:39] [INFO]: 开始尝试连接到反向WebSocket Universal服务器: ws://127.0.0.1:8088/qimenbot/ws/ 
[2022-10-12 00:28:39] [INFO]: アトリは、高性能ですから! 
[2022-10-12 00:28:39] [INFO]: 正在检查更新. 
[2022-10-12 00:28:39] [INFO]: CQ WebSocket 服务器已启动: [::]:8087 
[2022-10-12 00:28:39] [INFO]: CQ HTTP 服务器已启动: [::]:5700 
[2022-10-12 00:28:39] [INFO]: 已连接到反向WebSocket Universal服务器 ws://127.0.0.1:8088/qimenbot/ws/ 
[2022-10-12 00:28:39] [INFO]: 检查更新完成. 当前已运行最新版本. 
[2022-10-12 00:28:39] [INFO]: 开始诊断网络情况 
[2022-10-12 00:28:41] [INFO]: 网络诊断完成. 未发现问题 
[2022-10-12 00:28:57] [INFO]: 收到群 斗罗大陆·S2公测一群(557647235) 内 夜空(434658198) 的消息: 测试下载 (-982242568) 
[2022-10-12 00:28:57] [INFO]: 发送群 斗罗大陆·S2公测一群(557647235) 的消息: 正在测试下载 (1527824219) 
[2022-10-12 00:30:35] [WARNING]: 监听反向WS Universal时出现错误: websocket: close 1001 (going away): The web application is stopping 
[2022-10-12 00:30:58] [INFO]: 当前版本:v1.0.0-rc3 
[2022-10-12 00:30:58] [WARNING]: 已开启Debug模式. 
[2022-10-12 00:30:58] [INFO]: 将使用 device.json 内的设备信息运行Bot. 
[2022-10-12 00:30:58] [INFO]: Bot将在5秒后登录并开始信息处理, 按 Ctrl+C 取消. 
[2022-10-12 00:31:03] [INFO]: 开始尝试登录并同步消息... 
[2022-10-12 00:31:03] [INFO]: 使用协议: iPad 
[2022-10-12 00:31:05] [INFO]: Protocol -> connect to server: [::ffff:111.31.200.226]:443 
[2022-10-12 00:31:05] [WARNING]: Protocol -> device lock is disable. http api may fail. 
[2022-10-12 00:31:07] [INFO]: 登录成功 欢迎使用: 小舞 
[2022-10-12 00:31:07] [INFO]: 开始加载好友列表... 
[2022-10-12 00:31:07] [INFO]: 共加载 6 个好友. 
[2022-10-12 00:31:07] [INFO]: 开始加载群列表... 
[2022-10-12 00:31:08] [INFO]: 共加载 16 个群. 
[2022-10-12 00:31:08] [INFO]: 资源初始化完成, 开始处理信息. 
[2022-10-12 00:31:08] [INFO]: 开始尝试连接到反向WebSocket Universal服务器: ws://127.0.0.1:8088/qimenbot/ws/ 
[2022-10-12 00:31:08] [INFO]: アトリは、高性能ですから! 
[2022-10-12 00:31:08] [INFO]: 正在检查更新. 
[2022-10-12 00:31:08] [INFO]: CQ WebSocket 服务器已启动: [::]:8087 
[2022-10-12 00:31:08] [INFO]: CQ HTTP 服务器已启动: [::]:5700 
[2022-10-12 00:31:08] [INFO]: 已连接到反向WebSocket Universal服务器 ws://127.0.0.1:8088/qimenbot/ws/ 
[2022-10-12 00:31:09] [INFO]: 检查更新完成. 当前已运行最新版本. 
[2022-10-12 00:31:09] [INFO]: 开始诊断网络情况 
[2022-10-12 00:31:12] [INFO]: 网络诊断完成. 未发现问题 
[2022-10-12 00:31:15] [INFO]: 收到群 斗罗大陆·S2公测一群(557647235) 内 夜空(434658198) 的消息: 测试下载 (739741645) 
[2022-10-12 00:31:16] [INFO]: 发送群 斗罗大陆·S2公测一群(557647235) 的消息: 正在测试下载 (-1256268169) 
[2022-10-12 00:31:42] [INFO]: 收到群 斗罗大陆·S2公测一群(557647235) 内 小竹笋(2301865114) 的消息: 测试下载 (-1038487839) 
[2022-10-12 00:31:42] [INFO]: 发送群 斗罗大陆·S2公测一群(557647235) 的消息: 正在测试下载 (1386673008) 
[2022-10-12 00:34:53] [WARNING]: 监听反向WS Universal时出现错误: websocket: close 1001 (going away): The web application is stopping 
[2022-10-12 00:35:19] [INFO]: 当前版本:v1.0.0-rc3 
[2022-10-12 00:35:19] [WARNING]: 已开启Debug模式. 
[2022-10-12 00:35:19] [INFO]: 将使用 device.json 内的设备信息运行Bot. 
[2022-10-12 00:35:19] [INFO]: Bot将在5秒后登录并开始信息处理, 按 Ctrl+C 取消. 
[2022-10-12 00:35:24] [INFO]: 开始尝试登录并同步消息... 
[2022-10-12 00:35:24] [INFO]: 使用协议: iPad 
[2022-10-12 00:35:25] [INFO]: Protocol -> connect to server: 111.30.182.254:8080 
[2022-10-12 00:35:26] [WARNING]: Protocol -> device lock is disable. http api may fail. 
[2022-10-12 00:35:28] [INFO]: 登录成功 欢迎使用: 小舞 
[2022-10-12 00:35:28] [INFO]: 开始加载好友列表... 
[2022-10-12 00:35:28] [INFO]: 共加载 6 个好友. 
[2022-10-12 00:35:28] [INFO]: 开始加载群列表... 
[2022-10-12 00:35:29] [INFO]: 共加载 16 个群. 
[2022-10-12 00:35:29] [INFO]: 资源初始化完成, 开始处理信息. 
[2022-10-12 00:35:29] [INFO]: アトリは、高性能ですから! 
[2022-10-12 00:35:29] [INFO]: 开始尝试连接到反向WebSocket Universal服务器: ws://127.0.0.1:8088/qimenbot/ws/ 
[2022-10-12 00:35:29] [INFO]: 正在检查更新. 
[2022-10-12 00:35:29] [INFO]: CQ HTTP 服务器已启动: [::]:5700 
[2022-10-12 00:35:29] [INFO]: CQ WebSocket 服务器已启动: [::]:8087 
[2022-10-12 00:35:29] [INFO]: 已连接到反向WebSocket Universal服务器 ws://127.0.0.1:8088/qimenbot/ws/ 
[2022-10-12 00:35:29] [INFO]: 检查更新完成. 当前已运行最新版本. 
[2022-10-12 00:35:29] [INFO]: 开始诊断网络情况 
[2022-10-12 00:35:32] [INFO]: 网络诊断完成. 未发现问题 
[2022-10-12 00:35:34] [INFO]: 收到群 斗罗大陆·S2公测一群(557647235) 内 夜空(434658198) 的消息: 测试下载 (631358438) 
[2022-10-12 00:35:35] [INFO]: 发送群 斗罗大陆·S2公测一群(557647235) 的消息: 正在测试下载 (1164331523) 
[2022-10-12 00:37:28] [INFO]: 收到群 斗罗大陆·S2公测一群(557647235) 内 夜空(434658198) 的消息: 测试下载 (845249173) 
[2022-10-12 00:37:28] [INFO]: 发送群 斗罗大陆·S2公测一群(557647235) 的消息: 正在测试下载 (-1419236561) 
[2022-10-12 00:39:03] [INFO]: 收到群 斗罗大陆·S2公测一群(557647235) 内 渔舟(1875390189) 的消息: 测试下载 (-596698183) 
[2022-10-12 00:39:03] [INFO]: 发送群 斗罗大陆·S2公测一群(557647235) 的消息: 正在测试下载 (1108053530) 
[2022-10-12 00:39:07] [INFO]: 收到群 斗罗大陆·S2公测一群(557647235) 内 渔舟(1875390189) 的消息: 测试下载 (890027660) 
[2022-10-12 00:39:08] [INFO]: 发送群 斗罗大陆·S2公测一群(557647235) 的消息: 正在测试下载 (-1408897226) 
[2022-10-12 00:39:11] [INFO]: 收到群 斗罗大陆·S2公测一群(557647235) 内 渔舟(1875390189) 的消息: 测试下载 (-620568672) 
[2022-10-12 00:39:11] [INFO]: 发送群 斗罗大陆·S2公测一群(557647235) 的消息: 正在测试下载 (1270727217) 
[2022-10-12 00:40:00] [ERROR]: Protocol -> unexpected disconnect: read tcp 10.100.160.138:54041->111.30.182.254:8080: wsarecv: An existing connection was forcibly closed by the remote host. 
[2022-10-12 00:40:00] [INFO]: Protocol -> connect to server: 111.30.187.200:8080 
[2022-10-12 00:40:03] [INFO]: 收到服务器地址更新通知, 将在下一次重连时应用.  
[2022-10-12 00:40:52] [WARNING]: 监听反向WS Universal时出现错误: read tcp 127.0.0.1:54044->127.0.0.1:8088: wsarecv: An existing connection was forcibly closed by the remote host. 
[2022-10-12 00:40:54] [WARNING]: 向反向WS Universal服务器推送 Event 时出现错误: write tcp 127.0.0.1:54044->127.0.0.1:8088: wsasend: An existing connection was forcibly closed by the remote host. 
[2022-10-12 00:40:57] [INFO]: 开始尝试连接到反向WebSocket Universal服务器: ws://127.0.0.1:8088/qimenbot/ws/ 
[2022-10-12 00:40:59] [WARNING]: 连接到反向WebSocket Universal服务器 ws://127.0.0.1:8088/qimenbot/ws/ 时出现错误: dial tcp 127.0.0.1:8088: connectex: No connection could be made because the target machine actively refused it. 
[2022-10-12 10:59:24] [INFO]: 当前版本:v1.0.0-rc3 
[2022-10-12 10:59:24] [WARNING]: 已开启Debug模式. 
[2022-10-12 10:59:24] [INFO]: 将使用 device.json 内的设备信息运行Bot. 
[2022-10-12 10:59:24] [INFO]: Bot将在5秒后登录并开始信息处理, 按 Ctrl+C 取消. 
[2022-10-12 10:59:29] [INFO]: 开始尝试登录并同步消息... 
[2022-10-12 10:59:29] [INFO]: 使用协议: iPad 
[2022-10-12 10:59:30] [INFO]: Protocol -> connect to server: 111.31.205.233:8080 
[2022-10-12 10:59:30] [WARNING]: Protocol -> device lock is disable. http api may fail. 
[2022-10-12 10:59:33] [INFO]: 登录成功 欢迎使用: 小舞 
[2022-10-12 10:59:33] [INFO]: 开始加载好友列表... 
[2022-10-12 10:59:33] [INFO]: 共加载 6 个好友. 
[2022-10-12 10:59:33] [INFO]: 开始加载群列表... 
[2022-10-12 10:59:33] [INFO]: 收到服务器地址更新通知, 将在下一次重连时应用.  
[2022-10-12 10:59:33] [INFO]: 共加载 16 个群. 
[2022-10-12 10:59:33] [INFO]: 资源初始化完成, 开始处理信息. 
[2022-10-12 10:59:33] [INFO]: アトリは、高性能ですから! 
[2022-10-12 10:59:33] [INFO]: 开始尝试连接到反向WebSocket Universal服务器: ws://127.0.0.1:8088/qimenbot/ws/ 
[2022-10-12 10:59:33] [INFO]: 正在检查更新. 
[2022-10-12 10:59:33] [INFO]: CQ HTTP 服务器已启动: [::]:5700 
[2022-10-12 10:59:33] [INFO]: CQ WebSocket 服务器已启动: [::]:8087 
[2022-10-12 10:59:33] [INFO]: 已连接到反向WebSocket Universal服务器 ws://127.0.0.1:8088/qimenbot/ws/ 
[2022-10-12 10:59:34] [INFO]: 检查更新完成. 当前已运行最新版本. 
[2022-10-12 10:59:34] [INFO]: 开始诊断网络情况 
[2022-10-12 10:59:36] [INFO]: 网络诊断完成. 未发现问题 
[2022-10-12 10:59:43] [INFO]: 收到群 斗罗大陆·S2公测一群(557647235) 内 夜空(434658198) 的消息: 测试程序 (1018884775) 
[2022-10-12 10:59:43] [INFO]: 发送群 斗罗大陆·S2公测一群(557647235) 的消息: 1 (-1023519028) 
[2022-10-12 11:00:46] [WARNING]: 监听反向WS Universal时出现错误: websocket: close 1001 (going away): The web application is stopping 
[2022-10-12 11:01:09] [INFO]: 当前版本:v1.0.0-rc3 
[2022-10-12 11:01:09] [WARNING]: 已开启Debug模式. 
[2022-10-12 11:01:09] [INFO]: 将使用 device.json 内的设备信息运行Bot. 
[2022-10-12 11:01:09] [INFO]: Bot将在5秒后登录并开始信息处理, 按 Ctrl+C 取消. 
[2022-10-12 11:01:14] [INFO]: 开始尝试登录并同步消息... 
[2022-10-12 11:01:14] [INFO]: 使用协议: iPad 
[2022-10-12 11:01:15] [INFO]: Protocol -> connect to server: [::ffff:111.30.169.125]:443 
[2022-10-12 11:01:15] [WARNING]: Protocol -> device lock is disable. http api may fail. 
[2022-10-12 11:01:17] [INFO]: 登录成功 欢迎使用: 小舞 
[2022-10-12 11:01:17] [INFO]: 开始加载好友列表... 
[2022-10-12 11:01:18] [INFO]: 共加载 6 个好友. 
[2022-10-12 11:01:18] [INFO]: 开始加载群列表... 
[2022-10-12 11:01:18] [INFO]: 共加载 16 个群. 
[2022-10-12 11:01:18] [INFO]: 资源初始化完成, 开始处理信息. 
[2022-10-12 11:01:18] [INFO]: アトリは、高性能ですから! 
[2022-10-12 11:01:18] [INFO]: 开始尝试连接到反向WebSocket Universal服务器: ws://127.0.0.1:8088/qimenbot/ws/ 
[2022-10-12 11:01:18] [INFO]: 正在检查更新. 
[2022-10-12 11:01:18] [INFO]: CQ WebSocket 服务器已启动: [::]:8087 
[2022-10-12 11:01:18] [INFO]: CQ HTTP 服务器已启动: [::]:5700 
[2022-10-12 11:01:18] [INFO]: 已连接到反向WebSocket Universal服务器 ws://127.0.0.1:8088/qimenbot/ws/ 
[2022-10-12 11:01:19] [INFO]: 检查更新完成. 当前已运行最新版本. 
[2022-10-12 11:01:19] [INFO]: 开始诊断网络情况 
[2022-10-12 11:01:21] [INFO]: 网络诊断完成. 未发现问题 
[2022-10-12 11:01:30] [INFO]: 收到群 斗罗大陆·S2公测一群(557647235) 内 夜空(434658198) 的消息: 测试程序 (-1241946534) 
[2022-10-12 11:01:50] [INFO]: 收到群 斗罗大陆·S2公测一群(557647235) 内 夜空(434658198) 的消息: 测试程序 (753940448) 
[2022-10-12 11:02:11] [INFO]: 收到群 斗罗大陆·S2公测一群(557647235) 内 夜空(434658198) 的消息: 测试程序 (1542915958) 
[2022-10-12 11:03:40] [WARNING]: 监听反向WS Universal时出现错误: websocket: close 1001 (going away): The web application is stopping 
[2022-10-12 11:04:03] [INFO]: 当前版本:v1.0.0-rc3 
[2022-10-12 11:04:03] [WARNING]: 已开启Debug模式. 
[2022-10-12 11:04:03] [INFO]: 将使用 device.json 内的设备信息运行Bot. 
[2022-10-12 11:04:03] [INFO]: Bot将在5秒后登录并开始信息处理, 按 Ctrl+C 取消. 
[2022-10-12 11:04:08] [INFO]: 开始尝试登录并同步消息... 
[2022-10-12 11:04:08] [INFO]: 使用协议: iPad 
[2022-10-12 11:04:10] [INFO]: Protocol -> connect to server: [::ffff:111.31.200.170]:443 
[2022-10-12 11:04:10] [WARNING]: Protocol -> device lock is disable. http api may fail. 
[2022-10-12 11:04:13] [INFO]: 登录成功 欢迎使用: 小舞 
[2022-10-12 11:04:13] [INFO]: 开始加载好友列表... 
[2022-10-12 11:04:13] [INFO]: 共加载 6 个好友. 
[2022-10-12 11:04:13] [INFO]: 开始加载群列表... 
[2022-10-12 11:04:13] [INFO]: 共加载 16 个群. 
[2022-10-12 11:04:13] [INFO]: 资源初始化完成, 开始处理信息. 
[2022-10-12 11:04:13] [INFO]: 开始尝试连接到反向WebSocket Universal服务器: ws://127.0.0.1:8088/qimenbot/ws/ 
[2022-10-12 11:04:13] [INFO]: アトリは、高性能ですから! 
[2022-10-12 11:04:14] [INFO]: 正在检查更新. 
[2022-10-12 11:04:14] [INFO]: CQ HTTP 服务器已启动: [::]:5700 
[2022-10-12 11:04:14] [INFO]: CQ WebSocket 服务器已启动: [::]:8087 
[2022-10-12 11:04:14] [INFO]: 已连接到反向WebSocket Universal服务器 ws://127.0.0.1:8088/qimenbot/ws/ 
[2022-10-12 11:04:14] [INFO]: 检查更新完成. 当前已运行最新版本. 
[2022-10-12 11:04:14] [INFO]: 开始诊断网络情况 
[2022-10-12 11:04:16] [INFO]: 网络诊断完成. 未发现问题 
[2022-10-12 11:04:24] [INFO]: 收到群 斗罗大陆·S2公测一群(557647235) 内 夜空(434658198) 的消息: 测试程序 (-980184363) 
[2022-10-12 11:04:25] [INFO]: 发送群 斗罗大陆·S2公测一群(557647235) 的消息: 1 (-1298881981) 
[2022-10-12 11:05:00] [INFO]: 收到群 斗罗大陆·S2公测一群(557647235) 内 夜空(434658198) 的消息: 测试程序 (731771897) 
[2022-10-12 11:05:00] [INFO]: 发送群 斗罗大陆·S2公测一群(557647235) 的消息: 1 (1553646447) 
