[2022-10-08 14:57:49] [INFO]: 当前版本:v1.0.0-rc3 
[2022-10-08 14:57:49] [WARNING]: 已开启Debug模式. 
[2022-10-08 14:57:49] [INFO]: 将使用 device.json 内的设备信息运行Bot. 
[2022-10-08 14:57:49] [INFO]: Bot将在5秒后登录并开始信息处理, 按 Ctrl+C 取消. 
[2022-10-08 14:57:54] [INFO]: 开始尝试登录并同步消息... 
[2022-10-08 14:57:54] [INFO]: 使用协议: iPad 
[2022-10-08 14:57:54] [INFO]: Protocol -> connect to server: [::ffff:111.31.205.248]:80 
[2022-10-08 14:57:55] [WARNING]: Protocol -> device lock is disable. http api may fail. 
[2022-10-08 14:57:57] [INFO]: 登录成功 欢迎使用: 小舞 
[2022-10-08 14:57:57] [INFO]: 开始加载好友列表... 
[2022-10-08 14:57:57] [INFO]: 共加载 6 个好友. 
[2022-10-08 14:57:57] [INFO]: 开始加载群列表... 
[2022-10-08 14:57:57] [INFO]: 收到服务器地址更新通知, 将在下一次重连时应用.  
[2022-10-08 14:57:58] [INFO]: 共加载 16 个群. 
[2022-10-08 14:57:58] [INFO]: 资源初始化完成, 开始处理信息. 
[2022-10-08 14:57:58] [INFO]: アトリは、高性能ですから! 
[2022-10-08 14:57:58] [INFO]: 开始尝试连接到反向WebSocket Universal服务器: ws://127.0.0.1:8088/qimenbot/ws/ 
[2022-10-08 14:57:58] [INFO]: 正在检查更新. 
[2022-10-08 14:57:58] [INFO]: CQ HTTP 服务器已启动: [::]:5700 
[2022-10-08 14:57:58] [INFO]: CQ WebSocket 服务器已启动: [::]:8087 
[2022-10-08 14:57:58] [INFO]: 检查更新完成. 当前已运行最新版本. 
[2022-10-08 14:57:58] [INFO]: 开始诊断网络情况 
[2022-10-08 14:58:01] [INFO]: 网络诊断完成. 未发现问题 
[2022-10-08 14:58:39] [INFO]: 收到群 斗罗大陆·S2公测一群(557647235) 内 夜空(434658198) 的消息: 位置 (-242644335) 
[2022-10-08 14:58:53] [INFO]: 群 斗罗大陆·S2公测一群(557647235) 内 夜空(434658198) 撤回了 夜空(434658198) 的消息: -242644335. 
[2022-10-08 14:59:01] [INFO]: 收到好友 夜空(434658198) 的消息: 位置 (1537429653) 
[2022-10-08 14:59:18] [INFO]: 收到好友 夜空(434658198) 的消息: 动漫壁纸 (-887337724) 
[2022-10-08 14:59:55] [INFO]: 已连接到反向WebSocket Universal服务器 ws://127.0.0.1:8088/qimenbot/ws/ 
[2022-10-08 14:59:55] [WARNING]: 监听反向WS Universal时出现错误: websocket: close 1001 (going away): The web application is stopping 
[2022-10-08 15:00:11] [INFO]: 当前版本:v1.0.0-rc3 
[2022-10-08 15:00:11] [WARNING]: 已开启Debug模式. 
[2022-10-08 15:00:11] [INFO]: 将使用 device.json 内的设备信息运行Bot. 
[2022-10-08 15:00:11] [INFO]: Bot将在5秒后登录并开始信息处理, 按 Ctrl+C 取消. 
[2022-10-08 15:00:16] [INFO]: 开始尝试登录并同步消息... 
[2022-10-08 15:00:16] [INFO]: 使用协议: iPad 
[2022-10-08 15:00:16] [INFO]: Protocol -> connect to server: 111.30.170.211:8080 
[2022-10-08 15:00:16] [WARNING]: Protocol -> device lock is disable. http api may fail. 
[2022-10-08 15:00:19] [INFO]: 登录成功 欢迎使用: 小舞 
[2022-10-08 15:00:19] [INFO]: 开始加载好友列表... 
[2022-10-08 15:00:19] [INFO]: 共加载 6 个好友. 
[2022-10-08 15:00:19] [INFO]: 开始加载群列表... 
[2022-10-08 15:00:20] [INFO]: 共加载 16 个群. 
[2022-10-08 15:00:20] [INFO]: 资源初始化完成, 开始处理信息. 
[2022-10-08 15:00:20] [INFO]: アトリは、高性能ですから! 
[2022-10-08 15:00:20] [INFO]: 开始尝试连接到反向WebSocket Universal服务器: ws://127.0.0.1:8088/qimenbot/ws/ 
[2022-10-08 15:00:20] [INFO]: 正在检查更新. 
[2022-10-08 15:00:20] [INFO]: CQ WebSocket 服务器已启动: [::]:8087 
[2022-10-08 15:00:20] [INFO]: CQ HTTP 服务器已启动: [::]:5700 
[2022-10-08 15:00:20] [INFO]: 检查更新完成. 当前已运行最新版本. 
[2022-10-08 15:00:20] [INFO]: 开始诊断网络情况 
[2022-10-08 15:00:23] [INFO]: 网络诊断完成. 未发现问题 
[2022-10-08 15:01:38] [INFO]: 收到好友 夜空(434658198) 的消息: 测试 (-1139049070) 
[2022-10-08 15:01:51] [INFO]: 收到好友 夜空(434658198) 的消息: Python测试 (-589499273) 
[2022-10-08 15:02:12] [INFO]: 已连接到反向WebSocket Universal服务器 ws://127.0.0.1:8088/qimenbot/ws/ 
[2022-10-08 15:02:12] [WARNING]: 监听反向WS Universal时出现错误: websocket: close 1006 (abnormal closure): unexpected EOF 
[2022-10-08 15:03:58] [INFO]: 当前版本:v1.0.0-rc3 
[2022-10-08 15:03:58] [WARNING]: 已开启Debug模式. 
[2022-10-08 15:03:58] [INFO]: 将使用 device.json 内的设备信息运行Bot. 
[2022-10-08 15:03:58] [INFO]: Bot将在5秒后登录并开始信息处理, 按 Ctrl+C 取消. 
[2022-10-08 15:04:03] [INFO]: 开始尝试登录并同步消息... 
[2022-10-08 15:04:03] [INFO]: 使用协议: iPad 
[2022-10-08 15:04:04] [INFO]: Protocol -> connect to server: 111.31.205.233:8080 
[2022-10-08 15:04:04] [WARNING]: Protocol -> device lock is disable. http api may fail. 
[2022-10-08 15:04:06] [INFO]: 登录成功 欢迎使用: 小舞 
[2022-10-08 15:04:06] [INFO]: 开始加载好友列表... 
[2022-10-08 15:04:06] [INFO]: 共加载 6 个好友. 
[2022-10-08 15:04:06] [INFO]: 开始加载群列表... 
[2022-10-08 15:04:07] [INFO]: 共加载 16 个群. 
[2022-10-08 15:04:07] [INFO]: 资源初始化完成, 开始处理信息. 
[2022-10-08 15:04:07] [INFO]: 开始尝试连接到反向WebSocket Universal服务器: ws://127.0.0.1:8088/qimenbot/ws/ 
[2022-10-08 15:04:07] [INFO]: アトリは、高性能ですから! 
[2022-10-08 15:04:07] [INFO]: 正在检查更新. 
[2022-10-08 15:04:07] [INFO]: CQ WebSocket 服务器已启动: [::]:8087 
[2022-10-08 15:04:07] [INFO]: CQ HTTP 服务器已启动: [::]:5700 
[2022-10-08 15:04:07] [INFO]: 已连接到反向WebSocket Universal服务器 ws://127.0.0.1:8088/qimenbot/ws/ 
[2022-10-08 15:04:07] [INFO]: 检查更新完成. 当前已运行最新版本. 
[2022-10-08 15:04:07] [INFO]: 开始诊断网络情况 
[2022-10-08 15:04:11] [INFO]: 网络诊断完成. 未发现问题 
[2022-10-08 15:04:24] [INFO]: 收到好友 夜空(434658198) 的消息: Python测试 (-1411660575) 
[2022-10-08 15:04:25] [INFO]: 发送好友 434658198(434658198)  的消息: Python拓展综合 ... (1385253758) 
[2022-10-08 15:04:25] [INFO]: 发送好友 434658198(434658198)  的消息: Python拓展私聊 ... (630619112) 
[2022-10-08 15:04:33] [INFO]: 收到好友 夜空(434658198) 的消息: 位置 (852661595) 
[2022-10-08 15:04:34] [INFO]: 发送好友 434658198(434658198)  的消息: To夜夜〔龙神血脉〕 ... (-1141707189) 
[2022-10-08 15:04:39] [INFO]: 收到群 斗罗大陆·S2公测一群(557647235) 内 夜空(434658198) 的消息: 位置 (1877810994) 
[2022-10-08 15:04:41] [INFO]: 发送群 斗罗大陆·S2公测一群(557647235) 的消息: To夜夜〔龙神血脉〕 ... (418000804) 
[2022-10-08 15:04:54] [INFO]: 收到群 斗罗大陆·S2公测一群(557647235) 内 夜空(434658198) 的消息: 上 (-2115797474) 
[2022-10-08 15:04:54] [WARNING]: 转换CQ码 [CQ:image,file=file:///D:\Project\JAVA\Bot\QimenBot/斗罗大陆图片/地图/天斗帝国主城.jpg] 时出现错误: file not found 将原样发送. 
[2022-10-08 15:04:55] [INFO]: 发送群 斗罗大陆·S2公测一群(557647235) 的消息: To夜夜〔龙神血脉〕 ... (-152809848) 
[2022-10-08 15:05:17] [INFO]: 收到群 斗罗大陆·S2公测一群(557647235) 内 夜空(434658198) 的消息: 下 (1717261081) 
[2022-10-08 15:05:18] [INFO]: 发送群 斗罗大陆·S2公测一群(557647235) 的消息: To夜夜〔龙神血脉〕 ... (291267471) 
[2022-10-08 15:06:07] [INFO]: 收到群 斗罗大陆·S2公测一群(557647235) 内 夜空(434658198) 的消息: 挑战史莱姆 (1906043498) 
[2022-10-08 15:06:08] [INFO]: 发送群 斗罗大陆·S2公测一群(557647235) 的消息: To夜夜〔龙神血脉〕 ... (110942972) 
[2022-10-08 15:06:18] [INFO]: 收到群 斗罗大陆·S2公测一群(557647235) 内 夜空(434658198) 的消息: 1 (-1617589434) 
[2022-10-08 15:06:30] [INFO]: 收到群 斗罗大陆·S2公测一群(557647235) 内 夜空(434658198) 的消息: 攻击 (-393036848) 
[2022-10-08 15:06:36] [INFO]: 发送群 斗罗大陆·S2公测一群(557647235) 的消息: To夜夜〔龙神血脉〕 ... (1995845235) 
[2022-10-08 15:06:50] [INFO]: 收到群 斗罗大陆·S2公测一群(557647235) 内 夜空(434658198) 的消息: [CQ:image,file=34ebba64697bcffa1738dbc6877ecd81.image,subType=1,url=https://gchat.qpic.cn/gchatpic_new/434658198/557647235-2413767124-34EBBA64697BCFFA1738DBC6877ECD81/0?term=3] (32579301) 
[2022-10-08 15:07:11] [INFO]: 收到群 斗罗大陆·S2公测一群(557647235) 内 阿默不次鱼(1799505715) 的消息: [CQ:face,id=277] (-1728557217) 
[2022-10-08 15:07:19] [INFO]: 收到群 斗罗大陆·S2公测一群(557647235) 内 阿默不次鱼(1799505715) 的消息: 好玩的？ (-268468279) 
[2022-10-08 15:07:27] [INFO]: 收到群 斗罗大陆·S2公测一群(557647235) 内 夜空(434658198) 的消息: [CQ:image,file=34ebba64697bcffa1738dbc6877ecd81.image,subType=1,url=https://gchat.qpic.cn/gchatpic_new/434658198/557647235-2497575348-34EBBA64697BCFFA1738DBC6877ECD81/0?term=3] (2134925912) 
[2022-10-08 15:07:35] [INFO]: 收到群 斗罗大陆·S2公测一群(557647235) 内 夜空(434658198) 的消息: 附加魂环 (138891982) 
[2022-10-08 15:07:37] [INFO]: 发送群 斗罗大陆·S2公测一群(557647235) 的消息: To夜夜〔龙神血脉〕 ... (1521924521) 
[2022-10-08 15:07:43] [INFO]: 收到群 斗罗大陆·S2公测一群(557647235) 内 夜空(434658198) 的消息: 附加魂环 (766609727) 
[2022-10-08 15:07:44] [INFO]: 发送群 斗罗大陆·S2公测一群(557647235) 的消息: To夜夜〔龙神血脉〕 ... (-1262954363) 
[2022-10-08 15:07:48] [INFO]: 收到群 斗罗大陆·S2公测一群(557647235) 内 夜空(434658198) 的消息: 草 (-1010833389) 
[2022-10-08 15:07:49] [INFO]: 收到群 斗罗大陆·S2公测一群(557647235) 内 阿默不次鱼(1799505715) 的消息: 状态 (1574665648) 
[2022-10-08 15:07:50] [INFO]: 发送群 斗罗大陆·S2公测一群(557647235) 的消息: 您还没有穿越到斗罗大 ... (719080742) 
[2022-10-08 15:07:51] [INFO]: 收到群 斗罗大陆·S2公测一群(557647235) 内 夜空(434658198) 的消息: 状态 (-1277879140) 
[2022-10-08 15:07:52] [INFO]: 发送群 斗罗大陆·S2公测一群(557647235) 的消息: To夜夜〔龙神血脉〕 ... (-992859126) 
[2022-10-08 15:07:59] [INFO]: 收到群 斗罗大陆·S2公测一群(557647235) 内 阿默不次鱼(1799505715) 的消息: 注册 (1416442267) 
[2022-10-08 15:08:08] [INFO]: 收到群 斗罗大陆·S2公测一群(557647235) 内 阿默不次鱼(1799505715) 的消息: 开始穿越 (594149645) 
[2022-10-08 15:08:08] [INFO]: 发送群 斗罗大陆·S2公测一群(557647235) 的消息: 创建角色失败！注册格 ... (1135446248) 
[2022-10-08 15:08:32] [INFO]: 收到群 斗罗大陆·S2公测一群(557647235) 内 阿默不次鱼(1799505715) 的消息: 开始穿越 阿默_男 (883603582) 
[2022-10-08 15:08:33] [INFO]: 发送群 斗罗大陆·S2公测一群(557647235) 的消息: 创建角色失败！注册格 ... (-1381766716) 
[2022-10-08 15:08:37] [INFO]: 收到群 斗罗大陆·S2公测一群(557647235) 内 阿默不次鱼(1799505715) 的消息: 。。。 (-626730670) 
[2022-10-08 15:08:42] [INFO]: 收到群 斗罗大陆·S2公测一群(557647235) 内 夜空(434658198) 的消息: - (1153453297) 
[2022-10-08 15:08:50] [INFO]: 收到群 斗罗大陆·S2公测一群(557647235) 内 阿默不次鱼(1799505715) 的消息: 开始穿越 阿默-男， (868711527) 
[2022-10-08 15:08:51] [INFO]: 发送群 斗罗大陆·S2公测一群(557647235) 的消息: 本游戏可不支持硅基生 ... (-1429328419) 
[2022-10-08 15:09:04] [INFO]: 收到群 斗罗大陆·S2公测一群(557647235) 内 阿默不次鱼(1799505715) 的消息: 开始穿越 阿默-男 (-574022325) 
[2022-10-08 15:09:05] [INFO]: 发送群 斗罗大陆·S2公测一群(557647235) 的消息: To阿默〔未觉醒〕: ... (1299579098) 
[2022-10-08 15:09:13] [INFO]: 收到群 斗罗大陆·S2公测一群(557647235) 内 夜空(434658198) 的消息: [CQ:image,file=a74159664f5c07e3cd0981e18bcfd73e.image,subType=1,url=https://gchat.qpic.cn/gchatpic_new/434658198/557647235-2593820980-A74159664F5C07E3CD0981E18BCFD73E/0?term=3] (980496460) 
[2022-10-08 15:09:16] [INFO]: 收到群 斗罗大陆·S2公测一群(557647235) 内 阿默不次鱼(1799505715) 的消息: 武魂觉醒 (-1003121625) 
[2022-10-08 15:09:17] [INFO]: 发送群 斗罗大陆·S2公测一群(557647235) 的消息: To阿默〔独狼〕:
 ... (-1288526671) 
[2022-10-08 15:09:28] [INFO]: 收到群 斗罗大陆·S2公测一群(557647235) 内 夜空(434658198) 的消息: 6啊 (708572427) 
[2022-10-08 15:09:35] [INFO]: 收到群 斗罗大陆·S2公测一群(557647235) 内 夜空(434658198) 的消息: 切换武魂 (1564263837) 
[2022-10-08 15:09:36] [INFO]: 发送群 斗罗大陆·S2公测一群(557647235) 的消息: 您已将武魂切换为【镰 ... (-1017622466) 
[2022-10-08 15:09:43] [INFO]: 收到群 斗罗大陆·S2公测一群(557647235) 内 夜空(434658198) 的消息: 状态 (-1268817752) 
[2022-10-08 15:09:44] [INFO]: 发送群 斗罗大陆·S2公测一群(557647235) 的消息: To夜夜〔镰刀〕
【 ... (760623378) 
[2022-10-08 15:09:52] [INFO]: 收到群 斗罗大陆·S2公测一群(557647235) 内 夜空(434658198) 的消息: 切换武魂 (1515258244) 
[2022-10-08 15:09:53] [INFO]: 发送群 斗罗大陆·S2公测一群(557647235) 的消息: 您已将武魂切换为【龙 ... (-890364907) 
[2022-10-08 15:09:55] [INFO]: 收到群 斗罗大陆·S2公测一群(557647235) 内 夜空(434658198) 的消息: [CQ:image,file=426bc0770edb81c514fd1935af4af1fb.image,subType=1,url=https://gchat.qpic.cn/gchatpic_new/434658198/557647235-2694897422-426BC0770EDB81C514FD1935AF4AF1FB/0?term=3] (-1108792189) 
[2022-10-08 15:09:58] [INFO]: 收到群 斗罗大陆·S2公测一群(557647235) 内 夜空(434658198) 的消息: 状态 (-584145562) 
[2022-10-08 15:09:59] [INFO]: 发送群 斗罗大陆·S2公测一群(557647235) 的消息: To夜夜〔龙神血脉〕 ... (-1440115216) 
[2022-10-08 15:10:06] [INFO]: 收到群 斗罗大陆·S2公测一群(557647235) 内 阿默不次鱼(1799505715) 的消息: 状态 (857785418) 
[2022-10-08 15:10:06] [INFO]: 收到群 斗罗大陆·S2公测一群(557647235) 内 阿默不次鱼(1799505715) 的消息: 哇哦 (1143469276) 
[2022-10-08 15:10:08] [INFO]: 发送群 斗罗大陆·S2公测一群(557647235) 的消息: To阿默〔独狼〕
【 ... (-633118337) 
[2022-10-08 15:10:32] [INFO]: 收到群 斗罗大陆·S2公测一群(557647235) 内 阿默不次鱼(1799505715) 的消息: 地图 (-1388031511) 
[2022-10-08 15:10:38] [INFO]: 收到群 斗罗大陆·S2公测一群(557647235) 内 阿默不次鱼(1799505715) 的消息: 位置 (877461587) 
[2022-10-08 15:10:41] [INFO]: 发送群 斗罗大陆·S2公测一群(557647235) 的消息: To阿默〔独狼〕
【 ... (1128935621) 
[2022-10-08 15:10:46] [INFO]: 收到群 斗罗大陆·S2公测一群(557647235) 内 阿默不次鱼(1799505715) 的消息: 下 (-738906796) 
[2022-10-08 15:10:56] [INFO]: 收到群 斗罗大陆·S2公测一群(557647235) 内 夜空(434658198) 的消息: 你要发向下 (-1527636542) 
[2022-10-08 15:11:00] [INFO]: 收到群 斗罗大陆·S2公测一群(557647235) 内 夜空(434658198) 的消息: [CQ:face,id=277] (221148184) 
[2022-10-08 15:11:05] [INFO]: 收到群 斗罗大陆·S2公测一群(557647235) 内 夜空(434658198) 的消息: 其实快捷指令 (2049524878) 
[2022-10-08 15:11:12] [INFO]: 收到群 斗罗大陆·S2公测一群(557647235) 内 夜空(434658198) 的消息: 快捷指令列表 (-484436684) 
[2022-10-08 15:11:19] [INFO]: 收到群 斗罗大陆·S2公测一群(557647235) 内 夜空(434658198) 的消息: 快捷列表 (-1809373790) 
[2022-10-08 15:11:26] [INFO]: 收到群 斗罗大陆·S2公测一群(557647235) 内 夜空(434658198) 的消息: 查看快捷指令 (172208129) 
[2022-10-08 15:11:29] [INFO]: 收到群 斗罗大陆·S2公测一群(557647235) 内 阿默不次鱼(1799505715) 的消息: 向下 (2101641367) 
[2022-10-08 15:11:30] [INFO]: 收到群 斗罗大陆·S2公测一群(557647235) 内 夜空(434658198) 的消息: 等一下 (-464662227) 
[2022-10-08 15:11:30] [INFO]: 发送群 斗罗大陆·S2公测一群(557647235) 的消息: To阿默〔独狼〕
【 ... (-1823809093) 
[2022-10-08 15:11:37] [INFO]: 收到群 斗罗大陆·S2公测一群(557647235) 内 夜空(434658198) 的消息: 我去看看命令 (66452522) 
[2022-10-08 15:11:44] [INFO]: 收到群 斗罗大陆·S2公测一群(557647235) 内 夜空(434658198) 的消息: 斗罗系统 (1962069180) 
[2022-10-08 15:11:45] [INFO]: 发送群 斗罗大陆·S2公测一群(557647235) 的消息: ╭═══★斗罗大陆★ ... (339035481) 
[2022-10-08 15:11:52] [INFO]: 收到群 斗罗大陆·S2公测一群(557647235) 内 夜空(434658198) 的消息: 快捷菜单 (1664251343) 
[2022-10-08 15:11:52] [INFO]: 发送群 斗罗大陆·S2公测一群(557647235) 的消息: ╭═══★快捷菜单★ ... (-96787339) 
[2022-10-08 15:11:58] [INFO]: 收到群 斗罗大陆·S2公测一群(557647235) 内 夜空(434658198) 的消息: 快捷键列表 (-1925442333) 
[2022-10-08 15:11:59] [INFO]: 发送群 斗罗大陆·S2公测一群(557647235) 的消息: 已设置快捷键指令列表 ... (324567360) 
[2022-10-08 15:12:04] [INFO]: 收到群 斗罗大陆·S2公测一群(557647235) 内 夜空(434658198) 的消息: [CQ:face,id=277] (1683993046) 
[2022-10-08 15:12:10] [INFO]: 收到群 斗罗大陆·S2公测一群(557647235) 内 阿默不次鱼(1799505715) 的消息: 挑战史莱姆 (-44638100) 
[2022-10-08 15:12:12] [WARNING]: 转换CQ码 [CQ:image,file=file:///D:\Project\JAVA\Bot\QimenBot/斗罗大陆图片/武魂/史莱姆.jpg] 时出现错误: file not found 将原样发送. 
[2022-10-08 15:12:12] [INFO]: 发送群 斗罗大陆·S2公测一群(557647235) 的消息: To阿默〔独狼〕
战 ... (-1974349574) 
[2022-10-08 15:12:23] [INFO]: 收到群 斗罗大陆·S2公测一群(557647235) 内 阿默不次鱼(1799505715) 的消息: 攻击 (451857771) 
[2022-10-08 15:12:28] [INFO]: 发送群 斗罗大陆·S2公测一群(557647235) 的消息: To阿默〔独狼〕
阿 ... (1844051453) 
[2022-10-08 15:12:49] [INFO]: 收到群 斗罗大陆·S2公测一群(557647235) 内 阿默不次鱼(1799505715) 的消息: 魂环信息 (1058543258) 
[2022-10-08 15:12:50] [INFO]: 发送群 斗罗大陆·S2公测一群(557647235) 的消息: To阿默〔独狼〕
魂 ... (1210000908) 
[2022-10-08 15:13:10] [INFO]: 收到群 斗罗大陆·S2公测一群(557647235) 内 阿默不次鱼(1799505715) 的消息: 挑战哥布林 (-787056714) 
[2022-10-08 15:13:11] [WARNING]: 转换CQ码 [CQ:image,file=file:///D:\Project\JAVA\Bot\QimenBot/斗罗大陆图片/武魂/哥布林.jpg] 时出现错误: file not found 将原样发送. 
[2022-10-08 15:13:11] [INFO]: 发送群 斗罗大陆·S2公测一群(557647235) 的消息: To阿默〔独狼〕
战 ... (-1508817120) 
[2022-10-08 15:13:16] [INFO]: 收到群 斗罗大陆·S2公测一群(557647235) 内 阿默不次鱼(1799505715) 的消息: 攻击 (947245699) 
[2022-10-08 15:13:17] [INFO]: 发送群 斗罗大陆·S2公测一群(557647235) 的消息: To阿默〔独狼〕
阿 ... (1332929045) 
[2022-10-08 15:13:29] [INFO]: 收到群 斗罗大陆·S2公测一群(557647235) 内 阿默不次鱼(1799505715) 的消息: 魂技 (-696536145) 
[2022-10-08 15:13:30] [INFO]: 发送群 斗罗大陆·S2公测一群(557647235) 的消息: To阿默〔独狼〕
魂 ... (-1585675463) 
[2022-10-08 15:13:32] [INFO]: 收到群 斗罗大陆·S2公测一群(557647235) 内 夜空(434658198) 的消息: [CQ:face,id=178] (834903720) 
[2022-10-08 15:13:40] [INFO]: 收到群 斗罗大陆·S2公测一群(557647235) 内 阿默不次鱼(1799505715) 的消息: 魂技1 (1187294782) 
[2022-10-08 15:13:49] [INFO]: 收到群 斗罗大陆·S2公测一群(557647235) 内 阿默不次鱼(1799505715) 的消息: [CQ:face,id=277] (637741019) 
[2022-10-08 15:14:13] [INFO]: 收到群 斗罗大陆·S2公测一群(557647235) 内 夜空(434658198) 的消息: 魂技我还没完善好 (1359222605) 
[2022-10-08 15:14:14] [INFO]: 发送群 斗罗大陆·S2公测一群(557647235) 的消息: To夜夜〔龙神血脉〕 ... (-938653961) 
[2022-10-08 15:14:23] [INFO]: 收到群 斗罗大陆·S2公测一群(557647235) 内 夜空(434658198) 的消息: [CQ:image,file=a74159664f5c07e3cd0981e18bcfd73e.image,subType=1,url=https://gchat.qpic.cn/gchatpic_new/434658198/557647235-2887186666-A74159664F5C07E3CD0981E18BCFD73E/0?term=3] (-1089833375) 
[2022-10-08 15:14:40] [INFO]: 收到群 斗罗大陆·S2公测一群(557647235) 内 夜空(434658198) 的消息: 挑战史莱姆 (560915394) 
[2022-10-08 15:14:41] [WARNING]: 转换CQ码 [CQ:image,file=file:///D:\Project\JAVA\Bot\QimenBot/斗罗大陆图片/武魂/史莱姆.jpg] 时出现错误: file not found 将原样发送. 
[2022-10-08 15:14:41] [INFO]: 发送群 斗罗大陆·S2公测一群(557647235) 的消息: To夜夜〔龙神血脉〕 ... (1449775956) 
[2022-10-08 15:14:44] [INFO]: 收到群 斗罗大陆·S2公测一群(557647235) 内 夜空(434658198) 的消息: 魂技1 (-815758610) 
[2022-10-08 15:15:00] [INFO]: 收到群 斗罗大陆·S2公测一群(557647235) 内 ༺北࿊辰༻ᯤ⁶ᴳ(1426654104) 的消息: 斗罗系统 (-1201163656) 
[2022-10-08 15:15:00] [INFO]: 发送群 斗罗大陆·S2公测一群(557647235) 的消息: ╭═══★斗罗大陆★ ... (685289449) 
[2022-10-08 15:15:11] [INFO]: 收到群 斗罗大陆·S2公测一群(557647235) 内 阿默不次鱼(1799505715) 的消息: 怎么升级嘞 (1608490879) 
[2022-10-08 15:15:12] [INFO]: 收到群 斗罗大陆·S2公测一群(557647235) 内 夜空(434658198) 的消息: [CQ:image,file=b949d795b4b49b6059f1f8c7b188ca90.image,subType=0,url=https://gchat.qpic.cn/gchatpic_new/434658198/557647235-2539015828-B949D795B4B49B6059F1F8C7B188CA90/0?term=3] (1765978396) 
[2022-10-08 15:15:22] [INFO]: 收到群 斗罗大陆·S2公测一群(557647235) 内 夜空(434658198) 的消息: 刷怪升级 (507871626) 
[2022-10-08 15:15:41] [INFO]: 收到群 斗罗大陆·S2公测一群(557647235) 内 阿默不次鱼(1799505715) 的消息: 攻击 (-2025009104) 
[2022-10-08 15:15:44] [INFO]: 发送群 斗罗大陆·S2公测一群(557647235) 的消息: To阿默〔独狼〕
阿 ... (-263462746) 
[2022-10-08 15:15:58] [INFO]: 收到群 斗罗大陆·S2公测一群(557647235) 内 阿默不次鱼(1799505715) 的消息: [CQ:image,file=e00bf7e26af7150663355885c0d4071e.image,subType=7,url=https://gchat.qpic.cn/gchatpic_new/1799505715/557647235-2357509068-E00BF7E26AF7150663355885C0D4071E/0?term=3] (1848603909) 
[2022-10-08 15:15:59] [INFO]: 收到群 斗罗大陆·S2公测一群(557647235) 内 夜空(434658198) 的消息: [CQ:image,file=34ebba64697bcffa1738dbc6877ecd81.image,subType=1,url=https://gchat.qpic.cn/gchatpic_new/434658198/557647235-2894337954-34EBBA64697BCFFA1738DBC6877ECD81/0?term=3] (422069651) 
[2022-10-08 15:16:01] [INFO]: 收到群 斗罗大陆·S2公测一群(557647235) 内 阿默不次鱼(1799505715) 的消息: 状态 (-2145315799) 
[2022-10-08 15:16:02] [INFO]: 发送群 斗罗大陆·S2公测一群(557647235) 的消息: To阿默〔独狼〕
【 ... (-148495169) 
[2022-10-08 15:16:07] [INFO]: 收到群 斗罗大陆·S2公测一群(557647235) 内 夜空(434658198) 的消息: 背包 (1738094894) 
[2022-10-08 15:16:08] [INFO]: 发送群 斗罗大陆·S2公测一群(557647235) 的消息: To夜夜〔龙神血脉〕 ... (278792632) 
[2022-10-08 15:16:11] [INFO]: 收到群 斗罗大陆·S2公测一群(557647235) 内 阿默不次鱼(1799505715) 的消息: 背包 (1884913757) 
[2022-10-08 15:16:13] [INFO]: 发送群 斗罗大陆·S2公测一群(557647235) 的消息: To阿默〔独狼〕
- ... (123646155) 
[2022-10-08 15:16:26] [INFO]: 收到群 斗罗大陆·S2公测一群(557647235) 内 夜空(434658198) 的消息: 死了扣钱的 (-1638407823) 
[2022-10-08 15:16:30] [INFO]: 收到群 斗罗大陆·S2公测一群(557647235) 内 夜空(434658198) 的消息: 扣钱复活 (-380579353) 
[2022-10-08 15:16:31] [INFO]: 收到群 斗罗大陆·S2公测一群(557647235) 内 阿默不次鱼(1799505715) 的消息: 位置 (1999914052) 
[2022-10-08 15:16:32] [INFO]: 发送群 斗罗大陆·S2公测一群(557647235) 的消息: To阿默〔独狼〕
【 ... (3372242) 
[2022-10-08 15:16:53] [INFO]: 收到群 斗罗大陆·S2公测一群(557647235) 内 夜空(434658198) 的消息: 而且不能回复生命了 (-1724242584) 
[2022-10-08 15:16:57] [INFO]: 收到群 斗罗大陆·S2公测一群(557647235) 内 夜空(434658198) 的消息: [CQ:image,file=34ebba64697bcffa1738dbc6877ecd81.image,subType=1,url=https://gchat.qpic.cn/gchatpic_new/434658198/557647235-2457696110-34EBBA64697BCFFA1738DBC6877ECD81/0?term=3] (-297986562) 
[2022-10-08 15:17:06] [INFO]: 收到群 斗罗大陆·S2公测一群(557647235) 内 阿默不次鱼(1799505715) 的消息: 对话 圣魂 (2122451055) 
[2022-10-08 15:17:13] [INFO]: 收到群 斗罗大陆·S2公测一群(557647235) 内 阿默不次鱼(1799505715) 的消息: 对话 圣魂长老 (159725817) 
[2022-10-08 15:17:17] [INFO]: 收到群 斗罗大陆·S2公测一群(557647235) 内 夜空(434658198) 的消息: npc我还没写 (1534383006) 
[2022-10-08 15:17:20] [INFO]: 收到群 斗罗大陆·S2公测一群(557647235) 内 阿默不次鱼(1799505715) 的消息: 好吧 (745792264) 
[2022-10-08 15:17:23] [INFO]: 收到群 斗罗大陆·S2公测一群(557647235) 内 夜空(434658198) 的消息: [CQ:image,file=0782ea158f62ecc2279eb95d2f4021ee.image,subType=1,url=https://gchat.qpic.cn/gchatpic_new/434658198/557647235-2893166458-0782EA158F62ECC2279EB95D2F4021EE/0?term=3] (-1250250062) 
[2022-10-08 15:17:31] [INFO]: 收到群 斗罗大陆·S2公测一群(557647235) 内 夜空(434658198) 的消息: 我太忙了 (-1031962076) 
[2022-10-08 15:17:43] [INFO]: 收到群 斗罗大陆·S2公测一群(557647235) 内 夜空(434658198) 的消息: [CQ:image,file=34ebba64697bcffa1738dbc6877ecd81.image,subType=1,url=https://gchat.qpic.cn/gchatpic_new/434658198/557647235-2478230494-34EBBA64697BCFFA1738DBC6877ECD81/0?term=3]最近进展有点慢 (1545148295) 
[2022-10-08 15:18:04] [INFO]: 收到群 斗罗大陆·S2公测一群(557647235) 内 阿默不次鱼(1799505715) 的消息: 没得事 (723396369) 
[2022-10-08 15:18:11] [INFO]: 收到群 斗罗大陆·S2公测一群(557647235) 内 阿默不次鱼(1799505715) 的消息: 更新了记得踹一脚 (-1307085141) 
[2022-10-08 15:18:17] [INFO]: 收到群 斗罗大陆·S2公测一群(557647235) 内 阿默不次鱼(1799505715) 的消息: 挑战史莱姆 (-988789187) 
[2022-10-08 15:18:18] [WARNING]: 转换CQ码 [CQ:image,file=file:///D:\Project\JAVA\Bot\QimenBot/斗罗大陆图片/武魂/史莱姆.jpg] 时出现错误: file not found 将原样发送. 
[2022-10-08 15:18:19] [INFO]: 发送群 斗罗大陆·S2公测一群(557647235) 的消息: To阿默〔独狼〕
战 ... (1437555628) 
[2022-10-08 15:18:21] [INFO]: 收到群 斗罗大陆·S2公测一群(557647235) 内 阿默不次鱼(1799505715) 的消息: 攻击 (581462842) 
[2022-10-08 15:18:23] [INFO]: 发送群 斗罗大陆·S2公测一群(557647235) 的消息: To阿默〔独狼〕
阿 ... (1114628831) 
[2022-10-08 15:20:17] [INFO]: 收到群 斗罗大陆·S2公测一群(557647235) 内 夜空(434658198) 的消息: [CQ:image,file=a5c4ba1eef2e51c48f622c3cb042b4b3.image,subType=0,url=https://gchat.qpic.cn/gchatpic_new/434658198/557647235-3203903720-A5C4BA1EEF2E51C48F622C3CB042B4B3/0?term=3] (896062025) 
[2022-10-08 15:20:36] [INFO]: 收到群 斗罗大陆·S2公测一群(557647235) 内 夜空(434658198) 的消息: 谁会python (-1402895373) 
[2022-10-08 15:20:40] [INFO]: 收到群 斗罗大陆·S2公测一群(557647235) 内 夜空(434658198) 的消息: 可以开发插件的 (-614026395) 
[2022-10-08 15:21:05] [INFO]: 收到群 斗罗大陆·S2公测一群(557647235) 内 夜空(434658198) 的消息: [CQ:image,file=21d5bdfeba8622062708b12bd1a3d567.image,subType=0,url=https://gchat.qpic.cn/gchatpic_new/434658198/557647235-2754572640-21D5BDFEBA8622062708B12BD1A3D567/0?term=3] (1157768902) 
[2022-10-08 15:21:17] [INFO]: 收到群 斗罗大陆·S2公测一群(557647235) 内 夜空(434658198) 的消息: 目前最新版本已经支持python插件了 (839194192) 
[2022-10-08 15:21:38] [WARNING]: 监听反向WS Universal时出现错误: websocket: close 1001 (going away): The web application is stopping 
[2022-10-08 15:40:24] [INFO]: 当前版本:v1.0.0-rc3 
[2022-10-08 15:40:24] [WARNING]: 已开启Debug模式. 
[2022-10-08 15:40:24] [INFO]: 将使用 device.json 内的设备信息运行Bot. 
[2022-10-08 15:40:24] [INFO]: Bot将在5秒后登录并开始信息处理, 按 Ctrl+C 取消. 
[2022-10-08 15:40:29] [INFO]: 开始尝试登录并同步消息... 
[2022-10-08 15:40:29] [INFO]: 使用协议: iPad 
[2022-10-08 15:40:29] [INFO]: Protocol -> connect to server: 111.30.187.200:8080 
[2022-10-08 15:40:30] [WARNING]: Protocol -> device lock is disable. http api may fail. 
[2022-10-08 15:40:32] [INFO]: 登录成功 欢迎使用: 小舞 
[2022-10-08 15:40:32] [INFO]: 开始加载好友列表... 
[2022-10-08 15:40:32] [INFO]: 共加载 6 个好友. 
[2022-10-08 15:40:32] [INFO]: 开始加载群列表... 
[2022-10-08 15:40:32] [INFO]: 共加载 16 个群. 
[2022-10-08 15:40:33] [INFO]: 收到服务器地址更新通知, 将在下一次重连时应用.  
[2022-10-08 15:40:33] [INFO]: 资源初始化完成, 开始处理信息. 
[2022-10-08 15:40:33] [INFO]: アトリは、高性能ですから! 
[2022-10-08 15:40:33] [INFO]: 开始尝试连接到反向WebSocket Universal服务器: ws://127.0.0.1:8088/qimenbot/ws/ 
[2022-10-08 15:40:33] [INFO]: 正在检查更新. 
[2022-10-08 15:40:33] [INFO]: CQ HTTP 服务器已启动: [::]:5700 
[2022-10-08 15:40:33] [INFO]: CQ WebSocket 服务器已启动: [::]:8087 
[2022-10-08 15:40:33] [INFO]: 已连接到反向WebSocket Universal服务器 ws://127.0.0.1:8088/qimenbot/ws/ 
[2022-10-08 15:40:33] [INFO]: 检查更新完成. 当前已运行最新版本. 
[2022-10-08 15:40:33] [INFO]: 开始诊断网络情况 
[2022-10-08 15:40:35] [INFO]: 网络诊断完成. 未发现问题 
[2022-10-08 15:41:41] [INFO]: 收到群 斗罗大陆·S2公测一群(557647235) 内 川英(3195350281) 的消息: 开始穿越 川英-男 (737779516) 
[2022-10-08 15:41:42] [INFO]: 发送群 斗罗大陆·S2公测一群(557647235) 的消息: 您已经穿越到斗罗大陆 ... (1560194986) 
[2022-10-08 15:41:48] [INFO]: 收到群 斗罗大陆·S2公测一群(557647235) 内 川英(3195350281) 的消息: 状态 (-1030079991) 
[2022-10-08 15:41:51] [INFO]: 发送群 斗罗大陆·S2公测一群(557647235) 的消息: To川英〔镰刀〕
【 ... (-1247999329) 
[2022-10-08 15:42:05] [INFO]: 收到群 斗罗大陆·S2公测一群(557647235) 内 川英(3195350281) 的消息: 注销 (747920165) 
[2022-10-08 15:42:06] [WARNING]: 监听反向WS Universal时出现错误: websocket: close 1001 (going away): The web application is stopping 
[2022-10-08 15:42:08] [WARNING]: 向反向WS Universal服务器推送 Event 时出现错误: websocket: close sent 
[2022-10-08 15:51:03] [INFO]: 当前版本:v1.0.0-rc3 
[2022-10-08 15:51:03] [WARNING]: 已开启Debug模式. 
[2022-10-08 15:51:03] [INFO]: 将使用 device.json 内的设备信息运行Bot. 
[2022-10-08 15:51:03] [INFO]: Bot将在5秒后登录并开始信息处理, 按 Ctrl+C 取消. 
[2022-10-08 15:51:08] [INFO]: 开始尝试登录并同步消息... 
[2022-10-08 15:51:08] [INFO]: 使用协议: iPad 
[2022-10-08 15:51:08] [INFO]: Protocol -> connect to server: [::ffff:111.30.169.58]:443 
[2022-10-08 15:51:08] [WARNING]: Protocol -> device lock is disable. http api may fail. 
[2022-10-08 15:51:11] [INFO]: 登录成功 欢迎使用: 小舞 
[2022-10-08 15:51:11] [INFO]: 开始加载好友列表... 
[2022-10-08 15:51:11] [INFO]: 共加载 6 个好友. 
[2022-10-08 15:51:11] [INFO]: 开始加载群列表... 
[2022-10-08 15:51:11] [INFO]: 共加载 16 个群. 
[2022-10-08 15:51:12] [INFO]: 资源初始化完成, 开始处理信息. 
[2022-10-08 15:51:12] [INFO]: アトリは、高性能ですから! 
[2022-10-08 15:51:12] [INFO]: 开始尝试连接到反向WebSocket Universal服务器: ws://127.0.0.1:8088/qimenbot/ws/ 
[2022-10-08 15:51:12] [INFO]: 正在检查更新. 
[2022-10-08 15:51:12] [INFO]: CQ HTTP 服务器已启动: [::]:5700 
[2022-10-08 15:51:12] [INFO]: CQ WebSocket 服务器已启动: [::]:8087 
[2022-10-08 15:51:12] [INFO]: 已连接到反向WebSocket Universal服务器 ws://127.0.0.1:8088/qimenbot/ws/ 
[2022-10-08 15:51:12] [INFO]: 检查更新完成. 当前已运行最新版本. 
[2022-10-08 15:51:12] [INFO]: 开始诊断网络情况 
[2022-10-08 15:51:16] [INFO]: 网络诊断完成. 未发现问题 
[2022-10-08 15:51:22] [WARNING]: 监听反向WS Universal时出现错误: websocket: close 1001 (going away): The web application is stopping 
[2022-10-08 15:52:04] [INFO]: 当前版本:v1.0.0-rc3 
[2022-10-08 15:52:04] [WARNING]: 已开启Debug模式. 
[2022-10-08 15:52:04] [INFO]: 将使用 device.json 内的设备信息运行Bot. 
[2022-10-08 15:52:04] [INFO]: Bot将在5秒后登录并开始信息处理, 按 Ctrl+C 取消. 
[2022-10-08 15:52:09] [INFO]: 开始尝试登录并同步消息... 
[2022-10-08 15:52:09] [INFO]: 使用协议: iPad 
[2022-10-08 15:52:09] [INFO]: Protocol -> connect to server: 111.31.205.231:8080 
[2022-10-08 15:52:09] [WARNING]: Protocol -> device lock is disable. http api may fail. 
[2022-10-08 15:52:12] [INFO]: 登录成功 欢迎使用: 小舞 
[2022-10-08 15:52:12] [INFO]: 开始加载好友列表... 
[2022-10-08 15:52:12] [INFO]: 共加载 6 个好友. 
[2022-10-08 15:52:12] [INFO]: 开始加载群列表... 
[2022-10-08 15:52:12] [INFO]: 共加载 16 个群. 
[2022-10-08 15:52:12] [INFO]: 资源初始化完成, 开始处理信息. 
[2022-10-08 15:52:12] [INFO]: アトリは、高性能ですから! 
[2022-10-08 15:52:12] [INFO]: 开始尝试连接到反向WebSocket Universal服务器: ws://127.0.0.1:8088/qimenbot/ws/ 
[2022-10-08 15:52:12] [INFO]: 正在检查更新. 
[2022-10-08 15:52:12] [INFO]: CQ HTTP 服务器已启动: [::]:5700 
[2022-10-08 15:52:12] [INFO]: CQ WebSocket 服务器已启动: [::]:8087 
[2022-10-08 15:52:13] [INFO]: 检查更新完成. 当前已运行最新版本. 
[2022-10-08 15:52:13] [INFO]: 开始诊断网络情况 
[2022-10-08 15:52:16] [INFO]: 网络诊断完成. 未发现问题 
[2022-10-08 15:55:33] [INFO]: 群 斗罗大陆·S2公测一群(557647235) 收到来自用户 一星启迪，空洞宇宙(1663042100) 的加群请求. 
[2022-10-08 15:55:45] [INFO]: 新成员 一星启迪，空洞宇宙(1663042100) 进入了群 斗罗大陆·S2公测一群(557647235). 
[2022-10-08 15:58:22] [INFO]: 收到群 斗罗大陆·S2公测一群(557647235) 内 一星启迪，空洞宇宙(1663042100) 的消息: 斗罗系统 (-1400488994) 
[2022-10-08 16:01:35] [INFO]: 已连接到反向WebSocket Universal服务器 ws://127.0.0.1:8088/qimenbot/ws/ 
[2022-10-08 16:01:35] [WARNING]: 监听反向WS Universal时出现错误: websocket: close 1006 (abnormal closure): unexpected EOF 
[2022-10-08 16:02:39] [INFO]: 当前版本:v1.0.0-rc3 
[2022-10-08 16:02:39] [WARNING]: 已开启Debug模式. 
[2022-10-08 16:02:39] [INFO]: 将使用 device.json 内的设备信息运行Bot. 
[2022-10-08 16:02:39] [INFO]: Bot将在5秒后登录并开始信息处理, 按 Ctrl+C 取消. 
[2022-10-08 16:02:44] [INFO]: 开始尝试登录并同步消息... 
[2022-10-08 16:02:44] [INFO]: 使用协议: iPad 
[2022-10-08 16:02:44] [INFO]: Protocol -> connect to server: 111.31.205.233:8080 
[2022-10-08 16:02:44] [WARNING]: Protocol -> device lock is disable. http api may fail. 
[2022-10-08 16:02:46] [INFO]: 登录成功 欢迎使用: 小舞 
[2022-10-08 16:02:46] [INFO]: 开始加载好友列表... 
[2022-10-08 16:02:46] [INFO]: 共加载 6 个好友. 
[2022-10-08 16:02:46] [INFO]: 开始加载群列表... 
[2022-10-08 16:02:47] [INFO]: 共加载 16 个群. 
[2022-10-08 16:02:47] [INFO]: 资源初始化完成, 开始处理信息. 
[2022-10-08 16:02:47] [INFO]: アトリは、高性能ですから! 
[2022-10-08 16:02:47] [INFO]: 开始尝试连接到反向WebSocket Universal服务器: ws://127.0.0.1:8088/qimenbot/ws/ 
[2022-10-08 16:02:47] [INFO]: 正在检查更新. 
[2022-10-08 16:02:47] [INFO]: CQ WebSocket 服务器已启动: [::]:8087 
[2022-10-08 16:02:47] [INFO]: CQ HTTP 服务器已启动: [::]:5700 
[2022-10-08 16:02:47] [INFO]: 已连接到反向WebSocket Universal服务器 ws://127.0.0.1:8088/qimenbot/ws/ 
[2022-10-08 16:02:47] [INFO]: 检查更新完成. 当前已运行最新版本. 
[2022-10-08 16:02:47] [INFO]: 开始诊断网络情况 
