[2022-10-10 13:17:45] [INFO]: 当前版本:v1.0.0-rc3 
[2022-10-10 13:17:45] [WARNING]: 已开启Debug模式. 
[2022-10-10 13:17:45] [INFO]: 将使用 device.json 内的设备信息运行Bot. 
[2022-10-10 13:17:45] [INFO]: Bot将在5秒后登录并开始信息处理, 按 Ctrl+C 取消. 
[2022-10-10 13:17:50] [INFO]: 开始尝试登录并同步消息... 
[2022-10-10 13:17:50] [INFO]: 使用协议: iPad 
[2022-10-10 13:17:50] [INFO]: Protocol -> connect to server: [::ffff:36.155.229.123]:14000 
[2022-10-10 13:17:50] [WARNING]: Protocol -> device lock is disable. http api may fail. 
[2022-10-10 13:23:31] [INFO]: 当前版本:v1.0.0-rc3 
[2022-10-10 13:23:31] [WARNING]: 已开启Debug模式. 
[2022-10-10 13:23:31] [INFO]: 将使用 device.json 内的设备信息运行Bot. 
[2022-10-10 13:23:31] [INFO]: Bot将在5秒后登录并开始信息处理, 按 Ctrl+C 取消. 
[2022-10-10 13:32:47] [INFO]: 当前版本:v1.0.0-rc3 
[2022-10-10 13:32:47] [WARNING]: 已开启Debug模式. 
[2022-10-10 13:32:47] [INFO]: 将使用 device.json 内的设备信息运行Bot. 
[2022-10-10 13:32:47] [INFO]: Bot将在5秒后登录并开始信息处理, 按 Ctrl+C 取消. 
[2022-10-10 13:32:52] [INFO]: 开始尝试登录并同步消息... 
[2022-10-10 13:32:52] [INFO]: 使用协议: iPad 
[2022-10-10 13:35:37] [INFO]: 当前版本:v1.0.0-rc3 
[2022-10-10 13:35:37] [WARNING]: 已开启Debug模式. 
[2022-10-10 13:35:37] [INFO]: 将使用 device.json 内的设备信息运行Bot. 
[2022-10-10 13:35:37] [INFO]: Bot将在5秒后登录并开始信息处理, 按 Ctrl+C 取消. 
[2022-10-10 13:35:42] [INFO]: 开始尝试登录并同步消息... 
[2022-10-10 13:35:42] [INFO]: 使用协议: iPad 
[2022-10-10 13:35:42] [INFO]: Protocol -> connect to server: [::ffff:36.155.229.123]:14000 
[2022-10-10 13:35:43] [WARNING]: Protocol -> device lock is disable. http api may fail. 
[2022-10-10 13:35:45] [INFO]: 登录成功 欢迎使用: 小舞 
[2022-10-10 13:35:45] [INFO]: 开始加载好友列表... 
[2022-10-10 13:35:46] [INFO]: 共加载 6 个好友. 
[2022-10-10 13:35:46] [INFO]: 开始加载群列表... 
[2022-10-10 13:35:46] [INFO]: 共加载 16 个群. 
[2022-10-10 13:35:46] [INFO]: 资源初始化完成, 开始处理信息. 
[2022-10-10 13:35:46] [INFO]: アトリは、高性能ですから! 
[2022-10-10 13:35:46] [INFO]: 开始尝试连接到反向WebSocket Universal服务器: ws://127.0.0.1:8088/qimenbot/ws/ 
[2022-10-10 13:35:46] [INFO]: 正在检查更新. 
[2022-10-10 13:35:46] [INFO]: CQ WebSocket 服务器已启动: [::]:8087 
[2022-10-10 13:35:46] [INFO]: CQ HTTP 服务器已启动: [::]:5700 
[2022-10-10 13:35:46] [INFO]: 已连接到反向WebSocket Universal服务器 ws://127.0.0.1:8088/qimenbot/ws/ 
[2022-10-10 13:35:47] [INFO]: 检查更新完成. 当前已运行最新版本. 
[2022-10-10 13:35:47] [INFO]: 开始诊断网络情况 
[2022-10-10 13:35:49] [INFO]: 网络诊断完成. 未发现问题 
[2022-10-10 13:36:20] [WARNING]: 监听反向WS Universal时出现错误: websocket: close 1001 (going away): The web application is stopping 
[2022-10-10 13:36:21] [WARNING]: 向反向WS Universal服务器推送 Event 时出现错误: websocket: close sent 
[2022-10-10 13:37:25] [INFO]: 当前版本:v1.0.0-rc3 
[2022-10-10 13:37:25] [WARNING]: 已开启Debug模式. 
[2022-10-10 13:37:25] [INFO]: 将使用 device.json 内的设备信息运行Bot. 
[2022-10-10 13:37:25] [INFO]: Bot将在5秒后登录并开始信息处理, 按 Ctrl+C 取消. 
[2022-10-10 13:37:30] [INFO]: 开始尝试登录并同步消息... 
[2022-10-10 13:37:30] [INFO]: 使用协议: iPad 
[2022-10-10 13:37:30] [INFO]: Protocol -> connect to server: 111.30.170.211:8080 
[2022-10-10 13:37:30] [WARNING]: Protocol -> device lock is disable. http api may fail. 
[2022-10-10 13:37:33] [INFO]: 登录成功 欢迎使用: 小舞 
[2022-10-10 13:37:33] [INFO]: 开始加载好友列表... 
[2022-10-10 13:37:33] [INFO]: 共加载 6 个好友. 
[2022-10-10 13:37:33] [INFO]: 开始加载群列表... 
[2022-10-10 13:37:34] [INFO]: 共加载 16 个群. 
[2022-10-10 13:37:34] [INFO]: 资源初始化完成, 开始处理信息. 
[2022-10-10 13:37:34] [INFO]: アトリは、高性能ですから! 
[2022-10-10 13:37:34] [INFO]: 开始尝试连接到反向WebSocket Universal服务器: ws://127.0.0.1:8088/qimenbot/ws/ 
[2022-10-10 13:37:34] [INFO]: 正在检查更新. 
[2022-10-10 13:37:34] [INFO]: CQ HTTP 服务器已启动: [::]:5700 
[2022-10-10 13:37:34] [INFO]: CQ WebSocket 服务器已启动: [::]:8087 
[2022-10-10 13:37:34] [INFO]: 已连接到反向WebSocket Universal服务器 ws://127.0.0.1:8088/qimenbot/ws/ 
[2022-10-10 13:37:34] [INFO]: 检查更新完成. 当前已运行最新版本. 
[2022-10-10 13:37:34] [INFO]: 开始诊断网络情况 
[2022-10-10 13:37:37] [INFO]: 网络诊断完成. 未发现问题 
[2022-10-10 13:38:01] [WARNING]: 监听反向WS Universal时出现错误: websocket: close 1001 (going away): The web application is stopping 
[2022-10-10 13:39:04] [INFO]: 当前版本:v1.0.0-rc3 
[2022-10-10 13:39:04] [WARNING]: 已开启Debug模式. 
[2022-10-10 13:39:04] [INFO]: 将使用 device.json 内的设备信息运行Bot. 
[2022-10-10 13:39:04] [INFO]: Bot将在5秒后登录并开始信息处理, 按 Ctrl+C 取消. 
[2022-10-10 13:39:09] [INFO]: 开始尝试登录并同步消息... 
[2022-10-10 13:39:09] [INFO]: 使用协议: iPad 
[2022-10-10 13:39:09] [INFO]: Protocol -> connect to server: 111.30.170.211:8080 
[2022-10-10 13:39:09] [WARNING]: Protocol -> device lock is disable. http api may fail. 
[2022-10-10 13:39:12] [INFO]: 登录成功 欢迎使用: 小舞 
[2022-10-10 13:39:12] [INFO]: 开始加载好友列表... 
[2022-10-10 13:39:12] [INFO]: 共加载 6 个好友. 
[2022-10-10 13:39:12] [INFO]: 开始加载群列表... 
[2022-10-10 13:39:13] [INFO]: 共加载 16 个群. 
[2022-10-10 13:39:13] [INFO]: 资源初始化完成, 开始处理信息. 
[2022-10-10 13:39:13] [INFO]: アトリは、高性能ですから! 
[2022-10-10 13:39:13] [INFO]: 开始尝试连接到反向WebSocket Universal服务器: ws://127.0.0.1:8088/qimenbot/ws/ 
[2022-10-10 13:39:13] [INFO]: 正在检查更新. 
[2022-10-10 13:39:13] [INFO]: CQ WebSocket 服务器已启动: [::]:8087 
[2022-10-10 13:39:13] [INFO]: CQ HTTP 服务器已启动: [::]:5700 
[2022-10-10 13:39:13] [INFO]: 已连接到反向WebSocket Universal服务器 ws://127.0.0.1:8088/qimenbot/ws/ 
[2022-10-10 13:39:13] [INFO]: 检查更新完成. 当前已运行最新版本. 
[2022-10-10 13:39:13] [INFO]: 开始诊断网络情况 
[2022-10-10 13:39:16] [INFO]: 网络诊断完成. 未发现问题 
[2022-10-10 13:39:16] [WARNING]: 监听反向WS Universal时出现错误: websocket: close 1001 (going away): The web application is stopping 
[2022-10-10 13:42:07] [INFO]: 当前版本:v1.0.0-rc3 
[2022-10-10 13:42:07] [WARNING]: 已开启Debug模式. 
[2022-10-10 13:42:07] [INFO]: 将使用 device.json 内的设备信息运行Bot. 
[2022-10-10 13:42:07] [INFO]: Bot将在5秒后登录并开始信息处理, 按 Ctrl+C 取消. 
[2022-10-10 13:42:12] [INFO]: 开始尝试登录并同步消息... 
[2022-10-10 13:42:12] [INFO]: 使用协议: iPad 
[2022-10-10 13:42:12] [INFO]: Protocol -> connect to server: 111.30.170.211:8080 
[2022-10-10 13:42:12] [WARNING]: Protocol -> device lock is disable. http api may fail. 
[2022-10-10 13:42:15] [INFO]: 登录成功 欢迎使用: 小舞 
[2022-10-10 13:42:15] [INFO]: 开始加载好友列表... 
[2022-10-10 13:42:15] [INFO]: 共加载 6 个好友. 
[2022-10-10 13:42:15] [INFO]: 开始加载群列表... 
[2022-10-10 13:42:16] [INFO]: 共加载 16 个群. 
[2022-10-10 13:42:16] [INFO]: 资源初始化完成, 开始处理信息. 
[2022-10-10 13:42:16] [INFO]: アトリは、高性能ですから! 
[2022-10-10 13:42:16] [INFO]: 开始尝试连接到反向WebSocket Universal服务器: ws://127.0.0.1:8088/qimenbot/ws/ 
[2022-10-10 13:42:16] [INFO]: 正在检查更新. 
[2022-10-10 13:42:16] [INFO]: CQ WebSocket 服务器已启动: [::]:8087 
[2022-10-10 13:42:16] [INFO]: CQ HTTP 服务器已启动: [::]:5700 
[2022-10-10 13:42:56] [INFO]: 当前版本:v1.0.0-rc3 
[2022-10-10 13:42:56] [WARNING]: 已开启Debug模式. 
[2022-10-10 13:42:56] [INFO]: 将使用 device.json 内的设备信息运行Bot. 
[2022-10-10 13:42:56] [INFO]: Bot将在5秒后登录并开始信息处理, 按 Ctrl+C 取消. 
[2022-10-10 13:43:01] [INFO]: 开始尝试登录并同步消息... 
[2022-10-10 13:43:01] [INFO]: 使用协议: iPad 
[2022-10-10 13:43:01] [INFO]: Protocol -> connect to server: 111.30.170.211:8080 
[2022-10-10 13:43:01] [WARNING]: Protocol -> device lock is disable. http api may fail. 
[2022-10-10 13:43:04] [INFO]: 登录成功 欢迎使用: 小舞 
[2022-10-10 13:43:04] [INFO]: 开始加载好友列表... 
[2022-10-10 13:43:04] [INFO]: 共加载 6 个好友. 
[2022-10-10 13:43:04] [INFO]: 开始加载群列表... 
[2022-10-10 13:43:04] [INFO]: 共加载 16 个群. 
[2022-10-10 13:43:05] [INFO]: 资源初始化完成, 开始处理信息. 
[2022-10-10 13:43:05] [INFO]: 开始尝试连接到反向WebSocket Universal服务器: ws://127.0.0.1:8088/qimenbot/ws/ 
[2022-10-10 13:43:05] [INFO]: アトリは、高性能ですから! 
[2022-10-10 13:43:05] [INFO]: 正在检查更新. 
[2022-10-10 13:43:05] [INFO]: CQ HTTP 服务器已启动: [::]:5700 
[2022-10-10 13:43:05] [INFO]: CQ WebSocket 服务器已启动: [::]:8087 
[2022-10-10 13:43:05] [INFO]: 已连接到反向WebSocket Universal服务器 ws://127.0.0.1:8088/qimenbot/ws/ 
[2022-10-10 13:43:05] [INFO]: 检查更新完成. 当前已运行最新版本. 
[2022-10-10 13:43:05] [INFO]: 开始诊断网络情况 
[2022-10-10 13:43:08] [INFO]: 网络诊断完成. 未发现问题 
[2022-10-10 13:43:20] [WARNING]: 监听反向WS Universal时出现错误: websocket: close 1001 (going away): The web application is stopping 
[2022-10-10 13:43:52] [INFO]: 当前版本:v1.0.0-rc3 
[2022-10-10 13:43:52] [WARNING]: 已开启Debug模式. 
[2022-10-10 13:43:52] [INFO]: 将使用 device.json 内的设备信息运行Bot. 
[2022-10-10 13:43:52] [INFO]: Bot将在5秒后登录并开始信息处理, 按 Ctrl+C 取消. 
[2022-10-10 13:43:57] [INFO]: 开始尝试登录并同步消息... 
[2022-10-10 13:43:57] [INFO]: 使用协议: iPad 
[2022-10-10 13:43:57] [INFO]: Protocol -> connect to server: 111.30.170.211:8080 
[2022-10-10 13:43:57] [WARNING]: Protocol -> device lock is disable. http api may fail. 
[2022-10-10 13:44:00] [INFO]: 登录成功 欢迎使用: 小舞 
[2022-10-10 13:44:00] [INFO]: 开始加载好友列表... 
[2022-10-10 13:44:00] [INFO]: 共加载 6 个好友. 
[2022-10-10 13:44:00] [INFO]: 开始加载群列表... 
[2022-10-10 13:44:01] [INFO]: 共加载 16 个群. 
[2022-10-10 13:44:01] [INFO]: 资源初始化完成, 开始处理信息. 
[2022-10-10 13:44:01] [INFO]: アトリは、高性能ですから! 
[2022-10-10 13:44:01] [INFO]: 开始尝试连接到反向WebSocket Universal服务器: ws://127.0.0.1:8088/qimenbot/ws/ 
[2022-10-10 13:44:01] [INFO]: 正在检查更新. 
[2022-10-10 13:44:01] [INFO]: CQ WebSocket 服务器已启动: [::]:8087 
[2022-10-10 13:44:01] [INFO]: CQ HTTP 服务器已启动: [::]:5700 
[2022-10-10 13:44:01] [INFO]: 已连接到反向WebSocket Universal服务器 ws://127.0.0.1:8088/qimenbot/ws/ 
[2022-10-10 13:44:01] [INFO]: 检查更新完成. 当前已运行最新版本. 
[2022-10-10 13:44:01] [INFO]: 开始诊断网络情况 
[2022-10-10 13:44:04] [INFO]: 网络诊断完成. 未发现问题 
[2022-10-10 13:45:16] [INFO]: 收到群 斗罗大陆·S2公测一群(557647235) 内 夜空(434658198) 的消息: [CQ:image,file=53fb925749b75b46c29df47d4ad3a708.image,subType=0,url=https://gchat.qpic.cn/gchatpic_new/434658198/557647235-2498832820-53FB925749B75B46C29DF47D4AD3A708/0?term=3] (-1887786310) 
[2022-10-10 13:45:29] [INFO]: 收到群 斗罗大陆·S2公测一群(557647235) 内 夜空(434658198) 的消息: [CQ:image,file=0782ea158f62ecc2279eb95d2f4021ee.image,subType=1,url=https://gchat.qpic.cn/gchatpic_new/434658198/557647235-2765505096-0782EA158F62ECC2279EB95D2F4021EE/0?term=3][CQ:at,qq=2301865114] 菜狗 (287194905) 
[2022-10-10 13:45:59] [WARNING]: 监听反向WS Universal时出现错误: websocket: close 1001 (going away): The web application is stopping 
[2022-10-10 13:50:11] [INFO]: 当前版本:v1.0.0-rc3 
[2022-10-10 13:50:11] [WARNING]: 已开启Debug模式. 
[2022-10-10 13:50:11] [INFO]: 将使用 device.json 内的设备信息运行Bot. 
[2022-10-10 13:50:11] [INFO]: Bot将在5秒后登录并开始信息处理, 按 Ctrl+C 取消. 
[2022-10-10 13:50:16] [INFO]: 开始尝试登录并同步消息... 
[2022-10-10 13:50:16] [INFO]: 使用协议: iPad 
[2022-10-10 13:50:16] [INFO]: Protocol -> connect to server: 111.30.182.254:8080 
[2022-10-10 13:50:16] [WARNING]: Protocol -> device lock is disable. http api may fail. 
[2022-10-10 13:50:19] [INFO]: 登录成功 欢迎使用: 小舞 
[2022-10-10 13:50:19] [INFO]: 开始加载好友列表... 
[2022-10-10 13:50:19] [INFO]: 共加载 6 个好友. 
[2022-10-10 13:50:19] [INFO]: 开始加载群列表... 
[2022-10-10 13:50:19] [INFO]: 共加载 16 个群. 
[2022-10-10 13:50:20] [INFO]: 资源初始化完成, 开始处理信息. 
[2022-10-10 13:50:20] [INFO]: 开始尝试连接到反向WebSocket Universal服务器: ws://127.0.0.1:8088/qimenbot/ws/ 
[2022-10-10 13:50:20] [INFO]: アトリは、高性能ですから! 
[2022-10-10 13:50:20] [INFO]: 正在检查更新. 
[2022-10-10 13:50:20] [INFO]: CQ WebSocket 服务器已启动: [::]:8087 
[2022-10-10 13:50:20] [INFO]: CQ HTTP 服务器已启动: [::]:5700 
[2022-10-10 13:50:20] [INFO]: 已连接到反向WebSocket Universal服务器 ws://127.0.0.1:8088/qimenbot/ws/ 
[2022-10-10 13:50:20] [INFO]: 检查更新完成. 当前已运行最新版本. 
[2022-10-10 13:50:20] [INFO]: 开始诊断网络情况 
[2022-10-10 13:50:24] [INFO]: 网络诊断完成. 未发现问题 
[2022-10-10 13:51:48] [WARNING]: 监听反向WS Universal时出现错误: websocket: close 1001 (going away): The web application is stopping 
[2022-10-10 13:55:11] [INFO]: 当前版本:v1.0.0-rc3 
[2022-10-10 13:55:11] [WARNING]: 已开启Debug模式. 
[2022-10-10 13:55:11] [INFO]: 将使用 device.json 内的设备信息运行Bot. 
[2022-10-10 13:55:11] [INFO]: Bot将在5秒后登录并开始信息处理, 按 Ctrl+C 取消. 
[2022-10-10 13:55:16] [INFO]: 开始尝试登录并同步消息... 
[2022-10-10 13:55:16] [INFO]: 使用协议: iPad 
[2022-10-10 13:55:16] [INFO]: Protocol -> connect to server: 111.31.205.231:8080 
[2022-10-10 13:55:16] [WARNING]: Protocol -> device lock is disable. http api may fail. 
[2022-10-10 13:55:19] [INFO]: 登录成功 欢迎使用: 小舞 
[2022-10-10 13:55:19] [INFO]: 开始加载好友列表... 
[2022-10-10 13:55:19] [INFO]: 共加载 6 个好友. 
[2022-10-10 13:55:19] [INFO]: 开始加载群列表... 
[2022-10-10 13:55:19] [INFO]: 共加载 16 个群. 
[2022-10-10 13:55:19] [INFO]: 资源初始化完成, 开始处理信息. 
[2022-10-10 13:55:19] [INFO]: アトリは、高性能ですから! 
[2022-10-10 13:55:19] [INFO]: 开始尝试连接到反向WebSocket Universal服务器: ws://127.0.0.1:8088/qimenbot/ws/ 
[2022-10-10 13:55:19] [INFO]: 正在检查更新. 
[2022-10-10 13:55:19] [INFO]: CQ HTTP 服务器已启动: [::]:5700 
[2022-10-10 13:55:19] [INFO]: CQ WebSocket 服务器已启动: [::]:8087 
[2022-10-10 13:55:20] [INFO]: 已连接到反向WebSocket Universal服务器 ws://127.0.0.1:8088/qimenbot/ws/ 
[2022-10-10 13:55:20] [INFO]: 检查更新完成. 当前已运行最新版本. 
[2022-10-10 13:55:20] [INFO]: 开始诊断网络情况 
[2022-10-10 13:55:23] [INFO]: 网络诊断完成. 未发现问题 
[2022-10-10 13:55:38] [WARNING]: 监听反向WS Universal时出现错误: websocket: close 1001 (going away): The web application is stopping 
[2022-10-10 13:55:39] [WARNING]: 向反向WS Universal服务器推送 Event 时出现错误: websocket: close sent 
[2022-10-10 13:56:16] [INFO]: 当前版本:v1.0.0-rc3 
[2022-10-10 13:56:16] [WARNING]: 已开启Debug模式. 
[2022-10-10 13:56:16] [INFO]: 将使用 device.json 内的设备信息运行Bot. 
[2022-10-10 13:56:16] [INFO]: Bot将在5秒后登录并开始信息处理, 按 Ctrl+C 取消. 
[2022-10-10 13:56:21] [INFO]: 开始尝试登录并同步消息... 
[2022-10-10 13:56:21] [INFO]: 使用协议: iPad 
[2022-10-10 13:56:22] [INFO]: Protocol -> connect to server: [::ffff:111.30.169.43]:80 
[2022-10-10 13:56:22] [WARNING]: Protocol -> device lock is disable. http api may fail. 
[2022-10-10 13:56:25] [INFO]: 登录成功 欢迎使用: 小舞 
[2022-10-10 13:56:25] [INFO]: 开始加载好友列表... 
[2022-10-10 13:56:25] [INFO]: 共加载 6 个好友. 
[2022-10-10 13:56:25] [INFO]: 开始加载群列表... 
[2022-10-10 13:56:25] [INFO]: 共加载 16 个群. 
[2022-10-10 13:56:26] [INFO]: 资源初始化完成, 开始处理信息. 
[2022-10-10 13:56:26] [INFO]: アトリは、高性能ですから! 
[2022-10-10 13:56:26] [INFO]: 开始尝试连接到反向WebSocket Universal服务器: ws://127.0.0.1:8088/qimenbot/ws/ 
[2022-10-10 13:56:26] [INFO]: 正在检查更新. 
[2022-10-10 13:56:26] [INFO]: CQ HTTP 服务器已启动: [::]:5700 
[2022-10-10 13:56:26] [INFO]: CQ WebSocket 服务器已启动: [::]:8087 
[2022-10-10 13:56:26] [INFO]: 已连接到反向WebSocket Universal服务器 ws://127.0.0.1:8088/qimenbot/ws/ 
[2022-10-10 13:56:26] [INFO]: 检查更新完成. 当前已运行最新版本. 
[2022-10-10 13:56:26] [INFO]: 开始诊断网络情况 
[2022-10-10 13:56:28] [INFO]: 网络诊断完成. 未发现问题 
[2022-10-10 13:56:42] [WARNING]: 监听反向WS Universal时出现错误: websocket: close 1001 (going away): The web application is stopping 
[2022-10-10 13:59:15] [INFO]: 当前版本:v1.0.0-rc3 
[2022-10-10 13:59:15] [WARNING]: 已开启Debug模式. 
[2022-10-10 13:59:15] [INFO]: 将使用 device.json 内的设备信息运行Bot. 
[2022-10-10 13:59:15] [INFO]: Bot将在5秒后登录并开始信息处理, 按 Ctrl+C 取消. 
[2022-10-10 13:59:20] [INFO]: 开始尝试登录并同步消息... 
[2022-10-10 13:59:20] [INFO]: 使用协议: iPad 
[2022-10-10 13:59:20] [INFO]: Protocol -> connect to server: [::ffff:111.31.205.197]:80 
[2022-10-10 13:59:20] [WARNING]: 恢复会话失败: exchange_emp failed: 154 , 尝试使用正常流程登录. 
[2022-10-10 13:59:22] [INFO]: Protocol -> connect to server: [::ffff:111.30.187.201]:80 
[2022-10-10 13:59:22] [WARNING]: 登录需要滑条验证码, 请选择验证方式:  
[2022-10-10 13:59:22] [WARNING]: 1. 使用浏览器抓取滑条并登录 
[2022-10-10 13:59:22] [WARNING]: 2. 使用手机QQ扫码验证 (需要手Q和gocq在同一网络下). 
[2022-10-10 13:59:22] [WARNING]: 请输入(1 - 2) (将在10秒后自动选择1)： 
[2022-10-10 13:59:32] [WARNING]: 请前往该地址验证 -> https://captcha.go-cqhttp.org/captcha?id=A2r1KBm3&style=simple&aid=16&uin=2733944636&sid=4831447015454127331&cap_cd=3BmhMPEszd5q64GufXP4XH0S6r_SeQo-j9xoOnL3ta2RjRnFuNruTQ**&clientype=1&apptype=2 
[2022-10-10 13:59:33] [WARNING]: 获取 Ticket 时出现错误: Get "https://captcha.go-cqhttp.org/captcha/ticket?id=A2r1KBm3": read tcp 10.100.160.138:57513->104.21.37.218:443: wsarecv: An existing connection was forcibly closed by the remote host. 
[2022-10-10 14:07:01] [INFO]: 当前版本:v1.0.0-rc3 
[2022-10-10 14:07:01] [WARNING]: 已开启Debug模式. 
[2022-10-10 14:07:01] [INFO]: 将使用 device.json 内的设备信息运行Bot. 
[2022-10-10 14:07:01] [INFO]: Bot将在5秒后登录并开始信息处理, 按 Ctrl+C 取消. 
[2022-10-10 14:07:06] [INFO]: 开始尝试登录并同步消息... 
[2022-10-10 14:07:06] [INFO]: 使用协议: iPad 
[2022-10-10 14:07:06] [INFO]: Protocol -> connect to server: 111.30.182.254:8080 
[2022-10-10 14:07:07] [WARNING]: 登录需要滑条验证码, 请选择验证方式:  
[2022-10-10 14:07:07] [WARNING]: 1. 使用浏览器抓取滑条并登录 
[2022-10-10 14:07:07] [WARNING]: 2. 使用手机QQ扫码验证 (需要手Q和gocq在同一网络下). 
[2022-10-10 14:07:07] [WARNING]: 请输入(1 - 2) (将在10秒后自动选择1)： 
[2022-10-10 14:07:17] [WARNING]: 请前往该地址验证 -> https://captcha.go-cqhttp.org/captcha?id=YjOhg2t0&style=simple&aid=16&uin=2733944636&sid=1351637526955407028&cap_cd=eey4SzhszQqjRq5URRhFfnlKmntjvvxYHhwU5VWBwd2LO19Pmnt7xA**&clientype=1&apptype=2 
[2022-10-10 14:14:46] [INFO]: 当前版本:v1.0.0-rc3 
[2022-10-10 14:14:46] [WARNING]: 已开启Debug模式. 
[2022-10-10 14:14:46] [INFO]: 将使用 device.json 内的设备信息运行Bot. 
[2022-10-10 14:14:46] [INFO]: Bot将在5秒后登录并开始信息处理, 按 Ctrl+C 取消. 
[2022-10-10 14:14:51] [INFO]: 开始尝试登录并同步消息... 
[2022-10-10 14:14:51] [INFO]: 使用协议: iPad 
[2022-10-10 14:14:51] [INFO]: Protocol -> connect to server: 111.30.182.254:8080 
[2022-10-10 14:14:51] [WARNING]: 登录需要滑条验证码, 请选择验证方式:  
[2022-10-10 14:14:51] [WARNING]: 1. 使用浏览器抓取滑条并登录 
[2022-10-10 14:14:51] [WARNING]: 2. 使用手机QQ扫码验证 (需要手Q和gocq在同一网络下). 
[2022-10-10 14:14:51] [WARNING]: 请输入(1 - 2) (将在10秒后自动选择1)： 
[2022-10-10 14:15:01] [WARNING]: 请前往该地址验证 -> https://captcha.go-cqhttp.org/captcha?id=xacnODAd&style=simple&aid=16&uin=2733944636&sid=550772283988490373&cap_cd=-c1nieC-Fb9rUlEczIKhM1eZUZGOGivztFZigez2HmFwlbUSwKKa6w**&clientype=1&apptype=2 
[2022-10-10 14:15:03] [WARNING]: 获取 Ticket 时出现错误: Get "https://captcha.go-cqhttp.org/captcha/ticket?id=xacnODAd": read tcp 10.100.160.138:50842->172.67.213.155:443: wsarecv: An existing connection was forcibly closed by the remote host. 
[2022-10-10 14:43:10] [INFO]: 当前版本:v1.0.0-rc3 
[2022-10-10 14:43:10] [WARNING]: 已开启Debug模式. 
[2022-10-10 14:43:10] [INFO]: 将使用 device.json 内的设备信息运行Bot. 
[2022-10-10 14:43:10] [INFO]: Bot将在5秒后登录并开始信息处理, 按 Ctrl+C 取消. 
[2022-10-10 14:43:15] [INFO]: 开始尝试登录并同步消息... 
[2022-10-10 14:43:15] [INFO]: 使用协议: iPad 
[2022-10-10 14:43:16] [INFO]: Protocol -> connect to server: 111.31.205.233:8080 
[2022-10-10 14:43:16] [WARNING]: 登录需要滑条验证码, 请选择验证方式:  
[2022-10-10 14:43:16] [WARNING]: 1. 使用浏览器抓取滑条并登录 
[2022-10-10 14:43:16] [WARNING]: 2. 使用手机QQ扫码验证 (需要手Q和gocq在同一网络下). 
[2022-10-10 14:43:16] [WARNING]: 请输入(1 - 2) (将在10秒后自动选择1)： 
[2022-10-10 14:43:21] [INFO]: 请使用手机QQ扫描二维码 (qrcode.png) :  
[2022-10-10 16:51:51] [INFO]: 当前版本:v1.0.0-rc3 
[2022-10-10 16:51:51] [WARNING]: 已开启Debug模式. 
[2022-10-10 16:51:51] [INFO]: 将使用 device.json 内的设备信息运行Bot. 
[2022-10-10 16:51:51] [INFO]: Bot将在5秒后登录并开始信息处理, 按 Ctrl+C 取消. 
[2022-10-10 16:54:12] [INFO]: 当前版本:v1.0.0-rc3 
[2022-10-10 16:54:12] [WARNING]: 已开启Debug模式. 
[2022-10-10 16:54:12] [INFO]: 将使用 device.json 内的设备信息运行Bot. 
[2022-10-10 16:54:12] [INFO]: Bot将在5秒后登录并开始信息处理, 按 Ctrl+C 取消. 
[2022-10-10 17:09:10] [INFO]: 当前版本:v1.0.0-rc3 
[2022-10-10 17:09:10] [WARNING]: 已开启Debug模式. 
[2022-10-10 17:09:10] [INFO]: 将使用 device.json 内的设备信息运行Bot. 
[2022-10-10 17:09:10] [INFO]: Bot将在5秒后登录并开始信息处理, 按 Ctrl+C 取消. 
[2022-10-10 17:28:35] [INFO]: 当前版本:v1.0.0-rc3 
[2022-10-10 17:28:35] [WARNING]: 已开启Debug模式. 
[2022-10-10 17:28:35] [INFO]: 将使用 device.json 内的设备信息运行Bot. 
[2022-10-10 17:28:35] [INFO]: Bot将在5秒后登录并开始信息处理, 按 Ctrl+C 取消. 
[2022-10-10 17:37:59] [INFO]: 当前版本:v1.0.0-rc3 
[2022-10-10 17:37:59] [WARNING]: 已开启Debug模式. 
[2022-10-10 17:37:59] [INFO]: 将使用 device.json 内的设备信息运行Bot. 
[2022-10-10 17:37:59] [INFO]: Bot将在5秒后登录并开始信息处理, 按 Ctrl+C 取消. 
[2022-10-10 17:39:18] [INFO]: 当前版本:v1.0.0-rc3 
[2022-10-10 17:39:18] [WARNING]: 已开启Debug模式. 
[2022-10-10 17:39:18] [INFO]: 将使用 device.json 内的设备信息运行Bot. 
[2022-10-10 17:39:18] [INFO]: Bot将在5秒后登录并开始信息处理, 按 Ctrl+C 取消. 
[2022-10-10 17:39:23] [INFO]: 开始尝试登录并同步消息... 
[2022-10-10 17:39:23] [INFO]: 使用协议: iPad 
[2022-10-10 17:39:23] [INFO]: Protocol -> connect to server: [::ffff:111.31.200.170]:80 
[2022-10-10 17:39:23] [WARNING]: 登录需要滑条验证码, 请选择验证方式:  
[2022-10-10 17:39:23] [WARNING]: 1. 使用浏览器抓取滑条并登录 
[2022-10-10 17:39:23] [WARNING]: 2. 使用手机QQ扫码验证 (需要手Q和gocq在同一网络下). 
[2022-10-10 17:39:23] [WARNING]: 请输入(1 - 2) (将在10秒后自动选择1)： 
[2022-10-10 17:39:33] [WARNING]: 请前往该地址验证 -> https://captcha.go-cqhttp.org/captcha?id=IWv3antR&style=simple&aid=16&uin=2733944636&sid=5139246164549560437&cap_cd=gkM8Y0pHlh3HUTa8BLu-pMq_RTcUYwICLUplrHWUIzIIX9NvbaJjJA**&clientype=1&apptype=2 
[2022-10-10 17:40:01] [INFO]: 当前版本:v1.0.0-rc3 
[2022-10-10 17:40:01] [WARNING]: 已开启Debug模式. 
[2022-10-10 17:40:01] [INFO]: 将使用 device.json 内的设备信息运行Bot. 
[2022-10-10 17:40:01] [INFO]: Bot将在5秒后登录并开始信息处理, 按 Ctrl+C 取消. 
[2022-10-10 17:54:46] [INFO]: 当前版本:v1.0.0-rc3 
[2022-10-10 17:54:46] [WARNING]: 已开启Debug模式. 
[2022-10-10 17:54:46] [INFO]: 将使用 device.json 内的设备信息运行Bot. 
[2022-10-10 17:54:46] [INFO]: Bot将在5秒后登录并开始信息处理, 按 Ctrl+C 取消. 
[2022-10-10 17:55:57] [INFO]: 当前版本:v1.0.0-rc3 
[2022-10-10 17:55:57] [WARNING]: 已开启Debug模式. 
[2022-10-10 17:55:57] [INFO]: 将使用 device.json 内的设备信息运行Bot. 
[2022-10-10 17:55:57] [INFO]: Bot将在5秒后登录并开始信息处理, 按 Ctrl+C 取消. 
[2022-10-10 17:56:02] [INFO]: 开始尝试登录并同步消息... 
[2022-10-10 17:56:02] [INFO]: 使用协议: iPad 
[2022-10-10 17:56:03] [INFO]: Protocol -> connect to server: 111.31.205.231:8080 
[2022-10-10 17:56:03] [WARNING]: 登录需要滑条验证码, 请选择验证方式:  
[2022-10-10 17:56:03] [WARNING]: 1. 使用浏览器抓取滑条并登录 
[2022-10-10 17:56:03] [WARNING]: 2. 使用手机QQ扫码验证 (需要手Q和gocq在同一网络下). 
[2022-10-10 17:56:03] [WARNING]: 请输入(1 - 2) (将在10秒后自动选择1)： 
[2022-10-10 17:56:45] [INFO]: 当前版本:v1.0.0-rc3 
[2022-10-10 17:56:45] [WARNING]: 已开启Debug模式. 
[2022-10-10 17:56:45] [INFO]: 将使用 device.json 内的设备信息运行Bot. 
[2022-10-10 17:56:45] [INFO]: Bot将在5秒后登录并开始信息处理, 按 Ctrl+C 取消. 
[2022-10-10 17:57:20] [INFO]: 当前版本:v1.0.0-rc3 
[2022-10-10 17:57:20] [WARNING]: 已开启Debug模式. 
[2022-10-10 17:57:20] [INFO]: 将使用 device.json 内的设备信息运行Bot. 
[2022-10-10 17:57:20] [INFO]: Bot将在5秒后登录并开始信息处理, 按 Ctrl+C 取消. 
[2022-10-10 17:59:29] [INFO]: 当前版本:v1.0.0-rc3 
[2022-10-10 17:59:29] [WARNING]: 已开启Debug模式. 
[2022-10-10 17:59:29] [INFO]: 将使用 device.json 内的设备信息运行Bot. 
[2022-10-10 17:59:29] [INFO]: Bot将在5秒后登录并开始信息处理, 按 Ctrl+C 取消. 
[2022-10-10 18:02:07] [INFO]: 当前版本:v1.0.0-rc3 
[2022-10-10 18:02:07] [WARNING]: 已开启Debug模式. 
[2022-10-10 18:02:07] [INFO]: 将使用 device.json 内的设备信息运行Bot. 
[2022-10-10 18:02:07] [INFO]: Bot将在5秒后登录并开始信息处理, 按 Ctrl+C 取消. 
[2022-10-10 18:02:12] [INFO]: 开始尝试登录并同步消息... 
[2022-10-10 18:02:12] [INFO]: 使用协议: iPad 
[2022-10-10 18:05:39] [INFO]: 当前版本:v1.0.0-rc3 
[2022-10-10 18:05:39] [WARNING]: 已开启Debug模式. 
[2022-10-10 18:05:39] [INFO]: 将使用 device.json 内的设备信息运行Bot. 
[2022-10-10 18:05:39] [INFO]: Bot将在5秒后登录并开始信息处理, 按 Ctrl+C 取消. 
[2022-10-10 18:29:12] [INFO]: 当前版本:v1.0.0-rc3 
[2022-10-10 18:29:12] [WARNING]: 已开启Debug模式. 
[2022-10-10 18:29:12] [INFO]: 将使用 device.json 内的设备信息运行Bot. 
[2022-10-10 18:29:12] [INFO]: Bot将在5秒后登录并开始信息处理, 按 Ctrl+C 取消. 
[2022-10-10 18:31:44] [INFO]: 当前版本:v1.0.0-rc3 
[2022-10-10 18:31:44] [WARNING]: 已开启Debug模式. 
[2022-10-10 18:31:44] [INFO]: 将使用 device.json 内的设备信息运行Bot. 
[2022-10-10 18:31:44] [INFO]: Bot将在5秒后登录并开始信息处理, 按 Ctrl+C 取消. 
[2022-10-10 23:09:42] [INFO]: 当前版本:v1.0.0-rc3 
[2022-10-10 23:09:42] [WARNING]: 已开启Debug模式. 
[2022-10-10 23:09:42] [INFO]: 将使用 device.json 内的设备信息运行Bot. 
[2022-10-10 23:09:42] [INFO]: Bot将在5秒后登录并开始信息处理, 按 Ctrl+C 取消. 
[2022-10-10 23:09:47] [INFO]: 开始尝试登录并同步消息... 
[2022-10-10 23:09:47] [INFO]: 使用协议: iPad 
[2022-10-10 23:09:48] [INFO]: Protocol -> connect to server: [::ffff:111.30.169.83]:443 
[2022-10-10 23:09:48] [WARNING]: 登录需要滑条验证码, 请选择验证方式:  
[2022-10-10 23:09:48] [WARNING]: 1. 使用浏览器抓取滑条并登录 
[2022-10-10 23:09:48] [WARNING]: 2. 使用手机QQ扫码验证 (需要手Q和gocq在同一网络下). 
[2022-10-10 23:09:48] [WARNING]: 请输入(1 - 2) (将在10秒后自动选择1)： 
[2022-10-10 23:09:52] [INFO]: 请使用手机QQ扫描二维码 (qrcode.png) :  
[2022-10-10 23:10:19] [INFO]: 扫码成功, 请在手机端确认登录. 
[2022-10-10 23:10:28] [INFO]: 登录成功 欢迎使用: 小舞 
[2022-10-10 23:10:28] [INFO]: 开始加载好友列表... 
[2022-10-10 23:10:28] [INFO]: 共加载 6 个好友. 
[2022-10-10 23:10:28] [INFO]: 开始加载群列表... 
[2022-10-10 23:10:29] [INFO]: 共加载 16 个群. 
[2022-10-10 23:10:29] [INFO]: 资源初始化完成, 开始处理信息. 
[2022-10-10 23:10:29] [INFO]: アトリは、高性能ですから! 
[2022-10-10 23:10:29] [INFO]: 开始尝试连接到反向WebSocket Universal服务器: ws://127.0.0.1:8088/qimenbot/ws/ 
[2022-10-10 23:10:29] [INFO]: 正在检查更新. 
[2022-10-10 23:10:29] [INFO]: CQ WebSocket 服务器已启动: [::]:8087 
[2022-10-10 23:10:29] [INFO]: CQ HTTP 服务器已启动: [::]:5700 
[2022-10-10 23:10:29] [INFO]: 已连接到反向WebSocket Universal服务器 ws://127.0.0.1:8088/qimenbot/ws/ 
[2022-10-10 23:10:29] [INFO]: 检查更新完成. 当前已运行最新版本. 
[2022-10-10 23:10:29] [INFO]: 开始诊断网络情况 
[2022-10-10 23:10:32] [INFO]: 网络诊断完成. 未发现问题 
[2022-10-10 23:10:45] [INFO]: 收到群 斗罗大陆·S2公测一群(557647235) 内 夜空(434658198) 的消息: 位置 (-19778558) 
[2022-10-10 23:10:46] [INFO]: 发送群 斗罗大陆·S2公测一群(557647235) 的消息: To夜夜〔龙神血脉〕 ... (-1982528364) 
[2022-10-10 23:10:49] [INFO]: 收到群 斗罗大陆·S2公测一群(557647235) 内 夜空(434658198) 的消息: 挑战哥布林 (426383621) 
[2022-10-10 23:10:50] [INFO]: 发送群 斗罗大陆·S2公测一群(557647235) 的消息: To夜夜〔龙神血脉〕 ... (1852647827) 
[2022-10-10 23:10:52] [INFO]: 收到群 斗罗大陆·S2公测一群(557647235) 内 夜空(434658198) 的消息: 魂技1 (1016906484) 
[2022-10-10 23:10:56] [INFO]: 发送群 斗罗大陆·S2公测一群(557647235) 的消息: To夜夜〔龙神血脉〕 ... (1268511330) 
[2022-10-10 23:11:05] [INFO]: 收到群 斗罗大陆·S2公测一群(557647235) 内 夜空(434658198) 的消息: 攻击 (-762141736) 
[2022-10-10 23:11:08] [INFO]: 发送群 斗罗大陆·S2公测一群(557647235) 的消息: To夜夜〔龙神血脉〕 ... (-1516924082) 
[2022-10-10 23:11:30] [INFO]: 收到群 斗罗大陆·S2公测一群(557647235) 内 夜空(434658198) 的消息: 背包 (1005651693) 
[2022-10-10 23:11:31] [INFO]: 发送群 斗罗大陆·S2公测一群(557647235) 的消息: To夜夜〔龙神血脉〕 ... (1291204219) 
[2022-10-10 23:11:53] [INFO]: 收到群 斗罗大陆·S2公测一群(557647235) 内 夜空(434658198) 的消息: 状态[CQ:at,qq=1257267102] (-704682047) 
[2022-10-10 23:11:53] [INFO]: 发送群 斗罗大陆·S2公测一群(557647235) 的消息: To夜夜
以下是洛神 ... (-1560783017) 
[2022-10-10 23:12:18] [INFO]: 收到群 斗罗大陆·S2公测一群(557647235) 内 夜空(434658198) 的消息: 挑战哥布林 (843532998) 
[2022-10-10 23:12:18] [WARNING]: 转换CQ码 [CQ:image,file=file:///D:\Project\JAVA\Bot\QimenBot/斗罗大陆图片/魂兽/哥布林.jpg] 时出现错误: file not found 将原样发送. 
[2022-10-10 23:12:19] [INFO]: 发送群 斗罗大陆·S2公测一群(557647235) 的消息: To夜夜〔龙神血脉〕 ... (1161853520) 
[2022-10-10 23:12:20] [INFO]: 收到群 斗罗大陆·S2公测一群(557647235) 内 夜空(434658198) 的消息: 魂技1 (629666741) 
[2022-10-10 23:12:23] [INFO]: 发送群 斗罗大陆·S2公测一群(557647235) 的消息: To夜夜〔龙神血脉〕 ... (1384170275) 
[2022-10-10 23:12:27] [INFO]: 收到群 斗罗大陆·S2公测一群(557647235) 内 夜空(434658198) 的消息: 魂技1 (-880176487) 
[2022-10-10 23:12:29] [INFO]: 发送群 斗罗大陆·S2公测一群(557647235) 的消息: To夜夜〔龙神血脉〕 ... (-1131503089) 
[2022-10-10 23:12:32] [INFO]: 收到群 斗罗大陆·S2公测一群(557647235) 内 夜空(434658198) 的消息: 魂技1 (585775020) 
[2022-10-10 23:12:34] [INFO]: 发送群 斗罗大陆·S2公测一群(557647235) 的消息: To夜夜〔龙神血脉〕 ... (1441597242) 
[2022-10-10 23:12:34] [INFO]: 收到群 斗罗大陆·S2公测一群(557647235) 内 夜空(434658198) 的消息: 魂技1 (-857450880) 
[2022-10-10 23:12:37] [INFO]: 发送群 斗罗大陆·S2公测一群(557647235) 的消息: To夜夜〔龙神血脉〕 ... (-1142725098) 
[2022-10-10 23:12:37] [INFO]: 收到群 斗罗大陆·S2公测一群(557647235) 内 莺娘(1257267102) 的消息: [CQ:face,id=187] (727481223) 
[2022-10-10 23:12:38] [INFO]: 收到群 斗罗大陆·S2公测一群(557647235) 内 夜空(434658198) 的消息: 魂技1 (1549486865) 
[2022-10-10 23:12:40] [INFO]: 发送群 斗罗大陆·S2公测一群(557647235) 的消息: To夜夜〔龙神血脉〕 ... (1791386994) 
[2022-10-10 23:12:41] [INFO]: 收到群 斗罗大陆·S2公测一群(557647235) 内 莺娘(1257267102) 的消息: 哦豁 (499209700) 
[2022-10-10 23:12:47] [INFO]: 收到群 斗罗大陆·S2公测一群(557647235) 内 夜空(434658198) 的消息: 魂技1 (-2067266466) 
[2022-10-10 23:12:49] [INFO]: 发送群 斗罗大陆·S2公测一群(557647235) 的消息: To夜夜〔龙神血脉〕 ... (-204524344) 
[2022-10-10 23:12:54] [INFO]: 收到群 斗罗大陆·S2公测一群(557647235) 内 夜空(434658198) 的消息: 。 (1839964523) 
[2022-10-10 23:13:04] [INFO]: 收到群 斗罗大陆·S2公测一群(557647235) 内 夜空(434658198) 的消息: 我估计概率事件写反了 (447517181) 
[2022-10-10 23:13:12] [INFO]: 收到群 斗罗大陆·S2公测一群(557647235) 内 夜空(434658198) 的消息: 攻击 (-2086289337) 
[2022-10-10 23:13:15] [INFO]: 发送群 斗罗大陆·S2公测一群(557647235) 的消息: To夜夜〔龙神血脉〕 ... (-190648111) 
[2022-10-10 23:13:28] [INFO]: 收到群 斗罗大陆·S2公测一群(557647235) 内 夜空(434658198) 的消息: 位置 (1679682880) 
[2022-10-10 23:13:29] [INFO]: 发送群 斗罗大陆·S2公测一群(557647235) 的消息: To夜夜〔龙神血脉〕 ... (320527830) 
[2022-10-10 23:13:40] [INFO]: 收到群 斗罗大陆·S2公测一群(557647235) 内 夜空(434658198) 的消息: 左 (1943884851) 
[2022-10-10 23:13:41] [WARNING]: 转换CQ码 [CQ:image,file=file:///D:\Project\JAVA\Bot\QimenBot/斗罗大陆图片/地图/落日森林.jpg] 时出现错误: file not found 将原样发送. 
[2022-10-10 23:13:41] [INFO]: 发送群 斗罗大陆·S2公测一群(557647235) 的消息: To夜夜〔龙神血脉〕 ... (81421477) 
[2022-10-10 23:13:55] [INFO]: 收到群 斗罗大陆·S2公测一群(557647235) 内 夜空(434658198) 的消息: 右 (-1647102689) 
[2022-10-10 23:13:56] [INFO]: 发送群 斗罗大陆·S2公测一群(557647235) 的消息: To夜夜〔龙神血脉〕 ... (-355203703) 
[2022-10-10 23:14:11] [INFO]: 收到群 斗罗大陆·S2公测一群(557647235) 内 夜空(434658198) 的消息: 挑战哥布林 (1957728298) 
[2022-10-10 23:14:12] [WARNING]: 转换CQ码 [CQ:image,file=file:///D:\Project\JAVA\Bot\QimenBot/斗罗大陆图片/魂兽/哥布林.jpg] 时出现错误: file not found 将原样发送. 
[2022-10-10 23:14:13] [INFO]: 发送群 斗罗大陆·S2公测一群(557647235) 的消息: To夜夜〔龙神血脉〕 ... (62365884) 
[2022-10-10 23:14:15] [INFO]: 收到群 斗罗大陆·S2公测一群(557647235) 内 夜空(434658198) 的消息: 攻击 (-1698762490) 
[2022-10-10 23:14:18] [INFO]: 发送群 斗罗大陆·S2公测一群(557647235) 的消息: To夜夜〔龙神血脉〕 ... (-306593392) 
[2022-10-10 23:14:19] [INFO]: 收到群 斗罗大陆·S2公测一群(557647235) 内 夜空(434658198) 的消息: 背包 (2097601537) 
[2022-10-10 23:14:21] [INFO]: 发送群 斗罗大陆·S2公测一群(557647235) 的消息: To夜夜〔龙神血脉〕 ... (167898263) 
[2022-10-10 23:14:49] [INFO]: 收到群 斗罗大陆·S2公测一群(557647235) 内 夜空(434658198) 的消息: 魂兽掉落加入了概率事件 (1492125680) 
[2022-10-10 23:14:55] [INFO]: 收到群 斗罗大陆·S2公测一群(557647235) 内 夜空(434658198) 的消息: 概率掉落物品 (804730726) 
[2022-10-10 23:15:11] [INFO]: 收到群 斗罗大陆·S2公测一群(557647235) 内 夜空(434658198) 的消息: 魂环信息 (-1224841508) 
[2022-10-10 23:15:12] [INFO]: 发送群 斗罗大陆·S2公测一群(557647235) 的消息: To夜夜〔龙神血脉〕 ... (-1040624054) 
[2022-10-10 23:15:20] [INFO]: 收到群 斗罗大陆·S2公测一群(557647235) 内 夜空(434658198) 的消息: 附加魂环 (1604174825) 
[2022-10-10 23:15:21] [INFO]: 发送群 斗罗大陆·S2公测一群(557647235) 的消息: To夜夜〔龙神血脉〕 ... (681243519) 
[2022-10-10 23:15:26] [INFO]: 收到群 斗罗大陆·S2公测一群(557647235) 内 夜空(434658198) 的消息: 状态 (-1315724603) 
[2022-10-10 23:15:26] [INFO]: 发送群 斗罗大陆·S2公测一群(557647235) 的消息: To夜夜〔龙神血脉〕 ... (-963341741) 
[2022-10-10 23:15:41] [INFO]: 收到群 斗罗大陆·S2公测一群(557647235) 内 夜空(434658198) 的消息: 斗罗系统 (1445695426) 
[2022-10-10 23:15:42] [INFO]: 发送群 斗罗大陆·S2公测一群(557647235) 的消息: ╭═══★斗罗大陆★ ... (556580692) 
[2022-10-10 23:16:00] [INFO]: 收到群 斗罗大陆·S2公测一群(557647235) 内 夜空(434658198) 的消息: 角色菜单 (1105934001) 
[2022-10-10 23:16:01] [INFO]: 发送群 斗罗大陆·S2公测一群(557647235) 的消息: ╭═══★角色菜单★ ... (921437735) 
[2022-10-10 23:16:16] [INFO]: 收到群 斗罗大陆·S2公测一群(557647235) 内 夜空(434658198) 的消息: 战斗菜单 (-1343924323) 
[2022-10-10 23:17:25] [INFO]: 收到群 斗罗大陆·S2公测一群(557647235) 内 夜空(434658198) 的消息: 转账 (-656251125) 
[2022-10-10 23:17:26] [INFO]: 发送群 斗罗大陆·S2公测一群(557647235) 的消息: 转账失败！格式：转账 ... (1183249064) 
[2022-10-10 23:17:47] [INFO]: 收到群 斗罗大陆·S2公测一群(557647235) 内 夜空(434658198) 的消息: 转账联邦币[CQ:at,qq=1257267102] -1000 (830587454) 
[2022-10-10 23:17:48] [INFO]: 发送群 斗罗大陆·S2公测一群(557647235) 的消息: To夜夜〔龙神血脉〕 ... (-1467444348) 
[2022-10-10 23:17:53] [INFO]: 收到群 斗罗大陆·S2公测一群(557647235) 内 夜空(434658198) 的消息: 发送物品 (-544234734) 
[2022-10-10 23:17:54] [INFO]: 发送群 斗罗大陆·S2公测一群(557647235) 的消息: 发送物品失败！格式： ... (1328594563) 
[2022-10-10 23:18:11] [INFO]: 收到群 斗罗大陆·S2公测一群(557647235) 内 夜空(434658198) 的消息: 发送物品[CQ:at,qq=1257267102] -沉银-1 (943164949) 
[2022-10-10 23:18:12] [INFO]: 发送群 斗罗大陆·S2公测一群(557647235) 的消息: To夜夜〔龙神血脉〕 ... (-965531010) 
[2022-10-10 23:18:55] [INFO]: 收到群 斗罗大陆·S2公测一群(557647235) 内 夜空(434658198) 的消息: 发送物品1257267102 -沉银-1 (-1317791000) 
[2022-10-10 23:18:56] [INFO]: 发送群 斗罗大陆·S2公测一群(557647235) 的消息: To夜夜〔龙神血脉〕 ... (679299922) 
[2022-10-10 23:19:18] [INFO]: 收到群 斗罗大陆·S2公测一群(557647235) 内 夜空(434658198) 的消息: 转账联邦币1257267102  -1000 (1601862596) 
[2022-10-10 23:19:19] [INFO]: 发送群 斗罗大陆·S2公测一群(557647235) 的消息: To夜夜〔龙神血脉〕 ... (-1054937497) 
[2022-10-10 23:19:25] [INFO]: 收到群 斗罗大陆·S2公测一群(557647235) 内 夜空(434658198) 的消息: [CQ:image,file=0782ea158f62ecc2279eb95d2f4021ee.image,subType=1,url=https://gchat.qpic.cn/gchatpic_new/434658198/557647235-2411726480-0782EA158F62ECC2279EB95D2F4021EE/0?term=3] (-1239818511) 
[2022-10-10 23:19:34] [INFO]: 收到群 斗罗大陆·S2公测一群(557647235) 内 夜空(434658198) 的消息: 传送 (789614411) 
[2022-10-10 23:20:46] [INFO]: 收到群 斗罗大陆·S2公测一群(557647235) 内 夜空(434658198) 的消息: 查看授权 (1477951453) 
[2022-10-10 23:20:47] [INFO]: 发送群 斗罗大陆·S2公测一群(557647235) 的消息: [CQ:at,qq= ... (-928472500) 
[2022-10-10 23:21:02] [INFO]: 收到群 斗罗大陆·S2公测一群(557647235) 内 夜空(434658198) 的消息: [CQ:image,file=8e63eb1008cfcaf36236c3d14ad36981.image,subType=1,url=https://gchat.qpic.cn/gchatpic_new/434658198/557647235-2497329534-8E63EB1008CFCAF36236C3D14AD36981/0?term=3] (-1079012646) 
[2022-10-10 23:22:42] [INFO]: 收到群 斗罗大陆·S2公测一群(557647235) 内 夜空(434658198) 的消息: 删除授权 (-546825409) 
[2022-10-10 23:22:43] [INFO]: 发送群 斗罗大陆·S2公测一群(557647235) 的消息: 授权组不能为空！ (-1469109335) 
[2022-10-10 23:22:48] [INFO]: 收到群 斗罗大陆·S2公测一群(557647235) 内 夜空(434658198) 的消息: 删除授权557647235 (828799507) 
[2022-10-10 23:22:49] [INFO]: 发送群 斗罗大陆·S2公测一群(557647235) 的消息: 授权组删除成功！ (1180781189) 
[2022-10-10 23:22:55] [INFO]: 收到群 斗罗大陆·S2公测一群(557647235) 内 夜空(434658198) 的消息: 位置 (-670703834) 
[2022-10-10 23:22:56] [INFO]: 发送群 斗罗大陆·S2公测一群(557647235) 的消息: 该群没有授权斗罗大陆 ... (-1358762064) 
[2022-10-10 23:23:00] [INFO]: 收到群 斗罗大陆·S2公测一群(557647235) 内 夜空(434658198) 的消息: [CQ:image,file=34ebba64697bcffa1738dbc6877ecd81.image,subType=1,url=https://gchat.qpic.cn/gchatpic_new/434658198/557647235-2631955084-34EBBA64697BCFFA1738DBC6877ECD81/0?term=3] (906739210) 
[2022-10-10 23:23:15] [INFO]: 收到群 斗罗大陆·S2公测一群(557647235) 内 夜空(434658198) 的消息: 新增授权557647235 (1091341980) 
[2022-10-10 23:23:16] [INFO]: 发送群 斗罗大陆·S2公测一群(557647235) 的消息: 授权组添加成功！ (-776760563) 
[2022-10-10 23:23:24] [INFO]: 收到群 斗罗大陆·S2公测一群(557647235) 内 夜空(434658198) 的消息: 切换武魂 (-1498111077) 
[2022-10-10 23:23:24] [INFO]: 发送群 斗罗大陆·S2公测一群(557647235) 的消息: 您已将武魂切换为【镰 ... (199603955) 
[2022-10-10 23:24:17] [INFO]: 收到群 斗罗大陆·S2公测一群(557647235) 内 づ執意、(1004828546) 的消息: 查看授权 (2095220325) 
[2022-10-10 23:24:18] [INFO]: 发送群 斗罗大陆·S2公测一群(557647235) 的消息: 您不是超级管理员，无 ... (-437528609) 
[2022-10-10 23:24:19] [INFO]: 收到群 斗罗大陆·S2公测一群(557647235) 内 莺娘(1257267102) 的消息: 牛啊 (-1829968055) 
[2022-10-10 23:24:52] [INFO]: 收到群 斗罗大陆·S2公测一群(557647235) 内 夜空(434658198) 的消息: [CQ:image,file=0782ea158f62ecc2279eb95d2f4021ee.image,subType=1,url=https://gchat.qpic.cn/gchatpic_new/434658198/557647235-3049798782-0782EA158F62ECC2279EB95D2F4021EE/0?term=3] (210268906) 
[2022-10-10 23:25:11] [INFO]: 收到群 斗罗大陆·S2公测一群(557647235) 内 夜空(434658198) 的消息: 这周一定发布第一个正式版 (2072986236) 
[2022-10-10 23:25:38] [INFO]: 收到群 斗罗大陆·S2公测一群(557647235) 内 夜空(434658198) 的消息: 就是没有控制台 (-494529594) 
[2022-10-10 23:26:42] [INFO]: 收到群 斗罗大陆·S2公测一群(557647235) 内 夜空(434658198) 的消息: [CQ:image,file=159c9de8f85287fcf346fec52317b5a8.image,subType=0,url=https://gchat.qpic.cn/gchatpic_new/434658198/557647235-3083600864-159C9DE8F85287FCF346FEC52317B5A8/0?term=3] (-1786698928) 
[2022-10-10 23:26:51] [INFO]: 收到群 斗罗大陆·S2公测一群(557647235) 内 夜空(434658198) 的消息: 目前还只是个皮 (87965377) 
[2022-10-10 23:28:18] [INFO]: 收到群 斗罗大陆·S2公测一群(557647235) 内 夜空(434658198) 的消息: [CQ:at,qq=1257267102] 你有没有别人斗罗的数据 (1916341847) 
[2022-10-10 23:28:43] [INFO]: 收到群 斗罗大陆·S2公测一群(557647235) 内 夜空(434658198) 的消息: 有的话发我一份 (318670770) 
[2022-10-10 23:29:04] [INFO]: 收到群 斗罗大陆·S2公测一群(557647235) 内 夜空(434658198) 的消息: 我有空赶一份基础数据 (1710864164) 
[2022-10-10 23:35:55] [INFO]: 收到群 斗罗大陆·S2公测一群(557647235) 内 莺娘(1257267102) 的消息: 没。。。 (-51321186) 
[2022-10-10 23:36:42] [INFO]: 收到群 斗罗大陆·S2公测一群(557647235) 内 莺娘(1257267102) 的消息: 那啥武魂特性[CQ:face,id=277]，有没有希望安排上 (-1946692088) 
[2022-10-10 23:47:56] [INFO]: 收到群 斗罗大陆·S2公测一群(557647235) 内 夜空(434658198) 的消息: 有 (361972651) 
[2022-10-10 23:48:18] [INFO]: 收到群 斗罗大陆·S2公测一群(557647235) 内 小竹笋(2301865114) 的消息: 0001000110011000110011 (1653895997) 
