[2022-10-09 09:33:04] [INFO]: 当前版本:v1.0.0-rc3 
[2022-10-09 09:33:04] [WARNING]: 已开启Debug模式. 
[2022-10-09 09:33:04] [INFO]: 将使用 device.json 内的设备信息运行Bot. 
[2022-10-09 09:33:04] [INFO]: Bot将在5秒后登录并开始信息处理, 按 Ctrl+C 取消. 
[2022-10-09 09:33:09] [INFO]: 开始尝试登录并同步消息... 
[2022-10-09 09:33:09] [INFO]: 使用协议: iPad 
[2022-10-09 09:33:09] [INFO]: Protocol -> connect to server: 111.31.200.226:8080 
[2022-10-09 09:33:09] [WARNING]: Protocol -> device lock is disable. http api may fail. 
[2022-10-09 09:33:11] [INFO]: 登录成功 欢迎使用: 小舞 
[2022-10-09 09:33:11] [INFO]: 开始加载好友列表... 
[2022-10-09 09:33:11] [INFO]: 共加载 6 个好友. 
[2022-10-09 09:33:11] [INFO]: 开始加载群列表... 
[2022-10-09 09:33:12] [INFO]: 共加载 16 个群. 
[2022-10-09 09:33:12] [INFO]: 资源初始化完成, 开始处理信息. 
[2022-10-09 09:33:12] [INFO]: アトリは、高性能ですから! 
[2022-10-09 09:33:12] [INFO]: 开始尝试连接到反向WebSocket Universal服务器: ws://127.0.0.1:8088/qimenbot/ws/ 
[2022-10-09 09:33:12] [INFO]: 正在检查更新. 
[2022-10-09 09:33:12] [INFO]: CQ HTTP 服务器已启动: [::]:5700 
[2022-10-09 09:33:12] [INFO]: CQ WebSocket 服务器已启动: [::]:8087 
[2022-10-09 09:33:12] [INFO]: 收到服务器地址更新通知, 将在下一次重连时应用.  
[2022-10-09 09:33:12] [INFO]: 已连接到反向WebSocket Universal服务器 ws://127.0.0.1:8088/qimenbot/ws/ 
[2022-10-09 09:33:12] [INFO]: 检查更新完成. 当前已运行最新版本. 
[2022-10-09 09:33:12] [INFO]: 开始诊断网络情况 
[2022-10-09 09:33:15] [INFO]: 网络诊断完成. 未发现问题 
[2022-10-09 09:36:12] [WARNING]: 监听反向WS Universal时出现错误: websocket: close 1001 (going away): The web application is stopping 
[2022-10-09 09:36:12] [WARNING]: 向反向WS Universal服务器推送 Event 时出现错误: websocket: close sent 
[2022-10-09 09:36:30] [INFO]: 当前版本:v1.0.0-rc3 
[2022-10-09 09:36:30] [WARNING]: 已开启Debug模式. 
[2022-10-09 09:36:30] [INFO]: 将使用 device.json 内的设备信息运行Bot. 
[2022-10-09 09:36:30] [INFO]: Bot将在5秒后登录并开始信息处理, 按 Ctrl+C 取消. 
[2022-10-09 09:36:35] [INFO]: 开始尝试登录并同步消息... 
[2022-10-09 09:36:35] [INFO]: 使用协议: iPad 
[2022-10-09 09:36:37] [INFO]: Protocol -> connect to server: 111.31.200.226:8080 
[2022-10-09 09:36:37] [WARNING]: Protocol -> device lock is disable. http api may fail. 
[2022-10-09 09:36:39] [INFO]: 登录成功 欢迎使用: 小舞 
[2022-10-09 09:36:39] [INFO]: 开始加载好友列表... 
[2022-10-09 09:36:39] [INFO]: 共加载 6 个好友. 
[2022-10-09 09:36:39] [INFO]: 开始加载群列表... 
[2022-10-09 09:36:39] [INFO]: 共加载 16 个群. 
[2022-10-09 09:36:40] [INFO]: 资源初始化完成, 开始处理信息. 
[2022-10-09 09:36:40] [INFO]: アトリは、高性能ですから! 
[2022-10-09 09:36:40] [INFO]: 开始尝试连接到反向WebSocket Universal服务器: ws://127.0.0.1:8088/qimenbot/ws/ 
[2022-10-09 09:36:40] [INFO]: 正在检查更新. 
[2022-10-09 09:36:40] [INFO]: CQ HTTP 服务器已启动: [::]:5700 
[2022-10-09 09:36:40] [INFO]: CQ WebSocket 服务器已启动: [::]:8087 
[2022-10-09 09:36:40] [INFO]: 检查更新完成. 当前已运行最新版本. 
[2022-10-09 09:36:40] [INFO]: 开始诊断网络情况 
[2022-10-09 09:36:43] [INFO]: 网络诊断完成. 未发现问题 
[2022-10-09 09:38:03] [INFO]: 已连接到反向WebSocket Universal服务器 ws://127.0.0.1:8088/qimenbot/ws/ 
[2022-10-09 09:38:03] [WARNING]: 监听反向WS Universal时出现错误: websocket: close 1006 (abnormal closure): unexpected EOF 
[2022-10-09 10:19:11] [INFO]: 当前版本:v1.0.0-rc3 
[2022-10-09 10:19:11] [WARNING]: 已开启Debug模式. 
[2022-10-09 10:19:11] [INFO]: 将使用 device.json 内的设备信息运行Bot. 
[2022-10-09 10:19:11] [INFO]: Bot将在5秒后登录并开始信息处理, 按 Ctrl+C 取消. 
[2022-10-09 10:19:16] [INFO]: 开始尝试登录并同步消息... 
[2022-10-09 10:19:16] [INFO]: 使用协议: iPad 
[2022-10-09 10:19:17] [INFO]: Protocol -> connect to server: 111.31.205.231:8080 
[2022-10-09 10:19:17] [WARNING]: Protocol -> device lock is disable. http api may fail. 
[2022-10-09 10:19:19] [INFO]: 登录成功 欢迎使用: 小舞 
[2022-10-09 10:19:19] [INFO]: 开始加载好友列表... 
[2022-10-09 10:19:19] [INFO]: 共加载 6 个好友. 
[2022-10-09 10:19:19] [INFO]: 开始加载群列表... 
[2022-10-09 10:19:20] [INFO]: 收到服务器地址更新通知, 将在下一次重连时应用.  
[2022-10-09 10:19:20] [INFO]: 共加载 16 个群. 
[2022-10-09 10:19:20] [INFO]: 资源初始化完成, 开始处理信息. 
[2022-10-09 10:19:20] [INFO]: アトリは、高性能ですから! 
[2022-10-09 10:19:20] [INFO]: 开始尝试连接到反向WebSocket Universal服务器: ws://127.0.0.1:8088/qimenbot/ws/ 
[2022-10-09 10:19:20] [INFO]: 正在检查更新. 
[2022-10-09 10:19:20] [INFO]: CQ HTTP 服务器已启动: [::]:5700 
[2022-10-09 10:19:20] [INFO]: CQ WebSocket 服务器已启动: [::]:8087 
[2022-10-09 10:19:20] [INFO]: 已连接到反向WebSocket Universal服务器 ws://127.0.0.1:8088/qimenbot/ws/ 
[2022-10-09 10:19:20] [INFO]: 检查更新完成. 当前已运行最新版本. 
[2022-10-09 10:19:20] [INFO]: 开始诊断网络情况 
[2022-10-09 10:19:23] [INFO]: 网络诊断完成. 未发现问题 
[2022-10-09 10:35:01] [WARNING]: 监听反向WS Universal时出现错误: websocket: close 1001 (going away): The web application is stopping 
[2022-10-09 10:36:35] [INFO]: 当前版本:v1.0.0-rc3 
[2022-10-09 10:36:35] [WARNING]: 已开启Debug模式. 
[2022-10-09 10:36:35] [INFO]: 将使用 device.json 内的设备信息运行Bot. 
[2022-10-09 10:36:35] [INFO]: Bot将在5秒后登录并开始信息处理, 按 Ctrl+C 取消. 
[2022-10-09 10:36:40] [INFO]: 开始尝试登录并同步消息... 
[2022-10-09 10:36:40] [INFO]: 使用协议: iPad 
[2022-10-09 10:36:40] [INFO]: Protocol -> connect to server: [::ffff:111.31.200.210]:443 
[2022-10-09 10:36:40] [WARNING]: Protocol -> device lock is disable. http api may fail. 
[2022-10-09 10:36:42] [INFO]: 登录成功 欢迎使用: 小舞 
[2022-10-09 10:36:42] [INFO]: 开始加载好友列表... 
[2022-10-09 10:36:42] [INFO]: 共加载 6 个好友. 
[2022-10-09 10:36:42] [INFO]: 开始加载群列表... 
[2022-10-09 10:36:43] [INFO]: 共加载 16 个群. 
[2022-10-09 10:36:43] [INFO]: 资源初始化完成, 开始处理信息. 
[2022-10-09 10:36:43] [INFO]: アトリは、高性能ですから! 
[2022-10-09 10:36:43] [INFO]: 开始尝试连接到反向WebSocket Universal服务器: ws://127.0.0.1:8088/qimenbot/ws/ 
[2022-10-09 10:36:43] [INFO]: 正在检查更新. 
[2022-10-09 10:36:43] [INFO]: CQ HTTP 服务器已启动: [::]:5700 
[2022-10-09 10:36:43] [INFO]: CQ WebSocket 服务器已启动: [::]:8087 
[2022-10-09 10:36:43] [INFO]: 已连接到反向WebSocket Universal服务器 ws://127.0.0.1:8088/qimenbot/ws/ 
[2022-10-09 10:36:43] [INFO]: 检查更新完成. 当前已运行最新版本. 
[2022-10-09 10:36:43] [INFO]: 开始诊断网络情况 
[2022-10-09 10:36:46] [INFO]: 网络诊断完成. 未发现问题 
[2022-10-09 10:39:09] [WARNING]: 监听反向WS Universal时出现错误: websocket: close 1001 (going away): The web application is stopping 
[2022-10-09 11:00:39] [INFO]: 当前版本:v1.0.0-rc3 
[2022-10-09 11:00:39] [WARNING]: 已开启Debug模式. 
[2022-10-09 11:00:39] [INFO]: 将使用 device.json 内的设备信息运行Bot. 
[2022-10-09 11:00:39] [INFO]: Bot将在5秒后登录并开始信息处理, 按 Ctrl+C 取消. 
[2022-10-09 11:00:44] [INFO]: 开始尝试登录并同步消息... 
[2022-10-09 11:00:44] [INFO]: 使用协议: iPad 
[2022-10-09 11:00:46] [INFO]: Protocol -> connect to server: 111.31.200.226:8080 
[2022-10-09 11:00:46] [WARNING]: Protocol -> device lock is disable. http api may fail. 
[2022-10-09 11:00:48] [INFO]: 登录成功 欢迎使用: 小舞 
[2022-10-09 11:00:48] [INFO]: 开始加载好友列表... 
[2022-10-09 11:00:48] [INFO]: 共加载 6 个好友. 
[2022-10-09 11:00:48] [INFO]: 开始加载群列表... 
[2022-10-09 11:00:49] [INFO]: 共加载 16 个群. 
[2022-10-09 11:00:49] [INFO]: 收到服务器地址更新通知, 将在下一次重连时应用.  
[2022-10-09 11:00:49] [INFO]: 资源初始化完成, 开始处理信息. 
[2022-10-09 11:00:49] [INFO]: アトリは、高性能ですから! 
[2022-10-09 11:00:49] [INFO]: 开始尝试连接到反向WebSocket Universal服务器: ws://127.0.0.1:8088/qimenbot/ws/ 
[2022-10-09 11:00:49] [INFO]: 正在检查更新. 
[2022-10-09 11:00:49] [INFO]: CQ HTTP 服务器已启动: [::]:5700 
[2022-10-09 11:00:49] [INFO]: CQ WebSocket 服务器已启动: [::]:8087 
[2022-10-09 11:00:49] [INFO]: 已连接到反向WebSocket Universal服务器 ws://127.0.0.1:8088/qimenbot/ws/ 
[2022-10-09 11:00:50] [INFO]: 检查更新完成. 当前已运行最新版本. 
[2022-10-09 11:00:50] [INFO]: 开始诊断网络情况 
[2022-10-09 11:00:52] [INFO]: 网络诊断完成. 未发现问题 
[2022-10-09 11:04:38] [WARNING]: 监听反向WS Universal时出现错误: websocket: close 1001 (going away): The web application is stopping 
[2022-10-09 11:04:39] [WARNING]: 向反向WS Universal服务器推送 Event 时出现错误: websocket: close sent 
[2022-10-09 11:05:04] [INFO]: 当前版本:v1.0.0-rc3 
[2022-10-09 11:05:04] [WARNING]: 已开启Debug模式. 
[2022-10-09 11:05:04] [INFO]: 将使用 device.json 内的设备信息运行Bot. 
[2022-10-09 11:05:04] [INFO]: Bot将在5秒后登录并开始信息处理, 按 Ctrl+C 取消. 
[2022-10-09 11:05:09] [INFO]: 开始尝试登录并同步消息... 
[2022-10-09 11:05:09] [INFO]: 使用协议: iPad 
[2022-10-09 11:05:10] [INFO]: Protocol -> connect to server: 111.31.200.226:8080 
[2022-10-09 11:05:10] [WARNING]: Protocol -> device lock is disable. http api may fail. 
[2022-10-09 11:05:12] [INFO]: 登录成功 欢迎使用: 小舞 
[2022-10-09 11:05:12] [INFO]: 开始加载好友列表... 
[2022-10-09 11:05:13] [INFO]: 共加载 6 个好友. 
[2022-10-09 11:05:13] [INFO]: 开始加载群列表... 
[2022-10-09 11:05:13] [INFO]: 共加载 16 个群. 
[2022-10-09 11:05:13] [INFO]: 资源初始化完成, 开始处理信息. 
[2022-10-09 11:05:13] [INFO]: アトリは、高性能ですから! 
[2022-10-09 11:05:13] [INFO]: 开始尝试连接到反向WebSocket Universal服务器: ws://127.0.0.1:8088/qimenbot/ws/ 
[2022-10-09 11:05:13] [INFO]: 正在检查更新. 
[2022-10-09 11:05:13] [INFO]: CQ HTTP 服务器已启动: [::]:5700 
[2022-10-09 11:05:13] [INFO]: CQ WebSocket 服务器已启动: [::]:8087 
[2022-10-09 11:05:13] [INFO]: 已连接到反向WebSocket Universal服务器 ws://127.0.0.1:8088/qimenbot/ws/ 
[2022-10-09 11:05:14] [INFO]: 检查更新完成. 当前已运行最新版本. 
[2022-10-09 11:05:14] [INFO]: 开始诊断网络情况 
[2022-10-09 11:05:16] [INFO]: 网络诊断完成. 未发现问题 
[2022-10-09 11:07:11] [WARNING]: 监听反向WS Universal时出现错误: websocket: close 1001 (going away): The web application is stopping 
[2022-10-09 11:07:41] [INFO]: 当前版本:v1.0.0-rc3 
[2022-10-09 11:07:41] [WARNING]: 已开启Debug模式. 
[2022-10-09 11:07:41] [INFO]: 将使用 device.json 内的设备信息运行Bot. 
[2022-10-09 11:07:41] [INFO]: Bot将在5秒后登录并开始信息处理, 按 Ctrl+C 取消. 
[2022-10-09 11:07:46] [INFO]: 开始尝试登录并同步消息... 
[2022-10-09 11:07:46] [INFO]: 使用协议: iPad 
[2022-10-09 11:07:48] [INFO]: Protocol -> connect to server: 111.31.200.226:8080 
[2022-10-09 11:07:48] [WARNING]: Protocol -> device lock is disable. http api may fail. 
[2022-10-09 11:07:50] [INFO]: 登录成功 欢迎使用: 小舞 
[2022-10-09 11:07:50] [INFO]: 开始加载好友列表... 
[2022-10-09 11:07:50] [INFO]: 共加载 6 个好友. 
[2022-10-09 11:07:50] [INFO]: 开始加载群列表... 
[2022-10-09 11:07:51] [INFO]: 共加载 16 个群. 
[2022-10-09 11:07:51] [INFO]: 资源初始化完成, 开始处理信息. 
[2022-10-09 11:07:51] [INFO]: 开始尝试连接到反向WebSocket Universal服务器: ws://127.0.0.1:8088/qimenbot/ws/ 
[2022-10-09 11:07:51] [INFO]: アトリは、高性能ですから! 
[2022-10-09 11:07:51] [INFO]: 正在检查更新. 
[2022-10-09 11:07:51] [INFO]: CQ WebSocket 服务器已启动: [::]:8087 
[2022-10-09 11:07:51] [INFO]: CQ HTTP 服务器已启动: [::]:5700 
[2022-10-09 11:07:51] [INFO]: 已连接到反向WebSocket Universal服务器 ws://127.0.0.1:8088/qimenbot/ws/ 
[2022-10-09 11:07:52] [INFO]: 检查更新完成. 当前已运行最新版本. 
[2022-10-09 11:07:52] [INFO]: 开始诊断网络情况 
[2022-10-09 11:07:55] [INFO]: 网络诊断完成. 未发现问题 
[2022-10-09 11:11:53] [WARNING]: 监听反向WS Universal时出现错误: websocket: close 1001 (going away): The web application is stopping 
[2022-10-09 11:12:16] [INFO]: 当前版本:v1.0.0-rc3 
[2022-10-09 11:12:16] [WARNING]: 已开启Debug模式. 
[2022-10-09 11:12:16] [INFO]: 将使用 device.json 内的设备信息运行Bot. 
[2022-10-09 11:12:16] [INFO]: Bot将在5秒后登录并开始信息处理, 按 Ctrl+C 取消. 
[2022-10-09 11:54:22] [INFO]: 当前版本:v1.0.0-rc3 
[2022-10-09 11:54:22] [WARNING]: 已开启Debug模式. 
[2022-10-09 11:54:22] [INFO]: 将使用 device.json 内的设备信息运行Bot. 
[2022-10-09 11:54:22] [INFO]: Bot将在5秒后登录并开始信息处理, 按 Ctrl+C 取消. 
[2022-10-09 11:54:27] [INFO]: 开始尝试登录并同步消息... 
[2022-10-09 11:54:27] [INFO]: 使用协议: iPad 
[2022-10-09 11:54:28] [INFO]: Protocol -> connect to server: 111.30.187.200:8080 
[2022-10-09 11:54:28] [WARNING]: Protocol -> device lock is disable. http api may fail. 
[2022-10-09 11:54:31] [INFO]: 登录成功 欢迎使用: 小舞 
[2022-10-09 11:54:31] [INFO]: 开始加载好友列表... 
[2022-10-09 11:54:31] [INFO]: 共加载 6 个好友. 
[2022-10-09 11:54:31] [INFO]: 开始加载群列表... 
[2022-10-09 11:54:31] [INFO]: 收到服务器地址更新通知, 将在下一次重连时应用.  
[2022-10-09 11:54:32] [INFO]: 共加载 16 个群. 
[2022-10-09 11:54:32] [INFO]: 资源初始化完成, 开始处理信息. 
[2022-10-09 11:54:32] [INFO]: アトリは、高性能ですから! 
[2022-10-09 11:54:32] [INFO]: 开始尝试连接到反向WebSocket Universal服务器: ws://127.0.0.1:8088/qimenbot/ws/ 
[2022-10-09 11:54:32] [INFO]: 正在检查更新. 
[2022-10-09 11:54:32] [INFO]: CQ WebSocket 服务器已启动: [::]:8087 
[2022-10-09 11:54:32] [INFO]: CQ HTTP 服务器已启动: [::]:5700 
[2022-10-09 11:54:32] [INFO]: 已连接到反向WebSocket Universal服务器 ws://127.0.0.1:8088/qimenbot/ws/ 
[2022-10-09 11:54:32] [INFO]: 检查更新完成. 当前已运行最新版本. 
[2022-10-09 11:54:32] [INFO]: 开始诊断网络情况 
[2022-10-09 11:54:34] [INFO]: 网络诊断完成. 未发现问题 
[2022-10-09 11:59:12] [INFO]: 收到好友 夜空(434658198) 的消息: 攻击 (1564266507) 
[2022-10-09 11:59:14] [INFO]: 发送好友 434658198(434658198)  的消息: To夜夜〔龙神血脉〕 ... (1385253758) 
[2022-10-09 11:59:23] [INFO]: 收到好友 夜空(434658198) 的消息: 攻击 (-1003126351) 
[2022-10-09 11:59:24] [INFO]: 发送好友 434658198(434658198)  的消息: To夜夜〔龙神血脉〕 ... (630619112) 
[2022-10-09 11:59:29] [INFO]: 收到好友 夜空(434658198) 的消息: 挑战史莱姆 (-1288523481) 
[2022-10-09 11:59:30] [WARNING]: 转换CQ码 [CQ:image,file=file:///D:\Project\JAVA\Bot\QimenBot/斗罗大陆图片/武魂/史莱姆.jpg] 时出现错误: file not found 将原样发送. 
[2022-10-09 11:59:30] [INFO]: 发送好友 434658198(434658198)  的消息: To夜夜〔龙神血脉〕 ... (-1141707189) 
[2022-10-09 11:59:44] [INFO]: 收到好友 夜空(434658198) 的消息: 查看魂环 (596487350) 
[2022-10-09 11:59:52] [INFO]: 收到好友 夜空(434658198) 的消息: 魂环列表 (1418370080) 
[2022-10-09 11:59:59] [INFO]: 收到好友 夜空(434658198) 的消息: 魂技1 (877467077) 
[2022-10-09 12:01:00] [WARNING]: 监听反向WS Universal时出现错误: websocket: close 1001 (going away): The web application is stopping 
[2022-10-09 12:01:02] [WARNING]: 向反向WS Universal服务器推送 Event 时出现错误: websocket: close sent 
[2022-10-09 12:01:23] [INFO]: 当前版本:v1.0.0-rc3 
[2022-10-09 12:01:23] [WARNING]: 已开启Debug模式. 
[2022-10-09 12:01:23] [INFO]: 将使用 device.json 内的设备信息运行Bot. 
[2022-10-09 12:01:23] [INFO]: Bot将在5秒后登录并开始信息处理, 按 Ctrl+C 取消. 
[2022-10-09 12:01:28] [INFO]: 开始尝试登录并同步消息... 
[2022-10-09 12:01:28] [INFO]: 使用协议: iPad 
[2022-10-09 12:01:29] [INFO]: Protocol -> connect to server: 111.30.182.254:8080 
[2022-10-09 12:01:29] [WARNING]: Protocol -> device lock is disable. http api may fail. 
[2022-10-09 12:01:31] [INFO]: 登录成功 欢迎使用: 小舞 
[2022-10-09 12:01:31] [INFO]: 开始加载好友列表... 
[2022-10-09 12:01:31] [INFO]: 共加载 6 个好友. 
[2022-10-09 12:01:31] [INFO]: 开始加载群列表... 
[2022-10-09 12:01:32] [INFO]: 共加载 16 个群. 
[2022-10-09 12:01:32] [INFO]: 资源初始化完成, 开始处理信息. 
[2022-10-09 12:01:32] [INFO]: アトリは、高性能ですから! 
[2022-10-09 12:01:32] [INFO]: 开始尝试连接到反向WebSocket Universal服务器: ws://127.0.0.1:8088/qimenbot/ws/ 
[2022-10-09 12:01:32] [INFO]: 正在检查更新. 
[2022-10-09 12:01:32] [INFO]: CQ HTTP 服务器已启动: [::]:5700 
[2022-10-09 12:01:32] [INFO]: CQ WebSocket 服务器已启动: [::]:8087 
[2022-10-09 12:01:32] [INFO]: 已连接到反向WebSocket Universal服务器 ws://127.0.0.1:8088/qimenbot/ws/ 
[2022-10-09 12:01:33] [INFO]: 检查更新完成. 当前已运行最新版本. 
[2022-10-09 12:01:33] [INFO]: 开始诊断网络情况 
[2022-10-09 12:01:35] [INFO]: 网络诊断完成. 未发现问题 
[2022-10-09 14:25:45] [INFO]: 当前版本:v1.0.0-rc3 
[2022-10-09 14:25:45] [WARNING]: 已开启Debug模式. 
[2022-10-09 14:25:45] [INFO]: 将使用 device.json 内的设备信息运行Bot. 
[2022-10-09 14:25:45] [INFO]: Bot将在5秒后登录并开始信息处理, 按 Ctrl+C 取消. 
[2022-10-09 14:25:50] [INFO]: 开始尝试登录并同步消息... 
[2022-10-09 14:25:50] [INFO]: 使用协议: iPad 
[2022-10-09 14:25:51] [INFO]: Protocol -> connect to server: 111.31.205.233:8080 
[2022-10-09 14:25:51] [WARNING]: Protocol -> device lock is disable. http api may fail. 
[2022-10-09 14:25:53] [INFO]: 登录成功 欢迎使用: 小舞 
[2022-10-09 14:25:53] [INFO]: 开始加载好友列表... 
[2022-10-09 14:25:53] [INFO]: 共加载 6 个好友. 
[2022-10-09 14:25:53] [INFO]: 开始加载群列表... 
[2022-10-09 14:25:54] [INFO]: 共加载 16 个群. 
[2022-10-09 14:25:54] [INFO]: 资源初始化完成, 开始处理信息. 
[2022-10-09 14:25:54] [INFO]: アトリは、高性能ですから! 
[2022-10-09 14:25:54] [INFO]: 开始尝试连接到反向WebSocket Universal服务器: ws://127.0.0.1:8088/qimenbot/ws/ 
[2022-10-09 14:25:54] [INFO]: 正在检查更新. 
[2022-10-09 14:25:54] [INFO]: CQ WebSocket 服务器已启动: [::]:8087 
[2022-10-09 14:25:54] [INFO]: CQ HTTP 服务器已启动: [::]:5700 
[2022-10-09 14:25:54] [INFO]: 收到服务器地址更新通知, 将在下一次重连时应用.  
[2022-10-09 14:25:54] [INFO]: 已连接到反向WebSocket Universal服务器 ws://127.0.0.1:8088/qimenbot/ws/ 
[2022-10-09 14:25:54] [INFO]: 检查更新完成. 当前已运行最新版本. 
[2022-10-09 14:25:54] [INFO]: 开始诊断网络情况 
[2022-10-09 14:25:58] [INFO]: 网络诊断完成. 未发现问题 
[2022-10-09 14:26:10] [INFO]: 收到好友 夜空(434658198) 的消息: 位置 (-86627413) 
[2022-10-09 14:26:11] [INFO]: 发送好友 434658198(434658198)  的消息: To夜夜〔龙神血脉〕 ... (1385253758) 
[2022-10-09 14:26:15] [INFO]: 收到好友 夜空(434658198) 的消息: 魂技13 (1785280058) 
[2022-10-09 14:26:31] [INFO]: 收到好友 夜空(434658198) 的消息: 魂技1 (493749932) 
[2022-10-09 14:27:14] [WARNING]: 监听反向WS Universal时出现错误: websocket: close 1001 (going away): The web application is stopping 
[2022-10-09 14:27:37] [INFO]: 当前版本:v1.0.0-rc3 
[2022-10-09 14:27:37] [WARNING]: 已开启Debug模式. 
[2022-10-09 14:27:37] [INFO]: 将使用 device.json 内的设备信息运行Bot. 
[2022-10-09 14:27:37] [INFO]: Bot将在5秒后登录并开始信息处理, 按 Ctrl+C 取消. 
[2022-10-09 14:27:42] [INFO]: 开始尝试登录并同步消息... 
[2022-10-09 14:27:42] [INFO]: 使用协议: iPad 
[2022-10-09 14:27:43] [INFO]: Protocol -> connect to server: [::ffff:36.155.245.243]:14000 
[2022-10-09 14:27:43] [WARNING]: Protocol -> device lock is disable. http api may fail. 
[2022-10-09 14:27:45] [INFO]: 登录成功 欢迎使用: 小舞 
[2022-10-09 14:27:45] [INFO]: 开始加载好友列表... 
[2022-10-09 14:27:45] [INFO]: 共加载 6 个好友. 
[2022-10-09 14:27:45] [INFO]: 开始加载群列表... 
[2022-10-09 14:27:46] [INFO]: 共加载 16 个群. 
[2022-10-09 14:27:46] [INFO]: 资源初始化完成, 开始处理信息. 
[2022-10-09 14:27:46] [INFO]: アトリは、高性能ですから! 
[2022-10-09 14:27:46] [INFO]: 开始尝试连接到反向WebSocket Universal服务器: ws://127.0.0.1:8088/qimenbot/ws/ 
[2022-10-09 14:27:46] [INFO]: 正在检查更新. 
[2022-10-09 14:27:46] [INFO]: CQ WebSocket 服务器已启动: [::]:8087 
[2022-10-09 14:27:46] [INFO]: CQ HTTP 服务器已启动: [::]:5700 
[2022-10-09 14:27:46] [INFO]: 已连接到反向WebSocket Universal服务器 ws://127.0.0.1:8088/qimenbot/ws/ 
[2022-10-09 14:27:46] [INFO]: 检查更新完成. 当前已运行最新版本. 
[2022-10-09 14:27:46] [INFO]: 开始诊断网络情况 
[2022-10-09 14:27:49] [INFO]: 网络诊断完成. 未发现问题 
[2022-10-09 14:28:10] [INFO]: 收到好友 夜空(434658198) 的消息: 状态 (2108264265) 
[2022-10-09 14:28:11] [INFO]: 发送好友 434658198(434658198)  的消息: To夜夜〔龙神血脉〕 ... (1385253758) 
[2022-10-09 14:28:26] [INFO]: 收到好友 夜空(434658198) 的消息: 状态 (179224543) 
[2022-10-09 14:28:26] [INFO]: 发送好友 434658198(434658198)  的消息: To夜夜〔龙神血脉〕 ... (630619112) 
[2022-10-09 14:29:23] [INFO]: 收到好友 夜空(434658198) 的消息: 魂技1 (-1817711003) 
[2022-10-09 14:30:29] [WARNING]: 监听反向WS Universal时出现错误: websocket: close 1001 (going away): The web application is stopping 
[2022-10-09 14:30:51] [INFO]: 当前版本:v1.0.0-rc3 
[2022-10-09 14:30:51] [WARNING]: 已开启Debug模式. 
[2022-10-09 14:30:51] [INFO]: 将使用 device.json 内的设备信息运行Bot. 
[2022-10-09 14:30:51] [INFO]: Bot将在5秒后登录并开始信息处理, 按 Ctrl+C 取消. 
[2022-10-09 14:30:56] [INFO]: 开始尝试登录并同步消息... 
[2022-10-09 14:30:56] [INFO]: 使用协议: iPad 
[2022-10-09 14:30:56] [INFO]: Protocol -> connect to server: [::ffff:111.30.169.33]:443 
[2022-10-09 14:30:56] [WARNING]: Protocol -> device lock is disable. http api may fail. 
[2022-10-09 14:30:59] [INFO]: 登录成功 欢迎使用: 小舞 
[2022-10-09 14:30:59] [INFO]: 开始加载好友列表... 
[2022-10-09 14:30:59] [INFO]: 共加载 6 个好友. 
[2022-10-09 14:30:59] [INFO]: 开始加载群列表... 
[2022-10-09 14:31:00] [INFO]: 共加载 16 个群. 
[2022-10-09 14:31:00] [INFO]: 资源初始化完成, 开始处理信息. 
[2022-10-09 14:31:00] [INFO]: アトリは、高性能ですから! 
[2022-10-09 14:31:00] [INFO]: 开始尝试连接到反向WebSocket Universal服务器: ws://127.0.0.1:8088/qimenbot/ws/ 
[2022-10-09 14:31:00] [INFO]: 正在检查更新. 
[2022-10-09 14:31:00] [INFO]: CQ HTTP 服务器已启动: [::]:5700 
[2022-10-09 14:31:00] [INFO]: CQ WebSocket 服务器已启动: [::]:8087 
[2022-10-09 14:31:00] [INFO]: 已连接到反向WebSocket Universal服务器 ws://127.0.0.1:8088/qimenbot/ws/ 
[2022-10-09 14:31:00] [INFO]: 检查更新完成. 当前已运行最新版本. 
[2022-10-09 14:31:00] [INFO]: 开始诊断网络情况 
[2022-10-09 14:31:03] [INFO]: 网络诊断完成. 未发现问题 
[2022-10-09 14:32:18] [INFO]: 收到好友 夜空(434658198) 的消息: 魂技1 (-459219213) 
[2022-10-09 14:33:49] [WARNING]: 监听反向WS Universal时出现错误: websocket: close 1001 (going away): The web application is stopping 
[2022-10-09 14:33:50] [WARNING]: 向反向WS Universal服务器推送 Event 时出现错误: websocket: close sent 
[2022-10-09 14:34:11] [INFO]: 当前版本:v1.0.0-rc3 
[2022-10-09 14:34:11] [WARNING]: 已开启Debug模式. 
[2022-10-09 14:34:11] [INFO]: 将使用 device.json 内的设备信息运行Bot. 
[2022-10-09 14:34:11] [INFO]: Bot将在5秒后登录并开始信息处理, 按 Ctrl+C 取消. 
[2022-10-09 14:34:16] [INFO]: 开始尝试登录并同步消息... 
[2022-10-09 14:34:16] [INFO]: 使用协议: iPad 
[2022-10-09 14:34:18] [INFO]: Protocol -> connect to server: 111.30.182.254:8080 
[2022-10-09 14:34:18] [WARNING]: Protocol -> device lock is disable. http api may fail. 
[2022-10-09 14:34:20] [INFO]: 登录成功 欢迎使用: 小舞 
[2022-10-09 14:34:20] [INFO]: 开始加载好友列表... 
[2022-10-09 14:34:20] [INFO]: 共加载 6 个好友. 
[2022-10-09 14:34:20] [INFO]: 开始加载群列表... 
[2022-10-09 14:34:21] [INFO]: 共加载 16 个群. 
[2022-10-09 14:34:21] [INFO]: 资源初始化完成, 开始处理信息. 
[2022-10-09 14:34:21] [INFO]: アトリは、高性能ですから! 
[2022-10-09 14:34:21] [INFO]: 开始尝试连接到反向WebSocket Universal服务器: ws://127.0.0.1:8088/qimenbot/ws/ 
[2022-10-09 14:34:21] [INFO]: 正在检查更新. 
[2022-10-09 14:34:21] [INFO]: CQ WebSocket 服务器已启动: [::]:8087 
[2022-10-09 14:34:21] [INFO]: CQ HTTP 服务器已启动: [::]:5700 
[2022-10-09 14:34:21] [INFO]: 已连接到反向WebSocket Universal服务器 ws://127.0.0.1:8088/qimenbot/ws/ 
[2022-10-09 14:34:21] [INFO]: 检查更新完成. 当前已运行最新版本. 
[2022-10-09 14:34:21] [INFO]: 开始诊断网络情况 
[2022-10-09 14:34:24] [INFO]: 网络诊断完成. 未发现问题 
[2022-10-09 14:34:38] [INFO]: 收到好友 夜空(434658198) 的消息: 魂技1 (2059684688) 
[2022-10-09 14:43:23] [WARNING]: 监听反向WS Universal时出现错误: websocket: close 1001 (going away): The web application is stopping 
[2022-10-09 14:43:45] [INFO]: 当前版本:v1.0.0-rc3 
[2022-10-09 14:43:45] [WARNING]: 已开启Debug模式. 
[2022-10-09 14:43:45] [INFO]: 将使用 device.json 内的设备信息运行Bot. 
[2022-10-09 14:43:45] [INFO]: Bot将在5秒后登录并开始信息处理, 按 Ctrl+C 取消. 
[2022-10-09 14:43:50] [INFO]: 开始尝试登录并同步消息... 
[2022-10-09 14:43:50] [INFO]: 使用协议: iPad 
[2022-10-09 14:43:52] [INFO]: Protocol -> connect to server: 111.30.170.211:8080 
[2022-10-09 14:43:52] [WARNING]: Protocol -> device lock is disable. http api may fail. 
[2022-10-09 14:43:54] [INFO]: 登录成功 欢迎使用: 小舞 
[2022-10-09 14:43:54] [INFO]: 开始加载好友列表... 
[2022-10-09 14:43:54] [INFO]: 共加载 6 个好友. 
[2022-10-09 14:43:54] [INFO]: 开始加载群列表... 
[2022-10-09 14:43:55] [INFO]: 共加载 16 个群. 
[2022-10-09 14:43:55] [INFO]: 资源初始化完成, 开始处理信息. 
[2022-10-09 14:43:55] [INFO]: アトリは、高性能ですから! 
[2022-10-09 14:43:55] [INFO]: 开始尝试连接到反向WebSocket Universal服务器: ws://127.0.0.1:8088/qimenbot/ws/ 
[2022-10-09 14:43:55] [INFO]: 正在检查更新. 
[2022-10-09 14:43:55] [INFO]: CQ WebSocket 服务器已启动: [::]:8087 
[2022-10-09 14:43:55] [INFO]: CQ HTTP 服务器已启动: [::]:5700 
[2022-10-09 14:43:55] [INFO]: 已连接到反向WebSocket Universal服务器 ws://127.0.0.1:8088/qimenbot/ws/ 
[2022-10-09 14:43:55] [INFO]: 检查更新完成. 当前已运行最新版本. 
[2022-10-09 14:43:55] [INFO]: 开始诊断网络情况 
[2022-10-09 14:43:59] [INFO]: 网络诊断完成. 未发现问题 
[2022-10-09 14:44:38] [INFO]: 收到好友 夜空(434658198) 的消息: 魂技1 (230915014) 
[2022-10-09 14:47:02] [WARNING]: 监听反向WS Universal时出现错误: websocket: close 1001 (going away): The web application is stopping 
[2022-10-09 14:47:24] [INFO]: 当前版本:v1.0.0-rc3 
[2022-10-09 14:47:24] [WARNING]: 已开启Debug模式. 
[2022-10-09 14:47:24] [INFO]: 将使用 device.json 内的设备信息运行Bot. 
[2022-10-09 14:47:24] [INFO]: Bot将在5秒后登录并开始信息处理, 按 Ctrl+C 取消. 
[2022-10-09 14:47:29] [INFO]: 开始尝试登录并同步消息... 
[2022-10-09 14:47:29] [INFO]: 使用协议: iPad 
[2022-10-09 14:47:30] [INFO]: Protocol -> connect to server: 111.30.182.254:8080 
[2022-10-09 14:47:30] [WARNING]: Protocol -> device lock is disable. http api may fail. 
[2022-10-09 14:47:33] [INFO]: 登录成功 欢迎使用: 小舞 
[2022-10-09 14:47:33] [INFO]: 开始加载好友列表... 
[2022-10-09 14:47:33] [INFO]: 共加载 6 个好友. 
[2022-10-09 14:47:33] [INFO]: 开始加载群列表... 
[2022-10-09 14:47:33] [INFO]: 共加载 16 个群. 
[2022-10-09 14:47:33] [INFO]: 资源初始化完成, 开始处理信息. 
[2022-10-09 14:47:33] [INFO]: 开始尝试连接到反向WebSocket Universal服务器: ws://127.0.0.1:8088/qimenbot/ws/ 
[2022-10-09 14:47:33] [INFO]: アトリは、高性能ですから! 
[2022-10-09 14:47:33] [INFO]: 正在检查更新. 
[2022-10-09 14:47:33] [INFO]: CQ HTTP 服务器已启动: [::]:5700 
[2022-10-09 14:47:33] [INFO]: CQ WebSocket 服务器已启动: [::]:8087 
[2022-10-09 14:47:33] [INFO]: 已连接到反向WebSocket Universal服务器 ws://127.0.0.1:8088/qimenbot/ws/ 
[2022-10-09 14:47:34] [INFO]: 检查更新完成. 当前已运行最新版本. 
[2022-10-09 14:47:34] [INFO]: 开始诊断网络情况 
[2022-10-09 14:47:37] [INFO]: 网络诊断完成. 未发现问题 
[2022-10-09 14:48:07] [INFO]: 收到好友 夜空(434658198) 的消息: 切换武魂 (-1798690180) 
[2022-10-09 14:48:07] [INFO]: 发送好友 434658198(434658198)  的消息: 您已将武魂切换为【镰 ... (1385253758) 
[2022-10-09 14:48:13] [INFO]: 收到好友 夜空(434658198) 的消息: 魂技1 (-473097494) 
[2022-10-09 14:48:16] [INFO]: 发送好友 434658198(434658198)  的消息: To夜夜〔镰刀〕
夜 ... (630619112) 
[2022-10-09 14:48:28] [INFO]: 收到好友 夜空(434658198) 的消息: 魂技1 (1936852859) 
[2022-10-09 14:48:30] [INFO]: 发送好友 434658198(434658198)  的消息: To夜夜〔镰刀〕
夜 ... (-1141707189) 
[2022-10-09 14:48:34] [INFO]: 收到好友 夜空(434658198) 的消息: 魂技1 (74790893) 
[2022-10-09 14:48:36] [INFO]: 发送好友 434658198(434658198)  的消息: To夜夜〔镰刀〕
夜 ... (-856301859) 
[2022-10-09 14:48:40] [INFO]: 收到好友 夜空(434658198) 的消息: 魂技1 (-1381409225) 
[2022-10-09 14:48:42] [INFO]: 发送好友 434658198(434658198)  的消息: To夜夜〔镰刀〕
夜 ... (1442615143) 
[2022-10-09 14:48:45] [INFO]: 收到好友 夜空(434658198) 的消息: 魂技1 (-626102623) 
[2022-10-09 14:48:47] [INFO]: 发送好友 434658198(434658198)  的消息: To夜夜〔镰刀〕
夜 ... (586924017) 
[2022-10-09 14:49:12] [INFO]: 收到好友 夜空(434658198) 的消息: 挑战史莱姆 (1135034139) 
[2022-10-09 14:49:14] [INFO]: 发送好友 434658198(434658198)  的消息: To夜夜〔镰刀〕
战 ... (-1304124832) 
[2022-10-09 14:49:15] [INFO]: 收到好友 夜空(434658198) 的消息: 攻击 (882904973) 
[2022-10-09 14:49:17] [INFO]: 发送好友 434658198(434658198)  的消息: To夜夜〔镰刀〕
夜 ... (-985427210) 
[2022-10-09 14:49:34] [INFO]: 收到好友 夜空(434658198) 的消息: 状态 (-1429956050) 
[2022-10-09 14:49:35] [INFO]: 发送好友 434658198(434658198)  的消息: To夜夜〔镰刀〕
【 ... (-1749911151) 
[2022-10-09 14:50:23] [INFO]: 收到好友 夜空(434658198) 的消息: 切换武魂 (-574379336) 
[2022-10-09 14:50:23] [INFO]: 发送好友 434658198(434658198)  的消息: 您已将武魂切换为【龙 ... (-524990201) 
[2022-10-09 14:50:38] [INFO]: 收到好友 夜空(434658198) 的消息: 挑战哥布林 (1154153218) 
[2022-10-09 14:50:39] [WARNING]: 转换CQ码 [CQ:image,file=file:///D:\Project\JAVA\Bot\QimenBot/斗罗大陆图片/魂兽/哥布林.jpg] 时出现错误: file not found 将原样发送. 
[2022-10-09 14:50:39] [INFO]: 发送好友 434658198(434658198)  的消息: To夜夜〔龙神血脉〕 ... (2042370237) 
[2022-10-09 14:50:41] [INFO]: 收到好友 夜空(434658198) 的消息: 攻击 (869125012) 
[2022-10-09 14:50:42] [INFO]: 发送好友 434658198(434658198)  的消息: To夜夜〔龙神血脉〕 ... (247146539) 
[2022-10-09 14:50:55] [INFO]: 收到好友 夜空(434658198) 的消息: 挑战史莱姆 (-1552755195) 
[2022-10-09 14:50:56] [INFO]: 发送好友 434658198(434658198)  的消息: To夜夜〔龙神血脉〕 ... (-1864385144) 
[2022-10-09 14:51:01] [INFO]: 收到好友 夜空(434658198) 的消息: 魂技1 (-730470765) 
[2022-10-09 14:52:46] [WARNING]: 监听反向WS Universal时出现错误: websocket: close 1001 (going away): The web application is stopping 
[2022-10-09 14:53:09] [INFO]: 当前版本:v1.0.0-rc3 
[2022-10-09 14:53:09] [WARNING]: 已开启Debug模式. 
[2022-10-09 14:53:09] [INFO]: 将使用 device.json 内的设备信息运行Bot. 
[2022-10-09 14:53:09] [INFO]: Bot将在5秒后登录并开始信息处理, 按 Ctrl+C 取消. 
[2022-10-09 14:53:14] [INFO]: 开始尝试登录并同步消息... 
[2022-10-09 14:53:14] [INFO]: 使用协议: iPad 
[2022-10-09 14:53:14] [INFO]: Protocol -> connect to server: 111.30.182.254:8080 
[2022-10-09 14:53:14] [WARNING]: Protocol -> device lock is disable. http api may fail. 
[2022-10-09 14:53:17] [INFO]: 登录成功 欢迎使用: 小舞 
[2022-10-09 14:53:17] [INFO]: 开始加载好友列表... 
[2022-10-09 14:53:17] [INFO]: 共加载 6 个好友. 
[2022-10-09 14:53:17] [INFO]: 开始加载群列表... 
[2022-10-09 14:53:18] [INFO]: 共加载 16 个群. 
[2022-10-09 14:53:18] [INFO]: 资源初始化完成, 开始处理信息. 
[2022-10-09 14:53:18] [INFO]: アトリは、高性能ですから! 
[2022-10-09 14:53:18] [INFO]: 开始尝试连接到反向WebSocket Universal服务器: ws://127.0.0.1:8088/qimenbot/ws/ 
[2022-10-09 14:53:18] [INFO]: 正在检查更新. 
[2022-10-09 14:53:18] [INFO]: CQ WebSocket 服务器已启动: [::]:8087 
[2022-10-09 14:53:18] [INFO]: CQ HTTP 服务器已启动: [::]:5700 
[2022-10-09 14:53:18] [INFO]: 已连接到反向WebSocket Universal服务器 ws://127.0.0.1:8088/qimenbot/ws/ 
[2022-10-09 14:53:19] [INFO]: 检查更新完成. 当前已运行最新版本. 
[2022-10-09 14:53:19] [INFO]: 开始诊断网络情况 
[2022-10-09 14:53:21] [INFO]: 网络诊断完成. 未发现问题 
[2022-10-09 14:53:26] [INFO]: 收到好友 夜空(434658198) 的消息: 攻击 (-1263374474) 
[2022-10-09 14:53:29] [INFO]: 发送好友 434658198(434658198)  的消息: To夜夜〔龙神血脉〕 ... (1385253758) 
[2022-10-09 14:53:38] [INFO]: 收到好友 夜空(434658198) 的消息: 攻击 (-1011523616) 
[2022-10-09 14:53:39] [INFO]: 发送好友 434658198(434658198)  的消息: To夜夜〔龙神血脉〕 ... (630619112) 
[2022-10-09 14:53:46] [INFO]: 收到好友 夜空(434658198) 的消息: 位置 (1522273882) 
[2022-10-09 14:53:47] [INFO]: 发送好友 434658198(434658198)  的消息: To夜夜〔龙神血脉〕 ... (-1141707189) 
[2022-10-09 14:55:05] [INFO]: 收到好友 夜空(434658198) 的消息: 挑战哥布林 (767246028) 
[2022-10-09 14:55:06] [WARNING]: 转换CQ码 [CQ:image,file=file:///D:\Project\JAVA\Bot\QimenBot/斗罗大陆图片/魂兽/哥布林.jpg] 时出现错误: file not found 将原样发送. 
[2022-10-09 14:55:06] [INFO]: 发送好友 434658198(434658198)  的消息: To夜夜〔龙神血脉〕 ... (-856301859) 
[2022-10-09 14:55:19] [INFO]: 收到好友 夜空(434658198) 的消息: 魂技1 (-1277187217) 
[2022-10-09 14:57:31] [WARNING]: 监听反向WS Universal时出现错误: websocket: close 1001 (going away): The web application is stopping 
[2022-10-09 14:57:53] [INFO]: 当前版本:v1.0.0-rc3 
[2022-10-09 14:57:53] [WARNING]: 已开启Debug模式. 
[2022-10-09 14:57:53] [INFO]: 将使用 device.json 内的设备信息运行Bot. 
[2022-10-09 14:57:53] [INFO]: Bot将在5秒后登录并开始信息处理, 按 Ctrl+C 取消. 
[2022-10-09 14:57:58] [INFO]: 开始尝试登录并同步消息... 
[2022-10-09 14:57:58] [INFO]: 使用协议: iPad 
[2022-10-09 14:57:59] [INFO]: Protocol -> connect to server: [::ffff:111.31.205.231]:443 
[2022-10-09 14:57:59] [WARNING]: Protocol -> device lock is disable. http api may fail. 
[2022-10-09 14:58:01] [INFO]: 登录成功 欢迎使用: 小舞 
[2022-10-09 14:58:01] [INFO]: 开始加载好友列表... 
[2022-10-09 14:58:01] [INFO]: 共加载 6 个好友. 
[2022-10-09 14:58:01] [INFO]: 开始加载群列表... 
[2022-10-09 14:58:02] [INFO]: 共加载 16 个群. 
[2022-10-09 14:58:02] [INFO]: 资源初始化完成, 开始处理信息. 
[2022-10-09 14:58:02] [INFO]: アトリは、高性能ですから! 
[2022-10-09 14:58:02] [INFO]: 开始尝试连接到反向WebSocket Universal服务器: ws://127.0.0.1:8088/qimenbot/ws/ 
[2022-10-09 14:58:02] [INFO]: 正在检查更新. 
[2022-10-09 14:58:02] [INFO]: CQ HTTP 服务器已启动: [::]:5700 
[2022-10-09 14:58:02] [INFO]: CQ WebSocket 服务器已启动: [::]:8087 
[2022-10-09 14:58:02] [INFO]: 已连接到反向WebSocket Universal服务器 ws://127.0.0.1:8088/qimenbot/ws/ 
[2022-10-09 14:58:02] [INFO]: 检查更新完成. 当前已运行最新版本. 
[2022-10-09 14:58:02] [INFO]: 开始诊断网络情况 
[2022-10-09 14:58:05] [INFO]: 网络诊断完成. 未发现问题 
[2022-10-09 14:58:25] [INFO]: 收到好友 夜空(434658198) 的消息: 魂技1 (-992437255) 
[2022-10-09 14:58:51] [WARNING]: 监听反向WS Universal时出现错误: websocket: close 1001 (going away): The web application is stopping 
[2022-10-09 14:58:52] [WARNING]: 向反向WS Universal服务器推送 Event 时出现错误: websocket: close sent 
[2022-10-09 14:59:14] [INFO]: 当前版本:v1.0.0-rc3 
[2022-10-09 14:59:14] [WARNING]: 已开启Debug模式. 
[2022-10-09 14:59:14] [INFO]: 将使用 device.json 内的设备信息运行Bot. 
[2022-10-09 14:59:14] [INFO]: Bot将在5秒后登录并开始信息处理, 按 Ctrl+C 取消. 
[2022-10-09 14:59:19] [INFO]: 开始尝试登录并同步消息... 
[2022-10-09 14:59:19] [INFO]: 使用协议: iPad 
[2022-10-09 14:59:19] [INFO]: Protocol -> connect to server: 111.30.187.200:8080 
[2022-10-09 14:59:19] [WARNING]: Protocol -> device lock is disable. http api may fail. 
[2022-10-09 14:59:22] [INFO]: 登录成功 欢迎使用: 小舞 
[2022-10-09 14:59:22] [INFO]: 开始加载好友列表... 
[2022-10-09 14:59:22] [INFO]: 共加载 6 个好友. 
[2022-10-09 14:59:22] [INFO]: 开始加载群列表... 
[2022-10-09 14:59:23] [INFO]: 共加载 16 个群. 
[2022-10-09 14:59:23] [INFO]: 资源初始化完成, 开始处理信息. 
[2022-10-09 14:59:23] [INFO]: アトリは、高性能ですから! 
[2022-10-09 14:59:23] [INFO]: 开始尝试连接到反向WebSocket Universal服务器: ws://127.0.0.1:8088/qimenbot/ws/ 
[2022-10-09 14:59:23] [INFO]: 正在检查更新. 
[2022-10-09 14:59:23] [INFO]: CQ WebSocket 服务器已启动: [::]:8087 
[2022-10-09 14:59:23] [INFO]: CQ HTTP 服务器已启动: [::]:5700 
[2022-10-09 14:59:23] [INFO]: 已连接到反向WebSocket Universal服务器 ws://127.0.0.1:8088/qimenbot/ws/ 
[2022-10-09 14:59:23] [INFO]: 检查更新完成. 当前已运行最新版本. 
[2022-10-09 14:59:23] [INFO]: 开始诊断网络情况 
[2022-10-09 14:59:26] [INFO]: 网络诊断完成. 未发现问题 
[2022-10-09 14:59:47] [INFO]: 收到好友 夜空(434658198) 的消息: 魂技1 (1574029891) 
[2022-10-09 15:01:12] [WARNING]: 监听反向WS Universal时出现错误: websocket: close 1001 (going away): The web application is stopping 
[2022-10-09 15:01:34] [INFO]: 当前版本:v1.0.0-rc3 
[2022-10-09 15:01:34] [WARNING]: 已开启Debug模式. 
[2022-10-09 15:01:34] [INFO]: 将使用 device.json 内的设备信息运行Bot. 
[2022-10-09 15:01:34] [INFO]: Bot将在5秒后登录并开始信息处理, 按 Ctrl+C 取消. 
[2022-10-09 15:01:39] [INFO]: 开始尝试登录并同步消息... 
[2022-10-09 15:01:39] [INFO]: 使用协议: iPad 
[2022-10-09 15:01:39] [INFO]: Protocol -> connect to server: 111.31.200.226:8080 
[2022-10-09 15:01:40] [WARNING]: Protocol -> device lock is disable. http api may fail. 
[2022-10-09 15:01:42] [INFO]: 登录成功 欢迎使用: 小舞 
[2022-10-09 15:01:42] [INFO]: 开始加载好友列表... 
[2022-10-09 15:01:42] [INFO]: 共加载 6 个好友. 
[2022-10-09 15:01:42] [INFO]: 开始加载群列表... 
[2022-10-09 15:01:43] [INFO]: 共加载 16 个群. 
[2022-10-09 15:01:43] [INFO]: 资源初始化完成, 开始处理信息. 
[2022-10-09 15:01:43] [INFO]: アトリは、高性能ですから! 
[2022-10-09 15:01:43] [INFO]: 开始尝试连接到反向WebSocket Universal服务器: ws://127.0.0.1:8088/qimenbot/ws/ 
[2022-10-09 15:01:43] [INFO]: 正在检查更新. 
[2022-10-09 15:01:43] [INFO]: CQ WebSocket 服务器已启动: [::]:8087 
[2022-10-09 15:01:43] [INFO]: CQ HTTP 服务器已启动: [::]:5700 
[2022-10-09 15:01:43] [INFO]: 已连接到反向WebSocket Universal服务器 ws://127.0.0.1:8088/qimenbot/ws/ 
[2022-10-09 15:01:43] [INFO]: 检查更新完成. 当前已运行最新版本. 
[2022-10-09 15:01:43] [INFO]: 开始诊断网络情况 
[2022-10-09 15:01:46] [INFO]: 网络诊断完成. 未发现问题 
[2022-10-09 15:02:00] [INFO]: 收到好友 夜空(434658198) 的消息: 魂技1 (718731989) 
[2022-10-09 15:02:20] [INFO]: 收到好友 夜空(434658198) 的消息: 攻击 (-1167464636) 
[2022-10-09 15:02:22] [INFO]: 发送好友 434658198(434658198)  的消息: To夜夜〔龙神血脉〕 ... (1385253758) 
[2022-10-09 15:02:31] [INFO]: 收到好友 夜空(434658198) 的消息: 挑战哥布林 (-848373806) 
[2022-10-09 15:02:32] [WARNING]: 转换CQ码 [CQ:image,file=file:///D:\Project\JAVA\Bot\QimenBot/斗罗大陆图片/魂兽/哥布林.jpg] 时出现错误: file not found 将原样发送. 
[2022-10-09 15:02:32] [INFO]: 发送好友 434658198(434658198)  的消息: To夜夜〔龙神血脉〕 ... (630619112) 
[2022-10-09 15:02:34] [INFO]: 收到好友 夜空(434658198) 的消息: 魂技1 (-1616954187) 
[2022-10-09 15:03:44] [WARNING]: 监听反向WS Universal时出现错误: websocket: close 1001 (going away): The web application is stopping 
[2022-10-09 15:04:06] [INFO]: 当前版本:v1.0.0-rc3 
[2022-10-09 15:04:06] [WARNING]: 已开启Debug模式. 
[2022-10-09 15:04:06] [INFO]: 将使用 device.json 内的设备信息运行Bot. 
[2022-10-09 15:04:06] [INFO]: Bot将在5秒后登录并开始信息处理, 按 Ctrl+C 取消. 
[2022-10-09 15:04:11] [INFO]: 开始尝试登录并同步消息... 
[2022-10-09 15:04:11] [INFO]: 使用协议: iPad 
[2022-10-09 15:04:13] [INFO]: Protocol -> connect to server: 111.30.187.200:8080 
[2022-10-09 15:04:13] [WARNING]: Protocol -> device lock is disable. http api may fail. 
[2022-10-09 15:04:16] [INFO]: 登录成功 欢迎使用: 小舞 
[2022-10-09 15:04:16] [INFO]: 开始加载好友列表... 
[2022-10-09 15:04:16] [INFO]: 共加载 6 个好友. 
[2022-10-09 15:04:16] [INFO]: 开始加载群列表... 
[2022-10-09 15:04:16] [INFO]: 共加载 16 个群. 
[2022-10-09 15:04:17] [INFO]: 资源初始化完成, 开始处理信息. 
[2022-10-09 15:04:17] [INFO]: アトリは、高性能ですから! 
[2022-10-09 15:04:17] [INFO]: 开始尝试连接到反向WebSocket Universal服务器: ws://127.0.0.1:8088/qimenbot/ws/ 
[2022-10-09 15:04:17] [INFO]: 正在检查更新. 
[2022-10-09 15:04:17] [INFO]: CQ WebSocket 服务器已启动: [::]:8087 
[2022-10-09 15:04:17] [INFO]: CQ HTTP 服务器已启动: [::]:5700 
[2022-10-09 15:04:17] [INFO]: 已连接到反向WebSocket Universal服务器 ws://127.0.0.1:8088/qimenbot/ws/ 
[2022-10-09 15:04:17] [INFO]: 检查更新完成. 当前已运行最新版本. 
[2022-10-09 15:04:17] [INFO]: 开始诊断网络情况 
[2022-10-09 15:04:19] [INFO]: 网络诊断完成. 未发现问题 
[2022-10-09 15:04:33] [INFO]: 收到好友 夜空(434658198) 的消息: 攻击 (-392688605) 
[2022-10-09 15:04:36] [INFO]: 发送好友 434658198(434658198)  的消息: To夜夜〔龙神血脉〕 ... (1385253758) 
[2022-10-09 15:04:45] [INFO]: 收到好友 夜空(434658198) 的消息: 挑战哥布林 (1905352089) 
[2022-10-09 15:04:46] [WARNING]: 转换CQ码 [CQ:image,file=file:///D:\Project\JAVA\Bot\QimenBot/斗罗大陆图片/魂兽/哥布林.jpg] 时出现错误: file not found 将原样发送. 
[2022-10-09 15:04:46] [INFO]: 发送好友 434658198(434658198)  的消息: To夜夜〔龙神血脉〕 ... (630619112) 
[2022-10-09 15:04:54] [INFO]: 收到好友 夜空(434658198) 的消息: 魂技1 (110521615) 
[2022-10-09 15:06:51] [WARNING]: 监听反向WS Universal时出现错误: websocket: close 1001 (going away): The web application is stopping 
[2022-10-09 15:06:52] [WARNING]: 向反向WS Universal服务器推送 Event 时出现错误: websocket: close sent 
[2022-10-09 15:07:14] [INFO]: 当前版本:v1.0.0-rc3 
[2022-10-09 15:07:14] [WARNING]: 已开启Debug模式. 
[2022-10-09 15:07:14] [INFO]: 将使用 device.json 内的设备信息运行Bot. 
[2022-10-09 15:07:14] [INFO]: Bot将在5秒后登录并开始信息处理, 按 Ctrl+C 取消. 
[2022-10-09 15:07:19] [INFO]: 开始尝试登录并同步消息... 
[2022-10-09 15:07:19] [INFO]: 使用协议: iPad 
[2022-10-09 15:07:19] [INFO]: Protocol -> connect to server: 111.31.205.233:8080 
[2022-10-09 15:07:19] [WARNING]: Protocol -> device lock is disable. http api may fail. 
[2022-10-09 15:07:22] [INFO]: 登录成功 欢迎使用: 小舞 
[2022-10-09 15:07:22] [INFO]: 开始加载好友列表... 
[2022-10-09 15:07:22] [INFO]: 共加载 6 个好友. 
[2022-10-09 15:07:22] [INFO]: 开始加载群列表... 
[2022-10-09 15:07:22] [INFO]: 共加载 16 个群. 
[2022-10-09 15:07:23] [INFO]: 资源初始化完成, 开始处理信息. 
[2022-10-09 15:07:23] [INFO]: アトリは、高性能ですから! 
[2022-10-09 15:07:23] [INFO]: 开始尝试连接到反向WebSocket Universal服务器: ws://127.0.0.1:8088/qimenbot/ws/ 
[2022-10-09 15:07:23] [INFO]: 正在检查更新. 
[2022-10-09 15:07:23] [INFO]: CQ WebSocket 服务器已启动: [::]:8087 
[2022-10-09 15:07:23] [INFO]: CQ HTTP 服务器已启动: [::]:5700 
[2022-10-09 15:07:23] [INFO]: 已连接到反向WebSocket Universal服务器 ws://127.0.0.1:8088/qimenbot/ws/ 
[2022-10-09 15:07:23] [INFO]: 检查更新完成. 当前已运行最新版本. 
[2022-10-09 15:07:23] [INFO]: 开始诊断网络情况 
[2022-10-09 15:07:25] [INFO]: 网络诊断完成. 未发现问题 
[2022-10-09 15:07:36] [INFO]: 收到好友 夜空(434658198) 的消息: 魂技1 (-1728907092) 
[2022-10-09 15:08:51] [WARNING]: 监听反向WS Universal时出现错误: websocket: close 1001 (going away): The web application is stopping 
[2022-10-09 15:09:14] [INFO]: 当前版本:v1.0.0-rc3 
[2022-10-09 15:09:14] [WARNING]: 已开启Debug模式. 
[2022-10-09 15:09:14] [INFO]: 将使用 device.json 内的设备信息运行Bot. 
[2022-10-09 15:09:14] [INFO]: Bot将在5秒后登录并开始信息处理, 按 Ctrl+C 取消. 
[2022-10-09 15:09:19] [INFO]: 开始尝试登录并同步消息... 
[2022-10-09 15:09:19] [INFO]: 使用协议: iPad 
[2022-10-09 15:09:20] [INFO]: Protocol -> connect to server: [::ffff:111.31.200.210]:443 
[2022-10-09 15:09:20] [WARNING]: Protocol -> device lock is disable. http api may fail. 
[2022-10-09 15:09:22] [INFO]: 登录成功 欢迎使用: 小舞 
[2022-10-09 15:09:22] [INFO]: 开始加载好友列表... 
[2022-10-09 15:09:22] [INFO]: 共加载 6 个好友. 
[2022-10-09 15:09:22] [INFO]: 开始加载群列表... 
[2022-10-09 15:09:23] [INFO]: 共加载 16 个群. 
[2022-10-09 15:09:23] [INFO]: 资源初始化完成, 开始处理信息. 
[2022-10-09 15:09:23] [INFO]: アトリは、高性能ですから! 
[2022-10-09 15:09:23] [INFO]: 开始尝试连接到反向WebSocket Universal服务器: ws://127.0.0.1:8088/qimenbot/ws/ 
[2022-10-09 15:09:23] [INFO]: 正在检查更新. 
[2022-10-09 15:09:23] [INFO]: CQ WebSocket 服务器已启动: [::]:8087 
[2022-10-09 15:09:23] [INFO]: CQ HTTP 服务器已启动: [::]:5700 
[2022-10-09 15:09:23] [INFO]: 已连接到反向WebSocket Universal服务器 ws://127.0.0.1:8088/qimenbot/ws/ 
[2022-10-09 15:09:23] [INFO]: 检查更新完成. 当前已运行最新版本. 
[2022-10-09 15:09:23] [INFO]: 开始诊断网络情况 
[2022-10-09 15:09:24] [INFO]: 收到好友 夜空(434658198) 的消息: 攻击 (-269105094) 
[2022-10-09 15:09:26] [INFO]: 网络诊断完成. 未发现问题 
[2022-10-09 15:09:27] [INFO]: 发送好友 434658198(434658198)  的消息: To夜夜〔龙神血脉〕 ... (1385253758) 
[2022-10-09 15:09:34] [INFO]: 收到好友 夜空(434658198) 的消息: 挑战哥布林 (1996265856) 
[2022-10-09 15:09:35] [INFO]: 发送好友 434658198(434658198)  的消息: To夜夜〔龙神血脉〕 ... (630619112) 
[2022-10-09 15:09:39] [INFO]: 收到好友 夜空(434658198) 的消息: 魂技1 (33270038) 
[2022-10-09 15:11:09] [WARNING]: 监听反向WS Universal时出现错误: websocket: close 1001 (going away): The web application is stopping 
[2022-10-09 15:11:31] [INFO]: 当前版本:v1.0.0-rc3 
[2022-10-09 15:11:31] [WARNING]: 已开启Debug模式. 
[2022-10-09 15:11:31] [INFO]: 将使用 device.json 内的设备信息运行Bot. 
[2022-10-09 15:11:31] [INFO]: Bot将在5秒后登录并开始信息处理, 按 Ctrl+C 取消. 
[2022-10-09 15:11:36] [INFO]: 开始尝试登录并同步消息... 
[2022-10-09 15:11:36] [INFO]: 使用协议: iPad 
[2022-10-09 15:11:36] [INFO]: Protocol -> connect to server: 111.30.170.211:8080 
[2022-10-09 15:11:36] [WARNING]: Protocol -> device lock is disable. http api may fail. 
[2022-10-09 15:11:39] [INFO]: 登录成功 欢迎使用: 小舞 
[2022-10-09 15:11:39] [INFO]: 开始加载好友列表... 
[2022-10-09 15:11:39] [INFO]: 共加载 6 个好友. 
[2022-10-09 15:11:39] [INFO]: 开始加载群列表... 
[2022-10-09 15:11:39] [INFO]: 共加载 16 个群. 
[2022-10-09 15:11:40] [INFO]: 资源初始化完成, 开始处理信息. 
[2022-10-09 15:11:40] [INFO]: アトリは、高性能ですから! 
[2022-10-09 15:11:40] [INFO]: 开始尝试连接到反向WebSocket Universal服务器: ws://127.0.0.1:8088/qimenbot/ws/ 
[2022-10-09 15:11:40] [INFO]: 正在检查更新. 
[2022-10-09 15:11:40] [INFO]: CQ HTTP 服务器已启动: [::]:5700 
[2022-10-09 15:11:40] [INFO]: CQ WebSocket 服务器已启动: [::]:8087 
[2022-10-09 15:11:40] [INFO]: 已连接到反向WebSocket Universal服务器 ws://127.0.0.1:8088/qimenbot/ws/ 
[2022-10-09 15:11:40] [INFO]: 检查更新完成. 当前已运行最新版本. 
[2022-10-09 15:11:40] [INFO]: 开始诊断网络情况 
[2022-10-09 15:11:42] [INFO]: 网络诊断完成. 未发现问题 
[2022-10-09 15:12:13] [INFO]: 收到好友 夜空(434658198) 的消息: 魂技1 (-1857768313) 
[2022-10-09 15:13:56] [WARNING]: 监听反向WS Universal时出现错误: websocket: close 1001 (going away): The web application is stopping 
[2022-10-09 15:14:19] [INFO]: 当前版本:v1.0.0-rc3 
[2022-10-09 15:14:19] [WARNING]: 已开启Debug模式. 
[2022-10-09 15:14:19] [INFO]: 将使用 device.json 内的设备信息运行Bot. 
[2022-10-09 15:14:19] [INFO]: Bot将在5秒后登录并开始信息处理, 按 Ctrl+C 取消. 
[2022-10-09 15:14:24] [INFO]: 开始尝试登录并同步消息... 
[2022-10-09 15:14:24] [INFO]: 使用协议: iPad 
[2022-10-09 15:14:24] [INFO]: Protocol -> connect to server: 111.31.200.226:8080 
[2022-10-09 15:14:24] [WARNING]: Protocol -> device lock is disable. http api may fail. 
[2022-10-09 15:14:26] [INFO]: 登录成功 欢迎使用: 小舞 
[2022-10-09 15:14:26] [INFO]: 开始加载好友列表... 
[2022-10-09 15:14:27] [INFO]: 共加载 6 个好友. 
[2022-10-09 15:14:27] [INFO]: 开始加载群列表... 
[2022-10-09 15:14:27] [INFO]: 共加载 16 个群. 
[2022-10-09 15:14:27] [INFO]: 资源初始化完成, 开始处理信息. 
[2022-10-09 15:14:27] [INFO]: アトリは、高性能ですから! 
[2022-10-09 15:14:27] [INFO]: 开始尝试连接到反向WebSocket Universal服务器: ws://127.0.0.1:8088/qimenbot/ws/ 
[2022-10-09 15:14:27] [INFO]: 正在检查更新. 
[2022-10-09 15:14:27] [INFO]: CQ HTTP 服务器已启动: [::]:5700 
[2022-10-09 15:14:27] [INFO]: CQ WebSocket 服务器已启动: [::]:8087 
[2022-10-09 15:14:27] [INFO]: 已连接到反向WebSocket Universal服务器 ws://127.0.0.1:8088/qimenbot/ws/ 
[2022-10-09 15:14:28] [INFO]: 检查更新完成. 当前已运行最新版本. 
[2022-10-09 15:14:28] [INFO]: 开始诊断网络情况 
[2022-10-09 15:14:30] [INFO]: 网络诊断完成. 未发现问题 
[2022-10-09 15:15:26] [INFO]: 收到好友 夜空(434658198) 的消息: 魂技1 (-431782895) 
[2022-10-09 15:16:45] [WARNING]: 监听反向WS Universal时出现错误: websocket: close 1001 (going away): The web application is stopping 
[2022-10-09 15:17:07] [INFO]: 当前版本:v1.0.0-rc3 
[2022-10-09 15:17:07] [WARNING]: 已开启Debug模式. 
[2022-10-09 15:17:07] [INFO]: 将使用 device.json 内的设备信息运行Bot. 
[2022-10-09 15:17:07] [INFO]: Bot将在5秒后登录并开始信息处理, 按 Ctrl+C 取消. 
[2022-10-09 15:17:12] [INFO]: 开始尝试登录并同步消息... 
[2022-10-09 15:17:12] [INFO]: 使用协议: iPad 
[2022-10-09 15:17:13] [INFO]: Protocol -> connect to server: 111.30.170.211:8080 
[2022-10-09 15:17:13] [WARNING]: Protocol -> device lock is disable. http api may fail. 
[2022-10-09 15:17:15] [INFO]: 登录成功 欢迎使用: 小舞 
[2022-10-09 15:17:15] [INFO]: 开始加载好友列表... 
[2022-10-09 15:17:15] [INFO]: 共加载 6 个好友. 
[2022-10-09 15:17:15] [INFO]: 开始加载群列表... 
[2022-10-09 15:17:16] [INFO]: 共加载 16 个群. 
[2022-10-09 15:17:16] [INFO]: 资源初始化完成, 开始处理信息. 
[2022-10-09 15:17:16] [INFO]: 开始尝试连接到反向WebSocket Universal服务器: ws://127.0.0.1:8088/qimenbot/ws/ 
[2022-10-09 15:17:16] [INFO]: アトリは、高性能ですから! 
[2022-10-09 15:17:16] [INFO]: 正在检查更新. 
[2022-10-09 15:17:16] [INFO]: CQ HTTP 服务器已启动: [::]:5700 
[2022-10-09 15:17:16] [INFO]: CQ WebSocket 服务器已启动: [::]:8087 
[2022-10-09 15:17:16] [INFO]: 已连接到反向WebSocket Universal服务器 ws://127.0.0.1:8088/qimenbot/ws/ 
[2022-10-09 15:17:17] [INFO]: 检查更新完成. 当前已运行最新版本. 
[2022-10-09 15:17:17] [INFO]: 开始诊断网络情况 
[2022-10-09 15:17:20] [INFO]: 网络诊断完成. 未发现问题 
[2022-10-09 15:17:29] [INFO]: 收到好友 夜空(434658198) 的消息: 魂技1 (-2038166028) 
[2022-10-09 15:17:32] [INFO]: 发送好友 434658198(434658198)  的消息: To夜夜〔龙神血脉〕 ... (1385253758) 
[2022-10-09 15:17:41] [INFO]: 收到好友 夜空(434658198) 的消息: 魂技1 (-243057310) 
[2022-10-09 15:17:43] [INFO]: 发送好友 434658198(434658198)  的消息: To夜夜〔龙神血脉〕 ... (630619112) 
[2022-10-09 15:17:44] [INFO]: 收到好友 夜空(434658198) 的消息: 魂技1 (1753902296) 
[2022-10-09 15:17:45] [INFO]: 发送好友 434658198(434658198)  的消息: To夜夜〔龙神血脉〕 ... (-1141707189) 
[2022-10-09 15:17:48] [INFO]: 收到好友 夜空(434658198) 的消息: 魂技1 (529357902) 
[2022-10-09 15:17:49] [INFO]: 发送好友 434658198(434658198)  的消息: To夜夜〔龙神血脉〕 ... (-856301859) 
[2022-10-09 15:17:53] [INFO]: 收到好友 夜空(434658198) 的消息: 魂技1 (-2115384851) 
[2022-10-09 15:17:55] [INFO]: 发送好友 434658198(434658198)  的消息: To夜夜〔龙神血脉〕 ... (1442615143) 
[2022-10-09 15:18:04] [INFO]: 收到好友 夜空(434658198) 的消息: 魂技1 (-152110725) 
[2022-10-09 15:18:05] [INFO]: 发送好友 434658198(434658198)  的消息: To夜夜〔龙神血脉〕 ... (586924017) 
[2022-10-09 15:23:13] [WARNING]: 监听反向WS Universal时出现错误: websocket: close 1001 (going away): The web application is stopping 
[2022-10-09 15:23:37] [INFO]: 当前版本:v1.0.0-rc3 
[2022-10-09 15:23:37] [WARNING]: 已开启Debug模式. 
[2022-10-09 15:23:37] [INFO]: 将使用 device.json 内的设备信息运行Bot. 
[2022-10-09 15:23:37] [INFO]: Bot将在5秒后登录并开始信息处理, 按 Ctrl+C 取消. 
[2022-10-09 15:23:42] [INFO]: 开始尝试登录并同步消息... 
[2022-10-09 15:23:42] [INFO]: 使用协议: iPad 
[2022-10-09 15:23:42] [INFO]: Protocol -> connect to server: [::ffff:111.31.205.197]:443 
[2022-10-09 15:23:42] [WARNING]: Protocol -> device lock is disable. http api may fail. 
[2022-10-09 15:23:45] [INFO]: 登录成功 欢迎使用: 小舞 
[2022-10-09 15:23:45] [INFO]: 开始加载好友列表... 
[2022-10-09 15:23:45] [INFO]: 共加载 6 个好友. 
[2022-10-09 15:23:45] [INFO]: 开始加载群列表... 
[2022-10-09 15:23:46] [INFO]: 共加载 16 个群. 
[2022-10-09 15:23:46] [INFO]: 资源初始化完成, 开始处理信息. 
[2022-10-09 15:23:46] [INFO]: 开始尝试连接到反向WebSocket Universal服务器: ws://127.0.0.1:8088/qimenbot/ws/ 
[2022-10-09 15:23:46] [INFO]: アトリは、高性能ですから! 
[2022-10-09 15:23:46] [INFO]: 正在检查更新. 
[2022-10-09 15:23:46] [INFO]: CQ WebSocket 服务器已启动: [::]:8087 
[2022-10-09 15:23:46] [INFO]: CQ HTTP 服务器已启动: [::]:5700 
[2022-10-09 15:23:46] [INFO]: 已连接到反向WebSocket Universal服务器 ws://127.0.0.1:8088/qimenbot/ws/ 
[2022-10-09 15:23:46] [INFO]: 检查更新完成. 当前已运行最新版本. 
[2022-10-09 15:23:46] [INFO]: 开始诊断网络情况 
[2022-10-09 15:23:49] [INFO]: 网络诊断完成. 未发现问题 
[2022-10-09 15:23:57] [INFO]: 收到好友 夜空(434658198) 的消息: 攻击 (1877452993) 
[2022-10-09 15:24:00] [INFO]: 发送好友 434658198(434658198)  的消息: To夜夜〔龙神血脉〕 ... (1385253758) 
[2022-10-09 15:24:19] [INFO]: 收到好友 夜空(434658198) 的消息: 挑战哥布林 (417372247) 
[2022-10-09 15:24:20] [WARNING]: 转换CQ码 [CQ:image,file=file:///D:\Project\JAVA\Bot\QimenBot/斗罗大陆图片/魂兽/哥布林.jpg] 时出现错误: file not found 将原样发送. 
[2022-10-09 15:24:20] [INFO]: 发送好友 434658198(434658198)  的消息: To夜夜〔龙神血脉〕 ... (630619112) 
[2022-10-09 15:24:25] [INFO]: 收到好友 夜空(434658198) 的消息: 魂技1 (-2007005754) 
[2022-10-09 15:24:28] [INFO]: 发送好友 434658198(434658198)  的消息: To夜夜〔龙神血脉〕 ... (-1141707189) 
[2022-10-09 15:24:32] [INFO]: 昨日 夜空(434658198) 在群 557647235 内发言最积极, 获得 龙王 标识。 
[2022-10-09 15:26:24] [INFO]: 收到好友 夜空(434658198) 的消息: 挑战哥布林 (-10963632) 
[2022-10-09 15:26:26] [WARNING]: 转换CQ码 [CQ:image,file=file:///D:\Project\JAVA\Bot\QimenBot/斗罗大陆图片/魂兽/哥布林.jpg] 时出现错误: file not found 将原样发送. 
[2022-10-09 15:26:26] [INFO]: 发送好友 434658198(434658198)  的消息: To夜夜〔龙神血脉〕 ... (-856301859) 
[2022-10-09 15:26:28] [INFO]: 收到好友 夜空(434658198) 的消息: 魂技1 (-909796557) 
[2022-10-09 15:26:31] [INFO]: 发送好友 434658198(434658198)  的消息: To夜夜〔龙神血脉〕 ... (1442615143) 
[2022-10-09 15:27:14] [INFO]: 收到好友 夜空(434658198) 的消息: 挑战哥布林 (-1094538331) 
[2022-10-09 15:27:16] [WARNING]: 转换CQ码 [CQ:image,file=file:///D:\Project\JAVA\Bot\QimenBot/斗罗大陆图片/魂兽/哥布林.jpg] 时出现错误: file not found 将原样发送. 
[2022-10-09 15:27:16] [INFO]: 发送好友 434658198(434658198)  的消息: To夜夜〔龙神血脉〕 ... (586924017) 
[2022-10-09 15:27:17] [INFO]: 收到好友 夜空(434658198) 的消息: 魂技1 (667679263) 
[2022-10-09 15:27:20] [INFO]: 发送好友 434658198(434658198)  的消息: To夜夜〔龙神血脉〕 ... (-1304124832) 
[2022-10-09 15:27:42] [INFO]: 收到好友 夜空(434658198) 的消息: 挑战哥布林 (1355598473) 
[2022-10-09 15:27:43] [WARNING]: 转换CQ码 [CQ:image,file=file:///D:\Project\JAVA\Bot\QimenBot/斗罗大陆图片/魂兽/哥布林.jpg] 时出现错误: file not found 将原样发送. 
[2022-10-09 15:27:43] [INFO]: 发送好友 434658198(434658198)  的消息: To夜夜〔龙神血脉〕 ... (-985427210) 
[2022-10-09 15:27:44] [INFO]: 收到好友 夜空(434658198) 的消息: 魂技1 (-827826390) 
[2022-10-09 15:27:47] [INFO]: 发送好友 434658198(434658198)  的消息: To夜夜〔龙神血脉〕 ... (-1749911151) 
[2022-10-09 15:28:17] [INFO]: 收到好友 夜空(434658198) 的消息: 挑战哥布林 (-1179684932) 
[2022-10-09 15:28:18] [WARNING]: 转换CQ码 [CQ:image,file=file:///D:\Project\JAVA\Bot\QimenBot/斗罗大陆图片/魂兽/哥布林.jpg] 时出现错误: file not found 将原样发送. 
[2022-10-09 15:28:18] [INFO]: 发送好友 434658198(434658198)  的消息: To夜夜〔龙神血脉〕 ... (-524990201) 
[2022-10-09 15:28:19] [INFO]: 收到好友 夜空(434658198) 的消息: 攻击 (-671588543) 
[2022-10-09 15:28:21] [INFO]: 发送好友 434658198(434658198)  的消息: To夜夜〔龙神血脉〕 ... (2042370237) 
[2022-10-09 15:28:32] [INFO]: 收到好友 夜空(434658198) 的消息: 挑战哥布林 (547765766) 
[2022-10-09 15:28:33] [WARNING]: 转换CQ码 [CQ:image,file=file:///D:\Project\JAVA\Bot\QimenBot/斗罗大陆图片/魂兽/哥布林.jpg] 时出现错误: file not found 将原样发送. 
[2022-10-09 15:28:33] [INFO]: 发送好友 434658198(434658198)  的消息: To夜夜〔龙神血脉〕 ... (247146539) 
[2022-10-09 15:28:34] [INFO]: 收到好友 夜空(434658198) 的消息: 魂技1 (1324420859) 
[2022-10-09 15:28:37] [INFO]: 发送好友 434658198(434658198)  的消息: To夜夜〔龙神血脉〕 ... (-1864385144) 
[2022-10-09 15:29:40] [INFO]: 收到好友 夜空(434658198) 的消息: 挑战哥布林 (1470172816) 
[2022-10-09 15:29:41] [WARNING]: 转换CQ码 [CQ:image,file=file:///D:\Project\JAVA\Bot\QimenBot/斗罗大陆图片/魂兽/哥布林.jpg] 时出现错误: file not found 将原样发送. 
[2022-10-09 15:29:41] [INFO]: 发送好友 434658198(434658198)  的消息: To夜夜〔龙神血脉〕 ... (-405238498) 
[2022-10-09 15:29:45] [INFO]: 收到好友 夜空(434658198) 的消息: 魂技1 (972439149) 
[2022-10-09 15:29:47] [INFO]: 发送好友 434658198(434658198)  的消息: To夜夜〔龙神血脉〕 ... (2127682724) 
[2022-10-09 15:33:11] [INFO]: 收到好友 夜空(434658198) 的消息: 魂技1 (-954330367) 
[2022-10-09 15:33:14] [INFO]: 发送好友 434658198(434658198)  的消息: To夜夜〔龙神血脉〕 ... (165080114) 
[2022-10-09 15:35:34] [WARNING]: 监听反向WS Universal时出现错误: websocket: close 1001 (going away): The web application is stopping 
[2022-10-09 15:35:57] [INFO]: 当前版本:v1.0.0-rc3 
[2022-10-09 15:35:57] [WARNING]: 已开启Debug模式. 
[2022-10-09 15:35:57] [INFO]: 将使用 device.json 内的设备信息运行Bot. 
[2022-10-09 15:35:57] [INFO]: Bot将在5秒后登录并开始信息处理, 按 Ctrl+C 取消. 
[2022-10-09 15:36:02] [INFO]: 开始尝试登录并同步消息... 
[2022-10-09 15:36:02] [INFO]: 使用协议: iPad 
[2022-10-09 15:36:02] [INFO]: Protocol -> connect to server: [::ffff:111.31.200.226]:80 
[2022-10-09 15:36:02] [WARNING]: Protocol -> device lock is disable. http api may fail. 
[2022-10-09 15:36:05] [INFO]: 登录成功 欢迎使用: 小舞 
[2022-10-09 15:36:05] [INFO]: 开始加载好友列表... 
[2022-10-09 15:36:05] [INFO]: 共加载 6 个好友. 
[2022-10-09 15:36:05] [INFO]: 开始加载群列表... 
[2022-10-09 15:36:06] [INFO]: 共加载 16 个群. 
[2022-10-09 15:36:06] [INFO]: 资源初始化完成, 开始处理信息. 
[2022-10-09 15:36:06] [INFO]: アトリは、高性能ですから! 
[2022-10-09 15:36:06] [INFO]: 开始尝试连接到反向WebSocket Universal服务器: ws://127.0.0.1:8088/qimenbot/ws/ 
[2022-10-09 15:36:06] [INFO]: 正在检查更新. 
[2022-10-09 15:36:06] [INFO]: CQ WebSocket 服务器已启动: [::]:8087 
[2022-10-09 15:36:06] [INFO]: CQ HTTP 服务器已启动: [::]:5700 
[2022-10-09 15:36:06] [INFO]: 已连接到反向WebSocket Universal服务器 ws://127.0.0.1:8088/qimenbot/ws/ 
[2022-10-09 15:36:06] [INFO]: 检查更新完成. 当前已运行最新版本. 
[2022-10-09 15:36:06] [INFO]: 开始诊断网络情况 
[2022-10-09 15:36:09] [INFO]: 网络诊断完成. 未发现问题 
[2022-10-09 15:36:44] [INFO]: 收到好友 夜空(434658198) 的消息: 魂技1 (-1340529769) 
[2022-10-09 15:36:48] [INFO]: 发送好友 434658198(434658198)  的消息: To夜夜〔龙神血脉〕 ... (1385253758) 
[2022-10-09 15:36:57] [INFO]: 收到好友 夜空(434658198) 的消息: 魂技1 (-790713742) 
[2022-10-09 15:36:59] [INFO]: 收到好友 夜空(434658198) 的消息: 魂技1 (-1478911260) 
[2022-10-09 15:36:59] [INFO]: 发送好友 434658198(434658198)  的消息: To夜夜〔龙神血脉〕 ... (630619112) 
[2022-10-09 15:37:00] [INFO]: 发送好友 434658198(434658198)  的消息: To夜夜〔龙神血脉〕 ... (-1141707189) 
[2022-10-09 15:37:06] [INFO]: 收到好友 夜空(434658198) 的消息: 魂技1 (1053870942) 
[2022-10-09 15:37:08] [INFO]: 发送好友 434658198(434658198)  的消息: To夜夜〔龙神血脉〕 ... (-856301859) 
[2022-10-09 15:37:11] [INFO]: 收到好友 夜空(434658198) 的消息: 魂技1 (1238891464) 
[2022-10-09 15:37:12] [INFO]: 发送好友 434658198(434658198)  的消息: To夜夜〔龙神血脉〕 ... (1442615143) 
[2022-10-09 15:37:21] [INFO]: 收到好友 夜空(434658198) 的消息: 魂技1 (-676106645) 
[2022-10-09 15:37:24] [INFO]: 发送好友 434658198(434658198)  的消息: To夜夜〔龙神血脉〕 ... (586924017) 
[2022-10-09 15:37:30] [INFO]: 收到好友 夜空(434658198) 的消息: 魂技1 (-1598791939) 
[2022-10-09 15:37:32] [INFO]: 发送好友 434658198(434658198)  的消息: To夜夜〔龙神血脉〕 ... (-1304124832) 
[2022-10-09 16:01:51] [WARNING]: 监听反向WS Universal时出现错误: websocket: close 1001 (going away): The web application is stopping 
[2022-10-09 16:01:51] [WARNING]: 向反向WS Universal服务器推送 Event 时出现错误: websocket: close sent 
[2022-10-09 16:02:14] [INFO]: 当前版本:v1.0.0-rc3 
[2022-10-09 16:02:14] [WARNING]: 已开启Debug模式. 
[2022-10-09 16:02:14] [INFO]: 将使用 device.json 内的设备信息运行Bot. 
[2022-10-09 16:02:14] [INFO]: Bot将在5秒后登录并开始信息处理, 按 Ctrl+C 取消. 
[2022-10-09 16:02:19] [INFO]: 开始尝试登录并同步消息... 
[2022-10-09 16:02:19] [INFO]: 使用协议: iPad 
[2022-10-09 16:02:20] [INFO]: Protocol -> connect to server: [::ffff:111.30.169.33]:443 
[2022-10-09 16:02:20] [WARNING]: Protocol -> device lock is disable. http api may fail. 
[2022-10-09 16:02:22] [INFO]: 登录成功 欢迎使用: 小舞 
[2022-10-09 16:02:22] [INFO]: 开始加载好友列表... 
[2022-10-09 16:02:22] [INFO]: 共加载 6 个好友. 
[2022-10-09 16:02:22] [INFO]: 开始加载群列表... 
[2022-10-09 16:02:23] [INFO]: 收到服务器地址更新通知, 将在下一次重连时应用.  
[2022-10-09 16:02:23] [INFO]: 共加载 16 个群. 
[2022-10-09 16:02:23] [INFO]: 资源初始化完成, 开始处理信息. 
[2022-10-09 16:02:23] [INFO]: アトリは、高性能ですから! 
[2022-10-09 16:02:23] [INFO]: 开始尝试连接到反向WebSocket Universal服务器: ws://127.0.0.1:8088/qimenbot/ws/ 
[2022-10-09 16:02:23] [INFO]: 正在检查更新. 
[2022-10-09 16:02:23] [INFO]: CQ HTTP 服务器已启动: [::]:5700 
[2022-10-09 16:02:23] [INFO]: CQ WebSocket 服务器已启动: [::]:8087 
[2022-10-09 16:02:23] [INFO]: 已连接到反向WebSocket Universal服务器 ws://127.0.0.1:8088/qimenbot/ws/ 
[2022-10-09 16:02:24] [INFO]: 检查更新完成. 当前已运行最新版本. 
[2022-10-09 16:02:24] [INFO]: 开始诊断网络情况 
[2022-10-09 16:02:25] [INFO]: 收到好友 夜空(434658198) 的消息: 魂技1 (968691527) 
[2022-10-09 16:02:27] [INFO]: 网络诊断完成. 未发现问题 
[2022-10-09 16:08:10] [WARNING]: 监听反向WS Universal时出现错误: websocket: close 1001 (going away): The web application is stopping 
[2022-10-09 16:08:33] [INFO]: 当前版本:v1.0.0-rc3 
[2022-10-09 16:08:33] [WARNING]: 已开启Debug模式. 
[2022-10-09 16:08:33] [INFO]: 将使用 device.json 内的设备信息运行Bot. 
[2022-10-09 16:08:33] [INFO]: Bot将在5秒后登录并开始信息处理, 按 Ctrl+C 取消. 
[2022-10-09 16:08:38] [INFO]: 开始尝试登录并同步消息... 
[2022-10-09 16:08:38] [INFO]: 使用协议: iPad 
[2022-10-09 16:08:39] [INFO]: Protocol -> connect to server: [::ffff:36.155.248.73]:14000 
[2022-10-09 16:08:39] [WARNING]: Protocol -> device lock is disable. http api may fail. 
[2022-10-09 16:08:41] [INFO]: 登录成功 欢迎使用: 小舞 
[2022-10-09 16:08:41] [INFO]: 开始加载好友列表... 
[2022-10-09 16:08:41] [INFO]: 共加载 6 个好友. 
[2022-10-09 16:08:41] [INFO]: 开始加载群列表... 
[2022-10-09 16:08:42] [INFO]: 共加载 16 个群. 
[2022-10-09 16:08:42] [INFO]: 资源初始化完成, 开始处理信息. 
[2022-10-09 16:08:42] [INFO]: アトリは、高性能ですから! 
[2022-10-09 16:08:42] [INFO]: 开始尝试连接到反向WebSocket Universal服务器: ws://127.0.0.1:8088/qimenbot/ws/ 
[2022-10-09 16:08:42] [INFO]: 正在检查更新. 
[2022-10-09 16:08:42] [INFO]: CQ WebSocket 服务器已启动: [::]:8087 
[2022-10-09 16:08:42] [INFO]: CQ HTTP 服务器已启动: [::]:5700 
[2022-10-09 16:08:42] [INFO]: 已连接到反向WebSocket Universal服务器 ws://127.0.0.1:8088/qimenbot/ws/ 
[2022-10-09 16:08:42] [INFO]: 检查更新完成. 当前已运行最新版本. 
[2022-10-09 16:08:42] [INFO]: 开始诊断网络情况 
[2022-10-09 16:08:45] [INFO]: 网络诊断完成. 未发现问题 
[2022-10-09 16:08:49] [INFO]: 收到好友 夜空(434658198) 的消息: 魂技1 (1320828881) 
[2022-10-09 16:08:52] [INFO]: 发送好友 434658198(434658198)  的消息: To夜夜〔龙神血脉〕 ... (1385253758) 
[2022-10-09 16:09:16] [INFO]: 收到好友 夜空(434658198) 的消息: 魂技1 (-570088896) 
[2022-10-09 16:09:19] [INFO]: 发送好友 434658198(434658198)  的消息: To夜夜〔龙神血脉〕 ... (630619112) 
[2022-10-09 16:09:34] [INFO]: 收到好友 夜空(434658198) 的消息: 魂技1 (-1459481898) 
[2022-10-09 16:09:37] [INFO]: 发送好友 434658198(434658198)  的消息: To夜夜〔龙神血脉〕 ... (-1141707189) 
[2022-10-09 16:09:46] [INFO]: 收到好友 夜空(434658198) 的消息: 魂技1 (-67896911) 
[2022-10-09 16:09:48] [INFO]: 发送好友 434658198(434658198)  的消息: To夜夜〔龙神血脉〕 ... (-856301859) 
[2022-10-09 16:09:53] [INFO]: 收到好友 夜空(434658198) 的消息: 魂技1 (-1930114777) 
[2022-10-09 16:09:55] [INFO]: 收到好友 夜空(434658198) 的消息: 魂技1 (368941213) 
[2022-10-09 16:09:55] [INFO]: 发送好友 434658198(434658198)  的消息: To夜夜〔龙神血脉〕 ... (1442615143) 
[2022-10-09 16:09:56] [INFO]: 发送好友 434658198(434658198)  的消息: To夜夜〔龙神血脉〕 ... (586924017) 
[2022-10-09 16:09:58] [INFO]: 收到好友 夜空(434658198) 的消息: 魂技1 (1660594187) 
[2022-10-09 16:09:59] [INFO]: 发送好友 434658198(434658198)  的消息: To夜夜〔龙神血脉〕 ... (-1304124832) 
[2022-10-09 16:10:01] [INFO]: 收到好友 夜空(434658198) 的消息: 魂技1 (-56738392) 
[2022-10-09 16:10:03] [INFO]: 发送好友 434658198(434658198)  的消息: To夜夜〔龙神血脉〕 ... (-985427210) 
[2022-10-09 16:10:05] [INFO]: 收到好友 夜空(434658198) 的消息: 魂技1 (-1952903874) 
[2022-10-09 16:10:07] [INFO]: 发送好友 434658198(434658198)  的消息: To夜夜〔龙神血脉〕 ... (-1749911151) 
[2022-10-09 16:10:10] [INFO]: 收到好友 夜空(434658198) 的消息: 魂技1 (311450756) 
[2022-10-09 16:10:13] [INFO]: 发送好友 434658198(434658198)  的消息: To夜夜〔龙神血脉〕 ... (-524990201) 
[2022-10-09 16:10:16] [INFO]: 收到好友 夜空(434658198) 的消息: 魂技1 (1704422418) 
[2022-10-09 16:10:18] [INFO]: 发送好友 434658198(434658198)  的消息: To夜夜〔龙神血脉〕 ... (2042370237) 
[2022-10-09 16:10:18] [INFO]: 收到好友 夜空(434658198) 的消息: 魂技1 (-181898877) 
[2022-10-09 16:10:20] [INFO]: 发送好友 434658198(434658198)  的消息: To夜夜〔龙神血脉〕 ... (247146539) 
[2022-10-09 16:18:34] [WARNING]: 监听反向WS Universal时出现错误: websocket: close 1001 (going away): The web application is stopping 
[2022-10-09 16:18:56] [INFO]: 当前版本:v1.0.0-rc3 
[2022-10-09 16:18:56] [WARNING]: 已开启Debug模式. 
[2022-10-09 16:18:56] [INFO]: 将使用 device.json 内的设备信息运行Bot. 
[2022-10-09 16:18:56] [INFO]: Bot将在5秒后登录并开始信息处理, 按 Ctrl+C 取消. 
[2022-10-09 16:19:01] [INFO]: 开始尝试登录并同步消息... 
[2022-10-09 16:19:01] [INFO]: 使用协议: iPad 
[2022-10-09 16:25:03] [INFO]: 当前版本:v1.0.0-rc3 
[2022-10-09 16:25:03] [WARNING]: 已开启Debug模式. 
[2022-10-09 16:25:03] [INFO]: 将使用 device.json 内的设备信息运行Bot. 
[2022-10-09 16:25:03] [INFO]: Bot将在5秒后登录并开始信息处理, 按 Ctrl+C 取消. 
[2022-10-09 16:25:08] [INFO]: 开始尝试登录并同步消息... 
[2022-10-09 16:25:08] [INFO]: 使用协议: iPad 
[2022-10-09 16:25:08] [INFO]: Protocol -> connect to server: 111.31.200.226:8080 
[2022-10-09 16:25:08] [WARNING]: Protocol -> device lock is disable. http api may fail. 
[2022-10-09 16:25:11] [INFO]: 登录成功 欢迎使用: 小舞 
[2022-10-09 16:25:11] [INFO]: 开始加载好友列表... 
[2022-10-09 16:25:11] [INFO]: 共加载 6 个好友. 
[2022-10-09 16:25:11] [INFO]: 开始加载群列表... 
[2022-10-09 16:25:12] [INFO]: 共加载 16 个群. 
[2022-10-09 16:25:12] [INFO]: 资源初始化完成, 开始处理信息. 
[2022-10-09 16:25:12] [INFO]: アトリは、高性能ですから! 
[2022-10-09 16:25:12] [INFO]: 开始尝试连接到反向WebSocket Universal服务器: ws://127.0.0.1:8088/qimenbot/ws/ 
[2022-10-09 16:25:12] [INFO]: 正在检查更新. 
[2022-10-09 16:25:12] [INFO]: CQ HTTP 服务器已启动: [::]:5700 
[2022-10-09 16:25:12] [INFO]: CQ WebSocket 服务器已启动: [::]:8087 
[2022-10-09 16:25:12] [INFO]: 已连接到反向WebSocket Universal服务器 ws://127.0.0.1:8088/qimenbot/ws/ 
[2022-10-09 16:25:12] [INFO]: 检查更新完成. 当前已运行最新版本. 
[2022-10-09 16:25:12] [INFO]: 开始诊断网络情况 
[2022-10-09 16:25:15] [INFO]: 网络诊断完成. 未发现问题 
[2022-10-09 16:25:39] [INFO]: 收到好友 夜空(434658198) 的消息: 位置 (-2110832363) 
[2022-10-09 16:25:41] [INFO]: 发送好友 434658198(434658198)  的消息: To夜夜〔龙神血脉〕 ... (1385253758) 
[2022-10-09 16:25:45] [WARNING]: 监听反向WS Universal时出现错误: websocket: close 1001 (going away): The web application is stopping 
[2022-10-09 16:48:57] [INFO]: 当前版本:v1.0.0-rc3 
[2022-10-09 16:48:57] [WARNING]: 已开启Debug模式. 
[2022-10-09 16:48:57] [INFO]: 将使用 device.json 内的设备信息运行Bot. 
[2022-10-09 16:48:57] [INFO]: Bot将在5秒后登录并开始信息处理, 按 Ctrl+C 取消. 
[2022-10-09 16:49:02] [INFO]: 开始尝试登录并同步消息... 
[2022-10-09 16:49:02] [INFO]: 使用协议: iPad 
[2022-10-09 16:49:02] [INFO]: Protocol -> connect to server: [::ffff:36.155.201.31]:14000 
[2022-10-09 16:49:02] [WARNING]: Protocol -> device lock is disable. http api may fail. 
[2022-10-09 16:49:05] [INFO]: 登录成功 欢迎使用: 小舞 
[2022-10-09 16:49:05] [INFO]: 开始加载好友列表... 
[2022-10-09 16:49:05] [INFO]: 共加载 6 个好友. 
[2022-10-09 16:49:05] [INFO]: 开始加载群列表... 
[2022-10-09 16:49:05] [INFO]: 收到服务器地址更新通知, 将在下一次重连时应用.  
[2022-10-09 16:49:06] [INFO]: 共加载 16 个群. 
[2022-10-09 16:49:06] [INFO]: 资源初始化完成, 开始处理信息. 
[2022-10-09 16:49:06] [INFO]: アトリは、高性能ですから! 
[2022-10-09 16:49:06] [INFO]: 开始尝试连接到反向WebSocket Universal服务器: ws://127.0.0.1:8088/qimenbot/ws/ 
[2022-10-09 16:49:06] [INFO]: 正在检查更新. 
[2022-10-09 16:49:06] [INFO]: CQ WebSocket 服务器已启动: [::]:8087 
[2022-10-09 16:49:06] [INFO]: CQ HTTP 服务器已启动: [::]:5700 
[2022-10-09 16:49:06] [INFO]: 已连接到反向WebSocket Universal服务器 ws://127.0.0.1:8088/qimenbot/ws/ 
[2022-10-09 16:49:06] [INFO]: 检查更新完成. 当前已运行最新版本. 
[2022-10-09 16:49:06] [INFO]: 开始诊断网络情况 
[2022-10-09 16:49:10] [INFO]: 网络诊断完成. 未发现问题 
[2022-10-09 16:49:24] [WARNING]: 监听反向WS Universal时出现错误: websocket: close 1001 (going away): The web application is stopping 
[2022-10-09 19:09:59] [INFO]: 当前版本:v1.0.0-rc3 
[2022-10-09 19:09:59] [WARNING]: 已开启Debug模式. 
[2022-10-09 19:09:59] [INFO]: 将使用 device.json 内的设备信息运行Bot. 
[2022-10-09 19:09:59] [INFO]: Bot将在5秒后登录并开始信息处理, 按 Ctrl+C 取消. 
[2022-10-09 19:10:04] [INFO]: 开始尝试登录并同步消息... 
[2022-10-09 19:10:04] [INFO]: 使用协议: iPad 
[2022-10-09 19:10:06] [INFO]: Protocol -> connect to server: [::ffff:111.30.169.66]:80 
[2022-10-09 19:10:06] [WARNING]: Protocol -> device lock is disable. http api may fail. 
[2022-10-09 19:10:08] [INFO]: 登录成功 欢迎使用: 小舞 
[2022-10-09 19:10:08] [INFO]: 开始加载好友列表... 
[2022-10-09 19:10:08] [INFO]: 共加载 6 个好友. 
[2022-10-09 19:10:08] [INFO]: 开始加载群列表... 
[2022-10-09 19:10:09] [INFO]: 收到服务器地址更新通知, 将在下一次重连时应用.  
[2022-10-09 19:10:09] [INFO]: 共加载 16 个群. 
[2022-10-09 19:10:09] [INFO]: 资源初始化完成, 开始处理信息. 
[2022-10-09 19:10:09] [INFO]: アトリは、高性能ですから! 
[2022-10-09 19:10:09] [INFO]: 开始尝试连接到反向WebSocket Universal服务器: ws://127.0.0.1:8088/qimenbot/ws/ 
[2022-10-09 19:10:09] [INFO]: 正在检查更新. 
[2022-10-09 19:10:09] [INFO]: CQ WebSocket 服务器已启动: [::]:8087 
[2022-10-09 19:10:09] [INFO]: CQ HTTP 服务器已启动: [::]:5700 
[2022-10-09 19:10:09] [INFO]: 已连接到反向WebSocket Universal服务器 ws://127.0.0.1:8088/qimenbot/ws/ 
[2022-10-09 19:10:10] [INFO]: 检查更新完成. 当前已运行最新版本. 
[2022-10-09 19:10:10] [INFO]: 开始诊断网络情况 
[2022-10-09 19:10:12] [INFO]: 网络诊断完成. 未发现问题 
[2022-10-09 19:10:14] [WARNING]: 监听反向WS Universal时出现错误: websocket: close 1001 (going away): The web application is stopping 
[2022-10-09 19:10:14] [WARNING]: 向反向WS Universal服务器推送 Event 时出现错误: websocket: close sent 
[2022-10-09 19:12:47] [INFO]: 当前版本:v1.0.0-rc3 
[2022-10-09 19:12:47] [WARNING]: 已开启Debug模式. 
[2022-10-09 19:12:47] [INFO]: 将使用 device.json 内的设备信息运行Bot. 
[2022-10-09 19:12:47] [INFO]: Bot将在5秒后登录并开始信息处理, 按 Ctrl+C 取消. 
[2022-10-09 19:12:52] [INFO]: 开始尝试登录并同步消息... 
[2022-10-09 19:12:52] [INFO]: 使用协议: iPad 
[2022-10-09 19:12:52] [INFO]: Protocol -> connect to server: 111.30.187.200:8080 
[2022-10-09 19:12:53] [WARNING]: Protocol -> device lock is disable. http api may fail. 
[2022-10-09 19:14:04] [INFO]: 当前版本:v1.0.0-rc3 
[2022-10-09 19:14:04] [WARNING]: 已开启Debug模式. 
[2022-10-09 19:14:04] [INFO]: 将使用 device.json 内的设备信息运行Bot. 
[2022-10-09 19:14:04] [INFO]: Bot将在5秒后登录并开始信息处理, 按 Ctrl+C 取消. 
[2022-10-09 19:14:09] [INFO]: 开始尝试登录并同步消息... 
[2022-10-09 19:14:09] [INFO]: 使用协议: iPad 
[2022-10-09 19:14:09] [INFO]: Protocol -> connect to server: 111.31.205.231:8080 
[2022-10-09 19:14:09] [WARNING]: Protocol -> device lock is disable. http api may fail. 
[2022-10-09 19:14:12] [INFO]: 登录成功 欢迎使用: 小舞 
[2022-10-09 19:14:12] [INFO]: 开始加载好友列表... 
[2022-10-09 19:14:12] [INFO]: 共加载 6 个好友. 
[2022-10-09 19:14:12] [INFO]: 开始加载群列表... 
[2022-10-09 19:14:13] [INFO]: 共加载 16 个群. 
[2022-10-09 19:15:39] [INFO]: 当前版本:v1.0.0-rc3 
[2022-10-09 19:15:39] [WARNING]: 已开启Debug模式. 
[2022-10-09 19:15:39] [INFO]: 将使用 device.json 内的设备信息运行Bot. 
[2022-10-09 19:15:39] [INFO]: Bot将在5秒后登录并开始信息处理, 按 Ctrl+C 取消. 
[2022-10-09 19:15:44] [INFO]: 开始尝试登录并同步消息... 
[2022-10-09 19:15:44] [INFO]: 使用协议: iPad 
[2022-10-09 19:15:45] [INFO]: Protocol -> connect to server: [::ffff:111.31.205.197]:443 
[2022-10-09 19:15:45] [WARNING]: Protocol -> device lock is disable. http api may fail. 
[2022-10-09 19:16:49] [INFO]: 当前版本:v1.0.0-rc3 
[2022-10-09 19:16:49] [WARNING]: 已开启Debug模式. 
[2022-10-09 19:16:49] [INFO]: 将使用 device.json 内的设备信息运行Bot. 
[2022-10-09 19:16:49] [INFO]: Bot将在5秒后登录并开始信息处理, 按 Ctrl+C 取消. 
[2022-10-09 19:16:54] [INFO]: 开始尝试登录并同步消息... 
[2022-10-09 19:16:54] [INFO]: 使用协议: iPad 
[2022-10-09 19:16:55] [INFO]: Protocol -> connect to server: 111.30.170.211:8080 
[2022-10-09 19:16:55] [WARNING]: Protocol -> device lock is disable. http api may fail. 
[2022-10-09 19:18:32] [INFO]: 当前版本:v1.0.0-rc3 
[2022-10-09 19:18:32] [WARNING]: 已开启Debug模式. 
[2022-10-09 19:18:32] [INFO]: 将使用 device.json 内的设备信息运行Bot. 
[2022-10-09 19:18:32] [INFO]: Bot将在5秒后登录并开始信息处理, 按 Ctrl+C 取消. 
[2022-10-09 19:18:37] [INFO]: 开始尝试登录并同步消息... 
[2022-10-09 19:18:37] [INFO]: 使用协议: iPad 
[2022-10-09 19:18:37] [INFO]: Protocol -> connect to server: [::ffff:111.30.169.58]:443 
[2022-10-09 19:18:37] [WARNING]: Protocol -> device lock is disable. http api may fail. 
[2022-10-09 19:18:40] [INFO]: 登录成功 欢迎使用: 小舞 
[2022-10-09 19:18:40] [INFO]: 开始加载好友列表... 
[2022-10-09 19:18:40] [INFO]: 共加载 6 个好友. 
[2022-10-09 19:18:40] [INFO]: 开始加载群列表... 
[2022-10-09 19:18:40] [INFO]: 共加载 16 个群. 
[2022-10-09 19:18:41] [INFO]: 资源初始化完成, 开始处理信息. 
[2022-10-09 19:18:41] [INFO]: アトリは、高性能ですから! 
[2022-10-09 19:18:41] [INFO]: 开始尝试连接到反向WebSocket Universal服务器: ws://127.0.0.1:8088/qimenbot/ws/ 
[2022-10-09 19:18:41] [INFO]: 正在检查更新. 
[2022-10-09 19:18:41] [INFO]: CQ WebSocket 服务器已启动: [::]:8087 
[2022-10-09 19:18:41] [INFO]: CQ HTTP 服务器已启动: [::]:5700 
[2022-10-09 19:18:41] [INFO]: 已连接到反向WebSocket Universal服务器 ws://127.0.0.1:8088/qimenbot/ws/ 
[2022-10-09 19:18:41] [INFO]: 检查更新完成. 当前已运行最新版本. 
[2022-10-09 19:18:41] [INFO]: 开始诊断网络情况 
[2022-10-09 19:18:44] [INFO]: 网络诊断完成. 未发现问题 
[2022-10-09 19:54:23] [WARNING]: 监听反向WS Universal时出现错误: websocket: close 1001 (going away): The web application is stopping 
[2022-10-09 19:54:46] [INFO]: 当前版本:v1.0.0-rc3 
[2022-10-09 19:54:46] [WARNING]: 已开启Debug模式. 
[2022-10-09 19:54:46] [INFO]: 将使用 device.json 内的设备信息运行Bot. 
[2022-10-09 19:54:46] [INFO]: Bot将在5秒后登录并开始信息处理, 按 Ctrl+C 取消. 
[2022-10-09 19:54:51] [INFO]: 开始尝试登录并同步消息... 
[2022-10-09 19:54:51] [INFO]: 使用协议: iPad 
[2022-10-09 19:54:52] [INFO]: Protocol -> connect to server: 111.30.182.254:8080 
[2022-10-09 19:54:52] [WARNING]: Protocol -> device lock is disable. http api may fail. 
[2022-10-09 19:54:54] [INFO]: 登录成功 欢迎使用: 小舞 
[2022-10-09 19:54:54] [INFO]: 开始加载好友列表... 
[2022-10-09 19:54:54] [INFO]: 共加载 6 个好友. 
[2022-10-09 19:54:54] [INFO]: 开始加载群列表... 
[2022-10-09 19:54:55] [INFO]: 收到服务器地址更新通知, 将在下一次重连时应用.  
[2022-10-09 19:54:55] [INFO]: 共加载 16 个群. 
[2022-10-09 19:54:55] [INFO]: 资源初始化完成, 开始处理信息. 
[2022-10-09 19:54:55] [INFO]: 开始尝试连接到反向WebSocket Universal服务器: ws://127.0.0.1:8088/qimenbot/ws/ 
[2022-10-09 19:54:55] [INFO]: アトリは、高性能ですから! 
[2022-10-09 19:54:55] [INFO]: 正在检查更新. 
[2022-10-09 19:54:55] [INFO]: CQ HTTP 服务器已启动: [::]:5700 
[2022-10-09 19:54:55] [INFO]: CQ WebSocket 服务器已启动: [::]:8087 
[2022-10-09 19:54:55] [INFO]: 已连接到反向WebSocket Universal服务器 ws://127.0.0.1:8088/qimenbot/ws/ 
[2022-10-09 19:54:56] [INFO]: 检查更新完成. 当前已运行最新版本. 
[2022-10-09 19:54:56] [INFO]: 开始诊断网络情况 
[2022-10-09 19:54:58] [INFO]: 网络诊断完成. 未发现问题 
[2022-10-09 19:55:36] [WARNING]: 监听反向WS Universal时出现错误: websocket: close 1001 (going away): The web application is stopping 
