[2022-10-11 00:06:48] [WARNING]: ç›‘å¬åå‘WS Universalæ—¶å‡ºçŽ°é”™è¯¯: read tcp 127.0.0.1:55002->127.0.0.1:8088: wsarecv: An existing connection was forcibly closed by the remote host. 
[2022-10-11 00:06:49] [WARNING]: å‘åå‘WS UniversalæœåŠ¡å™¨æŽ¨é€ Event æ—¶å‡ºçŽ°é”™è¯¯: write tcp 127.0.0.1:55002->127.0.0.1:8088: wsasend: An existing connection was forcibly closed by the remote host. 
[2022-10-11 00:06:52] [INFO]: å¼€å§‹å°è¯•è¿žæŽ¥åˆ°åå‘WebSocket UniversalæœåŠ¡å™¨: ws://127.0.0.1:8088/qimenbot/ws/ 
[2022-10-11 00:06:54] [WARNING]: è¿žæŽ¥åˆ°åå‘WebSocket UniversalæœåŠ¡å™¨ ws://127.0.0.1:8088/qimenbot/ws/ æ—¶å‡ºçŽ°é”™è¯¯: dial tcp 127.0.0.1:8088: connectex: No connection could be made because the target machine actively refused it. 
[2022-10-11 14:15:38] [INFO]: å½“å‰ç‰ˆæœ¬:v1.0.0-rc3 
[2022-10-11 14:15:38] [WARNING]: å·²å¼€å¯Debugæ¨¡å¼. 
[2022-10-11 14:15:38] [INFO]: å°†ä½¿ç”¨ device.json å†…çš„è®¾å¤‡ä¿¡æ¯è¿è¡ŒBot. 
[2022-10-11 14:15:38] [INFO]: Botå°†åœ¨5ç§’åŽç™»å½•å¹¶å¼€å§‹ä¿¡æ¯å¤„ç†, æŒ‰ Ctrl+C å–æ¶ˆ. 
[2022-10-11 14:15:43] [INFO]: å¼€å§‹å°è¯•ç™»å½•å¹¶åŒæ­¥æ¶ˆæ¯... 
[2022-10-11 14:15:43] [INFO]: ä½¿ç”¨åè®®: iPad 
[2022-10-11 14:15:44] [INFO]: Protocol -> connect to server: 111.30.187.200:8080 
[2022-10-11 14:15:44] [WARNING]: Protocol -> device lock is disable. http api may fail. 
[2022-10-11 14:15:47] [INFO]: ç™»å½•æˆåŠŸ æ¬¢è¿Žä½¿ç”¨: å°èˆž 
[2022-10-11 14:15:47] [INFO]: å¼€å§‹åŠ è½½å¥½å‹åˆ—è¡¨... 
[2022-10-11 14:15:47] [INFO]: å…±åŠ è½½ 6 ä¸ªå¥½å‹. 
[2022-10-11 14:15:47] [INFO]: å¼€å§‹åŠ è½½ç¾¤åˆ—è¡¨... 
[2022-10-11 14:15:47] [INFO]: æ”¶åˆ°æœåŠ¡å™¨åœ°å€æ›´æ–°é€šçŸ¥, å°†åœ¨ä¸‹ä¸€æ¬¡é‡è¿žæ—¶åº”ç”¨.  
[2022-10-11 14:15:48] [INFO]: å…±åŠ è½½ 16 ä¸ªç¾¤. 
[2022-10-11 14:15:48] [INFO]: èµ„æºåˆå§‹åŒ–å®Œæˆ, å¼€å§‹å¤„ç†ä¿¡æ¯. 
[2022-10-11 14:15:48] [INFO]: ã‚¢ãƒˆãƒªã¯ã€é«˜æ€§èƒ½ã§ã™ã‹ã‚‰! 
[2022-10-11 14:15:48] [INFO]: å¼€å§‹å°è¯•è¿žæŽ¥åˆ°åå‘WebSocket UniversalæœåŠ¡å™¨: ws://127.0.0.1:8088/qimenbot/ws/ 
[2022-10-11 14:15:48] [INFO]: æ­£åœ¨æ£€æŸ¥æ›´æ–°. 
[2022-10-11 14:15:48] [INFO]: CQ WebSocket æœåŠ¡å™¨å·²å¯åŠ¨: [::]:8087 
[2022-10-11 14:15:48] [INFO]: CQ HTTP æœåŠ¡å™¨å·²å¯åŠ¨: [::]:5700 
[2022-10-11 14:15:48] [INFO]: å·²è¿žæŽ¥åˆ°åå‘WebSocket UniversalæœåŠ¡å™¨ ws://127.0.0.1:8088/qimenbot/ws/ 
[2022-10-11 14:15:48] [INFO]: æ£€æŸ¥æ›´æ–°å®Œæˆ. å½“å‰å·²è¿è¡Œæœ€æ–°ç‰ˆæœ¬. 
[2022-10-11 14:15:48] [INFO]: å¼€å§‹è¯Šæ–­ç½‘ç»œæƒ…å†µ 
[2022-10-11 14:15:51] [INFO]: ç½‘ç»œè¯Šæ–­å®Œæˆ. æœªå‘çŽ°é—®é¢˜ 
[2022-10-11 14:16:13] [INFO]: æ”¶åˆ°ç¾¤ æ–—ç½—å¤§é™†Â·S2å…¬æµ‹ä¸€ç¾¤(557647235) å†… å¤œç©º(434658198) çš„æ¶ˆæ¯: [CQ:image,file=0e7d0b9325102362be334ae05c5a89c4.image,subType=0,url=https://gchat.qpic.cn/gchatpic_new/434658198/557647235-2850849610-0E7D0B9325102362BE334AE05C5A89C4/0?term=3] (-1260604352) 
[2022-10-11 14:16:32] [INFO]: æ”¶åˆ°ç¾¤ æ–—ç½—å¤§é™†Â·S2å…¬æµ‹ä¸€ç¾¤(557647235) å†… å¤œç©º(434658198) çš„æ¶ˆæ¯: [CQ:image,file=602de840b0db3c3fc93c7ddc5f23e537.image,subType=0,url=https://gchat.qpic.cn/gchatpic_new/434658198/557647235-2976439046-602DE840B0DB3C3FC93C7DDC5F23E537/0?term=3] (-1009023786) 
[2022-10-11 14:16:57] [INFO]: æ”¶åˆ°ç¾¤ æ–—ç½—å¤§é™†Â·S2å…¬æµ‹ä¸€ç¾¤(557647235) å†… å¤œç©º(434658198) çš„æ¶ˆæ¯: Pythonæµ‹è¯• (1399101767) 
[2022-10-11 14:16:58] [INFO]: å‘é€ç¾¤ æ–—ç½—å¤§é™†Â·S2å…¬æµ‹ä¸€ç¾¤(557647235) çš„æ¶ˆæ¯: Pythonæ‹“å±•ç»¼åˆ ... (610511313) 
[2022-10-11 14:16:58] [INFO]: å‘é€ç¾¤ æ–—ç½—å¤§é™†Â·S2å…¬æµ‹ä¸€ç¾¤(557647235) çš„æ¶ˆæ¯: Pythonæ‹“å±•ç¾¤èŠ ... (1151606836) 
[2022-10-11 14:17:30] [INFO]: æ”¶åˆ°ç¾¤ æ–—ç½—å¤§é™†Â·S2å…¬æµ‹ä¸€ç¾¤(557647235) å†… å¤œç©º(434658198) çš„æ¶ˆæ¯: [CQ:image,file=26b68e712c5f54c480d936633dfb8e50.image,subType=0,url=https://gchat.qpic.cn/gchatpic_new/434658198/557647235-2340287466-26B68E712C5F54C480D936633DFB8E50/0?term=3] (866324642) 
[2022-10-11 14:17:37] [INFO]: æ”¶åˆ°ç¾¤ æ–—ç½—å¤§é™†Â·S2å…¬æµ‹ä¸€ç¾¤(557647235) å†… å¤œç©º(434658198) çš„æ¶ˆæ¯: æ’ä»¶å°±æ”¾åœ¨è¿™ä¸ªç›®å½•ä¸‹ (-1431682792) 
[2022-10-11 14:17:51] [INFO]: æ”¶åˆ°ç¾¤ æ–—ç½—å¤§é™†Â·S2å…¬æµ‹ä¸€ç¾¤(557647235) å†… å¤œç©º(434658198) çš„æ¶ˆæ¯: [CQ:image,file=554a9d3dfa5cd6fa43b7bbede06cec82.image,subType=0,url=https://gchat.qpic.cn/gchatpic_new/434658198/557647235-2364254196-554A9D3DFA5CD6FA43B7BBEDE06CEC82/0?term=3] (-575835762) 
[2022-10-11 14:18:19] [INFO]: æ”¶åˆ°ç¾¤ æ–—ç½—å¤§é™†Â·S2å…¬æµ‹ä¸€ç¾¤(557647235) å†… ðŸƒå°˜è½ðŸƒ(2367645814) çš„æ¶ˆæ¯: [CQ:image,file=efc346a172d31e698ef3e75c4d9a2dcf.image,subType=1,url=https://gchat.qpic.cn/gchatpic_new/2367645814/557647235-2761892210-EFC346A172D31E698EF3E75C4D9A2DCF/0?term=3] (1137304621) 
[2022-10-11 14:18:27] [INFO]: æ”¶åˆ°ç¾¤ æ–—ç½—å¤§é™†Â·S2å…¬æµ‹ä¸€ç¾¤(557647235) å†… ðŸƒå°˜è½ðŸƒ(2367645814) çš„æ¶ˆæ¯: ä¸ºå•¥å¯ä»¥å…¼å®¹py (885970107) 
[2022-10-11 14:18:36] [INFO]: æ”¶åˆ°ç¾¤ æ–—ç½—å¤§é™†Â·S2å…¬æµ‹ä¸€ç¾¤(557647235) å†… ðŸƒå°˜è½ðŸƒ(2367645814) çš„æ¶ˆæ¯: [CQ:image,file=df9aab3982c546620d88f617c3a6e555.image,subType=7,url=https://gchat.qpic.cn/gchatpic_new/2367645814/557647235-2690599668-DF9AAB3982C546620D88F617C3A6E555/0?term=3] (-1379433215) 
[2022-10-11 14:18:43] [INFO]: æ”¶åˆ°ç¾¤ æ–—ç½—å¤§é™†Â·S2å…¬æµ‹ä¸€ç¾¤(557647235) å†… å¤œç©º(434658198) çš„æ¶ˆæ¯: [CQ:image,file=8e63eb1008cfcaf36236c3d14ad36981.image,subType=1,url=https://gchat.qpic.cn/gchatpic_new/434658198/557647235-3182739656-8E63EB1008CFCAF36236C3D14AD36981/0?term=3] (-624904809) 
[2022-10-11 14:18:51] [INFO]: æ”¶åˆ°ç¾¤ æ–—ç½—å¤§é™†Â·S2å…¬æµ‹ä¸€ç¾¤(557647235) å†… å¤œç©º(434658198) çš„æ¶ˆæ¯: ä¸ºäº†ç®€å•åŒ– (1249880070) 
[2022-10-11 14:18:57] [INFO]: æ”¶åˆ°ç¾¤ æ–—ç½—å¤§é™†Â·S2å…¬æµ‹ä¸€ç¾¤(557647235) å†… å¤œç©º(434658198) çš„æ¶ˆæ¯: ç®€å•çš„å†™æ‹“å±• (1031313552) 
[2022-10-11 14:19:18] [INFO]: æ”¶åˆ°ç¾¤ æ–—ç½—å¤§é™†Â·S2å…¬æµ‹ä¸€ç¾¤(557647235) å†… å¤œç©º(434658198) çš„æ¶ˆæ¯: æ¯”å¦‚ä½ å†™çš„æ‹“å±•æ”¾åˆ°pluginsä¸‹äº† (-1019462405) 
[2022-10-11 14:19:23] [INFO]: æ”¶åˆ°ç¾¤ æ–—ç½—å¤§é™†Â·S2å…¬æµ‹ä¸€ç¾¤(557647235) å†… å¤œç©º(434658198) çš„æ¶ˆæ¯: é»˜è®¤æ˜¯ä¸ä¼šåŠ è½½çš„ (-1271198611) 
[2022-10-11 14:19:31] [INFO]: æ”¶åˆ°ç¾¤ æ–—ç½—å¤§é™†Â·S2å…¬æµ‹ä¸€ç¾¤(557647235) å†… ðŸƒå°˜è½ðŸƒ(2367645814) çš„æ¶ˆæ¯: javaé˜”ä»¥è°ƒpyä¹ˆ (758275543) 
[2022-10-11 14:19:48] [INFO]: æ”¶åˆ°ç¾¤ æ–—ç½—å¤§é™†Â·S2å…¬æµ‹ä¸€ç¾¤(557647235) å†… å¤œç©º(434658198) çš„æ¶ˆæ¯: [CQ:image,file=7bb49a0e4653fb134f186eeeb702dec1.image,subType=0,url=https://gchat.qpic.cn/gchatpic_new/434658198/557647235-3166950218-7BB49A0E4653FB134F186EEEB702DEC1/0?term=3] (1513450817) 
[2022-10-11 14:20:04] [INFO]: æ”¶åˆ°ç¾¤ æ–—ç½—å¤§é™†Â·S2å…¬æµ‹ä¸€ç¾¤(557647235) å†… å¤œç©º(434658198) çš„æ¶ˆæ¯: [CQ:image,file=377c22488a19ee67502464f64dcd6cb7.image,subType=0,url=https://gchat.qpic.cn/gchatpic_new/434658198/557647235-3045928604-377C22488A19EE67502464F64DCD6CB7/0?term=3] (-1001260830) 
[2022-10-11 14:20:14] [INFO]: æ”¶åˆ°ç¾¤ æ–—ç½—å¤§é™†Â·S2å…¬æµ‹ä¸€ç¾¤(557647235) å†… å¤œç©º(434658198) çš„æ¶ˆæ¯: è¦åœ¨è¿™é‡Œæ·»ä¸Šä½ è¦åŠ è½½çš„æ’ä»¶ (-1286158220) 
[2022-10-11 14:20:21] [INFO]: æ”¶åˆ°ç¾¤ æ–—ç½—å¤§é™†Â·S2å…¬æµ‹ä¸€ç¾¤(557647235) å†… å¤œç©º(434658198) çš„æ¶ˆæ¯: è¿™æ ·æ‰èƒ½åŠ è½½ (710908366) 
[2022-10-11 14:20:28] [INFO]: æ”¶åˆ°ç¾¤ æ–—ç½—å¤§é™†Â·S2å…¬æµ‹ä¸€ç¾¤(557647235) å†… å¤œç©º(434658198) çš„æ¶ˆæ¯: [CQ:at,qq=2367645814] å¯ä»¥å•Š (1566091608) 
[2022-10-11 14:20:35] [INFO]: æ”¶åˆ°ç¾¤ æ–—ç½—å¤§é™†Â·S2å…¬æµ‹ä¸€ç¾¤(557647235) å†… ðŸƒå°˜è½ðŸƒ(2367645814) çš„æ¶ˆæ¯: pyæœ‰ä¸ªè§£é‡Šå™¨ (-840452919) 
[2022-10-11 14:20:55] [INFO]: æ”¶åˆ°ç¾¤ æ–—ç½—å¤§é™†Â·S2å…¬æµ‹ä¸€ç¾¤(557647235) å†… ðŸƒå°˜è½ðŸƒ(2367645814) çš„æ¶ˆæ¯: å¥½åƒæ˜¯è½¬javaå­—èŠ‚ç çš„ (-1159691169) 
[2022-10-11 14:21:15] [INFO]: æ”¶åˆ°ç¾¤ æ–—ç½—å¤§é™†Â·S2å…¬æµ‹ä¸€ç¾¤(557647235) å†… å¤œç©º(434658198) çš„æ¶ˆæ¯: [CQ:image,file=23a85bd4af0518dbd0f4111850818942.image,subType=0,url=https://gchat.qpic.cn/gchatpic_new/434658198/557647235-2933800458-23A85BD4AF0518DBD0F4111850818942/0?term=3] (-634974790) 
[2022-10-11 14:21:17] [INFO]: æ”¶åˆ°ç¾¤ æ–—ç½—å¤§é™†Â·S2å…¬æµ‹ä¸€ç¾¤(557647235) å†… å¤œç©º(434658198) çš„æ¶ˆæ¯: [CQ:image,file=34ebba64697bcffa1738dbc6877ecd81.image,subType=1,url=https://gchat.qpic.cn/gchatpic_new/434658198/557647235-2910333732-34EBBA64697BCFFA1738DBC6877ECD81/0?term=3] (-1390396116) 
[2022-10-11 14:21:34] [INFO]: æ”¶åˆ°ç¾¤ æ–—ç½—å¤§é™†Â·S2å…¬æµ‹ä¸€ç¾¤(557647235) å†… å¤œç©º(434658198) çš„æ¶ˆæ¯: æ¸¸æˆå†…ç½®äº†ä¸ªpython (875130006) 
[2022-10-11 14:21:49] [INFO]: æ”¶åˆ°ç¾¤ æ–—ç½—å¤§é™†Â·S2å…¬æµ‹ä¸€ç¾¤(557647235) å†… ðŸƒå°˜è½ðŸƒ(2367645814) çš„æ¶ˆæ¯: è¿™æ ·æ˜¯å§ (1127111680) 
[2022-10-11 14:21:56] [INFO]: æ”¶åˆ°ç¾¤ æ–—ç½—å¤§é™†Â·S2å…¬æµ‹ä¸€ç¾¤(557647235) å†… å¤œç©º(434658198) çš„æ¶ˆæ¯: javaè°ƒç”¨åœ¨è¿™ä¸ªç›®å½•ä¸‹ (-582301277) 
[2022-10-11 14:22:03] [INFO]: æ”¶åˆ°ç¾¤ æ–—ç½—å¤§é™†Â·S2å…¬æµ‹ä¸€ç¾¤(557647235) å†… ðŸƒå°˜è½ðŸƒ(2367645814) çš„æ¶ˆæ¯: æˆ‘è¿˜ä»¥ä¸ºjdkç›´æŽ¥è¿è¡Œpyä»£ç  (-1437730507) 
[2022-10-11 14:22:05] [INFO]: æ”¶åˆ°ç¾¤ æ–—ç½—å¤§é™†Â·S2å…¬æµ‹ä¸€ç¾¤(557647235) å†… ðŸƒå°˜è½ðŸƒ(2367645814) çš„æ¶ˆæ¯: äººéƒ½å‚»äº† (860137615) 
[2022-10-11 14:22:20] [INFO]: æ”¶åˆ°ç¾¤ æ–—ç½—å¤§é™†Â·S2å…¬æµ‹ä¸€ç¾¤(557647235) å†… å¤œç©º(434658198) çš„æ¶ˆæ¯: è°ƒç”¨å‡½æ•°è¦python2 (1145280537) 
[2022-10-11 14:22:23] [INFO]: æ”¶åˆ°ç¾¤ æ–—ç½—å¤§é™†Â·S2å…¬æµ‹ä¸€ç¾¤(557647235) å†… å¤œç©º(434658198) çš„æ¶ˆæ¯: ç‰ˆæœ¬å¤ªä½Ž (-721648248) 
[2022-10-11 14:22:35] [INFO]: æ”¶åˆ°ç¾¤ æ–—ç½—å¤§é™†Â·S2å…¬æµ‹ä¸€ç¾¤(557647235) å†… å¤œç©º(434658198) çš„æ¶ˆæ¯: æ‰€æœ‰æ¢è¿™ç§æ–¹å¼äº† (-1543785186) 
[2022-10-11 14:22:53] [INFO]: æ”¶åˆ°ç¾¤ æ–—ç½—å¤§é™†Â·S2å…¬æµ‹ä¸€ç¾¤(557647235) å†… å¤œç©º(434658198) çš„æ¶ˆæ¯: ç›´æŽ¥é€šè¿‡è°ƒç”¨ç±»ä¼¼cmdå‘½ä»¤ (170384580) 
[2022-10-11 14:23:02] [INFO]: æ”¶åˆ°ç¾¤ æ–—ç½—å¤§é™†Â·S2å…¬æµ‹ä¸€ç¾¤(557647235) å†… å¤œç©º(434658198) çš„æ¶ˆæ¯: è°ƒç”¨pythonè¿è¡Œè¿™ä¸ªä»£ç  (2099309650) 
[2022-10-11 14:23:24] [INFO]: æ”¶åˆ°ç¾¤ æ–—ç½—å¤§é™†Â·S2å…¬æµ‹ä¸€ç¾¤(557647235) å†… å¤œç©º(434658198) çš„æ¶ˆæ¯: ç„¶åŽæŠ“å–æ‰“å°çš„å†…å®¹ (-467026456) 
[2022-10-11 14:23:28] [INFO]: æ”¶åˆ°ç¾¤ æ–—ç½—å¤§é™†Â·S2å…¬æµ‹ä¸€ç¾¤(557647235) å†… å¤œç©º(434658198) çš„æ¶ˆæ¯: å…¼å®¹æ€§æ›´å¼º (-1825665666) 
[2022-10-11 14:25:55] [INFO]: æ”¶åˆ°ç¾¤ æ–—ç½—å¤§é™†Â·S2å…¬æµ‹ä¸€ç¾¤(557647235) å†… å¤œç©º(434658198) çš„æ¶ˆæ¯: https://gitee.com/lvyunqi/dldlol-Bot/blob/Java-Beta/Docs/UserData.md (222959837) 
[2022-10-11 14:26:03] [INFO]: æ”¶åˆ°ç¾¤ æ–—ç½—å¤§é™†Â·S2å…¬æµ‹ä¸€ç¾¤(557647235) å†… å¤œç©º(434658198) çš„æ¶ˆæ¯: è¿™æ˜¯å®žçŽ°çš„æŽ¥å£ (2051876939) 
[2022-10-11 14:26:12] [INFO]: æ”¶åˆ°ç¾¤ æ–—ç½—å¤§é™†Â·S2å…¬æµ‹ä¸€ç¾¤(557647235) å†… å¤œç©º(434658198) çš„æ¶ˆæ¯: å°±å†™äº†ä¸¤ä¸ªæŽ¥å£ (-482051599) 
[2022-10-11 14:26:14] [INFO]: æ”¶åˆ°ç¾¤ æ–—ç½—å¤§é™†Â·S2å…¬æµ‹ä¸€ç¾¤(557647235) å†… å¤œç©º(434658198) çš„æ¶ˆæ¯: ã€‚ã€‚ã€‚ã€‚ (-1807529625) 
[2022-10-11 14:26:21] [INFO]: æ”¶åˆ°ç¾¤ æ–—ç½—å¤§é™†Â·S2å…¬æµ‹ä¸€ç¾¤(557647235) å†… å¤œç©º(434658198) çš„æ¶ˆæ¯: å®žåœ¨æ²¡æ—¶é—´ (83645686) 
[2022-10-11 14:26:53] [INFO]: æ”¶åˆ°ç¾¤ æ–—ç½—å¤§é™†Â·S2å…¬æµ‹ä¸€ç¾¤(557647235) å†… ðŸƒå°˜è½ðŸƒ(2367645814) çš„æ¶ˆæ¯: å¼ºå•Š (1945855072) 
[2022-10-11 14:28:30] [INFO]: æ”¶åˆ°ç¾¤ æ–—ç½—å¤§é™†Â·S2å…¬æµ‹ä¸€ç¾¤(557647235) å†… å¤œç©º(434658198) çš„æ¶ˆæ¯: [CQ:image,file=34ebba64697bcffa1738dbc6877ecd81.image,subType=1,url=https://gchat.qpic.cn/gchatpic_new/434658198/557647235-2989405778-34EBBA64697BCFFA1738DBC6877ECD81/0?term=3] (322760069) 
[2022-10-11 14:32:11] [INFO]: æ”¶åˆ°ç¾¤ æ–—ç½—å¤§é™†Â·S2å…¬æµ‹ä¸€ç¾¤(557647235) å†… å¤œç©º(434658198) çš„æ¶ˆæ¯: [CQ:image,file=4766e21ddddf834cf2d8f8a15d21df39.image,subType=0,url=https://gchat.qpic.cn/gchatpic_new/434658198/557647235-2714795522-4766E21DDDDF834CF2D8F8A15D21DF39/0?term=3] (1681644819) 
[2022-10-11 14:32:22] [INFO]: æ”¶åˆ°ç¾¤ æ–—ç½—å¤§é™†Â·S2å…¬æµ‹ä¸€ç¾¤(557647235) å†… å¤œç©º(434658198) çš„æ¶ˆæ¯: https://gitee.com/lvyunqi/dldlol-Bot/blob/Java-Beta/Docs/UserList.md (-47018839) 
[2022-10-11 14:32:34] [INFO]: æ”¶åˆ°ç¾¤ æ–—ç½—å¤§é™†Â·S2å…¬æµ‹ä¸€ç¾¤(557647235) å†… å¤œç©º(434658198) çš„æ¶ˆæ¯: [CQ:image,file=cb8250f5325613333ff48a4e5fec0ab2.image,subType=0,url=https://gchat.qpic.cn/gchatpic_new/434658198/557647235-2683077624-CB8250F5325613333FF48A4E5FEC0AB2/0?term=3] (-1976189889) 
[2022-10-11 14:32:44] [INFO]: æ”¶åˆ°ç¾¤ æ–—ç½—å¤§é™†Â·S2å…¬æµ‹ä¸€ç¾¤(557647235) å†… å¤œç©º(434658198) çš„æ¶ˆæ¯: [CQ:image,file=3902a2920d42dca08b756a0e018720e8.image,subType=0,url=https://gchat.qpic.cn/gchatpic_new/434658198/557647235-3104105148-3902A2920D42DCA08B756A0E018720E8/0?term=3] (340863388) 
[2022-10-11 14:33:41] [INFO]: æ”¶åˆ°ç¾¤ æ–—ç½—å¤§é™†Â·S2å…¬æµ‹ä¸€ç¾¤(557647235) å†… å¤œç©º(434658198) çš„æ¶ˆæ¯: [CQ:at,qq=2367645814] æ¥å†™ (1666586890) 
[2022-10-11 14:44:23] [INFO]: æ”¶åˆ°ç¾¤ æ–—ç½—å¤§é™†Â·S2å…¬æµ‹ä¸€ç¾¤(557647235) å†… å¤œç©º(434658198) çš„æ¶ˆæ¯: è¿™ä¸ªpythonæ‹“å±•è¿˜æœ‰å¾ˆå¤šåŠŸèƒ½æ²¡æœ‰å®žçŽ° (-94418768) 
[2022-10-11 14:44:29] [INFO]: æ”¶åˆ°ç¾¤ æ–—ç½—å¤§é™†Â·S2å…¬æµ‹ä¸€ç¾¤(557647235) å†… å¤œç©º(434658198) çš„æ¶ˆæ¯: æ¯”å¦‚è‰¾ç‰¹æŸæŸæŸ (-1923581914) 
[2022-10-11 14:44:39] [INFO]: æ”¶åˆ°ç¾¤ æ–—ç½—å¤§é™†Â·S2å…¬æµ‹ä¸€ç¾¤(557647235) å†… å¤œç©º(434658198) çš„æ¶ˆæ¯: æŸæŸåŠ ç¾¤ï¼Œé€€ç¾¤ç­‰ (501704119) 
[2022-10-11 14:44:50] [INFO]: æ”¶åˆ°ç¾¤ æ–—ç½—å¤§é™†Â·S2å…¬æµ‹ä¸€ç¾¤(557647235) å†… å¤œç©º(434658198) çš„æ¶ˆæ¯: éƒ½è¿˜æ²¡å®žçŽ° (1793086753) 
[2022-10-11 14:45:10] [INFO]: æ”¶åˆ°ç¾¤ æ–—ç½—å¤§é™†Â·S2å…¬æµ‹ä¸€ç¾¤(557647235) å†… å¤œç©º(434658198) çš„æ¶ˆæ¯: ä½†æ˜¯è¦æ˜¯äº†è§£gocq (940686918) 
[2022-10-11 14:45:43] [INFO]: æ”¶åˆ°ç¾¤ æ–—ç½—å¤§é™†Â·S2å…¬æµ‹ä¸€ç¾¤(557647235) å†… å¤œç©º(434658198) çš„æ¶ˆæ¯: æœ¬äº‹å°±å¯ä»¥å¿½ç•¥æˆ‘ç”»çš„åœˆï¼ŒåŽ»å®žçŽ°æ›´å¤šçš„åŠŸèƒ½ (1326878416) 
[2022-10-11 14:49:32] [INFO]: æ”¶åˆ°ç¾¤ æ–—ç½—å¤§é™†Â·S2å…¬æµ‹ä¸€ç¾¤(557647235) å†… å¤œç©º(434658198) çš„æ¶ˆæ¯: ä½ç½® (-702554262) 
[2022-10-11 14:49:33] [INFO]: å‘é€ç¾¤ æ–—ç½—å¤§é™†Â·S2å…¬æµ‹ä¸€ç¾¤(557647235) çš„æ¶ˆæ¯: Toå¤œå¤œã€”é•°åˆ€ã€•
ã€ ... (-1592201220) 
[2022-10-11 14:50:20] [INFO]: æ”¶åˆ°ç¾¤ æ–—ç½—å¤§é™†Â·S2å…¬æµ‹ä¸€ç¾¤(557647235) å†… å¤œç©º(434658198) çš„æ¶ˆæ¯: çŠ¶æ€ (1065122399) 
[2022-10-11 14:50:21] [INFO]: å‘é€ç¾¤ æ–—ç½—å¤§é™†Â·S2å…¬æµ‹ä¸€ç¾¤(557647235) çš„æ¶ˆæ¯: Toå¤œå¤œã€”é•°åˆ€ã€•
ã€ ... (1216039625) 
[2022-10-11 14:55:45] [INFO]: æ”¶åˆ°ç¾¤ æ–—ç½—å¤§é™†Â·S2å…¬æµ‹ä¸€ç¾¤(557647235) å†… å¤œç©º(434658198) çš„æ¶ˆæ¯: æŠ¢ç­” (-781051021) 
[2022-10-11 14:55:53] [INFO]: æ”¶åˆ°ç¾¤ æ–—ç½—å¤§é™†Â·S2å…¬æµ‹ä¸€ç¾¤(557647235) å†… å¤œç©º(434658198) çš„æ¶ˆæ¯: ç­¾åˆ° (-1502270491) 
[2022-10-11 14:55:58] [INFO]: æ”¶åˆ°ç¾¤ æ–—ç½—å¤§é™†Â·S2å…¬æµ‹ä¸€ç¾¤(557647235) å†… å¤œç©º(434658198) çš„æ¶ˆæ¯: [CQ:image,file=34ebba64697bcffa1738dbc6877ecd81.image,subType=1,url=https://gchat.qpic.cn/gchatpic_new/434658198/557647235-2382201466-34EBBA64697BCFFA1738DBC6877ECD81/0?term=3] (919221876) 
[2022-10-11 14:59:03] [INFO]: æ”¶åˆ°ç¾¤ æ–—ç½—å¤§é™†Â·S2å…¬æµ‹ä¸€ç¾¤(557647235) å†… èŽºå¨˜(1257267102) çš„æ¶ˆæ¯: [CQ:at,qq=434658198] å‘è½¯ä»¶ç»™æˆ‘ (1103955682) 
[2022-10-11 14:59:12] [INFO]: æ”¶åˆ°ç¾¤ æ–—ç½—å¤§é™†Â·S2å…¬æµ‹ä¸€ç¾¤(557647235) å†… èŽºå¨˜(1257267102) çš„æ¶ˆæ¯: [CQ:at,qq=434658198] ä½ æ˜¯è¦ä»€ä¹ˆæ•°æ® (554340103) 
[2022-10-11 14:59:51] [INFO]: æ”¶åˆ°ç¾¤ æ–—ç½—å¤§é™†Â·S2å…¬æµ‹ä¸€ç¾¤(557647235) å†… èŽºå¨˜(1257267102) çš„æ¶ˆæ¯: çŠ¶æ€ (1443741585) 
[2022-10-11 14:59:52] [INFO]: å‘é€ç¾¤ æ–—ç½—å¤§é™†Â·S2å…¬æµ‹ä¸€ç¾¤(557647235) çš„æ¶ˆæ¯: Toæ´›ç¥žèµ‹ã€”ç‹¬ç‹¼ã€•
 ... (-821760469) 
[2022-10-11 15:00:03] [INFO]: æ”¶åˆ°ç¾¤ æ–—ç½—å¤§é™†Â·S2å…¬æµ‹ä¸€ç¾¤(557647235) å†… èŽºå¨˜(1257267102) çš„æ¶ˆæ¯: [CQ:image,file=2f1f8b9cf531f58c92f6ac63bd4d0811.image,subType=1,url=https://gchat.qpic.cn/gchatpic_new/1257267102/557647235-3202680966-2F1F8B9CF531F58C92F6AC63BD4D0811/0?term=3] (-1207705923) 
[2022-10-11 15:00:05] [INFO]: æ”¶åˆ°ç¾¤ æ–—ç½—å¤§é™†Â·S2å…¬æµ‹ä¸€ç¾¤(557647235) å†… èŽºå¨˜(1257267102) çš„æ¶ˆæ¯: æˆ‘å›¾è£‚ (644303646) 
[2022-10-11 15:05:15] [INFO]: æ”¶åˆ°ç¾¤ æ–—ç½—å¤§é™†Â·S2å…¬æµ‹ä¸€ç¾¤(557647235) å†… å¤œç©º(434658198) çš„æ¶ˆæ¯: [CQ:image,file=786dc0fbd0887b4c3156e2c824472964.image,subType=0,url=https://gchat.qpic.cn/gchatpic_new/434658198/557647235-3020251194-786DC0FBD0887B4C3156E2C824472964/0?term=3] (1365277576) 
[2022-10-11 15:05:17] [INFO]: æ”¶åˆ°ç¾¤ æ–—ç½—å¤§é™†Â·S2å…¬æµ‹ä¸€ç¾¤(557647235) å†… å¤œç©º(434658198) çš„æ¶ˆæ¯: æ³¥åœŸ (-932632014) 
[2022-10-11 15:05:34] [INFO]: æ”¶åˆ°ç¾¤ æ–—ç½—å¤§é™†Â·S2å…¬æµ‹ä¸€ç¾¤(557647235) å†… èŽºå¨˜(1257267102) çš„æ¶ˆæ¯: [CQ:image,file=3089835fc41c928cbfe41fc5add245de.image,subType=0,url=https://gchat.qpic.cn/gchatpic_new/1257267102/557647235-3201388822-3089835FC41C928CBFE41FC5ADD245DE/0?term=3] (-1083303260) 
[2022-10-11 15:06:42] [INFO]: æ”¶åˆ°ç¾¤ é¡¹ç›®å¼€å‘(746339543) å†… èŽºå¨˜(1257267102) çš„æ¶ˆæ¯: ç­¾åˆ° (-298780930) 
[2022-10-11 15:06:46] [INFO]: æ”¶åˆ°ç¾¤ é¡¹ç›®å¼€å‘(746339543) å†… èŽºå¨˜(1257267102) çš„æ¶ˆæ¯: çŠ¶æ€ (-1724397976) 
[2022-10-11 15:06:47] [INFO]: å‘é€ç¾¤ é¡¹ç›®å¼€å‘(746339543) çš„æ¶ˆæ¯: Toæ´›ç¥žèµ‹ã€”ç‹¬ç‹¼ã€•
 ... (-876204785) 
[2022-10-11 15:06:56] [INFO]: æ”¶åˆ°ç¾¤ é¡¹ç›®å¼€å‘(746339543) å†… èŽºå¨˜(1257267102) çš„æ¶ˆæ¯: ä½ç½® (-1128194663) 
[2022-10-11 15:06:58] [INFO]: å‘é€ç¾¤ é¡¹ç›®å¼€å‘(746339543) çš„æ¶ˆæ¯: Toæ´›ç¥žèµ‹ã€”ç‹¬ç‹¼ã€•
 ... (633883683) 
[2022-10-11 15:06:58] [INFO]: æ”¶åˆ°ç¾¤ æ–—ç½—å¤§é™†Â·S2å…¬æµ‹ä¸€ç¾¤(557647235) å†… å¤œç©º(434658198) çš„æ¶ˆæ¯: [CQ:image,file=94d0e96d4cc4511da3a0d19855891ce8.image,subType=0,url=https://gchat.qpic.cn/gchatpic_new/434658198/557647235-2940638820-94D0E96D4CC4511DA3A0D19855891CE8/0?term=3] (802228021) 
[2022-10-11 15:07:10] [INFO]: æ”¶åˆ°ç¾¤ æ–—ç½—å¤§é™†Â·S2å…¬æµ‹ä¸€ç¾¤(557647235) å†… å¤œç©º(434658198) çš„æ¶ˆæ¯: [CQ:image,file=ab4c62aa779b53b83b6827ca4abd1cbe.image,subType=0,url=https://gchat.qpic.cn/gchatpic_new/434658198/557647235-2205751360-AB4C62AA779B53B83B6827CA4ABD1CBE/0?term=3] (1490433955) 
[2022-10-11 15:07:14] [INFO]: æ”¶åˆ°ç¾¤ æ–—ç½—å¤§é™†Â·S2å…¬æµ‹ä¸€ç¾¤(557647235) å†… å¤œç©º(434658198) çš„æ¶ˆæ¯: [CQ:image,file=0782ea158f62ecc2279eb95d2f4021ee.image,subType=1,url=https://gchat.qpic.cn/gchatpic_new/434658198/557647235-3112782342-0782EA158F62ECC2279EB95D2F4021EE/0?term=3] (1850415552) 
[2022-10-11 15:07:17] [INFO]: æ”¶åˆ°ç¾¤ é¡¹ç›®å¼€å‘(746339543) å†… èŽºå¨˜(1257267102) çš„æ¶ˆæ¯: é­‚å…½æŒ‘æˆ˜å²èŽ±å§† (1389329589) 
[2022-10-11 15:07:18] [INFO]: æ”¶åˆ°ç¾¤ æ–—ç½—å¤§é™†Â·S2å…¬æµ‹ä¸€ç¾¤(557647235) å†… å¤œç©º(434658198) çš„æ¶ˆæ¯: ä¸æ¸…æ¥šä¸ºå•¥ (424421718) 
[2022-10-11 15:07:23] [INFO]: æ”¶åˆ°ç¾¤ é¡¹ç›®å¼€å‘(746339543) å†… èŽºå¨˜(1257267102) çš„æ¶ˆæ¯: æŒ‘æˆ˜é­‚å…½å²èŽ±å§† (-861148906) 
[2022-10-11 15:07:24] [INFO]: å‘é€ç¾¤ é¡¹ç›®å¼€å‘(746339543) çš„æ¶ˆæ¯: Toæ´›ç¥žèµ‹ã€”ç‹¬ç‹¼ã€•
 ... (-1146300032) 
[2022-10-11 15:07:26] [INFO]: æ”¶åˆ°ç¾¤ æ–—ç½—å¤§é™†Â·S2å…¬æµ‹ä¸€ç¾¤(557647235) å†… å¤œç©º(434658198) çš„æ¶ˆæ¯: æœ‰å¯èƒ½æ˜¯è…¾è®¯ä½œæ€ª (-2142930708) 
[2022-10-11 15:07:30] [INFO]: æ”¶åˆ°ç¾¤ é¡¹ç›®å¼€å‘(746339543) å†… èŽºå¨˜(1257267102) çš„æ¶ˆæ¯: æŒ‘æˆ˜å²èŽ±å§† (581273658) 
[2022-10-11 15:07:32] [INFO]: å‘é€ç¾¤ é¡¹ç›®å¼€å‘(746339543) çš„æ¶ˆæ¯: Toæ´›ç¥žèµ‹ã€”ç‹¬ç‹¼ã€•
 ... (1436727468) 
[2022-10-11 15:07:36] [INFO]: æ”¶åˆ°ç¾¤ é¡¹ç›®å¼€å‘(746339543) å†… èŽºå¨˜(1257267102) çš„æ¶ˆæ¯: æ”»å‡» (-987912899) 
[2022-10-11 15:07:38] [INFO]: å‘é€ç¾¤ é¡¹ç›®å¼€å‘(746339543) çš„æ¶ˆæ¯: Toæ´›ç¥žèµ‹ã€”ç‹¬ç‹¼ã€•
 ... (-1306880597) 
[2022-10-11 15:07:48] [INFO]: æ”¶åˆ°ç¾¤ é¡¹ç›®å¼€å‘(746339543) å†… èŽºå¨˜(1257267102) çš„æ¶ˆæ¯: ä¸æ˜¯å§ä¸æ˜¯å§ (-757261234) 
[2022-10-11 15:07:54] [INFO]: æ”¶åˆ°ç¾¤ é¡¹ç›®å¼€å‘(746339543) å†… èŽºå¨˜(1257267102) çš„æ¶ˆæ¯: çŠ¶æ€ (-1512428328) 
[2022-10-11 15:07:55] [INFO]: å‘é€ç¾¤ é¡¹ç›®å¼€å‘(746339543) çš„æ¶ˆæ¯: Toæ´›ç¥žèµ‹ã€”ç‹¬ç‹¼ã€•
 ... (1020493154) 
[2022-10-11 15:07:58] [INFO]: æ”¶åˆ°ç¾¤ é¡¹ç›®å¼€å‘(746339543) å†… èŽºå¨˜(1257267102) çš„æ¶ˆæ¯: é€ƒè·‘ (1272204788) 
[2022-10-11 15:08:12] [INFO]: æ”¶åˆ°ç¾¤ é¡¹ç›®å¼€å‘(746339543) å†… èŽºå¨˜(1257267102) çš„æ¶ˆæ¯: é‚£æˆ‘è¿™ä¸ªè¡€ (-709830569) 
[2022-10-11 15:08:14] [INFO]: æ”¶åˆ°ç¾¤ é¡¹ç›®å¼€å‘(746339543) å†… èŽºå¨˜(1257267102) çš„æ¶ˆæ¯: èƒŒåŒ… (-1565005631) 
[2022-10-11 15:08:15] [INFO]: å‘é€ç¾¤ é¡¹ç›®å¼€å‘(746339543) çš„æ¶ˆæ¯: Toæ´›ç¥žèµ‹ã€”ç‹¬ç‹¼ã€•
 ... (1002355067) 
[2022-10-11 15:09:03] [INFO]: æ”¶åˆ°ç¾¤ é¡¹ç›®å¼€å‘(746339543) å†… èŽºå¨˜(1257267102) çš„æ¶ˆæ¯: [CQ:at,qq=434658198] å…¶å®žï¼Œè¦ä¸æ­»äº¡ä¹‹åŽï¼Œæ‰£é™¤è”é‚¦å¸ä¹‹åŽè¡€é‡æ¢å¤å§ (1287227885) 
[2022-10-11 15:09:13] [INFO]: æ”¶åˆ°ç¾¤ é¡¹ç›®å¼€å‘(746339543) å†… å¤œç©º(434658198) çš„æ¶ˆæ¯: [CQ:image,file=8e63eb1008cfcaf36236c3d14ad36981.image,subType=1,url=https://gchat.qpic.cn/gchatpic_new/434658198/746339543-3168308764-8E63EB1008CFCAF36236C3D14AD36981/0?term=3] (-603548548) 
[2022-10-11 15:09:22] [INFO]: æ”¶åˆ°ç¾¤ é¡¹ç›®å¼€å‘(746339543) å†… å¤œç©º(434658198) çš„æ¶ˆæ¯: æ­»äº†è‡ªåŠ¨å¤æ´»å•Š (-1425955606) 
[2022-10-11 15:09:23] [INFO]: æ”¶åˆ°ç¾¤ é¡¹ç›®å¼€å‘(746339543) å†… èŽºå¨˜(1257267102) çš„æ¶ˆæ¯: ä¸ç„¶åŠ ä¸ªæ‰‹åŠ¨æ²»ç–—å§ (-1650685303) 
[2022-10-11 15:09:29] [INFO]: æ”¶åˆ°ç¾¤ é¡¹ç›®å¼€å‘(746339543) å†… èŽºå¨˜(1257267102) çš„æ¶ˆæ¯: ä½†æ˜¯æˆ‘æ˜¯1è¡€ (-358893025) 
[2022-10-11 15:09:35] [INFO]: æ”¶åˆ°ç¾¤ é¡¹ç›®å¼€å‘(746339543) å†… å¤œç©º(434658198) çš„æ¶ˆæ¯: å¤æ´»æ˜¯1æ»´è¡€ (1939008421) 
[2022-10-11 15:09:45] [INFO]: æ”¶åˆ°ç¾¤ é¡¹ç›®å¼€å‘(746339543) å†… èŽºå¨˜(1257267102) çš„æ¶ˆæ¯: å†æ‰“ä¸€æž¶ï¼Œæˆ‘è¿˜æ˜¯æ­» (76929843) 
[2022-10-11 15:09:47] [INFO]: æ”¶åˆ°ç¾¤ é¡¹ç›®å¼€å‘(746339543) å†… èŽºå¨˜(1257267102) çš„æ¶ˆæ¯: æ­»å¾ªçŽ¯äº† (-1695461744) 
[2022-10-11 15:09:58] [INFO]: æ”¶åˆ°ç¾¤ é¡¹ç›®å¼€å‘(746339543) å†… å¤œç©º(434658198) çš„æ¶ˆæ¯: [CQ:image,file=8e63eb1008cfcaf36236c3d14ad36981.image,subType=1,url=https://gchat.qpic.cn/gchatpic_new/434658198/746339543-2621830902-8E63EB1008CFCAF36236C3D14AD36981/0?term=3]æ‰€ä»¥è¦å—‘è¯ (-302612986) 
[2022-10-11 15:10:10] [INFO]: æ”¶åˆ°ç¾¤ é¡¹ç›®å¼€å‘(746339543) å†… å¤œç©º(434658198) çš„æ¶ˆæ¯: æˆ–è€…æ…¢æ…¢ç­‰æ¢å¤ (1962880956) 
[2022-10-11 15:10:18] [INFO]: æ”¶åˆ°ç¾¤ é¡¹ç›®å¼€å‘(746339543) å†… å¤œç©º(434658198) çš„æ¶ˆæ¯: æ…¢æ…¢æ¢å¤æˆ‘è¿˜æ²¡å†™ (66592554) 
[2022-10-11 15:10:28] [INFO]: æ”¶åˆ°ç¾¤ é¡¹ç›®å¼€å‘(746339543) å†… å¤œç©º(434658198) çš„æ¶ˆæ¯: å—‘è¯æˆ‘ä¹Ÿæ²¡å†™ (-1824062789) 
[2022-10-11 15:10:41] [INFO]: æ”¶åˆ°ç¾¤ é¡¹ç›®å¼€å‘(746339543) å†… èŽºå¨˜(1257267102) çš„æ¶ˆæ¯: æ‰€ä»¥ (-465554899) 
[2022-10-11 15:10:49] [INFO]: æ”¶åˆ°ç¾¤ é¡¹ç›®å¼€å‘(746339543) å†… èŽºå¨˜(1257267102) çš„æ¶ˆæ¯: [CQ:image,file=f2bc3c93e2179d258f180c01bc6da5d9.image,subType=1,url=https://gchat.qpic.cn/gchatpic_new/1257267102/746339543-2207268802-F2BC3C93E2179D258F180C01BC6DA5D9/0?term=3] (-2071479352) 
[2022-10-11 15:10:55] [INFO]: æ”¶åˆ°ç¾¤ é¡¹ç›®å¼€å‘(746339543) å†… èŽºå¨˜(1257267102) çš„æ¶ˆæ¯: æˆ‘åªèƒ½1æ»´è¡€ (-209679522) 
[2022-10-11 15:11:16] [INFO]: æ”¶åˆ°ç¾¤ é¡¹ç›®å¼€å‘(746339543) å†… å¤œç©º(434658198) çš„æ¶ˆæ¯: è¿™å‘¨å†…å†™å¥½ (1787419364) 
[2022-10-11 15:11:22] [INFO]: æ”¶åˆ°ç¾¤ é¡¹ç›®å¼€å‘(746339543) å†… å¤œç©º(434658198) çš„æ¶ˆæ¯: [CQ:image,file=0782ea158f62ecc2279eb95d2f4021ee.image,subType=1,url=https://gchat.qpic.cn/gchatpic_new/434658198/746339543-2742771954-0782EA158F62ECC2279EB95D2F4021EE/0?term=3] (495905394) 
[2022-10-11 15:11:29] [INFO]: æ”¶åˆ°ç¾¤ é¡¹ç›®å¼€å‘(746339543) å†… èŽºå¨˜(1257267102) çš„æ¶ˆæ¯: å›¾ç‰‡çš„é—®é¢˜ (-2081783855) 
[2022-10-11 15:11:32] [INFO]: æ”¶åˆ°ç¾¤ é¡¹ç›®å¼€å‘(746339543) å†… å¤œç©º(434658198) çš„æ¶ˆæ¯: æˆ‘å·²ç»å¾ˆåŠªåŠ›äº† (-185774265) 
[2022-10-11 15:11:35] [INFO]: æ”¶åˆ°ç¾¤ é¡¹ç›®å¼€å‘(746339543) å†… èŽºå¨˜(1257267102) çš„æ¶ˆæ¯: åº”è¯¥æ˜¯ä½ å†…å­˜çš„é—®é¢˜ (1843666685) 
[2022-10-11 15:11:42] [INFO]: æ”¶åˆ°ç¾¤ é¡¹ç›®å¼€å‘(746339543) å†… å¤œç©º(434658198) çš„æ¶ˆæ¯: ä½ èƒ½æ˜¾ç¤ºï¼Ÿ (451096171) 
[2022-10-11 15:11:49] [INFO]: æ”¶åˆ°ç¾¤ é¡¹ç›®å¼€å‘(746339543) å†… èŽºå¨˜(1257267102) çš„æ¶ˆæ¯: æˆ‘æ˜¾ç¤ºä¸äº† (-1973668870) 
[2022-10-11 15:11:53] [INFO]: æ”¶åˆ°ç¾¤ é¡¹ç›®å¼€å‘(746339543) å†… èŽºå¨˜(1257267102) çš„æ¶ˆæ¯: æ˜¯ä½ qq (-44366996) 
[2022-10-11 15:11:56] [INFO]: æ”¶åˆ°ç¾¤ é¡¹ç›®å¼€å‘(746339543) å†… èŽºå¨˜(1257267102) çš„æ¶ˆæ¯: æœºå™¨äººqq (-1347753973) 
[2022-10-11 15:12:11] [INFO]: æ”¶åˆ°ç¾¤ é¡¹ç›®å¼€å‘(746339543) å†… å¤œç©º(434658198) çš„æ¶ˆæ¯: [CQ:image,file=34ebba64697bcffa1738dbc6877ecd81.image,subType=1,url=https://gchat.qpic.cn/gchatpic_new/434658198/746339543-2670960054-34EBBA64697BCFFA1738DBC6877ECD81/0?term=3]å•Š (-659695459) 
[2022-10-11 15:12:34] [INFO]: æ”¶åˆ°ç¾¤ é¡¹ç›®å¼€å‘(746339543) å†… èŽºå¨˜(1257267102) çš„æ¶ˆæ¯: æ˜¯ä¸æ˜¯å­˜å‚¨æ»¡äº†å˜› (1101302055) 
[2022-10-11 15:12:53] [INFO]: æ”¶åˆ°ç¾¤ é¡¹ç›®å¼€å‘(746339543) å†… å¤œç©º(434658198) çš„æ¶ˆæ¯: å’‹å¯èƒ½ (916699569) 
[2022-10-11 15:15:41] [INFO]: æ”¶åˆ°ç¾¤ é¡¹ç›®å¼€å‘(746339543) å†… å¤œç©º(434658198) çš„æ¶ˆæ¯: [CQ:image,file=a2df7b028eb32c0ccca91e5dcfbcb26c.image,subType=0,url=https://gchat.qpic.cn/gchatpic_new/434658198/746339543-2441124192-A2DF7B028EB32C0CCCA91E5DCFBCB26C/0?term=3] (-1463342062) 
[2022-10-11 15:15:42] [INFO]: æ”¶åˆ°ç¾¤ é¡¹ç›®å¼€å‘(746339543) å†… å¤œç©º(434658198) çš„æ¶ˆæ¯: [CQ:image,file=c46134fdc9ba7267f7e6811a981dc212.image,subType=0,url=https://gchat.qpic.cn/gchatpic_new/434658198/746339543-2306945034-C46134FDC9BA7267F7E6811A981DC212/0?term=3] (-541057916) 
[2022-10-11 15:15:51] [INFO]: æ”¶åˆ°ç¾¤ é¡¹ç›®å¼€å‘(746339543) å†… å¤œç©º(434658198) çš„æ¶ˆæ¯: ä¸åº”è¯¥å•Š (1187597630) 
[2022-10-11 15:15:56] [INFO]: æ”¶åˆ°ç¾¤ é¡¹ç›®å¼€å‘(746339543) å†… å¤œç©º(434658198) çš„æ¶ˆæ¯: [CQ:image,file=8e63eb1008cfcaf36236c3d14ad36981.image,subType=1,url=https://gchat.qpic.cn/gchatpic_new/434658198/746339543-2510047732-8E63EB1008CFCAF36236C3D14AD36981/0?term=3] (835616168) 
[2022-10-11 15:16:02] [INFO]: æ”¶åˆ°ç¾¤ é¡¹ç›®å¼€å‘(746339543) å†… å¤œç©º(434658198) çš„æ¶ˆæ¯: æˆ‘è¿™ä¸æ˜¯è¿˜æ²¡æ»¡ (-1586405319) 
[2022-10-11 15:16:13] [INFO]: æ”¶åˆ°ç¾¤ é¡¹ç›®å¼€å‘(746339543) å†… å¤œç©º(434658198) çš„æ¶ˆæ¯: è™½ç„¶ä»–æ˜¯çº¢è‰²çš„ (-696889169) 
[2022-10-11 15:17:08] [INFO]: æ”¶åˆ°ç¾¤ é¡¹ç›®å¼€å‘(746339543) å†… èŽºå¨˜(1257267102) çš„æ¶ˆæ¯: ä¸¢ (-1229858486) 
[2022-10-11 15:17:14] [INFO]: æ”¶åˆ°ç¾¤ é¡¹ç›®å¼€å‘(746339543) å†… èŽºå¨˜(1257267102) çš„æ¶ˆæ¯: æˆ‘ä¹‹å‰ä¹Ÿæ²¡æ»¡å•Š (-1044977188) 
[2022-10-11 15:17:20] [INFO]: æ”¶åˆ°ç¾¤ é¡¹ç›®å¼€å‘(746339543) å†… èŽºå¨˜(1257267102) çš„æ¶ˆæ¯: ä½†ä¹Ÿæ˜¯ä¸è¡Œ (1488959590) 
[2022-10-11 15:17:28] [INFO]: æ”¶åˆ°ç¾¤ é¡¹ç›®å¼€å‘(746339543) å†… èŽºå¨˜(1257267102) çš„æ¶ˆæ¯: æˆ‘ç”šè‡³æœ¬åœ°å›¾ç‰‡éƒ½æ‰“ä¸å¼€ (800622832) 
[2022-10-11 15:17:37] [INFO]: æ”¶åˆ°ç¾¤ é¡¹ç›®å¼€å‘(746339543) å†… èŽºå¨˜(1257267102) çš„æ¶ˆæ¯: æ‰“å¼€ä»–è¯´å†…å­˜æ»¡äº†ï¼Œæ— æ³•æŸ¥çœ‹ (-1310974637) 
[2022-10-11 15:17:46] [INFO]: æ”¶åˆ°ç¾¤ é¡¹ç›®å¼€å‘(746339543) å†… å¤œç©º(434658198) çš„æ¶ˆæ¯: [CQ:image,file=bc79c43e3292648168b516acf64f1133.image,subType=0,url=https://gchat.qpic.cn/gchatpic_new/434658198/746339543-2693203360-BC79C43E3292648168B516ACF64F1133/0?term=3] (-958714427) 
[2022-10-11 15:17:50] [INFO]: æ”¶åˆ°ç¾¤ é¡¹ç›®å¼€å‘(746339543) å†… å¤œç©º(434658198) çš„æ¶ˆæ¯: [CQ:image,file=34ebba64697bcffa1738dbc6877ecd81.image,subType=1,url=https://gchat.qpic.cn/gchatpic_new/434658198/746339543-2282054566-34EBBA64697BCFFA1738DBC6877ECD81/0?term=3] (1607629951) 
[2022-10-11 15:24:51] [INFO]: æ˜¨æ—¥ å¤œç©º(434658198) åœ¨ç¾¤ 557647235 å†…å‘è¨€æœ€ç§¯æž, èŽ·å¾— é¾™çŽ‹ æ ‡è¯†ã€‚ 
[2022-10-11 15:26:06] [INFO]: æ”¶åˆ°ç¾¤ é¡¹ç›®å¼€å‘(746339543) å†… å¤œç©º(434658198) çš„æ¶ˆæ¯: [CQ:image,file=094513202e4cf4fada40e42fef73c617.image,subType=0,url=https://gchat.qpic.cn/gchatpic_new/434658198/746339543-2664742798-094513202E4CF4FADA40E42FEF73C617/0?term=3] (685067497) 
[2022-10-11 15:26:10] [INFO]: æ”¶åˆ°ç¾¤ é¡¹ç›®å¼€å‘(746339543) å†… å¤œç©º(434658198) çš„æ¶ˆæ¯: [CQ:at,qq=1257267102] (-1200991880) 
[2022-10-11 15:26:28] [INFO]: æ”¶åˆ°ç¾¤ é¡¹ç›®å¼€å‘(746339543) å†… å¤œç©º(434658198) çš„æ¶ˆæ¯: [CQ:image,file=c85bb5159f1aacbe8ca171618661c903.image,subType=0,url=https://gchat.qpic.cn/gchatpic_new/434658198/746339543-2196386722-C85BB5159F1AACBE8CA171618661C903/0?term=3] (-814915090) 
[2022-10-11 15:27:25] [INFO]: æ”¶åˆ°ç¾¤ é¡¹ç›®å¼€å‘(746339543) å†… èŽºå¨˜(1257267102) çš„æ¶ˆæ¯: [CQ:image,file=1b405acfcd15885e0ead14b1871723cb.image,subType=1,url=https://gchat.qpic.cn/gchatpic_new/1257267102/746339543-2437341900-1B405ACFCD15885E0EAD14B1871723CB/0?term=3] (824821125) 
[2022-10-11 15:29:20] [INFO]: æ”¶åˆ°ç¾¤ é¡¹ç›®å¼€å‘(746339543) å†… å¤œç©º(434658198) çš„æ¶ˆæ¯: [CQ:image,file=12c9f088880a182ed55e8af19114f705.image,subType=0,url=https://gchat.qpic.cn/gchatpic_new/434658198/746339543-2379849242-12C9F088880A182ED55E8AF19114F705/0?term=3] (1177482515) 
[2022-10-11 15:29:23] [INFO]: æ”¶åˆ°ç¾¤ é¡¹ç›®å¼€å‘(746339543) å†… å¤œç©º(434658198) çš„æ¶ˆæ¯: æˆ‘è¯•è¯•å§ (-551050071) 
[2022-10-11 15:29:27] [INFO]: æ”¶åˆ°ç¾¤ é¡¹ç›®å¼€å‘(746339543) å†… å¤œç©º(434658198) çš„æ¶ˆæ¯: [CQ:image,file=34ebba64697bcffa1738dbc6877ecd81.image,subType=1,url=https://gchat.qpic.cn/gchatpic_new/434658198/746339543-2539738494-34EBBA64697BCFFA1738DBC6877ECD81/0?term=3] (-1474259905) 
[2022-10-11 15:29:58] [INFO]: æ”¶åˆ°ç¾¤ é¡¹ç›®å¼€å‘(746339543) å†… å¤œç©º(434658198) çš„æ¶ˆæ¯: ä½ ä»¬çœ‹æˆ‘å¤´åƒçš„æ­£å¸¸çš„å§ (910426524) 
[2022-10-11 15:30:06] [INFO]: æ”¶åˆ°ç¾¤ é¡¹ç›®å¼€å‘(746339543) å†… å¤œç©º(434658198) çš„æ¶ˆæ¯: é‚£ä¸ªæ‰‹ç»˜çš„å¤´åƒ (1094922506) 
[2022-10-11 15:30:32] [INFO]: æ”¶åˆ°ç¾¤ é¡¹ç›®å¼€å‘(746339543) å†… èŽºå¨˜(1257267102) çš„æ¶ˆæ¯: æ˜¯çš„ (-666214224) 
[2022-10-11 15:30:36] [INFO]: æ”¶åˆ°ç¾¤ é¡¹ç›®å¼€å‘(746339543) å†… èŽºå¨˜(1257267102) çš„æ¶ˆæ¯: æ­£å¸¸ (-1353887706) 
[2022-10-11 15:31:39] [ERROR]: Protocol -> unexpected disconnect: read tcp 10.100.160.138:51841->111.30.187.200:8080: wsarecv: An existing connection was forcibly closed by the remote host. 
[2022-10-11 15:31:39] [INFO]: Protocol -> connect to server: 36.155.227.171:14000 
[2022-10-11 15:31:39] [ERROR]: Protocol -> connect server error: dial tcp error: dial tcp 36.155.227.171:14000: connectex: A socket operation was attempted to an unreachable host. 
[2022-10-11 15:31:39] [ERROR]: Protocol -> connect server error: dial tcp error: dial tcp 36.155.227.171:14000: connectex: A socket operation was attempted to an unreachable host. 
[2022-10-11 15:31:39] [WARNING]: Botå·²ç¦»çº¿: connection dropped by server. 
[2022-10-11 15:31:42] [WARNING]: å°†åœ¨ 3 ç§’åŽå°è¯•é‡è¿ž. é‡è¿žæ¬¡æ•°ï¼š2/0 
[2022-10-11 15:31:45] [WARNING]: å°è¯•é‡è¿ž... 
[2022-10-11 15:31:45] [INFO]: Protocol -> connect to server: 120.232.27.24:8080 
[2022-10-11 15:31:45] [WARNING]: Protocol -> device lock is disable. http api may fail. 
[2022-10-11 15:31:48] [INFO]: æ”¶åˆ°æœåŠ¡å™¨åœ°å€æ›´æ–°é€šçŸ¥, å°†åœ¨ä¸‹ä¸€æ¬¡é‡è¿žæ—¶åº”ç”¨.  
[2022-10-11 15:32:50] [ERROR]: Protocol -> unexpected disconnect: read tcp 192.168.43.233:59303->120.232.27.24:8080: wsarecv: An existing connection was forcibly closed by the remote host. 
[2022-10-11 15:32:50] [INFO]: Protocol -> connect to server: 111.31.200.220:80 
[2022-10-11 15:32:53] [INFO]: æ”¶åˆ°æœåŠ¡å™¨åœ°å€æ›´æ–°é€šçŸ¥, å°†åœ¨ä¸‹ä¸€æ¬¡é‡è¿žæ—¶åº”ç”¨.  
[2022-10-11 15:35:34] [WARNING]: ç›‘å¬åå‘WS Universalæ—¶å‡ºçŽ°é”™è¯¯: read tcp 127.0.0.1:51842->127.0.0.1:8088: wsarecv: An existing connection was forcibly closed by the remote host. 
