2022-10-10 18:29:05 [ main:612 ] - [ INFO ] Starting QimenBotApplication on LAPTOP-FNT7SMLI with PID 18448 (D:\Project\JAVA\Bot\QimenBot\target\classes started by lvyunqi in D:\Project\JAVA\Bot\QimenBot)
2022-10-10 18:29:05 [ main:614 ] - [ INFO ] No active profile set, falling back to default profiles: default
2022-10-10 18:29:06 [ main:1365 ] - [ INFO ] Bean 'taskConfig' of type [com.mryunqi.qimenbot.config.TaskConfig$$EnhancerBySpringCGLIB$$e9846d7a] is not eligible for getting processed by all BeanPostProcessors (for example: not eligible for auto-proxying)
2022-10-10 18:29:06 [ main:1584 ] - [ INFO ] Tomcat initialized with port(s): 8088 (http)
2022-10-10 18:29:06 [ main:1591 ] - [ INFO ] Initializing ProtocolHandler ["http-nio-8088"]
2022-10-10 18:29:06 [ main:1591 ] - [ INFO ] Starting service [Tomcat]
2022-10-10 18:29:06 [ main:1591 ] - [ INFO ] Starting Servlet engine: [Apache Tomcat/9.0.41]
2022-10-10 18:29:06 [ main:1660 ] - [ INFO ] Initializing Spring embedded WebApplicationContext
2022-10-10 18:29:06 [ main:1660 ] - [ INFO ] Root WebApplicationContext: initialization completed in 1006 ms
2022-10-10 18:29:06 [ main:1878 ] - [ INFO ] 加载拓展[[Python]拓展插件SDK](1.0) @夜空
2022-10-10 18:29:06 [ main:1888 ] - [ INFO ] 加载拓展[[Python]拓展插件SDK]成功！
2022-10-10 18:29:06 [ main:1889 ] - [ INFO ] 数据库初始化...
2022-10-10 18:29:09 [ main:4894 ] - [ INFO ] 数据库连接池 - Starting...
2022-10-10 18:29:10 [ main:5411 ] - [ INFO ] 数据库连接池 - Start completed.
2022-10-10 18:29:10 [ main:5461 ] - [ INFO ] user表:success!
2022-10-10 18:29:10 [ main:5910 ] - [ INFO ] command表:success!
2022-10-10 18:29:10 [ main:6167 ] - [ INFO ] 启动成功
2022-10-10 18:29:10 [ main:6169 ] - [ INFO ] 正在启动Go-Cqhttp客户端...
2022-10-10 18:29:10 [ main:6180 ] - [ WARN ] 即将登录QQ-->2733944636
2022-10-10 18:29:14 [ main:9912 ] - [ INFO ] 检查更新中.....
2022-10-10 18:29:14 [ main:9912 ] - [ INFO ] 当前主体框架已更新到最新版！
2022-10-10 18:29:15 [ main:10710 ] - [ INFO ] Initializing ExecutorService
2022-10-10 18:29:15 [ main:10711 ] - [ INFO ] Initializing ExecutorService 'taskScheduler'
2022-10-10 18:29:15 [ main:10846 ] - [ INFO ] Adding welcome page template: index
2022-10-10 18:29:15 [ main:10921 ] - [ INFO ] Initializing ExecutorService
2022-10-10 18:29:15 [ main:10921 ] - [ INFO ] Initializing ExecutorService 'shiroTaskExecutor'
2022-10-10 18:29:15 [ main:11009 ] - [ INFO ] Starting ProtocolHandler ["http-nio-8088"]
2022-10-10 18:29:15 [ main:11036 ] - [ INFO ] Tomcat started on port(s): 8088 (http) with context path ''
2022-10-10 18:29:15 [ taskScheduler-1:11045 ] - [ INFO ] Initializing ExecutorService
2022-10-10 18:29:15 [ main:11048 ] - [ INFO ] Started QimenBotApplication in 10.894 seconds (JVM running for 11.765)
2022-10-10 18:29:34 [ SpringContextShutdownHook:29716 ] - [ INFO ] Shutting down ExecutorService 'shiroTaskExecutor'
2022-10-10 18:29:34 [ SpringContextShutdownHook:29716 ] - [ INFO ] Shutting down ExecutorService 'taskScheduler'
2022-10-10 18:29:34 [ SpringContextShutdownHook:29726 ] - [ INFO ] 数据库连接池 - Shutdown initiated...
2022-10-10 18:29:34 [ SpringContextShutdownHook:29730 ] - [ INFO ] 数据库连接池 - Shutdown completed.
